2025-02-05 21:43:17.371 [info] Reading sessions from keychain...
2025-02-05 21:43:17.372 [info] Getting sessions for all scopes...
2025-02-05 21:43:17.372 [info] Getting sessions for all scopes...
2025-02-05 21:43:17.372 [info] Getting sessions for all scopes...
2025-02-05 21:43:17.372 [info] Getting sessions for all scopes...
2025-02-05 21:43:17.372 [info] Getting sessions for all scopes...
2025-02-05 21:43:17.372 [info] Getting sessions for all scopes...
2025-02-05 21:43:17.372 [info] Getting sessions for all scopes...
2025-02-05 21:43:17.372 [info] Getting sessions for all scopes...
2025-02-05 21:43:17.372 [info] Got stored sessions!
2025-02-05 21:43:17.372 [info] Got 1 verified sessions.
2025-02-05 21:43:17.372 [info] Got 1 sessions for ...
2025-02-05 21:43:17.372 [info] Got 1 sessions for ...
2025-02-05 21:43:17.372 [info] Got 1 sessions for ...
2025-02-05 21:43:17.372 [info] Got 1 sessions for ...
2025-02-05 21:43:17.372 [info] Got 1 sessions for ...
2025-02-05 21:43:17.372 [info] Got 1 sessions for ...
2025-02-05 21:43:17.372 [info] Got 1 sessions for ...
2025-02-05 21:43:17.372 [info] Got 1 sessions for ...
2025-02-05 21:43:19.681 [info] Getting sessions for all scopes...
2025-02-05 21:43:19.681 [info] Got 1 sessions for ...
2025-02-05 21:43:19.737 [info] Getting sessions for read:user,repo,user:email,workflow...
2025-02-05 21:43:19.737 [info] Got 0 sessions for read:user,repo,user:email,workflow...
2025-02-05 21:43:19.737 [info] Getting sessions for all scopes...
2025-02-05 21:43:19.737 [info] Got 1 sessions for ...
2025-02-05 21:43:19.737 [info] Getting sessions for all scopes...
2025-02-05 21:43:19.738 [info] Got 1 sessions for ...
2025-02-05 21:43:19.775 [info] Getting sessions for read:user...
2025-02-05 21:43:19.775 [info] Got 0 sessions for read:user...
2025-02-05 21:43:21.043 [info] Getting sessions for read:user,repo,user:email,workflow...
2025-02-05 21:43:21.043 [info] Got 0 sessions for read:user,repo,user:email,workflow...
2025-02-05 21:43:21.252 [info] Getting sessions for user:email...
2025-02-05 21:43:21.252 [info] Got 1 sessions for user:email...
2025-02-05 21:43:21.253 [info] Getting sessions for user:email...
2025-02-05 21:43:21.253 [info] Got 1 sessions for user:email...
2025-02-05 21:43:21.424 [info] Getting sessions for all scopes...
2025-02-05 21:43:21.424 [info] Got 1 sessions for ...
2025-02-05 21:43:21.425 [info] Getting sessions for all scopes...
2025-02-05 21:43:21.425 [info] Got 1 sessions for ...
2025-02-05 21:43:21.431 [info] Getting sessions for read:user,repo,user:email,workflow...
2025-02-05 21:43:21.431 [info] Got 0 sessions for read:user,repo,user:email,workflow...
2025-02-05 21:43:21.434 [info] Getting sessions for user:email...
2025-02-05 21:43:21.434 [info] Got 1 sessions for user:email...
2025-02-05 21:43:22.104 [info] Getting sessions for all scopes...
2025-02-05 21:43:22.104 [info] Got 1 sessions for ...
2025-02-05 21:43:22.104 [info] Getting sessions for all scopes...
2025-02-05 21:43:22.104 [info] Got 1 sessions for ...
2025-02-05 21:43:22.115 [info] Getting sessions for read:user,repo,user:email,workflow...
2025-02-05 21:43:22.115 [info] Got 0 sessions for read:user,repo,user:email,workflow...
2025-02-05 21:43:22.116 [info] Getting sessions for user:email...
2025-02-05 21:43:22.116 [info] Got 1 sessions for user:email...
2025-02-05 21:43:22.122 [info] Getting sessions for all scopes...
2025-02-05 21:43:22.122 [info] Got 1 sessions for ...
2025-02-05 21:43:22.128 [info] Getting sessions for read:user,repo,user:email,workflow...
2025-02-05 21:43:22.128 [info] Got 0 sessions for read:user,repo,user:email,workflow...
2025-02-05 21:43:22.130 [info] Getting sessions for user:email...
2025-02-05 21:43:22.130 [info] Got 1 sessions for user:email...
2025-02-05 21:43:22.196 [info] Getting sessions for all scopes...
2025-02-05 21:43:22.196 [info] Got 1 sessions for ...
2025-02-05 21:43:22.198 [info] Getting sessions for read:user,repo,user:email,workflow...
2025-02-05 21:43:22.198 [info] Got 0 sessions for read:user,repo,user:email,workflow...
2025-02-05 21:43:22.208 [info] Getting sessions for user:email...
2025-02-05 21:43:22.209 [info] Got 1 sessions for user:email...
2025-02-05 21:43:23.196 [info] Getting sessions for all scopes...
2025-02-05 21:43:23.196 [info] Got 1 sessions for ...
2025-02-05 21:43:23.224 [info] Getting sessions for read:user,repo,user:email,workflow...
2025-02-05 21:43:23.224 [info] Got 0 sessions for read:user,repo,user:email,workflow...
2025-02-05 21:43:23.236 [info] Getting sessions for user:email...
2025-02-05 21:43:23.236 [info] Got 1 sessions for user:email...
2025-02-05 21:58:23.313 [info] Getting sessions for all scopes...
2025-02-05 21:58:23.313 [info] Got 1 sessions for ...
2025-02-05 21:58:23.314 [info] Getting sessions for read:user,repo,user:email,workflow...
2025-02-05 21:58:23.314 [info] Got 0 sessions for read:user,repo,user:email,workflow...
2025-02-05 21:58:23.314 [info] Getting sessions for user:email...
2025-02-05 21:58:23.314 [info] Got 1 sessions for user:email...
2025-02-05 21:58:23.334 [info] Getting sessions for all scopes...
2025-02-05 21:58:23.334 [info] Got 1 sessions for ...
2025-02-05 21:58:23.334 [info] Getting sessions for read:user,repo,user:email,workflow...
2025-02-05 21:58:23.334 [info] Got 0 sessions for read:user,repo,user:email,workflow...
2025-02-05 21:58:23.336 [info] Getting sessions for user:email...
2025-02-05 21:58:23.336 [info] Got 1 sessions for user:email...
2025-02-05 22:08:21.778 [info] Getting sessions for read:user,repo,user:email,workflow...
2025-02-05 22:08:21.778 [info] Got 0 sessions for read:user,repo,user:email,workflow...
2025-02-05 22:08:21.778 [info] Getting sessions for read:user...
2025-02-05 22:08:21.778 [info] Got 0 sessions for read:user...
2025-02-05 22:08:21.779 [info] Getting sessions for user:email...
2025-02-05 22:08:21.779 [info] Got 1 sessions for user:email...
2025-02-05 22:08:22.087 [info] Getting sessions for all scopes...
2025-02-05 22:08:22.087 [info] Got 1 sessions for ...
2025-02-05 22:08:22.088 [info] Getting sessions for read:user,repo,user:email,workflow...
2025-02-05 22:08:22.088 [info] Got 0 sessions for read:user,repo,user:email,workflow...
2025-02-05 22:08:22.089 [info] Getting sessions for user:email...
2025-02-05 22:08:22.089 [info] Got 1 sessions for user:email...
2025-02-05 22:08:22.605 [info] Getting sessions for all scopes...
2025-02-05 22:08:22.605 [info] Got 1 sessions for ...
2025-02-05 22:08:22.605 [info] Getting sessions for all scopes...
2025-02-05 22:08:22.605 [info] Got 1 sessions for ...
2025-02-05 22:08:22.606 [info] Getting sessions for read:user,repo,user:email,workflow...
2025-02-05 22:08:22.606 [info] Got 0 sessions for read:user,repo,user:email,workflow...
2025-02-05 22:08:22.607 [info] Getting sessions for user:email...
2025-02-05 22:08:22.607 [info] Got 1 sessions for user:email...
2025-02-05 22:08:22.607 [info] Getting sessions for all scopes...
2025-02-05 22:08:22.607 [info] Got 1 sessions for ...
2025-02-05 22:08:22.608 [info] Getting sessions for read:user,repo,user:email,workflow...
2025-02-05 22:08:22.608 [info] Got 0 sessions for read:user,repo,user:email,workflow...
2025-02-05 22:08:22.608 [info] Getting sessions for user:email...
2025-02-05 22:08:22.608 [info] Got 1 sessions for user:email...
2025-02-05 22:08:22.610 [info] Getting sessions for all scopes...
2025-02-05 22:08:22.610 [info] Got 1 sessions for ...
2025-02-05 22:08:22.610 [info] Getting sessions for read:user,repo,user:email,workflow...
2025-02-05 22:08:22.610 [info] Got 0 sessions for read:user,repo,user:email,workflow...
2025-02-05 22:08:22.611 [info] Getting sessions for user:email...
2025-02-05 22:08:22.611 [info] Got 1 sessions for user:email...
