2025-01-28 21:09:02.626 [info] Reading sessions from keychain...
2025-01-28 21:09:02.626 [info] Getting sessions for all scopes...
2025-01-28 21:09:02.626 [info] Getting sessions for all scopes...
2025-01-28 21:09:02.626 [info] Getting sessions for all scopes...
2025-01-28 21:09:02.626 [info] Getting sessions for all scopes...
2025-01-28 21:09:02.626 [info] Getting sessions for all scopes...
2025-01-28 21:09:02.627 [info] Getting sessions for all scopes...
2025-01-28 21:09:02.627 [info] Getting sessions for all scopes...
2025-01-28 21:09:02.627 [info] Getting sessions for all scopes...
2025-01-28 21:09:02.627 [info] Got stored sessions!
2025-01-28 21:09:02.627 [info] Got 1 verified sessions.
2025-01-28 21:09:02.627 [info] Got 1 sessions for ...
2025-01-28 21:09:02.627 [info] Got 1 sessions for ...
2025-01-28 21:09:02.627 [info] Got 1 sessions for ...
2025-01-28 21:09:02.627 [info] Got 1 sessions for ...
2025-01-28 21:09:02.627 [info] Got 1 sessions for ...
2025-01-28 21:09:02.627 [info] Got 1 sessions for ...
2025-01-28 21:09:02.627 [info] Got 1 sessions for ...
2025-01-28 21:09:02.627 [info] Got 1 sessions for ...
2025-01-28 21:09:02.627 [info] Getting sessions for all scopes...
2025-01-28 21:09:02.627 [info] Got 1 sessions for ...
2025-01-28 21:09:02.627 [info] Getting sessions for all scopes...
2025-01-28 21:09:02.627 [info] Got 1 sessions for ...
2025-01-28 21:09:02.637 [info] Getting sessions for read:user,repo,user:email,workflow...
2025-01-28 21:09:02.637 [info] Got 0 sessions for read:user,repo,user:email,workflow...
2025-01-28 21:09:02.657 [info] Getting sessions for user:email...
2025-01-28 21:09:02.657 [info] Got 1 sessions for user:email...
2025-01-28 21:09:02.951 [info] Getting sessions for all scopes...
2025-01-28 21:09:02.951 [info] Got 1 sessions for ...
2025-01-28 21:09:02.953 [info] Getting sessions for read:user,repo,user:email,workflow...
2025-01-28 21:09:02.953 [info] Got 0 sessions for read:user,repo,user:email,workflow...
2025-01-28 21:09:02.962 [info] Getting sessions for read:user,repo,user:email,workflow...
2025-01-28 21:09:02.962 [info] Got 0 sessions for read:user,repo,user:email,workflow...
2025-01-28 21:09:02.962 [info] Getting sessions for read:user...
2025-01-28 21:09:02.962 [info] Got 0 sessions for read:user...
2025-01-28 21:09:02.962 [info] Getting sessions for user:email...
2025-01-28 21:09:02.962 [info] Got 1 sessions for user:email...
2025-01-28 21:09:02.962 [info] Getting sessions for user:email...
2025-01-28 21:09:02.962 [info] Got 1 sessions for user:email...
2025-01-28 21:09:02.964 [info] Getting sessions for all scopes...
2025-01-28 21:09:02.964 [info] Got 1 sessions for ...
2025-01-28 21:09:02.966 [info] Getting sessions for read:user,repo,user:email,workflow...
2025-01-28 21:09:02.966 [info] Got 0 sessions for read:user,repo,user:email,workflow...
2025-01-28 21:09:03.646 [info] Getting sessions for all scopes...
2025-01-28 21:09:03.646 [info] Got 1 sessions for ...
2025-01-28 21:09:03.681 [info] Getting sessions for all scopes...
2025-01-28 21:09:03.681 [info] Got 1 sessions for ...
2025-01-28 21:09:03.681 [info] Getting sessions for user:email...
2025-01-28 21:09:03.681 [info] Got 1 sessions for user:email...
2025-01-28 21:09:03.716 [info] Getting sessions for read:user,repo,user:email,workflow...
2025-01-28 21:09:03.716 [info] Got 0 sessions for read:user,repo,user:email,workflow...
2025-01-28 21:09:03.717 [info] Getting sessions for user:email...
2025-01-28 21:09:03.717 [info] Got 1 sessions for user:email...
2025-01-28 21:09:03.988 [info] Getting sessions for read:user,repo,user:email,workflow...
2025-01-28 21:09:03.988 [info] Got 0 sessions for read:user,repo,user:email,workflow...
2025-01-28 21:09:03.989 [info] Getting sessions for read:user...
2025-01-28 21:09:03.989 [info] Got 0 sessions for read:user...
2025-01-28 21:09:03.989 [info] Getting sessions for user:email...
2025-01-28 21:09:03.989 [info] Got 1 sessions for user:email...
2025-01-28 21:09:04.274 [info] Getting sessions for all scopes...
2025-01-28 21:09:04.274 [info] Got 1 sessions for ...
2025-01-28 21:09:04.274 [info] Getting sessions for all scopes...
2025-01-28 21:09:04.274 [info] Got 1 sessions for ...
2025-01-28 21:09:04.280 [info] Getting sessions for read:user,repo,user:email,workflow...
2025-01-28 21:09:04.280 [info] Got 0 sessions for read:user,repo,user:email,workflow...
2025-01-28 21:09:04.280 [info] Getting sessions for user:email...
2025-01-28 21:09:04.280 [info] Got 1 sessions for user:email...
2025-01-28 21:09:04.281 [info] Getting sessions for all scopes...
2025-01-28 21:09:04.281 [info] Got 1 sessions for ...
2025-01-28 21:09:04.282 [info] Getting sessions for read:user,repo,user:email,workflow...
2025-01-28 21:09:04.282 [info] Got 0 sessions for read:user,repo,user:email,workflow...
2025-01-28 21:09:04.282 [info] Getting sessions for user:email...
2025-01-28 21:09:04.282 [info] Got 1 sessions for user:email...
2025-01-28 21:09:04.309 [info] Getting sessions for all scopes...
2025-01-28 21:09:04.309 [info] Got 1 sessions for ...
2025-01-28 21:09:04.310 [info] Getting sessions for read:user,repo,user:email,workflow...
2025-01-28 21:09:04.310 [info] Got 0 sessions for read:user,repo,user:email,workflow...
2025-01-28 21:09:04.311 [info] Getting sessions for user:email...
2025-01-28 21:09:04.311 [info] Got 1 sessions for user:email...
2025-01-28 21:09:04.420 [info] Getting sessions for read:user,repo,user:email,workflow...
2025-01-28 21:09:04.420 [info] Got 0 sessions for read:user,repo,user:email,workflow...
2025-01-28 21:09:04.424 [info] Getting sessions for read:user...
2025-01-28 21:09:04.424 [info] Got 0 sessions for read:user...
2025-01-28 21:09:04.424 [info] Getting sessions for user:email...
2025-01-28 21:09:04.424 [info] Got 1 sessions for user:email...
2025-01-28 21:09:04.863 [info] Getting sessions for all scopes...
2025-01-28 21:09:04.863 [info] Got 1 sessions for ...
2025-01-28 21:09:04.867 [info] Getting sessions for read:user,repo,user:email,workflow...
2025-01-28 21:09:04.867 [info] Got 0 sessions for read:user,repo,user:email,workflow...
2025-01-28 21:09:04.868 [info] Getting sessions for user:email...
2025-01-28 21:09:04.868 [info] Got 1 sessions for user:email...
