2025-02-02 12:19:14.389 [info] Reading sessions from keychain...
2025-02-02 12:19:14.389 [info] Getting sessions for all scopes...
2025-02-02 12:19:14.389 [info] Getting sessions for all scopes...
2025-02-02 12:19:14.389 [info] Getting sessions for all scopes...
2025-02-02 12:19:14.389 [info] Getting sessions for all scopes...
2025-02-02 12:19:14.389 [info] Getting sessions for all scopes...
2025-02-02 12:19:14.389 [info] Getting sessions for all scopes...
2025-02-02 12:19:14.389 [info] Getting sessions for all scopes...
2025-02-02 12:19:14.389 [info] Getting sessions for all scopes...
2025-02-02 12:19:14.389 [info] Got stored sessions!
2025-02-02 12:19:14.389 [info] Got 1 verified sessions.
2025-02-02 12:19:14.389 [info] Got 1 sessions for ...
2025-02-02 12:19:14.389 [info] Got 1 sessions for ...
2025-02-02 12:19:14.389 [info] Got 1 sessions for ...
2025-02-02 12:19:14.389 [info] Got 1 sessions for ...
2025-02-02 12:19:14.389 [info] Got 1 sessions for ...
2025-02-02 12:19:14.389 [info] Got 1 sessions for ...
2025-02-02 12:19:14.389 [info] Got 1 sessions for ...
2025-02-02 12:19:14.389 [info] Got 1 sessions for ...
2025-02-02 12:19:15.622 [info] Getting sessions for all scopes...
2025-02-02 12:19:15.622 [info] Got 1 sessions for ...
2025-02-02 12:19:25.875 [info] Getting sessions for read:user,repo,user:email,workflow...
2025-02-02 12:19:25.875 [info] Got 0 sessions for read:user,repo,user:email,workflow...
2025-02-02 12:19:25.876 [info] Getting sessions for all scopes...
2025-02-02 12:19:25.876 [info] Got 1 sessions for ...
2025-02-02 12:19:25.876 [info] Getting sessions for all scopes...
2025-02-02 12:19:25.876 [info] Got 1 sessions for ...
2025-02-02 12:19:25.901 [info] Getting sessions for read:user...
2025-02-02 12:19:25.901 [info] Got 0 sessions for read:user...
2025-02-02 12:19:25.901 [info] Getting sessions for read:user,repo,user:email,workflow...
2025-02-02 12:19:25.901 [info] Got 0 sessions for read:user,repo,user:email,workflow...
2025-02-02 12:19:25.923 [info] Getting sessions for user:email...
2025-02-02 12:19:25.923 [info] Got 1 sessions for user:email...
2025-02-02 12:19:25.923 [info] Getting sessions for user:email...
2025-02-02 12:19:25.923 [info] Got 1 sessions for user:email...
2025-02-02 12:19:25.980 [info] Getting sessions for all scopes...
2025-02-02 12:19:25.980 [info] Got 1 sessions for ...
2025-02-02 12:19:26.739 [info] Getting sessions for read:user,repo,user:email,workflow...
2025-02-02 12:19:26.739 [info] Got 0 sessions for read:user,repo,user:email,workflow...
2025-02-02 12:19:26.740 [info] Getting sessions for user:email...
2025-02-02 12:19:26.740 [info] Got 1 sessions for user:email...
2025-02-02 12:19:26.741 [info] Getting sessions for all scopes...
2025-02-02 12:19:26.741 [info] Got 1 sessions for ...
2025-02-02 12:19:26.741 [info] Getting sessions for read:user,repo,user:email,workflow...
2025-02-02 12:19:26.741 [info] Got 0 sessions for read:user,repo,user:email,workflow...
2025-02-02 12:19:26.741 [info] Getting sessions for user:email...
2025-02-02 12:19:26.741 [info] Got 1 sessions for user:email...
2025-02-02 12:19:26.824 [info] Getting sessions for all scopes...
2025-02-02 12:19:26.824 [info] Got 1 sessions for ...
2025-02-02 12:19:26.842 [info] Getting sessions for read:user,repo,user:email,workflow...
2025-02-02 12:19:26.842 [info] Got 0 sessions for read:user,repo,user:email,workflow...
2025-02-02 12:19:26.842 [info] Getting sessions for user:email...
2025-02-02 12:19:26.842 [info] Got 1 sessions for user:email...
2025-02-02 12:19:27.284 [info] Getting sessions for all scopes...
2025-02-02 12:19:27.284 [info] Got 1 sessions for ...
2025-02-02 12:19:27.285 [info] Getting sessions for all scopes...
2025-02-02 12:19:27.285 [info] Got 1 sessions for ...
2025-02-02 12:19:27.285 [info] Getting sessions for read:user,repo,user:email,workflow...
2025-02-02 12:19:27.285 [info] Got 0 sessions for read:user,repo,user:email,workflow...
2025-02-02 12:19:27.286 [info] Getting sessions for user:email...
2025-02-02 12:19:27.286 [info] Got 1 sessions for user:email...
2025-02-02 12:19:27.287 [info] Getting sessions for all scopes...
2025-02-02 12:19:27.287 [info] Got 1 sessions for ...
2025-02-02 12:19:27.287 [info] Getting sessions for read:user,repo,user:email,workflow...
2025-02-02 12:19:27.287 [info] Got 0 sessions for read:user,repo,user:email,workflow...
2025-02-02 12:19:27.288 [info] Getting sessions for user:email...
2025-02-02 12:19:27.288 [info] Got 1 sessions for user:email...
2025-02-02 12:19:27.324 [info] Getting sessions for all scopes...
2025-02-02 12:19:27.324 [info] Got 1 sessions for ...
2025-02-02 12:19:27.328 [info] Getting sessions for read:user,repo,user:email,workflow...
2025-02-02 12:19:27.328 [info] Got 0 sessions for read:user,repo,user:email,workflow...
2025-02-02 12:19:27.329 [info] Getting sessions for user:email...
2025-02-02 12:19:27.329 [info] Got 1 sessions for user:email...
2025-02-02 12:19:27.475 [info] Getting sessions for read:user,repo,user:email,workflow...
2025-02-02 12:19:27.475 [info] Got 0 sessions for read:user,repo,user:email,workflow...
2025-02-02 12:19:27.476 [info] Getting sessions for read:user...
2025-02-02 12:19:27.476 [info] Got 0 sessions for read:user...
2025-02-02 12:19:27.476 [info] Getting sessions for user:email...
2025-02-02 12:19:27.476 [info] Got 1 sessions for user:email...
2025-02-02 12:19:27.905 [info] Getting sessions for all scopes...
2025-02-02 12:19:27.905 [info] Got 1 sessions for ...
2025-02-02 12:19:27.909 [info] Getting sessions for read:user,repo,user:email,workflow...
2025-02-02 12:19:27.909 [info] Got 0 sessions for read:user,repo,user:email,workflow...
2025-02-02 12:19:27.910 [info] Getting sessions for user:email...
2025-02-02 12:19:27.910 [info] Got 1 sessions for user:email...
2025-02-02 12:27:31.118 [info] Getting sessions for all scopes...
2025-02-02 12:27:31.118 [info] Got 1 sessions for ...
2025-02-02 12:27:31.119 [info] Getting sessions for read:user,repo,user:email,workflow...
2025-02-02 12:27:31.119 [info] Got 0 sessions for read:user,repo,user:email,workflow...
2025-02-02 12:27:31.119 [info] Getting sessions for user:email...
2025-02-02 12:27:31.119 [info] Got 1 sessions for user:email...
2025-02-02 12:27:32.621 [info] Getting sessions for all scopes...
2025-02-02 12:27:32.621 [info] Got 1 sessions for ...
2025-02-02 12:27:32.622 [info] Getting sessions for read:user,repo,user:email,workflow...
2025-02-02 12:27:32.622 [info] Got 0 sessions for read:user,repo,user:email,workflow...
2025-02-02 12:27:32.622 [info] Getting sessions for user:email...
2025-02-02 12:27:32.622 [info] Got 1 sessions for user:email...
2025-02-02 12:32:50.819 [info] Reading sessions from keychain...
2025-02-02 12:32:50.819 [info] Getting sessions for all scopes...
2025-02-02 12:32:50.819 [info] Getting sessions for all scopes...
2025-02-02 12:32:50.819 [info] Getting sessions for all scopes...
2025-02-02 12:32:50.819 [info] Got stored sessions!
2025-02-02 12:32:50.819 [info] Got 1 verified sessions.
2025-02-02 12:32:50.819 [info] Got 1 sessions for ...
2025-02-02 12:32:50.819 [info] Got 1 sessions for ...
2025-02-02 12:32:50.819 [info] Got 1 sessions for ...
2025-02-02 12:32:50.819 [info] Getting sessions for all scopes...
2025-02-02 12:32:50.819 [info] Got 1 sessions for ...
2025-02-02 12:32:50.819 [info] Getting sessions for all scopes...
2025-02-02 12:32:50.819 [info] Got 1 sessions for ...
2025-02-02 12:32:50.819 [info] Getting sessions for all scopes...
2025-02-02 12:32:50.819 [info] Got 1 sessions for ...
2025-02-02 12:32:50.819 [info] Getting sessions for all scopes...
2025-02-02 12:32:50.819 [info] Got 1 sessions for ...
2025-02-02 12:32:50.820 [info] Getting sessions for all scopes...
2025-02-02 12:32:50.820 [info] Got 1 sessions for ...
2025-02-02 12:32:52.325 [info] Getting sessions for all scopes...
2025-02-02 12:32:52.325 [info] Got 1 sessions for ...
2025-02-02 12:32:52.354 [info] Getting sessions for read:user,repo,user:email,workflow...
2025-02-02 12:32:52.354 [info] Got 0 sessions for read:user,repo,user:email,workflow...
2025-02-02 12:32:52.360 [info] Getting sessions for all scopes...
2025-02-02 12:32:52.360 [info] Got 1 sessions for ...
2025-02-02 12:32:52.360 [info] Getting sessions for all scopes...
2025-02-02 12:32:52.360 [info] Got 1 sessions for ...
2025-02-02 12:32:52.377 [info] Getting sessions for read:user...
2025-02-02 12:32:52.377 [info] Got 0 sessions for read:user...
2025-02-02 12:32:52.377 [info] Getting sessions for read:user,repo,user:email,workflow...
2025-02-02 12:32:52.377 [info] Got 0 sessions for read:user,repo,user:email,workflow...
2025-02-02 12:32:52.430 [info] Getting sessions for user:email...
2025-02-02 12:32:52.430 [info] Got 1 sessions for user:email...
2025-02-02 12:32:52.430 [info] Getting sessions for user:email...
2025-02-02 12:32:52.430 [info] Got 1 sessions for user:email...
2025-02-02 12:32:52.454 [info] Getting sessions for all scopes...
2025-02-02 12:32:52.454 [info] Got 1 sessions for ...
2025-02-02 12:32:52.455 [info] Getting sessions for read:user,repo,user:email,workflow...
2025-02-02 12:32:52.455 [info] Got 0 sessions for read:user,repo,user:email,workflow...
2025-02-02 12:32:52.457 [info] Getting sessions for user:email...
2025-02-02 12:32:52.457 [info] Got 1 sessions for user:email...
2025-02-02 12:32:53.194 [info] Getting sessions for all scopes...
2025-02-02 12:32:53.194 [info] Got 1 sessions for ...
2025-02-02 12:32:53.208 [info] Getting sessions for all scopes...
2025-02-02 12:32:53.208 [info] Got 1 sessions for ...
2025-02-02 12:32:53.223 [info] Getting sessions for read:user,repo,user:email,workflow...
2025-02-02 12:32:53.223 [info] Got 0 sessions for read:user,repo,user:email,workflow...
2025-02-02 12:32:53.234 [info] Getting sessions for user:email...
2025-02-02 12:32:53.234 [info] Got 1 sessions for user:email...
2025-02-02 12:32:53.737 [info] Getting sessions for all scopes...
2025-02-02 12:32:53.737 [info] Got 1 sessions for ...
2025-02-02 12:32:53.737 [info] Getting sessions for all scopes...
2025-02-02 12:32:53.737 [info] Got 1 sessions for ...
2025-02-02 12:32:53.737 [info] Getting sessions for read:user,repo,user:email,workflow...
2025-02-02 12:32:53.737 [info] Got 0 sessions for read:user,repo,user:email,workflow...
2025-02-02 12:32:53.744 [info] Getting sessions for user:email...
2025-02-02 12:32:53.744 [info] Got 1 sessions for user:email...
2025-02-02 12:32:53.745 [info] Getting sessions for all scopes...
2025-02-02 12:32:53.745 [info] Got 1 sessions for ...
2025-02-02 12:32:53.747 [info] Getting sessions for read:user,repo,user:email,workflow...
2025-02-02 12:32:53.747 [info] Got 0 sessions for read:user,repo,user:email,workflow...
2025-02-02 12:32:53.747 [info] Getting sessions for user:email...
2025-02-02 12:32:53.747 [info] Got 1 sessions for user:email...
2025-02-02 12:32:53.776 [info] Getting sessions for all scopes...
2025-02-02 12:32:53.776 [info] Got 1 sessions for ...
2025-02-02 12:32:53.777 [info] Getting sessions for read:user,repo,user:email,workflow...
2025-02-02 12:32:53.777 [info] Got 0 sessions for read:user,repo,user:email,workflow...
2025-02-02 12:32:53.777 [info] Getting sessions for user:email...
2025-02-02 12:32:53.777 [info] Got 1 sessions for user:email...
2025-02-02 12:32:53.900 [info] Getting sessions for read:user,repo,user:email,workflow...
2025-02-02 12:32:53.900 [info] Got 0 sessions for read:user,repo,user:email,workflow...
2025-02-02 12:32:53.900 [info] Getting sessions for read:user...
2025-02-02 12:32:53.900 [info] Got 0 sessions for read:user...
2025-02-02 12:32:53.902 [info] Getting sessions for user:email...
2025-02-02 12:32:53.902 [info] Got 1 sessions for user:email...
2025-02-02 12:32:54.350 [info] Getting sessions for all scopes...
2025-02-02 12:32:54.350 [info] Got 1 sessions for ...
2025-02-02 12:32:54.351 [info] Getting sessions for read:user,repo,user:email,workflow...
2025-02-02 12:32:54.351 [info] Got 0 sessions for read:user,repo,user:email,workflow...
2025-02-02 12:32:54.352 [info] Getting sessions for user:email...
2025-02-02 12:32:54.352 [info] Got 1 sessions for user:email...
2025-02-02 12:33:05.549 [info] Reading sessions from keychain...
2025-02-02 12:33:05.549 [info] Getting sessions for all scopes...
2025-02-02 12:33:05.549 [info] Getting sessions for all scopes...
2025-02-02 12:33:05.549 [info] Getting sessions for all scopes...
2025-02-02 12:33:05.549 [info] Got stored sessions!
2025-02-02 12:33:05.549 [info] Got 1 verified sessions.
2025-02-02 12:33:05.549 [info] Got 1 sessions for ...
2025-02-02 12:33:05.549 [info] Got 1 sessions for ...
2025-02-02 12:33:05.549 [info] Got 1 sessions for ...
2025-02-02 12:33:05.549 [info] Getting sessions for all scopes...
2025-02-02 12:33:05.549 [info] Got 1 sessions for ...
2025-02-02 12:33:05.549 [info] Getting sessions for all scopes...
2025-02-02 12:33:05.549 [info] Got 1 sessions for ...
2025-02-02 12:33:05.549 [info] Getting sessions for all scopes...
2025-02-02 12:33:05.549 [info] Got 1 sessions for ...
2025-02-02 12:33:05.549 [info] Getting sessions for all scopes...
2025-02-02 12:33:05.549 [info] Got 1 sessions for ...
2025-02-02 12:33:05.549 [info] Getting sessions for all scopes...
2025-02-02 12:33:05.549 [info] Got 1 sessions for ...
2025-02-02 12:33:06.953 [info] Getting sessions for all scopes...
2025-02-02 12:33:06.953 [info] Got 1 sessions for ...
2025-02-02 12:33:16.826 [info] Getting sessions for read:user,repo,user:email,workflow...
2025-02-02 12:33:16.826 [info] Got 0 sessions for read:user,repo,user:email,workflow...
2025-02-02 12:33:16.826 [info] Getting sessions for all scopes...
2025-02-02 12:33:16.826 [info] Got 1 sessions for ...
2025-02-02 12:33:16.826 [info] Getting sessions for all scopes...
2025-02-02 12:33:16.826 [info] Got 1 sessions for ...
2025-02-02 12:33:16.860 [info] Getting sessions for read:user...
2025-02-02 12:33:16.860 [info] Got 0 sessions for read:user...
2025-02-02 12:33:16.860 [info] Getting sessions for read:user,repo,user:email,workflow...
2025-02-02 12:33:16.860 [info] Got 0 sessions for read:user,repo,user:email,workflow...
2025-02-02 12:33:16.883 [info] Getting sessions for user:email...
2025-02-02 12:33:16.883 [info] Got 1 sessions for user:email...
2025-02-02 12:33:16.883 [info] Getting sessions for user:email...
2025-02-02 12:33:16.883 [info] Got 1 sessions for user:email...
2025-02-02 12:33:16.943 [info] Getting sessions for all scopes...
2025-02-02 12:33:16.943 [info] Got 1 sessions for ...
2025-02-02 12:33:17.690 [info] Getting sessions for read:user,repo,user:email,workflow...
2025-02-02 12:33:17.690 [info] Got 0 sessions for read:user,repo,user:email,workflow...
2025-02-02 12:33:17.691 [info] Getting sessions for user:email...
2025-02-02 12:33:17.691 [info] Got 1 sessions for user:email...
2025-02-02 12:33:17.693 [info] Getting sessions for all scopes...
2025-02-02 12:33:17.693 [info] Got 1 sessions for ...
2025-02-02 12:33:17.694 [info] Getting sessions for read:user,repo,user:email,workflow...
2025-02-02 12:33:17.694 [info] Got 0 sessions for read:user,repo,user:email,workflow...
2025-02-02 12:33:17.694 [info] Getting sessions for user:email...
2025-02-02 12:33:17.694 [info] Got 1 sessions for user:email...
2025-02-02 12:33:17.737 [info] Getting sessions for all scopes...
2025-02-02 12:33:17.737 [info] Got 1 sessions for ...
2025-02-02 12:33:17.756 [info] Getting sessions for read:user,repo,user:email,workflow...
2025-02-02 12:33:17.756 [info] Got 0 sessions for read:user,repo,user:email,workflow...
2025-02-02 12:33:17.757 [info] Getting sessions for user:email...
2025-02-02 12:33:17.757 [info] Got 1 sessions for user:email...
2025-02-02 12:33:18.126 [info] Getting sessions for all scopes...
2025-02-02 12:33:18.126 [info] Got 1 sessions for ...
2025-02-02 12:33:18.126 [info] Getting sessions for all scopes...
2025-02-02 12:33:18.126 [info] Got 1 sessions for ...
2025-02-02 12:33:18.132 [info] Getting sessions for read:user,repo,user:email,workflow...
2025-02-02 12:33:18.132 [info] Got 0 sessions for read:user,repo,user:email,workflow...
2025-02-02 12:33:18.133 [info] Getting sessions for user:email...
2025-02-02 12:33:18.133 [info] Got 1 sessions for user:email...
2025-02-02 12:33:18.134 [info] Getting sessions for all scopes...
2025-02-02 12:33:18.134 [info] Got 1 sessions for ...
2025-02-02 12:33:18.135 [info] Getting sessions for read:user,repo,user:email,workflow...
2025-02-02 12:33:18.135 [info] Got 0 sessions for read:user,repo,user:email,workflow...
2025-02-02 12:33:18.135 [info] Getting sessions for user:email...
2025-02-02 12:33:18.135 [info] Got 1 sessions for user:email...
2025-02-02 12:33:18.168 [info] Getting sessions for all scopes...
2025-02-02 12:33:18.168 [info] Got 1 sessions for ...
2025-02-02 12:33:18.168 [info] Getting sessions for read:user,repo,user:email,workflow...
2025-02-02 12:33:18.168 [info] Got 0 sessions for read:user,repo,user:email,workflow...
2025-02-02 12:33:18.169 [info] Getting sessions for user:email...
2025-02-02 12:33:18.169 [info] Got 1 sessions for user:email...
2025-02-02 12:33:18.481 [info] Getting sessions for all scopes...
2025-02-02 12:33:18.481 [info] Got 1 sessions for ...
2025-02-02 12:33:18.484 [info] Getting sessions for read:user,repo,user:email,workflow...
2025-02-02 12:33:18.484 [info] Got 0 sessions for read:user,repo,user:email,workflow...
2025-02-02 12:33:18.484 [info] Getting sessions for user:email...
2025-02-02 12:33:18.484 [info] Got 1 sessions for user:email...
2025-02-02 12:33:18.619 [info] Getting sessions for read:user,repo,user:email,workflow...
2025-02-02 12:33:18.619 [info] Got 0 sessions for read:user,repo,user:email,workflow...
2025-02-02 12:33:18.620 [info] Getting sessions for read:user...
2025-02-02 12:33:18.620 [info] Got 0 sessions for read:user...
2025-02-02 12:33:18.621 [info] Getting sessions for user:email...
2025-02-02 12:33:18.621 [info] Got 1 sessions for user:email...
2025-02-02 12:39:55.456 [info] Getting sessions for all scopes...
2025-02-02 12:39:55.456 [info] Got 1 sessions for ...
2025-02-02 12:39:55.456 [info] Getting sessions for read:user,repo,user:email,workflow...
2025-02-02 12:39:55.456 [info] Got 0 sessions for read:user,repo,user:email,workflow...
2025-02-02 12:39:55.457 [info] Getting sessions for user:email...
2025-02-02 12:39:55.457 [info] Got 1 sessions for user:email...
2025-02-02 12:39:56.130 [info] Getting sessions for all scopes...
2025-02-02 12:39:56.130 [info] Got 1 sessions for ...
2025-02-02 12:39:56.130 [info] Getting sessions for read:user,repo,user:email,workflow...
2025-02-02 12:39:56.130 [info] Got 0 sessions for read:user,repo,user:email,workflow...
2025-02-02 12:39:56.131 [info] Getting sessions for user:email...
2025-02-02 12:39:56.131 [info] Got 1 sessions for user:email...
2025-02-02 12:40:00.453 [info] Getting sessions for all scopes...
2025-02-02 12:40:00.453 [info] Got 1 sessions for ...
2025-02-02 12:40:00.453 [info] Getting sessions for read:user,repo,user:email,workflow...
2025-02-02 12:40:00.453 [info] Got 0 sessions for read:user,repo,user:email,workflow...
2025-02-02 12:40:00.454 [info] Getting sessions for user:email...
2025-02-02 12:40:00.454 [info] Got 1 sessions for user:email...
2025-02-02 12:40:00.689 [info] Getting sessions for all scopes...
2025-02-02 12:40:00.689 [info] Got 1 sessions for ...
2025-02-02 12:40:00.690 [info] Getting sessions for read:user,repo,user:email,workflow...
2025-02-02 12:40:00.690 [info] Got 0 sessions for read:user,repo,user:email,workflow...
2025-02-02 12:40:00.690 [info] Getting sessions for all scopes...
2025-02-02 12:40:00.690 [info] Got 1 sessions for ...
2025-02-02 12:40:00.691 [info] Getting sessions for read:user,repo,user:email,workflow...
2025-02-02 12:40:00.691 [info] Got 0 sessions for read:user,repo,user:email,workflow...
2025-02-02 12:40:00.691 [info] Getting sessions for user:email...
2025-02-02 12:40:00.691 [info] Got 1 sessions for user:email...
2025-02-02 12:40:00.697 [info] Getting sessions for all scopes...
2025-02-02 12:40:00.697 [info] Got 1 sessions for ...
2025-02-02 12:40:00.697 [info] Getting sessions for read:user,repo,user:email,workflow...
2025-02-02 12:40:00.697 [info] Got 0 sessions for read:user,repo,user:email,workflow...
2025-02-02 12:40:00.697 [info] Getting sessions for user:email...
2025-02-02 12:40:00.697 [info] Got 1 sessions for user:email...
2025-02-02 12:40:01.096 [info] Getting sessions for all scopes...
2025-02-02 12:40:01.096 [info] Got 1 sessions for ...
2025-02-02 12:40:01.098 [info] Getting sessions for read:user,repo,user:email,workflow...
2025-02-02 12:40:01.098 [info] Got 0 sessions for read:user,repo,user:email,workflow...
2025-02-02 12:40:01.101 [info] Getting sessions for user:email...
2025-02-02 12:40:01.101 [info] Got 1 sessions for user:email...
2025-02-02 12:40:01.114 [info] Getting sessions for all scopes...
2025-02-02 12:40:01.114 [info] Got 1 sessions for ...
2025-02-02 12:40:01.115 [info] Getting sessions for read:user,repo,user:email,workflow...
2025-02-02 12:40:01.115 [info] Got 0 sessions for read:user,repo,user:email,workflow...
2025-02-02 12:40:01.115 [info] Getting sessions for user:email...
2025-02-02 12:40:01.115 [info] Got 1 sessions for user:email...
2025-02-02 12:40:01.574 [info] Getting sessions for all scopes...
2025-02-02 12:40:01.574 [info] Got 1 sessions for ...
2025-02-02 12:40:01.579 [info] Getting sessions for read:user,repo,user:email,workflow...
2025-02-02 12:40:01.579 [info] Got 0 sessions for read:user,repo,user:email,workflow...
2025-02-02 12:40:01.594 [info] Getting sessions for user:email...
2025-02-02 12:40:01.594 [info] Got 1 sessions for user:email...
2025-02-02 12:40:01.633 [info] Getting sessions for all scopes...
2025-02-02 12:40:01.633 [info] Got 1 sessions for ...
2025-02-02 12:40:01.643 [info] Getting sessions for read:user,repo,user:email,workflow...
2025-02-02 12:40:01.643 [info] Got 0 sessions for read:user,repo,user:email,workflow...
2025-02-02 12:40:01.647 [info] Getting sessions for user:email...
2025-02-02 12:40:01.647 [info] Got 1 sessions for user:email...
2025-02-02 12:40:03.368 [info] Getting sessions for all scopes...
2025-02-02 12:40:03.368 [info] Got 1 sessions for ...
2025-02-02 12:40:03.410 [info] Getting sessions for read:user,repo,user:email,workflow...
2025-02-02 12:40:03.410 [info] Got 0 sessions for read:user,repo,user:email,workflow...
2025-02-02 12:40:03.426 [info] Getting sessions for user:email...
2025-02-02 12:40:03.426 [info] Got 1 sessions for user:email...
2025-02-02 12:41:36.484 [info] Getting sessions for all scopes...
2025-02-02 12:41:36.484 [info] Got 1 sessions for ...
2025-02-02 12:41:36.485 [info] Getting sessions for read:user,repo,user:email,workflow...
2025-02-02 12:41:36.485 [info] Got 0 sessions for read:user,repo,user:email,workflow...
2025-02-02 12:41:36.486 [info] Getting sessions for user:email...
2025-02-02 12:41:36.486 [info] Got 1 sessions for user:email...
2025-02-02 12:41:36.867 [info] Getting sessions for all scopes...
2025-02-02 12:41:36.867 [info] Got 1 sessions for ...
2025-02-02 12:41:36.879 [info] Getting sessions for read:user,repo,user:email,workflow...
2025-02-02 12:41:36.879 [info] Got 0 sessions for read:user,repo,user:email,workflow...
2025-02-02 12:41:36.880 [info] Getting sessions for user:email...
2025-02-02 12:41:36.880 [info] Got 1 sessions for user:email...
2025-02-02 12:41:37.368 [info] Getting sessions for all scopes...
2025-02-02 12:41:37.368 [info] Got 1 sessions for ...
2025-02-02 12:41:37.368 [info] Getting sessions for all scopes...
2025-02-02 12:41:37.368 [info] Got 1 sessions for ...
2025-02-02 12:41:37.369 [info] Getting sessions for read:user,repo,user:email,workflow...
2025-02-02 12:41:37.369 [info] Got 0 sessions for read:user,repo,user:email,workflow...
2025-02-02 12:41:37.371 [info] Getting sessions for user:email...
2025-02-02 12:41:37.371 [info] Got 1 sessions for user:email...
2025-02-02 12:41:41.314 [info] Getting sessions for all scopes...
2025-02-02 12:41:41.314 [info] Got 1 sessions for ...
2025-02-02 12:41:41.314 [info] Getting sessions for read:user,repo,user:email,workflow...
2025-02-02 12:41:41.314 [info] Got 0 sessions for read:user,repo,user:email,workflow...
2025-02-02 12:41:41.315 [info] Getting sessions for user:email...
2025-02-02 12:41:41.315 [info] Got 1 sessions for user:email...
2025-02-02 12:41:50.727 [info] Getting sessions for all scopes...
2025-02-02 12:41:50.727 [info] Got 1 sessions for ...
2025-02-02 12:41:50.763 [info] Getting sessions for read:user,repo,user:email,workflow...
2025-02-02 12:41:50.763 [info] Got 0 sessions for read:user,repo,user:email,workflow...
2025-02-02 12:41:50.763 [info] Getting sessions for user:email...
2025-02-02 12:41:50.763 [info] Got 1 sessions for user:email...
2025-02-02 12:43:32.025 [info] Getting sessions for all scopes...
2025-02-02 12:43:32.025 [info] Got 1 sessions for ...
2025-02-02 12:43:32.025 [info] Getting sessions for read:user,repo,user:email,workflow...
2025-02-02 12:43:32.025 [info] Got 0 sessions for read:user,repo,user:email,workflow...
2025-02-02 12:43:32.025 [info] Getting sessions for user:email...
2025-02-02 12:43:32.025 [info] Got 1 sessions for user:email...
2025-02-02 12:43:32.210 [info] Getting sessions for all scopes...
2025-02-02 12:43:32.210 [info] Got 1 sessions for ...
2025-02-02 12:43:32.210 [info] Getting sessions for read:user,repo,user:email,workflow...
2025-02-02 12:43:32.210 [info] Got 0 sessions for read:user,repo,user:email,workflow...
2025-02-02 12:43:32.211 [info] Getting sessions for user:email...
2025-02-02 12:43:32.211 [info] Got 1 sessions for user:email...
2025-02-02 12:43:33.301 [info] Getting sessions for all scopes...
2025-02-02 12:43:33.301 [info] Got 1 sessions for ...
2025-02-02 12:43:33.302 [info] Getting sessions for read:user,repo,user:email,workflow...
2025-02-02 12:43:33.302 [info] Got 0 sessions for read:user,repo,user:email,workflow...
2025-02-02 12:43:33.308 [info] Getting sessions for user:email...
2025-02-02 12:43:33.308 [info] Got 1 sessions for user:email...
2025-02-02 12:44:19.236 [info] Getting sessions for all scopes...
2025-02-02 12:44:19.236 [info] Got 1 sessions for ...
2025-02-02 12:44:19.236 [info] Getting sessions for read:user,repo,user:email,workflow...
2025-02-02 12:44:19.236 [info] Got 0 sessions for read:user,repo,user:email,workflow...
2025-02-02 12:44:19.237 [info] Getting sessions for user:email...
2025-02-02 12:44:19.237 [info] Got 1 sessions for user:email...
2025-02-02 12:48:18.485 [info] Getting sessions for all scopes...
2025-02-02 12:48:18.485 [info] Got 1 sessions for ...
2025-02-02 12:48:18.486 [info] Getting sessions for read:user,repo,user:email,workflow...
2025-02-02 12:48:18.486 [info] Got 0 sessions for read:user,repo,user:email,workflow...
2025-02-02 12:48:18.486 [info] Getting sessions for user:email...
2025-02-02 12:48:18.486 [info] Got 1 sessions for user:email...
2025-02-02 12:58:18.043 [info] Getting sessions for read:user,repo,user:email,workflow...
2025-02-02 12:58:18.043 [info] Got 0 sessions for read:user,repo,user:email,workflow...
2025-02-02 12:58:18.043 [info] Getting sessions for read:user...
2025-02-02 12:58:18.043 [info] Got 0 sessions for read:user...
2025-02-02 12:58:18.044 [info] Getting sessions for user:email...
2025-02-02 12:58:18.044 [info] Got 1 sessions for user:email...
2025-02-02 12:58:18.120 [info] Getting sessions for all scopes...
2025-02-02 12:58:18.120 [info] Got 1 sessions for ...
2025-02-02 12:58:18.121 [info] Getting sessions for read:user,repo,user:email,workflow...
2025-02-02 12:58:18.121 [info] Got 0 sessions for read:user,repo,user:email,workflow...
2025-02-02 12:58:18.122 [info] Getting sessions for user:email...
2025-02-02 12:58:18.122 [info] Got 1 sessions for user:email...
2025-02-02 12:58:18.638 [info] Getting sessions for all scopes...
2025-02-02 12:58:18.638 [info] Got 1 sessions for ...
2025-02-02 12:58:18.639 [info] Getting sessions for all scopes...
2025-02-02 12:58:18.639 [info] Got 1 sessions for ...
2025-02-02 12:58:18.639 [info] Getting sessions for read:user,repo,user:email,workflow...
2025-02-02 12:58:18.639 [info] Got 0 sessions for read:user,repo,user:email,workflow...
2025-02-02 12:58:18.639 [info] Getting sessions for user:email...
2025-02-02 12:58:18.639 [info] Got 1 sessions for user:email...
2025-02-02 12:58:18.640 [info] Getting sessions for all scopes...
2025-02-02 12:58:18.640 [info] Got 1 sessions for ...
2025-02-02 12:58:18.641 [info] Getting sessions for read:user,repo,user:email,workflow...
2025-02-02 12:58:18.641 [info] Got 0 sessions for read:user,repo,user:email,workflow...
2025-02-02 12:58:18.641 [info] Getting sessions for user:email...
2025-02-02 12:58:18.641 [info] Got 1 sessions for user:email...
2025-02-02 12:58:18.647 [info] Getting sessions for all scopes...
2025-02-02 12:58:18.647 [info] Got 1 sessions for ...
2025-02-02 12:58:18.648 [info] Getting sessions for read:user,repo,user:email,workflow...
2025-02-02 12:58:18.648 [info] Got 0 sessions for read:user,repo,user:email,workflow...
2025-02-02 12:58:18.649 [info] Getting sessions for user:email...
2025-02-02 12:58:18.649 [info] Got 1 sessions for user:email...
2025-02-02 12:58:18.650 [info] Getting sessions for all scopes...
2025-02-02 12:58:18.650 [info] Got 1 sessions for ...
2025-02-02 12:58:18.651 [info] Getting sessions for read:user,repo,user:email,workflow...
2025-02-02 12:58:18.651 [info] Got 0 sessions for read:user,repo,user:email,workflow...
2025-02-02 12:58:18.651 [info] Getting sessions for user:email...
2025-02-02 12:58:18.651 [info] Got 1 sessions for user:email...
2025-02-02 13:13:19.060 [info] Getting sessions for all scopes...
2025-02-02 13:13:19.060 [info] Got 1 sessions for ...
2025-02-02 13:13:19.061 [info] Getting sessions for read:user,repo,user:email,workflow...
2025-02-02 13:13:19.061 [info] Got 0 sessions for read:user,repo,user:email,workflow...
2025-02-02 13:13:19.062 [info] Getting sessions for user:email...
2025-02-02 13:13:19.062 [info] Got 1 sessions for user:email...
2025-02-02 13:13:19.062 [info] Getting sessions for all scopes...
2025-02-02 13:13:19.062 [info] Got 1 sessions for ...
2025-02-02 13:13:19.063 [info] Getting sessions for read:user,repo,user:email,workflow...
2025-02-02 13:13:19.063 [info] Got 0 sessions for read:user,repo,user:email,workflow...
2025-02-02 13:13:19.063 [info] Getting sessions for user:email...
2025-02-02 13:13:19.063 [info] Got 1 sessions for user:email...
2025-02-02 13:23:18.376 [info] Getting sessions for read:user,repo,user:email,workflow...
2025-02-02 13:23:18.376 [info] Got 0 sessions for read:user,repo,user:email,workflow...
2025-02-02 13:23:18.377 [info] Getting sessions for read:user...
2025-02-02 13:23:18.377 [info] Got 0 sessions for read:user...
2025-02-02 13:23:18.378 [info] Getting sessions for user:email...
2025-02-02 13:23:18.378 [info] Got 1 sessions for user:email...
2025-02-02 13:23:18.640 [info] Getting sessions for all scopes...
2025-02-02 13:23:18.640 [info] Got 1 sessions for ...
2025-02-02 13:23:18.641 [info] Getting sessions for read:user,repo,user:email,workflow...
2025-02-02 13:23:18.641 [info] Got 0 sessions for read:user,repo,user:email,workflow...
2025-02-02 13:23:18.641 [info] Getting sessions for user:email...
2025-02-02 13:23:18.641 [info] Got 1 sessions for user:email...
2025-02-02 13:23:19.143 [info] Getting sessions for all scopes...
2025-02-02 13:23:19.143 [info] Got 1 sessions for ...
2025-02-02 13:23:19.143 [info] Getting sessions for all scopes...
2025-02-02 13:23:19.143 [info] Got 1 sessions for ...
2025-02-02 13:23:19.143 [info] Getting sessions for read:user,repo,user:email,workflow...
2025-02-02 13:23:19.143 [info] Got 0 sessions for read:user,repo,user:email,workflow...
2025-02-02 13:23:19.144 [info] Getting sessions for user:email...
2025-02-02 13:23:19.144 [info] Got 1 sessions for user:email...
2025-02-02 13:23:19.144 [info] Getting sessions for all scopes...
2025-02-02 13:23:19.144 [info] Got 1 sessions for ...
2025-02-02 13:23:19.144 [info] Getting sessions for read:user,repo,user:email,workflow...
2025-02-02 13:23:19.144 [info] Got 0 sessions for read:user,repo,user:email,workflow...
2025-02-02 13:23:19.145 [info] Getting sessions for user:email...
2025-02-02 13:23:19.145 [info] Got 1 sessions for user:email...
2025-02-02 13:23:19.146 [info] Getting sessions for all scopes...
2025-02-02 13:23:19.146 [info] Got 1 sessions for ...
2025-02-02 13:23:19.146 [info] Getting sessions for read:user,repo,user:email,workflow...
2025-02-02 13:23:19.146 [info] Got 0 sessions for read:user,repo,user:email,workflow...
2025-02-02 13:23:19.147 [info] Getting sessions for user:email...
2025-02-02 13:23:19.147 [info] Got 1 sessions for user:email...
2025-02-02 13:38:19.149 [info] Getting sessions for all scopes...
2025-02-02 13:38:19.149 [info] Got 1 sessions for ...
2025-02-02 13:38:19.150 [info] Getting sessions for read:user,repo,user:email,workflow...
2025-02-02 13:38:19.150 [info] Got 0 sessions for read:user,repo,user:email,workflow...
2025-02-02 13:38:19.151 [info] Getting sessions for user:email...
2025-02-02 13:38:19.151 [info] Got 1 sessions for user:email...
2025-02-02 13:38:19.152 [info] Getting sessions for all scopes...
2025-02-02 13:38:19.152 [info] Got 1 sessions for ...
2025-02-02 13:38:19.152 [info] Getting sessions for read:user,repo,user:email,workflow...
2025-02-02 13:38:19.152 [info] Got 0 sessions for read:user,repo,user:email,workflow...
2025-02-02 13:38:19.152 [info] Getting sessions for user:email...
2025-02-02 13:38:19.153 [info] Got 1 sessions for user:email...
2025-02-02 13:48:18.714 [info] Getting sessions for read:user,repo,user:email,workflow...
2025-02-02 13:48:18.715 [info] Got 0 sessions for read:user,repo,user:email,workflow...
2025-02-02 13:48:18.715 [info] Getting sessions for read:user...
2025-02-02 13:48:18.715 [info] Got 0 sessions for read:user...
2025-02-02 13:48:18.716 [info] Getting sessions for user:email...
2025-02-02 13:48:18.716 [info] Got 1 sessions for user:email...
2025-02-02 13:48:19.143 [info] Getting sessions for all scopes...
2025-02-02 13:48:19.143 [info] Got 1 sessions for ...
2025-02-02 13:48:19.144 [info] Getting sessions for read:user,repo,user:email,workflow...
2025-02-02 13:48:19.144 [info] Got 0 sessions for read:user,repo,user:email,workflow...
2025-02-02 13:48:19.145 [info] Getting sessions for user:email...
2025-02-02 13:48:19.145 [info] Got 1 sessions for user:email...
2025-02-02 13:48:19.687 [info] Getting sessions for all scopes...
2025-02-02 13:48:19.687 [info] Got 1 sessions for ...
2025-02-02 13:48:19.687 [info] Getting sessions for all scopes...
2025-02-02 13:48:19.687 [info] Got 1 sessions for ...
2025-02-02 13:48:19.688 [info] Getting sessions for read:user,repo,user:email,workflow...
2025-02-02 13:48:19.688 [info] Got 0 sessions for read:user,repo,user:email,workflow...
2025-02-02 13:48:19.689 [info] Getting sessions for user:email...
2025-02-02 13:48:19.689 [info] Got 1 sessions for user:email...
2025-02-02 13:48:19.689 [info] Getting sessions for all scopes...
2025-02-02 13:48:19.689 [info] Got 1 sessions for ...
2025-02-02 13:48:19.690 [info] Getting sessions for read:user,repo,user:email,workflow...
2025-02-02 13:48:19.690 [info] Got 0 sessions for read:user,repo,user:email,workflow...
2025-02-02 13:48:19.690 [info] Getting sessions for user:email...
2025-02-02 13:48:19.690 [info] Got 1 sessions for user:email...
2025-02-02 13:48:19.691 [info] Getting sessions for all scopes...
2025-02-02 13:48:19.691 [info] Got 1 sessions for ...
2025-02-02 13:48:19.692 [info] Getting sessions for read:user,repo,user:email,workflow...
2025-02-02 13:48:19.692 [info] Got 0 sessions for read:user,repo,user:email,workflow...
2025-02-02 13:48:19.692 [info] Getting sessions for user:email...
2025-02-02 13:48:19.692 [info] Got 1 sessions for user:email...
2025-02-02 13:48:19.693 [info] Getting sessions for all scopes...
2025-02-02 13:48:19.693 [info] Got 1 sessions for ...
2025-02-02 13:48:19.693 [info] Getting sessions for read:user,repo,user:email,workflow...
2025-02-02 13:48:19.693 [info] Got 0 sessions for read:user,repo,user:email,workflow...
2025-02-02 13:48:19.694 [info] Getting sessions for user:email...
2025-02-02 13:48:19.694 [info] Got 1 sessions for user:email...
