2025-02-04 18:36:00.008 [info] [main] Log level: Info
2025-02-04 18:36:00.008 [info] [main] Validating found git in: "git"
2025-02-04 18:36:00.008 [info] [main] Using git "2.47.0" from "git"
2025-02-04 18:36:00.008 [info] [Model][doInitialScan] Initial repository scan started
2025-02-04 18:36:00.008 [info] > git rev-parse --show-toplevel [8ms]
2025-02-04 18:36:00.008 [info] > git rev-parse --show-toplevel [2ms]
2025-02-04 18:36:00.577 [info] > git rev-parse --show-toplevel [51ms]
2025-02-04 18:36:00.623 [info] > git rev-parse --show-toplevel [4ms]
2025-02-04 18:36:00.625 [info] [Model][doInitialScan] Initial repository scan completed - repositories (0), closed repositories (0), parent repositories (1), unsafe repositories (0)
2025-02-04 18:36:00.685 [info] > git rev-parse --show-toplevel [33ms]
2025-02-04 18:36:28.829 [info] > git rev-parse --show-toplevel [2ms]
2025-02-04 18:36:28.844 [info] > git rev-parse --show-toplevel [1ms]
2025-02-04 18:36:28.863 [info] > git rev-parse --show-toplevel [1ms]
2025-02-04 18:36:28.878 [info] > git rev-parse --show-toplevel [2ms]
2025-02-04 18:36:28.894 [info] > git rev-parse --show-toplevel [1ms]
2025-02-04 18:36:28.908 [info] > git rev-parse --show-toplevel [1ms]
2025-02-04 18:36:28.939 [info] > git rev-parse --show-toplevel [14ms]
2025-02-04 18:36:28.955 [info] > git rev-parse --show-toplevel [1ms]
2025-02-04 18:36:28.971 [info] > git rev-parse --show-toplevel [1ms]
2025-02-04 18:36:28.987 [info] > git rev-parse --show-toplevel [1ms]
2025-02-04 18:36:29.002 [info] > git rev-parse --show-toplevel [1ms]
2025-02-04 18:36:29.019 [info] > git rev-parse --show-toplevel [1ms]
2025-02-04 18:36:29.035 [info] > git rev-parse --show-toplevel [1ms]
2025-02-04 18:36:29.048 [info] > git rev-parse --show-toplevel [1ms]
2025-02-04 18:36:29.064 [info] > git rev-parse --show-toplevel [1ms]
2025-02-04 18:36:29.076 [info] > git rev-parse --show-toplevel [1ms]
2025-02-04 18:36:29.089 [info] > git rev-parse --show-toplevel [1ms]
2025-02-04 18:36:29.105 [info] > git rev-parse --show-toplevel [1ms]
2025-02-04 18:36:29.128 [info] > git rev-parse --show-toplevel [10ms]
2025-02-04 18:36:29.146 [info] > git rev-parse --show-toplevel [1ms]
2025-02-04 18:36:29.161 [info] > git rev-parse --show-toplevel [1ms]
2025-02-04 18:36:29.840 [info] > git rev-parse --show-toplevel [1ms]
2025-02-04 18:36:29.856 [info] > git rev-parse --show-toplevel [1ms]
2025-02-04 18:36:29.871 [info] > git rev-parse --show-toplevel [1ms]
2025-02-04 18:36:29.885 [info] > git rev-parse --show-toplevel [1ms]
2025-02-04 18:36:29.902 [info] > git rev-parse --show-toplevel [1ms]
2025-02-04 18:36:29.916 [info] > git rev-parse --show-toplevel [1ms]
2025-02-04 18:36:31.656 [info] > git rev-parse --show-toplevel [1ms]
2025-02-04 18:36:31.671 [info] > git rev-parse --show-toplevel [1ms]
2025-02-04 18:36:31.686 [info] > git rev-parse --show-toplevel [1ms]
2025-02-04 18:36:31.703 [info] > git rev-parse --show-toplevel [1ms]
2025-02-04 18:36:31.717 [info] > git rev-parse --show-toplevel [1ms]
2025-02-04 18:36:31.730 [info] > git rev-parse --show-toplevel [0ms]
2025-02-04 18:36:31.763 [info] > git rev-parse --show-toplevel [17ms]
2025-02-04 18:36:31.777 [info] > git rev-parse --show-toplevel [0ms]
2025-02-04 18:36:31.795 [info] > git rev-parse --show-toplevel [1ms]
2025-02-04 18:36:31.810 [info] > git rev-parse --show-toplevel [1ms]
2025-02-04 18:36:31.826 [info] > git rev-parse --show-toplevel [1ms]
2025-02-04 18:36:31.845 [info] > git rev-parse --show-toplevel [1ms]
2025-02-04 18:36:31.862 [info] > git rev-parse --show-toplevel [1ms]
2025-02-04 18:36:31.876 [info] > git rev-parse --show-toplevel [1ms]
2025-02-04 18:36:31.890 [info] > git rev-parse --show-toplevel [1ms]
2025-02-04 18:36:31.905 [info] > git rev-parse --show-toplevel [1ms]
2025-02-04 18:36:31.921 [info] > git rev-parse --show-toplevel [1ms]
2025-02-04 18:36:31.955 [info] > git rev-parse --show-toplevel [18ms]
2025-02-04 18:36:31.969 [info] > git rev-parse --show-toplevel [1ms]
2025-02-04 18:36:31.984 [info] > git rev-parse --show-toplevel [1ms]
2025-02-04 18:36:32.002 [info] > git rev-parse --show-toplevel [1ms]
2025-02-04 18:36:32.017 [info] > git rev-parse --show-toplevel [1ms]
2025-02-04 18:36:32.033 [info] > git rev-parse --show-toplevel [1ms]
2025-02-04 18:36:32.051 [info] > git rev-parse --show-toplevel [1ms]
2025-02-04 18:36:32.066 [info] > git rev-parse --show-toplevel [1ms]
2025-02-04 18:36:32.082 [info] > git rev-parse --show-toplevel [1ms]
2025-02-04 18:36:32.098 [info] > git rev-parse --show-toplevel [0ms]
2025-02-04 18:36:32.115 [info] > git rev-parse --show-toplevel [1ms]
2025-02-04 18:36:32.128 [info] > git rev-parse --show-toplevel [1ms]
2025-02-04 18:36:32.159 [info] > git rev-parse --show-toplevel [16ms]
2025-02-04 18:36:32.173 [info] > git rev-parse --show-toplevel [1ms]
2025-02-04 18:36:32.193 [info] > git rev-parse --show-toplevel [1ms]
2025-02-04 18:36:32.208 [info] > git rev-parse --show-toplevel [1ms]
2025-02-04 18:36:32.224 [info] > git rev-parse --show-toplevel [1ms]
2025-02-04 18:36:32.240 [info] > git rev-parse --show-toplevel [0ms]
2025-02-04 18:36:32.254 [info] > git rev-parse --show-toplevel [1ms]
2025-02-04 18:36:32.267 [info] > git rev-parse --show-toplevel [1ms]
2025-02-04 18:36:32.285 [info] > git rev-parse --show-toplevel [0ms]
2025-02-04 18:36:32.299 [info] > git rev-parse --show-toplevel [1ms]
2025-02-04 18:36:32.315 [info] > git rev-parse --show-toplevel [1ms]
2025-02-04 18:36:33.460 [info] > git rev-parse --show-toplevel [0ms]
2025-02-04 18:36:33.473 [info] > git rev-parse --show-toplevel [1ms]
2025-02-04 18:36:33.489 [info] > git rev-parse --show-toplevel [1ms]
2025-02-04 18:36:33.506 [info] > git rev-parse --show-toplevel [0ms]
2025-02-04 18:36:33.519 [info] > git rev-parse --show-toplevel [0ms]
2025-02-04 18:36:33.531 [info] > git rev-parse --show-toplevel [0ms]
2025-02-04 18:36:34.878 [info] > git rev-parse --show-toplevel [1ms]
2025-02-04 18:36:34.896 [info] > git rev-parse --show-toplevel [1ms]
2025-02-04 18:36:34.911 [info] > git rev-parse --show-toplevel [1ms]
2025-02-04 18:36:34.925 [info] > git rev-parse --show-toplevel [1ms]
2025-02-04 18:36:34.943 [info] > git rev-parse --show-toplevel [1ms]
2025-02-04 18:36:34.957 [info] > git rev-parse --show-toplevel [1ms]
2025-02-04 18:36:34.972 [info] > git rev-parse --show-toplevel [1ms]
2025-02-04 18:36:34.987 [info] > git rev-parse --show-toplevel [1ms]
2025-02-04 18:36:35.007 [info] > git rev-parse --show-toplevel [1ms]
2025-02-04 18:36:35.024 [info] > git rev-parse --show-toplevel [1ms]
2025-02-04 18:36:35.037 [info] > git rev-parse --show-toplevel [0ms]
2025-02-04 18:36:35.053 [info] > git rev-parse --show-toplevel [1ms]
2025-02-04 18:36:35.068 [info] > git rev-parse --show-toplevel [0ms]
2025-02-04 18:36:35.084 [info] > git rev-parse --show-toplevel [1ms]
2025-02-04 18:36:35.099 [info] > git rev-parse --show-toplevel [1ms]
2025-02-04 18:36:35.116 [info] > git rev-parse --show-toplevel [1ms]
2025-02-04 18:36:35.129 [info] > git rev-parse --show-toplevel [0ms]
2025-02-04 18:36:35.146 [info] > git rev-parse --show-toplevel [1ms]
2025-02-04 18:36:35.163 [info] > git rev-parse --show-toplevel [1ms]
2025-02-04 18:36:35.178 [info] > git rev-parse --show-toplevel [1ms]
2025-02-04 18:36:35.193 [info] > git rev-parse --show-toplevel [1ms]
2025-02-04 18:36:35.207 [info] > git rev-parse --show-toplevel [1ms]
2025-02-04 18:36:35.224 [info] > git rev-parse --show-toplevel [1ms]
2025-02-04 18:36:35.241 [info] > git rev-parse --show-toplevel [1ms]
2025-02-04 18:36:35.255 [info] > git rev-parse --show-toplevel [0ms]
2025-02-04 18:36:35.273 [info] > git rev-parse --show-toplevel [1ms]
2025-02-04 18:36:35.289 [info] > git rev-parse --show-toplevel [1ms]
2025-02-04 18:36:35.303 [info] > git rev-parse --show-toplevel [1ms]
2025-02-04 21:14:12.736 [info] > git rev-parse --show-toplevel [5ms]
