2025-02-02 11:10:08.867 [info] Reading sessions from keychain...
2025-02-02 11:10:08.867 [info] Getting sessions for all scopes...
2025-02-02 11:10:08.867 [info] Getting sessions for all scopes...
2025-02-02 11:10:08.867 [info] Getting sessions for all scopes...
2025-02-02 11:10:08.867 [info] Getting sessions for all scopes...
2025-02-02 11:10:08.867 [info] Getting sessions for all scopes...
2025-02-02 11:10:08.867 [info] Getting sessions for all scopes...
2025-02-02 11:10:08.867 [info] Getting sessions for all scopes...
2025-02-02 11:10:08.867 [info] Getting sessions for all scopes...
2025-02-02 11:10:08.867 [info] Got stored sessions!
2025-02-02 11:10:08.867 [info] Got 1 verified sessions.
2025-02-02 11:10:08.867 [info] Got 1 sessions for ...
2025-02-02 11:10:08.867 [info] Got 1 sessions for ...
2025-02-02 11:10:08.867 [info] Got 1 sessions for ...
2025-02-02 11:10:08.867 [info] Got 1 sessions for ...
2025-02-02 11:10:08.867 [info] Got 1 sessions for ...
2025-02-02 11:10:08.867 [info] Got 1 sessions for ...
2025-02-02 11:10:08.867 [info] Got 1 sessions for ...
2025-02-02 11:10:08.867 [info] Got 1 sessions for ...
2025-02-02 11:10:08.867 [info] Getting sessions for all scopes...
2025-02-02 11:10:08.867 [info] Got 1 sessions for ...
2025-02-02 11:10:08.867 [info] Getting sessions for all scopes...
2025-02-02 11:10:08.867 [info] Got 1 sessions for ...
2025-02-02 11:10:08.878 [info] Getting sessions for read:user,repo,user:email,workflow...
2025-02-02 11:10:08.878 [info] Got 0 sessions for read:user,repo,user:email,workflow...
2025-02-02 11:10:08.898 [info] Getting sessions for user:email...
2025-02-02 11:10:08.898 [info] Got 1 sessions for user:email...
2025-02-02 11:10:09.290 [info] Getting sessions for all scopes...
2025-02-02 11:10:09.290 [info] Got 1 sessions for ...
2025-02-02 11:10:09.294 [info] Getting sessions for read:user,repo,user:email,workflow...
2025-02-02 11:10:09.295 [info] Got 0 sessions for read:user,repo,user:email,workflow...
2025-02-02 11:10:09.309 [info] Getting sessions for read:user,repo,user:email,workflow...
2025-02-02 11:10:09.309 [info] Got 0 sessions for read:user,repo,user:email,workflow...
2025-02-02 11:10:09.311 [info] Getting sessions for read:user...
2025-02-02 11:10:09.311 [info] Got 0 sessions for read:user...
2025-02-02 11:10:09.311 [info] Getting sessions for user:email...
2025-02-02 11:10:09.311 [info] Got 1 sessions for user:email...
2025-02-02 11:10:09.311 [info] Getting sessions for user:email...
2025-02-02 11:10:09.311 [info] Got 1 sessions for user:email...
2025-02-02 11:10:09.313 [info] Getting sessions for all scopes...
2025-02-02 11:10:09.313 [info] Got 1 sessions for ...
2025-02-02 11:10:10.130 [info] Getting sessions for all scopes...
2025-02-02 11:10:10.130 [info] Got 1 sessions for ...
2025-02-02 11:10:10.165 [info] Getting sessions for read:user,repo,user:email,workflow...
2025-02-02 11:10:10.165 [info] Got 0 sessions for read:user,repo,user:email,workflow...
2025-02-02 11:10:10.166 [info] Getting sessions for all scopes...
2025-02-02 11:10:10.166 [info] Got 1 sessions for ...
2025-02-02 11:10:10.176 [info] Getting sessions for user:email...
2025-02-02 11:10:10.176 [info] Got 1 sessions for user:email...
2025-02-02 11:10:10.177 [info] Getting sessions for read:user,repo,user:email,workflow...
2025-02-02 11:10:10.177 [info] Got 0 sessions for read:user,repo,user:email,workflow...
2025-02-02 11:10:10.182 [info] Getting sessions for user:email...
2025-02-02 11:10:10.182 [info] Got 1 sessions for user:email...
2025-02-02 11:10:10.483 [info] Getting sessions for read:user,repo,user:email,workflow...
2025-02-02 11:10:10.483 [info] Got 0 sessions for read:user,repo,user:email,workflow...
2025-02-02 11:10:10.483 [info] Getting sessions for read:user...
2025-02-02 11:10:10.483 [info] Got 0 sessions for read:user...
2025-02-02 11:10:10.483 [info] Getting sessions for user:email...
2025-02-02 11:10:10.483 [info] Got 1 sessions for user:email...
2025-02-02 11:10:10.778 [info] Getting sessions for all scopes...
2025-02-02 11:10:10.778 [info] Got 1 sessions for ...
2025-02-02 11:10:10.778 [info] Getting sessions for all scopes...
2025-02-02 11:10:10.778 [info] Got 1 sessions for ...
2025-02-02 11:10:10.784 [info] Getting sessions for read:user,repo,user:email,workflow...
2025-02-02 11:10:10.784 [info] Got 0 sessions for read:user,repo,user:email,workflow...
2025-02-02 11:10:10.784 [info] Getting sessions for user:email...
2025-02-02 11:10:10.784 [info] Got 1 sessions for user:email...
2025-02-02 11:10:10.785 [info] Getting sessions for all scopes...
2025-02-02 11:10:10.785 [info] Got 1 sessions for ...
2025-02-02 11:10:10.785 [info] Getting sessions for read:user,repo,user:email,workflow...
2025-02-02 11:10:10.785 [info] Got 0 sessions for read:user,repo,user:email,workflow...
2025-02-02 11:10:10.786 [info] Getting sessions for user:email...
2025-02-02 11:10:10.786 [info] Got 1 sessions for user:email...
2025-02-02 11:10:10.830 [info] Getting sessions for all scopes...
2025-02-02 11:10:10.830 [info] Got 1 sessions for ...
2025-02-02 11:10:10.836 [info] Getting sessions for read:user,repo,user:email,workflow...
2025-02-02 11:10:10.836 [info] Got 0 sessions for read:user,repo,user:email,workflow...
2025-02-02 11:10:10.836 [info] Getting sessions for user:email...
2025-02-02 11:10:10.836 [info] Got 1 sessions for user:email...
2025-02-02 11:10:10.868 [info] Getting sessions for read:user,repo,user:email,workflow...
2025-02-02 11:10:10.868 [info] Got 0 sessions for read:user,repo,user:email,workflow...
2025-02-02 11:10:10.868 [info] Getting sessions for read:user...
2025-02-02 11:10:10.868 [info] Got 0 sessions for read:user...
2025-02-02 11:10:10.869 [info] Getting sessions for user:email...
2025-02-02 11:10:10.869 [info] Got 1 sessions for user:email...
2025-02-02 11:10:11.375 [info] Getting sessions for all scopes...
2025-02-02 11:10:11.375 [info] Got 1 sessions for ...
2025-02-02 11:10:11.379 [info] Getting sessions for read:user,repo,user:email,workflow...
2025-02-02 11:10:11.380 [info] Got 0 sessions for read:user,repo,user:email,workflow...
2025-02-02 11:10:11.380 [info] Getting sessions for user:email...
2025-02-02 11:10:11.380 [info] Got 1 sessions for user:email...
2025-02-02 11:25:11.383 [info] Getting sessions for all scopes...
2025-02-02 11:25:11.383 [info] Got 1 sessions for ...
2025-02-02 11:25:11.384 [info] Getting sessions for read:user,repo,user:email,workflow...
2025-02-02 11:25:11.384 [info] Got 0 sessions for read:user,repo,user:email,workflow...
2025-02-02 11:25:11.385 [info] Getting sessions for user:email...
2025-02-02 11:25:11.385 [info] Got 1 sessions for user:email...
2025-02-02 11:25:11.385 [info] Getting sessions for all scopes...
2025-02-02 11:25:11.385 [info] Got 1 sessions for ...
2025-02-02 11:25:11.386 [info] Getting sessions for read:user,repo,user:email,workflow...
2025-02-02 11:25:11.386 [info] Got 0 sessions for read:user,repo,user:email,workflow...
2025-02-02 11:25:11.387 [info] Getting sessions for user:email...
2025-02-02 11:25:11.387 [info] Got 1 sessions for user:email...
2025-02-02 11:35:10.470 [info] Getting sessions for read:user,repo,user:email,workflow...
2025-02-02 11:35:10.470 [info] Got 0 sessions for read:user,repo,user:email,workflow...
2025-02-02 11:35:10.471 [info] Getting sessions for read:user...
2025-02-02 11:35:10.471 [info] Got 0 sessions for read:user...
2025-02-02 11:35:10.471 [info] Getting sessions for user:email...
2025-02-02 11:35:10.471 [info] Got 1 sessions for user:email...
2025-02-02 11:35:10.761 [info] Getting sessions for all scopes...
2025-02-02 11:35:10.761 [info] Got 1 sessions for ...
2025-02-02 11:35:10.761 [info] Getting sessions for read:user,repo,user:email,workflow...
2025-02-02 11:35:10.761 [info] Got 0 sessions for read:user,repo,user:email,workflow...
2025-02-02 11:35:10.762 [info] Getting sessions for user:email...
2025-02-02 11:35:10.762 [info] Got 1 sessions for user:email...
2025-02-02 11:35:11.276 [info] Getting sessions for all scopes...
2025-02-02 11:35:11.276 [info] Got 1 sessions for ...
2025-02-02 11:35:11.276 [info] Getting sessions for all scopes...
2025-02-02 11:35:11.276 [info] Got 1 sessions for ...
2025-02-02 11:35:11.277 [info] Getting sessions for read:user,repo,user:email,workflow...
2025-02-02 11:35:11.277 [info] Got 0 sessions for read:user,repo,user:email,workflow...
2025-02-02 11:35:11.277 [info] Getting sessions for user:email...
2025-02-02 11:35:11.277 [info] Got 1 sessions for user:email...
2025-02-02 11:35:11.278 [info] Getting sessions for all scopes...
2025-02-02 11:35:11.278 [info] Got 1 sessions for ...
2025-02-02 11:35:11.279 [info] Getting sessions for read:user,repo,user:email,workflow...
2025-02-02 11:35:11.279 [info] Got 0 sessions for read:user,repo,user:email,workflow...
2025-02-02 11:35:11.279 [info] Getting sessions for user:email...
2025-02-02 11:35:11.279 [info] Got 1 sessions for user:email...
2025-02-02 11:35:11.281 [info] Getting sessions for all scopes...
2025-02-02 11:35:11.281 [info] Got 1 sessions for ...
2025-02-02 11:35:11.281 [info] Getting sessions for read:user,repo,user:email,workflow...
2025-02-02 11:35:11.281 [info] Got 0 sessions for read:user,repo,user:email,workflow...
2025-02-02 11:35:11.282 [info] Getting sessions for user:email...
2025-02-02 11:35:11.282 [info] Got 1 sessions for user:email...
2025-02-02 11:50:11.285 [info] Getting sessions for all scopes...
2025-02-02 11:50:11.285 [info] Got 1 sessions for ...
2025-02-02 11:50:11.286 [info] Getting sessions for read:user,repo,user:email,workflow...
2025-02-02 11:50:11.286 [info] Got 0 sessions for read:user,repo,user:email,workflow...
2025-02-02 11:50:11.286 [info] Getting sessions for user:email...
2025-02-02 11:50:11.286 [info] Got 1 sessions for user:email...
2025-02-02 11:50:11.286 [info] Getting sessions for all scopes...
2025-02-02 11:50:11.286 [info] Got 1 sessions for ...
2025-02-02 11:50:11.287 [info] Getting sessions for read:user,repo,user:email,workflow...
2025-02-02 11:50:11.287 [info] Got 0 sessions for read:user,repo,user:email,workflow...
2025-02-02 11:50:11.287 [info] Getting sessions for user:email...
2025-02-02 11:50:11.287 [info] Got 1 sessions for user:email...
2025-02-02 11:50:44.940 [info] Getting sessions for all scopes...
2025-02-02 11:50:44.940 [info] Got 1 sessions for ...
2025-02-02 11:50:44.941 [info] Getting sessions for read:user,repo,user:email,workflow...
2025-02-02 11:50:44.941 [info] Got 0 sessions for read:user,repo,user:email,workflow...
2025-02-02 11:50:44.941 [info] Getting sessions for user:email...
2025-02-02 11:50:44.941 [info] Got 1 sessions for user:email...
2025-02-02 11:50:45.265 [info] Getting sessions for all scopes...
2025-02-02 11:50:45.265 [info] Got 1 sessions for ...
2025-02-02 11:50:45.265 [info] Getting sessions for read:user,repo,user:email,workflow...
2025-02-02 11:50:45.266 [info] Got 0 sessions for read:user,repo,user:email,workflow...
2025-02-02 11:50:45.266 [info] Getting sessions for user:email...
2025-02-02 11:50:45.266 [info] Got 1 sessions for user:email...
2025-02-02 11:50:45.940 [info] Getting sessions for all scopes...
2025-02-02 11:50:45.940 [info] Got 1 sessions for ...
2025-02-02 11:50:45.941 [info] Getting sessions for read:user,repo,user:email,workflow...
2025-02-02 11:50:45.941 [info] Got 0 sessions for read:user,repo,user:email,workflow...
2025-02-02 11:50:45.941 [info] Getting sessions for user:email...
2025-02-02 11:50:45.941 [info] Got 1 sessions for user:email...
2025-02-02 11:51:30.919 [info] Reading sessions from keychain...
2025-02-02 11:51:30.920 [info] Getting sessions for all scopes...
2025-02-02 11:51:30.920 [info] Getting sessions for all scopes...
2025-02-02 11:51:30.920 [info] Getting sessions for all scopes...
2025-02-02 11:51:30.920 [info] Got stored sessions!
2025-02-02 11:51:30.920 [info] Got 1 verified sessions.
2025-02-02 11:51:30.920 [info] Got 1 sessions for ...
2025-02-02 11:51:30.920 [info] Got 1 sessions for ...
2025-02-02 11:51:30.920 [info] Got 1 sessions for ...
2025-02-02 11:51:30.920 [info] Getting sessions for all scopes...
2025-02-02 11:51:30.920 [info] Got 1 sessions for ...
2025-02-02 11:51:30.920 [info] Getting sessions for all scopes...
2025-02-02 11:51:30.920 [info] Got 1 sessions for ...
2025-02-02 11:51:30.968 [info] Getting sessions for read:user,repo,user:email,workflow...
2025-02-02 11:51:30.968 [info] Got 0 sessions for read:user,repo,user:email,workflow...
2025-02-02 11:51:31.297 [info] Getting sessions for user:email...
2025-02-02 11:51:31.297 [info] Got 1 sessions for user:email...
2025-02-02 11:51:31.302 [info] Getting sessions for read:user,repo,user:email,workflow...
2025-02-02 11:51:31.302 [info] Got 0 sessions for read:user,repo,user:email,workflow...
2025-02-02 11:51:31.318 [info] Getting sessions for all scopes...
2025-02-02 11:51:31.318 [info] Got 1 sessions for ...
2025-02-02 11:51:31.318 [info] Getting sessions for read:user...
2025-02-02 11:51:31.318 [info] Got 0 sessions for read:user...
2025-02-02 11:51:31.319 [info] Getting sessions for read:user,repo,user:email,workflow...
2025-02-02 11:51:31.319 [info] Got 0 sessions for read:user,repo,user:email,workflow...
2025-02-02 11:51:31.319 [info] Getting sessions for user:email...
2025-02-02 11:51:31.319 [info] Got 1 sessions for user:email...
2025-02-02 11:51:31.321 [info] Getting sessions for user:email...
2025-02-02 11:51:31.321 [info] Got 1 sessions for user:email...
2025-02-02 11:51:31.323 [info] Getting sessions for all scopes...
2025-02-02 11:51:31.323 [info] Got 1 sessions for ...
2025-02-02 11:51:32.104 [info] Getting sessions for all scopes...
2025-02-02 11:51:32.104 [info] Got 1 sessions for ...
2025-02-02 11:51:32.104 [info] Getting sessions for read:user,repo,user:email,workflow...
2025-02-02 11:51:32.104 [info] Got 0 sessions for read:user,repo,user:email,workflow...
2025-02-02 11:51:32.109 [info] Getting sessions for user:email...
2025-02-02 11:51:32.109 [info] Got 1 sessions for user:email...
2025-02-02 11:51:32.666 [info] Getting sessions for all scopes...
2025-02-02 11:51:32.666 [info] Got 1 sessions for ...
2025-02-02 11:51:32.666 [info] Getting sessions for all scopes...
2025-02-02 11:51:32.666 [info] Got 1 sessions for ...
2025-02-02 11:51:32.671 [info] Getting sessions for read:user,repo,user:email,workflow...
2025-02-02 11:51:32.671 [info] Got 0 sessions for read:user,repo,user:email,workflow...
2025-02-02 11:51:32.672 [info] Getting sessions for user:email...
2025-02-02 11:51:32.672 [info] Got 1 sessions for user:email...
2025-02-02 11:51:32.672 [info] Getting sessions for all scopes...
2025-02-02 11:51:32.672 [info] Got 1 sessions for ...
2025-02-02 11:51:32.673 [info] Getting sessions for read:user,repo,user:email,workflow...
2025-02-02 11:51:32.673 [info] Got 0 sessions for read:user,repo,user:email,workflow...
2025-02-02 11:51:32.673 [info] Getting sessions for user:email...
2025-02-02 11:51:32.673 [info] Got 1 sessions for user:email...
2025-02-02 11:51:32.707 [info] Getting sessions for all scopes...
2025-02-02 11:51:32.707 [info] Got 1 sessions for ...
2025-02-02 11:51:32.708 [info] Getting sessions for read:user,repo,user:email,workflow...
2025-02-02 11:51:32.708 [info] Got 0 sessions for read:user,repo,user:email,workflow...
2025-02-02 11:51:32.708 [info] Getting sessions for user:email...
2025-02-02 11:51:32.708 [info] Got 1 sessions for user:email...
2025-02-02 11:51:32.972 [info] Getting sessions for all scopes...
2025-02-02 11:51:32.972 [info] Got 1 sessions for ...
2025-02-02 11:51:32.972 [info] Getting sessions for read:user,repo,user:email,workflow...
2025-02-02 11:51:32.972 [info] Got 0 sessions for read:user,repo,user:email,workflow...
2025-02-02 11:51:32.973 [info] Getting sessions for read:user,repo,user:email,workflow...
2025-02-02 11:51:32.973 [info] Got 0 sessions for read:user,repo,user:email,workflow...
2025-02-02 11:51:32.973 [info] Getting sessions for read:user...
2025-02-02 11:51:32.973 [info] Got 0 sessions for read:user...
2025-02-02 11:51:32.974 [info] Getting sessions for user:email...
2025-02-02 11:51:32.974 [info] Got 1 sessions for user:email...
2025-02-02 11:51:32.974 [info] Getting sessions for user:email...
2025-02-02 11:51:32.974 [info] Got 1 sessions for user:email...
2025-02-02 11:54:55.076 [info] Getting sessions for all scopes...
2025-02-02 11:54:55.076 [info] Got 1 sessions for ...
2025-02-02 11:54:55.077 [info] Getting sessions for read:user,repo,user:email,workflow...
2025-02-02 11:54:55.077 [info] Got 0 sessions for read:user,repo,user:email,workflow...
2025-02-02 11:54:55.077 [info] Getting sessions for user:email...
2025-02-02 11:54:55.077 [info] Got 1 sessions for user:email...
2025-02-02 11:59:08.533 [info] Reading sessions from keychain...
2025-02-02 11:59:08.533 [info] Getting sessions for all scopes...
2025-02-02 11:59:08.533 [info] Getting sessions for all scopes...
2025-02-02 11:59:08.533 [info] Got stored sessions!
2025-02-02 11:59:08.533 [info] Got 1 verified sessions.
2025-02-02 11:59:08.533 [info] Got 1 sessions for ...
2025-02-02 11:59:08.533 [info] Got 1 sessions for ...
2025-02-02 11:59:08.551 [info] Getting sessions for all scopes...
2025-02-02 11:59:08.551 [info] Got 1 sessions for ...
2025-02-02 11:59:08.551 [info] Getting sessions for all scopes...
2025-02-02 11:59:08.551 [info] Got 1 sessions for ...
2025-02-02 11:59:08.551 [info] Getting sessions for all scopes...
2025-02-02 11:59:08.551 [info] Got 1 sessions for ...
2025-02-02 11:59:08.551 [info] Getting sessions for all scopes...
2025-02-02 11:59:08.551 [info] Got 1 sessions for ...
2025-02-02 11:59:08.551 [info] Getting sessions for all scopes...
2025-02-02 11:59:08.551 [info] Got 1 sessions for ...
2025-02-02 11:59:11.118 [info] Getting sessions for all scopes...
2025-02-02 11:59:11.118 [info] Got 1 sessions for ...
2025-02-02 11:59:11.169 [info] Getting sessions for read:user,repo,user:email,workflow...
2025-02-02 11:59:11.169 [info] Got 0 sessions for read:user,repo,user:email,workflow...
2025-02-02 11:59:11.169 [info] Getting sessions for all scopes...
2025-02-02 11:59:11.169 [info] Got 1 sessions for ...
2025-02-02 11:59:11.169 [info] Getting sessions for all scopes...
2025-02-02 11:59:11.169 [info] Got 1 sessions for ...
2025-02-02 11:59:11.186 [info] Getting sessions for read:user...
2025-02-02 11:59:11.186 [info] Got 0 sessions for read:user...
2025-02-02 11:59:11.186 [info] Getting sessions for read:user,repo,user:email,workflow...
2025-02-02 11:59:11.186 [info] Got 0 sessions for read:user,repo,user:email,workflow...
2025-02-02 11:59:11.199 [info] Getting sessions for user:email...
2025-02-02 11:59:11.199 [info] Got 1 sessions for user:email...
2025-02-02 11:59:11.200 [info] Getting sessions for user:email...
2025-02-02 11:59:11.200 [info] Got 1 sessions for user:email...
2025-02-02 11:59:11.229 [info] Getting sessions for all scopes...
2025-02-02 11:59:11.229 [info] Got 1 sessions for ...
2025-02-02 11:59:11.917 [info] Getting sessions for read:user,repo,user:email,workflow...
2025-02-02 11:59:11.917 [info] Got 0 sessions for read:user,repo,user:email,workflow...
2025-02-02 11:59:11.929 [info] Getting sessions for user:email...
2025-02-02 11:59:11.930 [info] Got 1 sessions for user:email...
2025-02-02 11:59:11.941 [info] Getting sessions for all scopes...
2025-02-02 11:59:11.941 [info] Got 1 sessions for ...
2025-02-02 11:59:11.956 [info] Getting sessions for read:user,repo,user:email,workflow...
2025-02-02 11:59:11.956 [info] Got 0 sessions for read:user,repo,user:email,workflow...
2025-02-02 11:59:11.957 [info] Getting sessions for user:email...
2025-02-02 11:59:11.957 [info] Got 1 sessions for user:email...
2025-02-02 11:59:12.035 [info] Getting sessions for all scopes...
2025-02-02 11:59:12.035 [info] Got 1 sessions for ...
2025-02-02 11:59:12.049 [info] Getting sessions for read:user,repo,user:email,workflow...
2025-02-02 11:59:12.049 [info] Got 0 sessions for read:user,repo,user:email,workflow...
2025-02-02 11:59:12.050 [info] Getting sessions for user:email...
2025-02-02 11:59:12.050 [info] Got 1 sessions for user:email...
2025-02-02 11:59:12.488 [info] Getting sessions for all scopes...
2025-02-02 11:59:12.488 [info] Got 1 sessions for ...
2025-02-02 11:59:12.488 [info] Getting sessions for all scopes...
2025-02-02 11:59:12.488 [info] Got 1 sessions for ...
2025-02-02 11:59:12.488 [info] Getting sessions for read:user,repo,user:email,workflow...
2025-02-02 11:59:12.488 [info] Got 0 sessions for read:user,repo,user:email,workflow...
2025-02-02 11:59:12.497 [info] Getting sessions for user:email...
2025-02-02 11:59:12.497 [info] Got 1 sessions for user:email...
2025-02-02 11:59:12.499 [info] Getting sessions for all scopes...
2025-02-02 11:59:12.499 [info] Got 1 sessions for ...
2025-02-02 11:59:12.499 [info] Getting sessions for read:user,repo,user:email,workflow...
2025-02-02 11:59:12.499 [info] Got 0 sessions for read:user,repo,user:email,workflow...
2025-02-02 11:59:12.500 [info] Getting sessions for user:email...
2025-02-02 11:59:12.500 [info] Got 1 sessions for user:email...
2025-02-02 11:59:12.525 [info] Getting sessions for all scopes...
2025-02-02 11:59:12.526 [info] Got 1 sessions for ...
2025-02-02 11:59:12.526 [info] Getting sessions for read:user,repo,user:email,workflow...
2025-02-02 11:59:12.526 [info] Got 0 sessions for read:user,repo,user:email,workflow...
2025-02-02 11:59:12.526 [info] Getting sessions for user:email...
2025-02-02 11:59:12.526 [info] Got 1 sessions for user:email...
2025-02-02 11:59:12.599 [info] Getting sessions for read:user,repo,user:email,workflow...
2025-02-02 11:59:12.599 [info] Got 0 sessions for read:user,repo,user:email,workflow...
2025-02-02 11:59:12.600 [info] Getting sessions for read:user...
2025-02-02 11:59:12.600 [info] Got 0 sessions for read:user...
2025-02-02 11:59:12.603 [info] Getting sessions for user:email...
2025-02-02 11:59:12.603 [info] Got 1 sessions for user:email...
2025-02-02 11:59:13.071 [info] Getting sessions for all scopes...
2025-02-02 11:59:13.071 [info] Got 1 sessions for ...
2025-02-02 11:59:13.071 [info] Getting sessions for read:user,repo,user:email,workflow...
2025-02-02 11:59:13.071 [info] Got 0 sessions for read:user,repo,user:email,workflow...
2025-02-02 11:59:13.072 [info] Getting sessions for user:email...
2025-02-02 11:59:13.072 [info] Got 1 sessions for user:email...
2025-02-02 12:00:57.759 [info] Getting sessions for read:user,repo,user:email,workflow...
2025-02-02 12:00:57.759 [info] Got 0 sessions for read:user,repo,user:email,workflow...
2025-02-02 12:00:57.916 [info] Getting sessions for all scopes...
2025-02-02 12:00:57.916 [info] Got 1 sessions for ...
2025-02-02 12:00:57.977 [info] Getting sessions for read:user,repo,user:email,workflow...
2025-02-02 12:00:57.977 [info] Got 0 sessions for read:user,repo,user:email,workflow...
2025-02-02 12:00:58.006 [info] Getting sessions for all scopes...
2025-02-02 12:00:58.006 [info] Got 1 sessions for ...
2025-02-02 12:00:58.006 [info] Getting sessions for read:user,repo,user:email,workflow...
2025-02-02 12:00:58.006 [info] Got 0 sessions for read:user,repo,user:email,workflow...
2025-02-02 12:00:58.007 [info] Getting sessions for user:email...
2025-02-02 12:00:58.007 [info] Got 1 sessions for user:email...
2025-02-02 12:14:13.074 [info] Getting sessions for all scopes...
2025-02-02 12:14:13.074 [info] Got 1 sessions for ...
2025-02-02 12:14:13.075 [info] Getting sessions for read:user,repo,user:email,workflow...
2025-02-02 12:14:13.075 [info] Got 0 sessions for read:user,repo,user:email,workflow...
2025-02-02 12:14:13.075 [info] Getting sessions for user:email...
2025-02-02 12:14:13.075 [info] Got 1 sessions for user:email...
2025-02-02 12:14:13.076 [info] Getting sessions for all scopes...
2025-02-02 12:14:13.076 [info] Got 1 sessions for ...
2025-02-02 12:14:13.076 [info] Getting sessions for read:user,repo,user:email,workflow...
2025-02-02 12:14:13.076 [info] Got 0 sessions for read:user,repo,user:email,workflow...
2025-02-02 12:14:13.077 [info] Getting sessions for user:email...
2025-02-02 12:14:13.077 [info] Got 1 sessions for user:email...
