2025-02-02 12:01:04.955 [info] [main] Log level: Info
2025-02-02 12:01:04.955 [info] [main] Validating found git in: "git"
2025-02-02 12:01:04.955 [info] [main] Using git "2.47.0" from "git"
2025-02-02 12:01:04.955 [info] [Model][doInitialScan] Initial repository scan started
2025-02-02 12:01:04.955 [info] > git rev-parse --show-toplevel [17ms]
2025-02-02 12:01:04.955 [info] > git rev-parse --git-dir --git-common-dir [3ms]
2025-02-02 12:01:04.955 [info] [Model][openRepository] Opened repository: /home/samuelg/Projects/fleet-manager/backend/spring-petclinic
2025-02-02 12:01:04.957 [info] > git config --get commit.template [25ms]
2025-02-02 12:01:05.461 [info] > git rev-parse --show-toplevel [489ms]
2025-02-02 12:01:05.498 [info] > git for-each-ref --format=%(refname)%00%(upstream:short)%00%(objectname)%00%(upstream:track)%00%(upstream:remotename)%00%(upstream:remoteref) refs/heads/main refs/remotes/main [48ms]
2025-02-02 12:01:05.520 [warning] [Git][revParse] Unable to read file: ENOENT: no such file or directory, open '/home/samuelg/Projects/fleet-manager/backend/spring-petclinic/.git/refs/remotes/origin/main'
2025-02-02 12:01:05.529 [info] > git check-ignore -v -z --stdin [22ms]
2025-02-02 12:01:05.532 [info] > git rev-parse --show-toplevel [42ms]
2025-02-02 12:01:05.547 [info] > git rev-parse refs/remotes/origin/main [27ms]
2025-02-02 12:01:05.567 [info] > git status -z -uall [11ms]
2025-02-02 12:01:05.567 [info] > git rev-parse --show-toplevel [21ms]
2025-02-02 12:01:05.577 [info] > git for-each-ref --sort -committerdate --format %(refname) %(objectname) %(*objectname) [12ms]
2025-02-02 12:01:05.604 [info] > git for-each-ref --format=%(refname)%00%(upstream:short)%00%(objectname)%00%(upstream:track)%00%(upstream:remotename)%00%(upstream:remoteref) refs/heads/main refs/remotes/main [15ms]
2025-02-02 12:01:05.615 [info] > git rev-parse --show-toplevel [38ms]
2025-02-02 12:01:05.626 [info] > git config --local branch.main.vscode-merge-base [11ms]
2025-02-02 12:01:05.635 [info] > git config --get commit.template [33ms]
2025-02-02 12:01:05.643 [info] > git rev-parse --show-toplevel [17ms]
2025-02-02 12:01:05.663 [info] > git for-each-ref --format=%(refname)%00%(upstream:short)%00%(objectname)%00%(upstream:track)%00%(upstream:remotename)%00%(upstream:remoteref) refs/heads/origin/main refs/remotes/origin/main [28ms]
2025-02-02 12:01:05.678 [info] > git merge-base refs/heads/main refs/remotes/origin/main [3ms]
2025-02-02 12:01:05.689 [info] > git rev-parse --show-toplevel [28ms]
2025-02-02 12:01:05.690 [info] [Model][doInitialScan] Initial repository scan completed - repositories (1), closed repositories (0), parent repositories (0), unsafe repositories (0)
2025-02-02 12:01:05.690 [info] > git for-each-ref --format=%(refname)%00%(upstream:short)%00%(objectname)%00%(upstream:track)%00%(upstream:remotename)%00%(upstream:remoteref) refs/heads/main refs/remotes/main [38ms]
2025-02-02 12:01:05.700 [warning] [Git][revParse] Unable to read file: ENOENT: no such file or directory, open '/home/samuelg/Projects/fleet-manager/backend/spring-petclinic/.git/refs/remotes/origin/main'
2025-02-02 12:01:05.700 [info] > git diff --name-status -z --diff-filter=ADMR 6148ddd9671ccab86a3f0ae2dfa77d833b713ee8...refs/remotes/origin/main [12ms]
2025-02-02 12:01:05.702 [info] > git rev-parse refs/remotes/origin/main [2ms]
2025-02-02 12:01:05.721 [info] > git status -z -uall [11ms]
2025-02-02 12:01:05.724 [info] > git for-each-ref --sort -committerdate --format %(refname) %(objectname) %(*objectname) [4ms]
2025-02-02 12:01:16.305 [info] > git config --get commit.template [20ms]
2025-02-02 12:01:16.322 [info] > git for-each-ref --format=%(refname)%00%(upstream:short)%00%(objectname)%00%(upstream:track)%00%(upstream:remotename)%00%(upstream:remoteref) refs/heads/main refs/remotes/main [2ms]
2025-02-02 12:01:16.336 [warning] [Git][revParse] Unable to read file: ENOENT: no such file or directory, open '/home/samuelg/Projects/fleet-manager/backend/spring-petclinic/.git/refs/remotes/origin/main'
2025-02-02 12:01:16.340 [info] > git rev-parse refs/remotes/origin/main [4ms]
2025-02-02 12:01:16.367 [info] > git status -z -uall [14ms]
2025-02-02 12:01:16.368 [info] > git for-each-ref --sort -committerdate --format %(refname) %(objectname) %(*objectname) [2ms]
2025-02-02 12:01:16.426 [info] > git config --get commit.template [13ms]
2025-02-02 12:01:16.426 [info] > git for-each-ref --format=%(refname)%00%(upstream:short)%00%(objectname)%00%(upstream:track)%00%(upstream:remotename)%00%(upstream:remoteref) refs/heads/main refs/remotes/main [1ms]
2025-02-02 12:01:16.440 [warning] [Git][revParse] Unable to read file: ENOENT: no such file or directory, open '/home/samuelg/Projects/fleet-manager/backend/spring-petclinic/.git/refs/remotes/origin/main'
2025-02-02 12:01:16.441 [info] > git rev-parse refs/remotes/origin/main [1ms]
2025-02-02 12:01:16.468 [info] > git status -z -uall [14ms]
2025-02-02 12:01:16.469 [info] > git for-each-ref --sort -committerdate --format %(refname) %(objectname) %(*objectname) [1ms]
2025-02-02 12:01:16.836 [info] > git diff --name-status -z --diff-filter=ADMR 6148ddd9671ccab86a3f0ae2dfa77d833b713ee8 [4ms]
2025-02-02 12:01:43.686 [info] > git config --get commit.template [13ms]
2025-02-02 12:01:43.686 [info] > git for-each-ref --format=%(refname)%00%(upstream:short)%00%(objectname)%00%(upstream:track)%00%(upstream:remotename)%00%(upstream:remoteref) refs/heads/main refs/remotes/main [1ms]
2025-02-02 12:01:43.700 [warning] [Git][revParse] Unable to read file: ENOENT: no such file or directory, open '/home/samuelg/Projects/fleet-manager/backend/spring-petclinic/.git/refs/remotes/origin/main'
2025-02-02 12:01:43.701 [info] > git rev-parse refs/remotes/origin/main [1ms]
2025-02-02 12:01:43.730 [info] > git status -z -uall [15ms]
2025-02-02 12:01:43.730 [info] > git for-each-ref --sort -committerdate --format %(refname) %(objectname) %(*objectname) [1ms]
2025-02-02 12:01:46.380 [info] > git check-ignore -v -z --stdin [0ms]
2025-02-02 12:01:47.469 [info] > git check-ignore -v -z --stdin [0ms]
2025-02-02 12:01:48.643 [info] > git check-ignore -v -z --stdin [14ms]
2025-02-02 12:01:49.736 [info] > git check-ignore -v -z --stdin [1ms]
