2025-02-02 12:34:39.564 [info] Reading sessions from keychain...
2025-02-02 12:34:39.564 [info] Getting sessions for all scopes...
2025-02-02 12:34:39.564 [info] Getting sessions for all scopes...
2025-02-02 12:34:39.564 [info] Getting sessions for all scopes...
2025-02-02 12:34:39.565 [info] Got stored sessions!
2025-02-02 12:34:39.565 [info] Got 1 verified sessions.
2025-02-02 12:34:39.565 [info] Got 1 sessions for ...
2025-02-02 12:34:39.565 [info] Got 1 sessions for ...
2025-02-02 12:34:39.565 [info] Got 1 sessions for ...
2025-02-02 12:34:39.565 [info] Getting sessions for all scopes...
2025-02-02 12:34:39.565 [info] Got 1 sessions for ...
2025-02-02 12:34:39.565 [info] Getting sessions for all scopes...
2025-02-02 12:34:39.565 [info] Got 1 sessions for ...
2025-02-02 12:34:39.565 [info] Getting sessions for all scopes...
2025-02-02 12:34:39.565 [info] Got 1 sessions for ...
2025-02-02 12:34:39.565 [info] Getting sessions for all scopes...
2025-02-02 12:34:39.565 [info] Got 1 sessions for ...
2025-02-02 12:34:39.565 [info] Getting sessions for all scopes...
2025-02-02 12:34:39.565 [info] Got 1 sessions for ...
2025-02-02 12:34:41.063 [info] Getting sessions for read:user,repo,user:email,workflow...
2025-02-02 12:34:41.063 [info] Got 0 sessions for read:user,repo,user:email,workflow...
2025-02-02 12:34:41.069 [info] Getting sessions for all scopes...
2025-02-02 12:34:41.069 [info] Got 1 sessions for ...
2025-02-02 12:34:41.069 [info] Getting sessions for all scopes...
2025-02-02 12:34:41.069 [info] Got 1 sessions for ...
2025-02-02 12:34:41.088 [info] Getting sessions for read:user...
2025-02-02 12:34:41.088 [info] Got 0 sessions for read:user...
2025-02-02 12:34:41.101 [info] Getting sessions for read:user,repo,user:email,workflow...
2025-02-02 12:34:41.101 [info] Got 0 sessions for read:user,repo,user:email,workflow...
2025-02-02 12:34:41.161 [info] Getting sessions for user:email...
2025-02-02 12:34:41.161 [info] Got 1 sessions for user:email...
2025-02-02 12:34:41.161 [info] Getting sessions for user:email...
2025-02-02 12:34:41.161 [info] Got 1 sessions for user:email...
2025-02-02 12:34:41.170 [info] Getting sessions for all scopes...
2025-02-02 12:34:41.170 [info] Got 1 sessions for ...
2025-02-02 12:34:41.911 [info] Getting sessions for read:user,repo,user:email,workflow...
2025-02-02 12:34:41.911 [info] Got 0 sessions for read:user,repo,user:email,workflow...
2025-02-02 12:34:41.912 [info] Getting sessions for all scopes...
2025-02-02 12:34:41.912 [info] Got 1 sessions for ...
2025-02-02 12:34:41.957 [info] Getting sessions for user:email...
2025-02-02 12:34:41.957 [info] Got 1 sessions for user:email...
2025-02-02 12:34:41.965 [info] Getting sessions for all scopes...
2025-02-02 12:34:41.965 [info] Got 1 sessions for ...
2025-02-02 12:34:41.965 [info] Getting sessions for read:user,repo,user:email,workflow...
2025-02-02 12:34:41.965 [info] Got 0 sessions for read:user,repo,user:email,workflow...
2025-02-02 12:34:41.969 [info] Getting sessions for user:email...
2025-02-02 12:34:41.969 [info] Got 1 sessions for user:email...
2025-02-02 12:34:42.567 [info] Getting sessions for all scopes...
2025-02-02 12:34:42.567 [info] Got 1 sessions for ...
2025-02-02 12:34:42.567 [info] Getting sessions for all scopes...
2025-02-02 12:34:42.567 [info] Got 1 sessions for ...
2025-02-02 12:34:42.568 [info] Getting sessions for read:user,repo,user:email,workflow...
2025-02-02 12:34:42.568 [info] Got 0 sessions for read:user,repo,user:email,workflow...
2025-02-02 12:34:42.574 [info] Getting sessions for user:email...
2025-02-02 12:34:42.574 [info] Got 1 sessions for user:email...
2025-02-02 12:34:42.575 [info] Getting sessions for all scopes...
2025-02-02 12:34:42.575 [info] Got 1 sessions for ...
2025-02-02 12:34:42.576 [info] Getting sessions for read:user,repo,user:email,workflow...
2025-02-02 12:34:42.576 [info] Got 0 sessions for read:user,repo,user:email,workflow...
2025-02-02 12:34:42.576 [info] Getting sessions for user:email...
2025-02-02 12:34:42.576 [info] Got 1 sessions for user:email...
2025-02-02 12:34:42.606 [info] Getting sessions for all scopes...
2025-02-02 12:34:42.606 [info] Got 1 sessions for ...
2025-02-02 12:34:42.607 [info] Getting sessions for read:user,repo,user:email,workflow...
2025-02-02 12:34:42.607 [info] Got 0 sessions for read:user,repo,user:email,workflow...
2025-02-02 12:34:42.607 [info] Getting sessions for user:email...
2025-02-02 12:34:42.607 [info] Got 1 sessions for user:email...
2025-02-02 12:34:42.642 [info] Getting sessions for read:user,repo,user:email,workflow...
2025-02-02 12:34:42.642 [info] Got 0 sessions for read:user,repo,user:email,workflow...
2025-02-02 12:34:42.643 [info] Getting sessions for read:user...
2025-02-02 12:34:42.643 [info] Got 0 sessions for read:user...
2025-02-02 12:34:42.643 [info] Getting sessions for user:email...
2025-02-02 12:34:42.643 [info] Got 1 sessions for user:email...
2025-02-02 12:34:42.930 [info] Getting sessions for all scopes...
2025-02-02 12:34:42.930 [info] Got 1 sessions for ...
2025-02-02 12:34:42.933 [info] Getting sessions for read:user,repo,user:email,workflow...
2025-02-02 12:34:42.933 [info] Got 0 sessions for read:user,repo,user:email,workflow...
2025-02-02 12:34:42.933 [info] Getting sessions for user:email...
2025-02-02 12:34:42.933 [info] Got 1 sessions for user:email...
2025-02-02 12:49:42.935 [info] Getting sessions for all scopes...
2025-02-02 12:49:42.935 [info] Got 1 sessions for ...
2025-02-02 12:49:42.935 [info] Getting sessions for read:user,repo,user:email,workflow...
2025-02-02 12:49:42.935 [info] Got 0 sessions for read:user,repo,user:email,workflow...
2025-02-02 12:49:42.936 [info] Getting sessions for user:email...
2025-02-02 12:49:42.936 [info] Got 1 sessions for user:email...
2025-02-02 12:49:42.937 [info] Getting sessions for all scopes...
2025-02-02 12:49:42.937 [info] Got 1 sessions for ...
2025-02-02 12:49:42.937 [info] Getting sessions for read:user,repo,user:email,workflow...
2025-02-02 12:49:42.937 [info] Got 0 sessions for read:user,repo,user:email,workflow...
2025-02-02 12:49:42.938 [info] Getting sessions for user:email...
2025-02-02 12:49:42.938 [info] Got 1 sessions for user:email...
2025-02-02 12:59:42.261 [info] Getting sessions for read:user,repo,user:email,workflow...
2025-02-02 12:59:42.261 [info] Got 0 sessions for read:user,repo,user:email,workflow...
2025-02-02 12:59:42.262 [info] Getting sessions for read:user...
2025-02-02 12:59:42.262 [info] Got 0 sessions for read:user...
2025-02-02 12:59:42.262 [info] Getting sessions for user:email...
2025-02-02 12:59:42.262 [info] Got 1 sessions for user:email...
2025-02-02 12:59:42.564 [info] Getting sessions for all scopes...
2025-02-02 12:59:42.564 [info] Got 1 sessions for ...
2025-02-02 12:59:42.565 [info] Getting sessions for read:user,repo,user:email,workflow...
2025-02-02 12:59:42.565 [info] Got 0 sessions for read:user,repo,user:email,workflow...
2025-02-02 12:59:42.565 [info] Getting sessions for user:email...
2025-02-02 12:59:42.565 [info] Got 1 sessions for user:email...
2025-02-02 12:59:43.101 [info] Getting sessions for all scopes...
2025-02-02 12:59:43.101 [info] Got 1 sessions for ...
2025-02-02 12:59:43.101 [info] Getting sessions for all scopes...
2025-02-02 12:59:43.101 [info] Got 1 sessions for ...
2025-02-02 12:59:43.101 [info] Getting sessions for read:user,repo,user:email,workflow...
2025-02-02 12:59:43.101 [info] Got 0 sessions for read:user,repo,user:email,workflow...
2025-02-02 12:59:43.102 [info] Getting sessions for user:email...
2025-02-02 12:59:43.102 [info] Got 1 sessions for user:email...
2025-02-02 12:59:43.102 [info] Getting sessions for all scopes...
2025-02-02 12:59:43.102 [info] Got 1 sessions for ...
2025-02-02 12:59:43.103 [info] Getting sessions for read:user,repo,user:email,workflow...
2025-02-02 12:59:43.103 [info] Got 0 sessions for read:user,repo,user:email,workflow...
2025-02-02 12:59:43.103 [info] Getting sessions for user:email...
2025-02-02 12:59:43.103 [info] Got 1 sessions for user:email...
2025-02-02 12:59:43.106 [info] Getting sessions for all scopes...
2025-02-02 12:59:43.106 [info] Got 1 sessions for ...
2025-02-02 12:59:43.106 [info] Getting sessions for read:user,repo,user:email,workflow...
2025-02-02 12:59:43.106 [info] Got 0 sessions for read:user,repo,user:email,workflow...
2025-02-02 12:59:43.106 [info] Getting sessions for user:email...
2025-02-02 12:59:43.106 [info] Got 1 sessions for user:email...
2025-02-02 13:14:43.109 [info] Getting sessions for all scopes...
2025-02-02 13:14:43.109 [info] Got 1 sessions for ...
2025-02-02 13:14:43.109 [info] Getting sessions for read:user,repo,user:email,workflow...
2025-02-02 13:14:43.109 [info] Got 0 sessions for read:user,repo,user:email,workflow...
2025-02-02 13:14:43.110 [info] Getting sessions for user:email...
2025-02-02 13:14:43.110 [info] Got 1 sessions for user:email...
2025-02-02 13:14:43.111 [info] Getting sessions for all scopes...
2025-02-02 13:14:43.111 [info] Got 1 sessions for ...
2025-02-02 13:14:43.111 [info] Getting sessions for read:user,repo,user:email,workflow...
2025-02-02 13:14:43.111 [info] Got 0 sessions for read:user,repo,user:email,workflow...
2025-02-02 13:14:43.111 [info] Getting sessions for user:email...
2025-02-02 13:14:43.111 [info] Got 1 sessions for user:email...
2025-02-02 13:24:42.624 [info] Getting sessions for read:user,repo,user:email,workflow...
2025-02-02 13:24:42.624 [info] Got 0 sessions for read:user,repo,user:email,workflow...
2025-02-02 13:24:42.625 [info] Getting sessions for read:user...
2025-02-02 13:24:42.625 [info] Got 0 sessions for read:user...
2025-02-02 13:24:42.626 [info] Getting sessions for user:email...
2025-02-02 13:24:42.626 [info] Got 1 sessions for user:email...
2025-02-02 13:24:43.100 [info] Getting sessions for all scopes...
2025-02-02 13:24:43.100 [info] Got 1 sessions for ...
2025-02-02 13:24:43.101 [info] Getting sessions for read:user,repo,user:email,workflow...
2025-02-02 13:24:43.101 [info] Got 0 sessions for read:user,repo,user:email,workflow...
2025-02-02 13:24:43.102 [info] Getting sessions for user:email...
2025-02-02 13:24:43.102 [info] Got 1 sessions for user:email...
2025-02-02 13:24:43.631 [info] Getting sessions for all scopes...
2025-02-02 13:24:43.631 [info] Got 1 sessions for ...
2025-02-02 13:24:43.631 [info] Getting sessions for all scopes...
2025-02-02 13:24:43.631 [info] Got 1 sessions for ...
2025-02-02 13:24:43.632 [info] Getting sessions for read:user,repo,user:email,workflow...
2025-02-02 13:24:43.632 [info] Got 0 sessions for read:user,repo,user:email,workflow...
2025-02-02 13:24:43.632 [info] Getting sessions for user:email...
2025-02-02 13:24:43.632 [info] Got 1 sessions for user:email...
2025-02-02 13:24:43.632 [info] Getting sessions for all scopes...
2025-02-02 13:24:43.632 [info] Got 1 sessions for ...
2025-02-02 13:24:43.633 [info] Getting sessions for read:user,repo,user:email,workflow...
2025-02-02 13:24:43.633 [info] Got 0 sessions for read:user,repo,user:email,workflow...
2025-02-02 13:24:43.633 [info] Getting sessions for user:email...
2025-02-02 13:24:43.633 [info] Got 1 sessions for user:email...
2025-02-02 13:24:43.636 [info] Getting sessions for all scopes...
2025-02-02 13:24:43.636 [info] Got 1 sessions for ...
2025-02-02 13:24:43.636 [info] Getting sessions for read:user,repo,user:email,workflow...
2025-02-02 13:24:43.636 [info] Got 0 sessions for read:user,repo,user:email,workflow...
2025-02-02 13:24:43.636 [info] Getting sessions for user:email...
2025-02-02 13:24:43.636 [info] Got 1 sessions for user:email...
2025-02-02 13:24:43.637 [info] Getting sessions for all scopes...
2025-02-02 13:24:43.637 [info] Got 1 sessions for ...
2025-02-02 13:24:43.638 [info] Getting sessions for read:user,repo,user:email,workflow...
2025-02-02 13:24:43.638 [info] Got 0 sessions for read:user,repo,user:email,workflow...
2025-02-02 13:24:43.638 [info] Getting sessions for user:email...
2025-02-02 13:24:43.638 [info] Got 1 sessions for user:email...
2025-02-02 13:39:44.059 [info] Getting sessions for all scopes...
2025-02-02 13:39:44.059 [info] Got 1 sessions for ...
2025-02-02 13:39:44.060 [info] Getting sessions for read:user,repo,user:email,workflow...
2025-02-02 13:39:44.060 [info] Got 0 sessions for read:user,repo,user:email,workflow...
2025-02-02 13:39:44.060 [info] Getting sessions for user:email...
2025-02-02 13:39:44.060 [info] Got 1 sessions for user:email...
2025-02-02 13:39:44.061 [info] Getting sessions for all scopes...
2025-02-02 13:39:44.061 [info] Got 1 sessions for ...
2025-02-02 13:39:44.061 [info] Getting sessions for read:user,repo,user:email,workflow...
2025-02-02 13:39:44.061 [info] Got 0 sessions for read:user,repo,user:email,workflow...
2025-02-02 13:39:44.061 [info] Getting sessions for user:email...
2025-02-02 13:39:44.061 [info] Got 1 sessions for user:email...
2025-02-02 13:49:42.960 [info] Getting sessions for read:user,repo,user:email,workflow...
2025-02-02 13:49:42.960 [info] Got 0 sessions for read:user,repo,user:email,workflow...
2025-02-02 13:49:42.961 [info] Getting sessions for read:user...
2025-02-02 13:49:42.961 [info] Got 0 sessions for read:user...
2025-02-02 13:49:42.961 [info] Getting sessions for user:email...
2025-02-02 13:49:42.961 [info] Got 1 sessions for user:email...
2025-02-02 13:49:43.631 [info] Getting sessions for all scopes...
2025-02-02 13:49:43.631 [info] Got 1 sessions for ...
2025-02-02 13:49:43.632 [info] Getting sessions for read:user,repo,user:email,workflow...
2025-02-02 13:49:43.632 [info] Got 0 sessions for read:user,repo,user:email,workflow...
2025-02-02 13:49:43.632 [info] Getting sessions for user:email...
2025-02-02 13:49:43.632 [info] Got 1 sessions for user:email...
2025-02-02 13:49:44.119 [info] Getting sessions for all scopes...
2025-02-02 13:49:44.119 [info] Got 1 sessions for ...
2025-02-02 13:49:44.119 [info] Getting sessions for all scopes...
2025-02-02 13:49:44.119 [info] Got 1 sessions for ...
2025-02-02 13:49:44.119 [info] Getting sessions for read:user,repo,user:email,workflow...
2025-02-02 13:49:44.119 [info] Got 0 sessions for read:user,repo,user:email,workflow...
2025-02-02 13:49:44.120 [info] Getting sessions for user:email...
2025-02-02 13:49:44.120 [info] Got 1 sessions for user:email...
2025-02-02 13:49:44.120 [info] Getting sessions for all scopes...
2025-02-02 13:49:44.120 [info] Got 1 sessions for ...
2025-02-02 13:49:44.120 [info] Getting sessions for read:user,repo,user:email,workflow...
2025-02-02 13:49:44.120 [info] Got 0 sessions for read:user,repo,user:email,workflow...
2025-02-02 13:49:44.121 [info] Getting sessions for user:email...
2025-02-02 13:49:44.121 [info] Got 1 sessions for user:email...
2025-02-02 13:49:44.123 [info] Getting sessions for all scopes...
2025-02-02 13:49:44.123 [info] Got 1 sessions for ...
2025-02-02 13:49:44.123 [info] Getting sessions for read:user,repo,user:email,workflow...
2025-02-02 13:49:44.123 [info] Got 0 sessions for read:user,repo,user:email,workflow...
2025-02-02 13:49:44.124 [info] Getting sessions for user:email...
2025-02-02 13:49:44.124 [info] Got 1 sessions for user:email...
2025-02-02 13:54:18.119 [info] Getting sessions for all scopes...
2025-02-02 13:54:18.119 [info] Got 1 sessions for ...
2025-02-02 13:54:18.120 [info] Getting sessions for read:user,repo,user:email,workflow...
2025-02-02 13:54:18.120 [info] Got 0 sessions for read:user,repo,user:email,workflow...
2025-02-02 13:54:18.120 [info] Getting sessions for user:email...
2025-02-02 13:54:18.120 [info] Got 1 sessions for user:email...
