2025-02-04 18:35:59.021 [info] [main] Log level: Info
2025-02-04 18:35:59.021 [info] [main] Validating found git in: "git"
2025-02-04 18:35:59.021 [info] [main] Using git "2.47.0" from "git"
2025-02-04 18:35:59.021 [info] [Model][doInitialScan] Initial repository scan started
2025-02-04 18:35:59.021 [info] > git rev-parse --show-toplevel [42ms]
2025-02-04 18:35:59.021 [info] > git rev-parse --show-toplevel [4ms]
2025-02-04 18:35:59.037 [info] > git rev-parse --show-toplevel [3ms]
2025-02-04 18:35:59.050 [info] > git rev-parse --show-toplevel [1ms]
2025-02-04 18:35:59.105 [info] > git rev-parse --show-toplevel [21ms]
2025-02-04 18:35:59.242 [info] > git rev-parse --show-toplevel [38ms]
2025-02-04 18:35:59.276 [info] > git rev-parse --show-toplevel [2ms]
2025-02-04 18:35:59.365 [info] > git rev-parse --show-toplevel [60ms]
2025-02-04 18:35:59.383 [info] > git rev-parse --show-toplevel [2ms]
2025-02-04 18:35:59.398 [info] > git rev-parse --show-toplevel [1ms]
2025-02-04 18:35:59.399 [info] [Model][doInitialScan] Initial repository scan completed - repositories (0), closed repositories (0), parent repositories (1), unsafe repositories (0)
2025-02-04 18:35:59.416 [info] > git rev-parse --show-toplevel [3ms]
2025-02-04 18:35:59.852 [info] > git rev-parse --show-toplevel [1ms]
2025-02-04 18:36:28.711 [info] > git rev-parse --show-toplevel [43ms]
2025-02-04 18:36:28.788 [info] > git rev-parse --show-toplevel [58ms]
2025-02-04 18:36:28.839 [info] > git rev-parse --show-toplevel [14ms]
2025-02-04 18:36:33.890 [info] > git rev-parse --show-toplevel [2ms]
2025-02-04 18:36:41.413 [info] > git rev-parse --show-toplevel [5ms]
2025-02-04 18:55:12.515 [info] > git rev-parse --show-toplevel [1ms]
2025-02-04 18:56:03.752 [info] > git rev-parse --show-toplevel [3ms]
2025-02-04 18:56:17.277 [info] > git rev-parse --show-toplevel [1ms]
2025-02-04 18:56:24.547 [info] > git rev-parse --show-toplevel [22ms]
2025-02-04 18:56:33.523 [info] > git rev-parse --show-toplevel [1ms]
2025-02-04 18:56:36.777 [info] > git rev-parse --show-toplevel [19ms]
2025-02-04 18:57:34.261 [info] > git rev-parse --show-toplevel [2ms]
2025-02-04 18:59:50.534 [info] > git rev-parse --show-toplevel [2ms]
2025-02-04 19:00:09.238 [info] > git rev-parse --show-toplevel [3ms]
2025-02-04 19:01:24.139 [info] > git rev-parse --show-toplevel [2ms]
2025-02-04 19:01:30.430 [info] > git rev-parse --show-toplevel [3ms]
2025-02-04 19:01:41.592 [info] > git rev-parse --show-toplevel [3ms]
2025-02-04 19:01:44.109 [info] > git rev-parse --show-toplevel [2ms]
2025-02-04 19:01:45.594 [info] > git rev-parse --show-toplevel [2ms]
2025-02-04 19:02:00.353 [info] > git rev-parse --show-toplevel [2ms]
2025-02-04 19:02:13.749 [info] > git rev-parse --show-toplevel [1ms]
2025-02-04 19:02:16.557 [info] > git rev-parse --show-toplevel [2ms]
2025-02-04 19:03:29.917 [info] > git rev-parse --show-toplevel [2ms]
2025-02-04 19:03:38.567 [info] > git rev-parse --show-toplevel [2ms]
2025-02-04 19:03:42.403 [info] > git rev-parse --show-toplevel [2ms]
2025-02-04 19:06:24.668 [info] > git rev-parse --show-toplevel [1ms]
2025-02-04 19:07:11.958 [info] > git rev-parse --show-toplevel [2ms]
2025-02-04 19:07:18.402 [info] > git rev-parse --show-toplevel [2ms]
2025-02-04 19:07:37.207 [info] > git rev-parse --show-toplevel [2ms]
2025-02-04 19:07:51.048 [info] > git rev-parse --show-toplevel [2ms]
2025-02-04 19:14:04.655 [info] > git rev-parse --show-toplevel [2ms]
2025-02-04 19:14:10.480 [info] > git rev-parse --show-toplevel [2ms]
2025-02-04 19:19:01.109 [info] > git rev-parse --show-toplevel [1ms]
2025-02-04 19:21:34.459 [info] > git rev-parse --show-toplevel [2ms]
2025-02-04 19:21:40.535 [info] > git rev-parse --show-toplevel [2ms]
2025-02-04 19:22:30.061 [info] > git rev-parse --show-toplevel [3ms]
2025-02-04 19:23:31.026 [info] > git rev-parse --show-toplevel [3ms]
2025-02-04 19:23:34.194 [info] > git rev-parse --show-toplevel [1ms]
2025-02-04 19:23:41.738 [info] > git rev-parse --show-toplevel [3ms]
2025-02-04 19:23:48.492 [info] > git rev-parse --show-toplevel [2ms]
2025-02-04 19:42:16.903 [info] > git rev-parse --show-toplevel [23ms]
2025-02-04 19:42:16.903 [info] fatal: not a git repository (or any parent up to mount point /)
Stopping at filesystem boundary (GIT_DISCOVERY_ACROSS_FILESYSTEM not set).
2025-02-04 19:52:55.685 [info] > git rev-parse --show-toplevel [7ms]
2025-02-04 19:53:33.367 [info] > git rev-parse --show-toplevel [2ms]
2025-02-04 19:53:33.479 [info] > git rev-parse --show-toplevel [2ms]
2025-02-04 20:56:34.463 [info] > git rev-parse --show-toplevel [9ms]
2025-02-04 20:56:34.490 [info] > git rev-parse --show-toplevel [1ms]
2025-02-04 21:02:00.689 [info] > git rev-parse --show-toplevel [3ms]
2025-02-04 21:02:46.397 [info] > git rev-parse --show-toplevel [4ms]
2025-02-04 21:07:22.851 [info] > git rev-parse --show-toplevel [2ms]
2025-02-04 21:10:46.682 [info] > git rev-parse --show-toplevel [3ms]
2025-02-04 21:10:46.784 [info] > git rev-parse --show-toplevel [7ms]
2025-02-04 21:10:48.293 [info] > git rev-parse --show-toplevel [3ms]
2025-02-04 21:10:48.315 [info] > git rev-parse --show-toplevel [1ms]
2025-02-04 21:12:36.616 [info] > git rev-parse --show-toplevel [1ms]
2025-02-04 21:12:39.382 [info] > git rev-parse --show-toplevel [1ms]
2025-02-04 21:12:39.487 [info] > git rev-parse --show-toplevel [5ms]
2025-02-04 21:12:41.052 [info] > git rev-parse --show-toplevel [3ms]
2025-02-04 21:12:41.078 [info] > git rev-parse --show-toplevel [1ms]
2025-02-04 21:14:08.202 [info] > git rev-parse --show-toplevel [3ms]
2025-02-04 21:14:12.742 [info] > git rev-parse --show-toplevel [4ms]
2025-02-04 21:31:29.251 [info] > git rev-parse --show-toplevel [2ms]
2025-02-04 21:32:37.966 [info] > git rev-parse --show-toplevel [2ms]
