2025-02-05 21:43:17.717 [info] Reading sessions from keychain...
2025-02-05 21:43:17.717 [info] Getting sessions for all scopes...
2025-02-05 21:43:17.717 [info] Getting sessions for all scopes...
2025-02-05 21:43:17.717 [info] Getting sessions for all scopes...
2025-02-05 21:43:17.717 [info] Got stored sessions!
2025-02-05 21:43:17.717 [info] Got 1 verified sessions.
2025-02-05 21:43:17.717 [info] Got 1 sessions for ...
2025-02-05 21:43:17.717 [info] Got 1 sessions for ...
2025-02-05 21:43:17.717 [info] Got 1 sessions for ...
2025-02-05 21:43:17.717 [info] Getting sessions for all scopes...
2025-02-05 21:43:17.717 [info] Got 1 sessions for ...
2025-02-05 21:43:17.717 [info] Getting sessions for all scopes...
2025-02-05 21:43:17.717 [info] Got 1 sessions for ...
2025-02-05 21:43:17.717 [info] Getting sessions for all scopes...
2025-02-05 21:43:17.717 [info] Got 1 sessions for ...
2025-02-05 21:43:17.717 [info] Getting sessions for all scopes...
2025-02-05 21:43:17.717 [info] Got 1 sessions for ...
2025-02-05 21:43:17.717 [info] Getting sessions for all scopes...
2025-02-05 21:43:17.717 [info] Got 1 sessions for ...
2025-02-05 21:43:19.155 [info] Getting sessions for all scopes...
2025-02-05 21:43:19.155 [info] Got 1 sessions for ...
2025-02-05 21:43:28.859 [info] Getting sessions for read:user,repo,user:email,workflow...
2025-02-05 21:43:28.859 [info] Got 0 sessions for read:user,repo,user:email,workflow...
2025-02-05 21:43:28.859 [info] Getting sessions for all scopes...
2025-02-05 21:43:28.859 [info] Got 1 sessions for ...
2025-02-05 21:43:28.859 [info] Getting sessions for all scopes...
2025-02-05 21:43:28.859 [info] Got 1 sessions for ...
2025-02-05 21:43:28.894 [info] Getting sessions for read:user...
2025-02-05 21:43:28.894 [info] Got 0 sessions for read:user...
2025-02-05 21:43:28.897 [info] Getting sessions for read:user,repo,user:email,workflow...
2025-02-05 21:43:28.897 [info] Got 0 sessions for read:user,repo,user:email,workflow...
2025-02-05 21:43:28.929 [info] Getting sessions for user:email...
2025-02-05 21:43:28.929 [info] Got 1 sessions for user:email...
2025-02-05 21:43:28.930 [info] Getting sessions for user:email...
2025-02-05 21:43:28.930 [info] Got 1 sessions for user:email...
2025-02-05 21:43:28.960 [info] Getting sessions for all scopes...
2025-02-05 21:43:28.960 [info] Got 1 sessions for ...
2025-02-05 21:43:29.760 [info] Getting sessions for read:user,repo,user:email,workflow...
2025-02-05 21:43:29.760 [info] Got 0 sessions for read:user,repo,user:email,workflow...
2025-02-05 21:43:29.763 [info] Getting sessions for user:email...
2025-02-05 21:43:29.763 [info] Got 1 sessions for user:email...
2025-02-05 21:43:29.766 [info] Getting sessions for all scopes...
2025-02-05 21:43:29.766 [info] Got 1 sessions for ...
2025-02-05 21:43:29.768 [info] Getting sessions for read:user,repo,user:email,workflow...
2025-02-05 21:43:29.768 [info] Got 0 sessions for read:user,repo,user:email,workflow...
2025-02-05 21:43:29.769 [info] Getting sessions for user:email...
2025-02-05 21:43:29.769 [info] Got 1 sessions for user:email...
2025-02-05 21:43:30.347 [info] Getting sessions for all scopes...
2025-02-05 21:43:30.347 [info] Got 1 sessions for ...
2025-02-05 21:43:30.347 [info] Getting sessions for all scopes...
2025-02-05 21:43:30.347 [info] Got 1 sessions for ...
2025-02-05 21:43:30.350 [info] Getting sessions for read:user,repo,user:email,workflow...
2025-02-05 21:43:30.350 [info] Got 0 sessions for read:user,repo,user:email,workflow...
2025-02-05 21:43:30.353 [info] Getting sessions for user:email...
2025-02-05 21:43:30.353 [info] Got 1 sessions for user:email...
2025-02-05 21:43:30.354 [info] Getting sessions for all scopes...
2025-02-05 21:43:30.354 [info] Got 1 sessions for ...
2025-02-05 21:43:30.356 [info] Getting sessions for read:user,repo,user:email,workflow...
2025-02-05 21:43:30.356 [info] Got 0 sessions for read:user,repo,user:email,workflow...
2025-02-05 21:43:30.358 [info] Getting sessions for user:email...
2025-02-05 21:43:30.358 [info] Got 1 sessions for user:email...
2025-02-05 21:43:30.421 [info] Getting sessions for all scopes...
2025-02-05 21:43:30.421 [info] Got 1 sessions for ...
2025-02-05 21:43:30.425 [info] Getting sessions for read:user,repo,user:email,workflow...
2025-02-05 21:43:30.425 [info] Got 0 sessions for read:user,repo,user:email,workflow...
2025-02-05 21:43:30.426 [info] Getting sessions for user:email...
2025-02-05 21:43:30.426 [info] Got 1 sessions for user:email...
2025-02-05 21:43:36.891 [info] Getting sessions for all scopes...
2025-02-05 21:43:36.891 [info] Got 1 sessions for ...
2025-02-05 21:43:36.895 [info] Getting sessions for read:user,repo,user:email,workflow...
2025-02-05 21:43:36.895 [info] Got 0 sessions for read:user,repo,user:email,workflow...
2025-02-05 21:43:36.905 [info] Getting sessions for user:email...
2025-02-05 21:43:36.905 [info] Got 1 sessions for user:email...
2025-02-05 21:43:36.908 [info] Getting sessions for all scopes...
2025-02-05 21:43:36.908 [info] Got 1 sessions for ...
2025-02-05 21:43:36.910 [info] Getting sessions for read:user,repo,user:email,workflow...
2025-02-05 21:43:36.910 [info] Got 0 sessions for read:user,repo,user:email,workflow...
2025-02-05 21:43:36.913 [info] Getting sessions for user:email...
2025-02-05 21:43:36.913 [info] Got 1 sessions for user:email...
2025-02-05 21:58:37.411 [info] Getting sessions for all scopes...
2025-02-05 21:58:37.411 [info] Got 1 sessions for ...
2025-02-05 21:58:37.411 [info] Getting sessions for read:user,repo,user:email,workflow...
2025-02-05 21:58:37.411 [info] Got 0 sessions for read:user,repo,user:email,workflow...
2025-02-05 21:58:37.412 [info] Getting sessions for user:email...
2025-02-05 21:58:37.412 [info] Got 1 sessions for user:email...
2025-02-05 21:58:37.413 [info] Getting sessions for all scopes...
2025-02-05 21:58:37.413 [info] Got 1 sessions for ...
2025-02-05 21:58:37.413 [info] Getting sessions for read:user,repo,user:email,workflow...
2025-02-05 21:58:37.413 [info] Got 0 sessions for read:user,repo,user:email,workflow...
2025-02-05 21:58:37.414 [info] Getting sessions for user:email...
2025-02-05 21:58:37.414 [info] Got 1 sessions for user:email...
2025-02-05 22:08:30.333 [info] Getting sessions for all scopes...
2025-02-05 22:08:30.334 [info] Got 1 sessions for ...
2025-02-05 22:08:30.334 [info] Getting sessions for read:user,repo,user:email,workflow...
2025-02-05 22:08:30.334 [info] Got 0 sessions for read:user,repo,user:email,workflow...
2025-02-05 22:08:30.335 [info] Getting sessions for user:email...
2025-02-05 22:08:30.335 [info] Got 1 sessions for user:email...
2025-02-05 22:08:30.785 [info] Getting sessions for all scopes...
2025-02-05 22:08:30.785 [info] Got 1 sessions for ...
2025-02-05 22:08:30.785 [info] Getting sessions for all scopes...
2025-02-05 22:08:30.785 [info] Got 1 sessions for ...
2025-02-05 22:08:30.785 [info] Getting sessions for read:user,repo,user:email,workflow...
2025-02-05 22:08:30.785 [info] Got 0 sessions for read:user,repo,user:email,workflow...
2025-02-05 22:08:30.786 [info] Getting sessions for user:email...
2025-02-05 22:08:30.786 [info] Got 1 sessions for user:email...
2025-02-05 22:08:30.786 [info] Getting sessions for all scopes...
2025-02-05 22:08:30.786 [info] Got 1 sessions for ...
2025-02-05 22:08:30.787 [info] Getting sessions for read:user,repo,user:email,workflow...
2025-02-05 22:08:30.787 [info] Got 0 sessions for read:user,repo,user:email,workflow...
2025-02-05 22:08:30.787 [info] Getting sessions for user:email...
2025-02-05 22:08:30.787 [info] Got 1 sessions for user:email...
2025-02-05 22:08:30.790 [info] Getting sessions for all scopes...
2025-02-05 22:08:30.790 [info] Got 1 sessions for ...
2025-02-05 22:08:30.791 [info] Getting sessions for read:user,repo,user:email,workflow...
2025-02-05 22:08:30.791 [info] Got 0 sessions for read:user,repo,user:email,workflow...
2025-02-05 22:08:30.792 [info] Getting sessions for user:email...
2025-02-05 22:08:30.792 [info] Got 1 sessions for user:email...
2025-02-05 22:08:37.549 [info] Getting sessions for read:user,repo,user:email,workflow...
2025-02-05 22:08:37.549 [info] Got 0 sessions for read:user,repo,user:email,workflow...
2025-02-05 22:08:37.550 [info] Getting sessions for read:user...
2025-02-05 22:08:37.550 [info] Got 0 sessions for read:user...
2025-02-05 22:08:37.550 [info] Getting sessions for user:email...
2025-02-05 22:08:37.550 [info] Got 1 sessions for user:email...
