2025-02-04 18:35:58.866 [info] Reading sessions from keychain...
2025-02-04 18:35:58.866 [info] Getting sessions for all scopes...
2025-02-04 18:35:58.866 [info] Getting sessions for all scopes...
2025-02-04 18:35:58.866 [info] Getting sessions for all scopes...
2025-02-04 18:35:58.866 [info] Getting sessions for all scopes...
2025-02-04 18:35:58.866 [info] Getting sessions for all scopes...
2025-02-04 18:35:58.866 [info] Getting sessions for all scopes...
2025-02-04 18:35:58.866 [info] Getting sessions for all scopes...
2025-02-04 18:35:58.866 [info] Getting sessions for all scopes...
2025-02-04 18:35:58.866 [info] Got stored sessions!
2025-02-04 18:35:58.866 [info] Got 1 verified sessions.
2025-02-04 18:35:58.866 [info] Got 1 sessions for ...
2025-02-04 18:35:58.866 [info] Got 1 sessions for ...
2025-02-04 18:35:58.866 [info] Got 1 sessions for ...
2025-02-04 18:35:58.866 [info] Got 1 sessions for ...
2025-02-04 18:35:58.866 [info] Got 1 sessions for ...
2025-02-04 18:35:58.866 [info] Got 1 sessions for ...
2025-02-04 18:35:58.866 [info] Got 1 sessions for ...
2025-02-04 18:35:58.866 [info] Got 1 sessions for ...
2025-02-04 18:35:59.896 [info] Getting sessions for all scopes...
2025-02-04 18:35:59.896 [info] Got 1 sessions for ...
2025-02-04 18:36:09.649 [info] Getting sessions for read:user,repo,user:email,workflow...
2025-02-04 18:36:09.649 [info] Got 0 sessions for read:user,repo,user:email,workflow...
2025-02-04 18:36:09.649 [info] Getting sessions for all scopes...
2025-02-04 18:36:09.649 [info] Got 1 sessions for ...
2025-02-04 18:36:09.649 [info] Getting sessions for all scopes...
2025-02-04 18:36:09.649 [info] Got 1 sessions for ...
2025-02-04 18:36:09.685 [info] Getting sessions for read:user...
2025-02-04 18:36:09.685 [info] Got 0 sessions for read:user...
2025-02-04 18:36:09.685 [info] Getting sessions for read:user,repo,user:email,workflow...
2025-02-04 18:36:09.685 [info] Got 0 sessions for read:user,repo,user:email,workflow...
2025-02-04 18:36:09.729 [info] Getting sessions for user:email...
2025-02-04 18:36:09.729 [info] Got 1 sessions for user:email...
2025-02-04 18:36:09.729 [info] Getting sessions for user:email...
2025-02-04 18:36:09.729 [info] Got 1 sessions for user:email...
2025-02-04 18:36:09.741 [info] Getting sessions for all scopes...
2025-02-04 18:36:09.741 [info] Got 1 sessions for ...
2025-02-04 18:36:09.744 [info] Getting sessions for read:user,repo,user:email,workflow...
2025-02-04 18:36:09.745 [info] Got 0 sessions for read:user,repo,user:email,workflow...
2025-02-04 18:36:10.629 [info] Getting sessions for user:email...
2025-02-04 18:36:10.629 [info] Got 1 sessions for user:email...
2025-02-04 18:36:10.641 [info] Getting sessions for all scopes...
2025-02-04 18:36:10.641 [info] Got 1 sessions for ...
2025-02-04 18:36:10.642 [info] Getting sessions for read:user,repo,user:email,workflow...
2025-02-04 18:36:10.642 [info] Got 0 sessions for read:user,repo,user:email,workflow...
2025-02-04 18:36:10.643 [info] Getting sessions for user:email...
2025-02-04 18:36:10.643 [info] Got 1 sessions for user:email...
2025-02-04 18:36:10.779 [info] Getting sessions for all scopes...
2025-02-04 18:36:10.779 [info] Got 1 sessions for ...
2025-02-04 18:36:10.781 [info] Getting sessions for read:user,repo,user:email,workflow...
2025-02-04 18:36:10.781 [info] Got 0 sessions for read:user,repo,user:email,workflow...
2025-02-04 18:36:10.783 [info] Getting sessions for user:email...
2025-02-04 18:36:10.783 [info] Got 1 sessions for user:email...
2025-02-04 18:36:11.145 [info] Getting sessions for all scopes...
2025-02-04 18:36:11.145 [info] Got 1 sessions for ...
2025-02-04 18:36:11.145 [info] Getting sessions for all scopes...
2025-02-04 18:36:11.145 [info] Got 1 sessions for ...
2025-02-04 18:36:11.158 [info] Getting sessions for read:user,repo,user:email,workflow...
2025-02-04 18:36:11.158 [info] Got 0 sessions for read:user,repo,user:email,workflow...
2025-02-04 18:36:11.162 [info] Getting sessions for user:email...
2025-02-04 18:36:11.162 [info] Got 1 sessions for user:email...
2025-02-04 18:36:11.167 [info] Getting sessions for all scopes...
2025-02-04 18:36:11.167 [info] Got 1 sessions for ...
2025-02-04 18:36:11.173 [info] Getting sessions for read:user,repo,user:email,workflow...
2025-02-04 18:36:11.173 [info] Got 0 sessions for read:user,repo,user:email,workflow...
2025-02-04 18:36:11.180 [info] Getting sessions for user:email...
2025-02-04 18:36:11.180 [info] Got 1 sessions for user:email...
2025-02-04 18:36:11.647 [info] Getting sessions for all scopes...
2025-02-04 18:36:11.647 [info] Got 1 sessions for ...
2025-02-04 18:36:11.665 [info] Getting sessions for read:user,repo,user:email,workflow...
2025-02-04 18:36:11.665 [info] Got 0 sessions for read:user,repo,user:email,workflow...
2025-02-04 18:36:11.676 [info] Getting sessions for user:email...
2025-02-04 18:36:11.676 [info] Got 1 sessions for user:email...
2025-02-04 18:36:11.862 [info] Getting sessions for read:user,repo,user:email,workflow...
2025-02-04 18:36:11.862 [info] Got 0 sessions for read:user,repo,user:email,workflow...
2025-02-04 18:36:11.883 [info] Getting sessions for read:user...
2025-02-04 18:36:11.883 [info] Got 0 sessions for read:user...
2025-02-04 18:36:11.902 [info] Getting sessions for user:email...
2025-02-04 18:36:11.902 [info] Got 1 sessions for user:email...
2025-02-04 18:51:11.681 [info] Getting sessions for all scopes...
2025-02-04 18:51:11.681 [info] Got 1 sessions for ...
2025-02-04 18:51:11.681 [info] Getting sessions for read:user,repo,user:email,workflow...
2025-02-04 18:51:11.681 [info] Got 0 sessions for read:user,repo,user:email,workflow...
2025-02-04 18:51:11.682 [info] Getting sessions for user:email...
2025-02-04 18:51:11.682 [info] Got 1 sessions for user:email...
2025-02-04 18:51:11.683 [info] Getting sessions for all scopes...
2025-02-04 18:51:11.683 [info] Got 1 sessions for ...
2025-02-04 18:51:11.683 [info] Getting sessions for read:user,repo,user:email,workflow...
2025-02-04 18:51:11.683 [info] Got 0 sessions for read:user,repo,user:email,workflow...
2025-02-04 18:51:11.683 [info] Getting sessions for user:email...
2025-02-04 18:51:11.683 [info] Got 1 sessions for user:email...
2025-02-04 19:01:11.033 [info] Getting sessions for read:user,repo,user:email,workflow...
2025-02-04 19:01:11.033 [info] Got 0 sessions for read:user,repo,user:email,workflow...
2025-02-04 19:01:11.034 [info] Getting sessions for read:user...
2025-02-04 19:01:11.034 [info] Got 0 sessions for read:user...
2025-02-04 19:01:11.034 [info] Getting sessions for user:email...
2025-02-04 19:01:11.034 [info] Got 1 sessions for user:email...
2025-02-04 19:01:11.136 [info] Getting sessions for all scopes...
2025-02-04 19:01:11.136 [info] Got 1 sessions for ...
2025-02-04 19:01:11.136 [info] Getting sessions for read:user,repo,user:email,workflow...
2025-02-04 19:01:11.136 [info] Got 0 sessions for read:user,repo,user:email,workflow...
2025-02-04 19:01:11.137 [info] Getting sessions for user:email...
2025-02-04 19:01:11.137 [info] Got 1 sessions for user:email...
2025-02-04 19:01:11.643 [info] Getting sessions for all scopes...
2025-02-04 19:01:11.643 [info] Got 1 sessions for ...
2025-02-04 19:01:11.643 [info] Getting sessions for all scopes...
2025-02-04 19:01:11.643 [info] Got 1 sessions for ...
2025-02-04 19:01:11.644 [info] Getting sessions for read:user,repo,user:email,workflow...
2025-02-04 19:01:11.644 [info] Got 0 sessions for read:user,repo,user:email,workflow...
2025-02-04 19:01:11.644 [info] Getting sessions for user:email...
2025-02-04 19:01:11.644 [info] Got 1 sessions for user:email...
2025-02-04 19:01:11.644 [info] Getting sessions for all scopes...
2025-02-04 19:01:11.644 [info] Got 1 sessions for ...
2025-02-04 19:01:11.644 [info] Getting sessions for read:user,repo,user:email,workflow...
2025-02-04 19:01:11.644 [info] Got 0 sessions for read:user,repo,user:email,workflow...
2025-02-04 19:01:11.645 [info] Getting sessions for user:email...
2025-02-04 19:01:11.645 [info] Got 1 sessions for user:email...
2025-02-04 19:01:11.652 [info] Getting sessions for all scopes...
2025-02-04 19:01:11.652 [info] Got 1 sessions for ...
2025-02-04 19:01:11.652 [info] Getting sessions for read:user,repo,user:email,workflow...
2025-02-04 19:01:11.652 [info] Got 0 sessions for read:user,repo,user:email,workflow...
2025-02-04 19:01:11.653 [info] Getting sessions for user:email...
2025-02-04 19:01:11.653 [info] Got 1 sessions for user:email...
2025-02-04 19:16:11.654 [info] Getting sessions for all scopes...
2025-02-04 19:16:11.654 [info] Got 1 sessions for ...
2025-02-04 19:16:11.655 [info] Getting sessions for read:user,repo,user:email,workflow...
2025-02-04 19:16:11.655 [info] Got 0 sessions for read:user,repo,user:email,workflow...
2025-02-04 19:16:11.655 [info] Getting sessions for user:email...
2025-02-04 19:16:11.655 [info] Got 1 sessions for user:email...
2025-02-04 19:16:11.656 [info] Getting sessions for all scopes...
2025-02-04 19:16:11.656 [info] Got 1 sessions for ...
2025-02-04 19:16:11.656 [info] Getting sessions for read:user,repo,user:email,workflow...
2025-02-04 19:16:11.656 [info] Got 0 sessions for read:user,repo,user:email,workflow...
2025-02-04 19:16:11.656 [info] Getting sessions for user:email...
2025-02-04 19:16:11.656 [info] Got 1 sessions for user:email...
2025-02-04 19:22:26.614 [info] Getting sessions for all scopes...
2025-02-04 19:22:26.614 [info] Got 1 sessions for ...
2025-02-04 19:22:26.614 [info] Getting sessions for read:user,repo,user:email,workflow...
2025-02-04 19:22:26.614 [info] Got 0 sessions for read:user,repo,user:email,workflow...
2025-02-04 19:22:26.615 [info] Getting sessions for user:email...
2025-02-04 19:22:26.615 [info] Got 1 sessions for user:email...
2025-02-04 19:22:27.310 [info] Getting sessions for all scopes...
2025-02-04 19:22:27.310 [info] Got 1 sessions for ...
2025-02-04 19:22:27.311 [info] Getting sessions for read:user,repo,user:email,workflow...
2025-02-04 19:22:27.311 [info] Got 0 sessions for read:user,repo,user:email,workflow...
2025-02-04 19:22:27.311 [info] Getting sessions for user:email...
2025-02-04 19:22:27.311 [info] Got 1 sessions for user:email...
2025-02-04 19:26:11.588 [info] Getting sessions for read:user,repo,user:email,workflow...
2025-02-04 19:26:11.588 [info] Got 0 sessions for read:user,repo,user:email,workflow...
2025-02-04 19:26:11.589 [info] Getting sessions for read:user...
2025-02-04 19:26:11.589 [info] Got 0 sessions for read:user...
2025-02-04 19:26:11.590 [info] Getting sessions for user:email...
2025-02-04 19:26:11.590 [info] Got 1 sessions for user:email...
2025-02-04 19:26:11.636 [info] Getting sessions for all scopes...
2025-02-04 19:26:11.636 [info] Got 1 sessions for ...
2025-02-04 19:26:11.637 [info] Getting sessions for read:user,repo,user:email,workflow...
2025-02-04 19:26:11.637 [info] Got 0 sessions for read:user,repo,user:email,workflow...
2025-02-04 19:26:11.637 [info] Getting sessions for user:email...
2025-02-04 19:26:11.637 [info] Got 1 sessions for user:email...
2025-02-04 19:26:12.081 [info] Getting sessions for all scopes...
2025-02-04 19:26:12.081 [info] Got 1 sessions for ...
2025-02-04 19:26:12.081 [info] Getting sessions for all scopes...
2025-02-04 19:26:12.081 [info] Got 1 sessions for ...
2025-02-04 19:26:12.081 [info] Getting sessions for read:user,repo,user:email,workflow...
2025-02-04 19:26:12.081 [info] Got 0 sessions for read:user,repo,user:email,workflow...
2025-02-04 19:26:12.082 [info] Getting sessions for user:email...
2025-02-04 19:26:12.082 [info] Got 1 sessions for user:email...
2025-02-04 19:26:12.083 [info] Getting sessions for all scopes...
2025-02-04 19:26:12.083 [info] Got 1 sessions for ...
2025-02-04 19:26:12.083 [info] Getting sessions for read:user,repo,user:email,workflow...
2025-02-04 19:26:12.083 [info] Got 0 sessions for read:user,repo,user:email,workflow...
2025-02-04 19:26:12.084 [info] Getting sessions for user:email...
2025-02-04 19:26:12.084 [info] Got 1 sessions for user:email...
2025-02-04 19:26:12.088 [info] Getting sessions for all scopes...
2025-02-04 19:26:12.088 [info] Got 1 sessions for ...
2025-02-04 19:26:12.089 [info] Getting sessions for read:user,repo,user:email,workflow...
2025-02-04 19:26:12.089 [info] Got 0 sessions for read:user,repo,user:email,workflow...
2025-02-04 19:26:12.089 [info] Getting sessions for user:email...
2025-02-04 19:26:12.089 [info] Got 1 sessions for user:email...
2025-02-04 19:26:12.090 [info] Getting sessions for all scopes...
2025-02-04 19:26:12.090 [info] Got 1 sessions for ...
2025-02-04 19:26:12.091 [info] Getting sessions for read:user,repo,user:email,workflow...
2025-02-04 19:26:12.091 [info] Got 0 sessions for read:user,repo,user:email,workflow...
2025-02-04 19:26:12.091 [info] Getting sessions for user:email...
2025-02-04 19:26:12.091 [info] Got 1 sessions for user:email...
2025-02-04 19:41:12.209 [info] Getting sessions for all scopes...
2025-02-04 19:41:12.209 [info] Got 1 sessions for ...
2025-02-04 19:41:12.210 [info] Getting sessions for read:user,repo,user:email,workflow...
2025-02-04 19:41:12.210 [info] Got 0 sessions for read:user,repo,user:email,workflow...
2025-02-04 19:41:12.210 [info] Getting sessions for user:email...
2025-02-04 19:41:12.210 [info] Got 1 sessions for user:email...
2025-02-04 19:41:12.211 [info] Getting sessions for all scopes...
2025-02-04 19:41:12.211 [info] Got 1 sessions for ...
2025-02-04 19:41:12.211 [info] Getting sessions for read:user,repo,user:email,workflow...
2025-02-04 19:41:12.211 [info] Got 0 sessions for read:user,repo,user:email,workflow...
2025-02-04 19:41:12.212 [info] Getting sessions for user:email...
2025-02-04 19:41:12.212 [info] Got 1 sessions for user:email...
2025-02-04 19:51:11.933 [info] Getting sessions for read:user,repo,user:email,workflow...
2025-02-04 19:51:11.933 [info] Got 0 sessions for read:user,repo,user:email,workflow...
2025-02-04 19:51:11.934 [info] Getting sessions for read:user...
2025-02-04 19:51:11.934 [info] Got 0 sessions for read:user...
2025-02-04 19:51:11.934 [info] Getting sessions for user:email...
2025-02-04 19:51:11.934 [info] Got 1 sessions for user:email...
2025-02-04 19:51:12.081 [info] Getting sessions for all scopes...
2025-02-04 19:51:12.081 [info] Got 1 sessions for ...
2025-02-04 19:51:12.082 [info] Getting sessions for read:user,repo,user:email,workflow...
2025-02-04 19:51:12.082 [info] Got 0 sessions for read:user,repo,user:email,workflow...
2025-02-04 19:51:12.083 [info] Getting sessions for user:email...
2025-02-04 19:51:12.083 [info] Got 1 sessions for user:email...
2025-02-04 19:51:12.518 [info] Getting sessions for all scopes...
2025-02-04 19:51:12.518 [info] Got 1 sessions for ...
2025-02-04 19:51:12.518 [info] Getting sessions for all scopes...
2025-02-04 19:51:12.518 [info] Got 1 sessions for ...
2025-02-04 19:51:12.518 [info] Getting sessions for read:user,repo,user:email,workflow...
2025-02-04 19:51:12.518 [info] Got 0 sessions for read:user,repo,user:email,workflow...
2025-02-04 19:51:12.518 [info] Getting sessions for user:email...
2025-02-04 19:51:12.518 [info] Got 1 sessions for user:email...
2025-02-04 19:51:12.519 [info] Getting sessions for all scopes...
2025-02-04 19:51:12.519 [info] Got 1 sessions for ...
2025-02-04 19:51:12.519 [info] Getting sessions for read:user,repo,user:email,workflow...
2025-02-04 19:51:12.519 [info] Got 0 sessions for read:user,repo,user:email,workflow...
2025-02-04 19:51:12.519 [info] Getting sessions for user:email...
2025-02-04 19:51:12.519 [info] Got 1 sessions for user:email...
2025-02-04 19:51:12.524 [info] Getting sessions for all scopes...
2025-02-04 19:51:12.524 [info] Got 1 sessions for ...
2025-02-04 19:51:12.524 [info] Getting sessions for read:user,repo,user:email,workflow...
2025-02-04 19:51:12.524 [info] Got 0 sessions for read:user,repo,user:email,workflow...
2025-02-04 19:51:12.524 [info] Getting sessions for user:email...
2025-02-04 19:51:12.524 [info] Got 1 sessions for user:email...
2025-02-04 19:51:12.526 [info] Getting sessions for all scopes...
2025-02-04 19:51:12.526 [info] Got 1 sessions for ...
2025-02-04 19:51:12.526 [info] Getting sessions for read:user,repo,user:email,workflow...
2025-02-04 19:51:12.526 [info] Got 0 sessions for read:user,repo,user:email,workflow...
2025-02-04 19:51:12.527 [info] Getting sessions for user:email...
2025-02-04 19:51:12.527 [info] Got 1 sessions for user:email...
2025-02-04 20:06:12.937 [info] Getting sessions for all scopes...
2025-02-04 20:06:12.937 [info] Got 1 sessions for ...
2025-02-04 20:06:12.938 [info] Getting sessions for read:user,repo,user:email,workflow...
2025-02-04 20:06:12.938 [info] Got 0 sessions for read:user,repo,user:email,workflow...
2025-02-04 20:06:12.939 [info] Getting sessions for user:email...
2025-02-04 20:06:12.939 [info] Got 1 sessions for user:email...
2025-02-04 20:06:12.939 [info] Getting sessions for all scopes...
2025-02-04 20:06:12.939 [info] Got 1 sessions for ...
2025-02-04 20:06:12.940 [info] Getting sessions for read:user,repo,user:email,workflow...
2025-02-04 20:06:12.940 [info] Got 0 sessions for read:user,repo,user:email,workflow...
2025-02-04 20:06:12.940 [info] Getting sessions for user:email...
2025-02-04 20:06:12.940 [info] Got 1 sessions for user:email...
2025-02-04 20:16:16.952 [info] Getting sessions for read:user,repo,user:email,workflow...
2025-02-04 20:16:16.952 [info] Got 0 sessions for read:user,repo,user:email,workflow...
2025-02-04 20:16:16.953 [info] Getting sessions for read:user...
2025-02-04 20:16:16.953 [info] Got 0 sessions for read:user...
2025-02-04 20:16:16.954 [info] Getting sessions for user:email...
2025-02-04 20:16:16.954 [info] Got 1 sessions for user:email...
2025-02-04 20:16:17.122 [info] Getting sessions for all scopes...
2025-02-04 20:16:17.122 [info] Got 1 sessions for ...
2025-02-04 20:16:17.122 [info] Getting sessions for read:user,repo,user:email,workflow...
2025-02-04 20:16:17.122 [info] Got 0 sessions for read:user,repo,user:email,workflow...
2025-02-04 20:16:17.123 [info] Getting sessions for user:email...
2025-02-04 20:16:17.123 [info] Got 1 sessions for user:email...
2025-02-04 20:16:17.648 [info] Getting sessions for all scopes...
2025-02-04 20:16:17.648 [info] Got 1 sessions for ...
2025-02-04 20:16:17.648 [info] Getting sessions for all scopes...
2025-02-04 20:16:17.648 [info] Got 1 sessions for ...
2025-02-04 20:16:17.649 [info] Getting sessions for read:user,repo,user:email,workflow...
2025-02-04 20:16:17.649 [info] Got 0 sessions for read:user,repo,user:email,workflow...
2025-02-04 20:16:17.650 [info] Getting sessions for user:email...
2025-02-04 20:16:17.650 [info] Got 1 sessions for user:email...
2025-02-04 20:16:17.650 [info] Getting sessions for all scopes...
2025-02-04 20:16:17.650 [info] Got 1 sessions for ...
2025-02-04 20:16:17.650 [info] Getting sessions for read:user,repo,user:email,workflow...
2025-02-04 20:16:17.650 [info] Got 0 sessions for read:user,repo,user:email,workflow...
2025-02-04 20:16:17.651 [info] Getting sessions for user:email...
2025-02-04 20:16:17.651 [info] Got 1 sessions for user:email...
2025-02-04 20:16:17.655 [info] Getting sessions for all scopes...
2025-02-04 20:16:17.655 [info] Got 1 sessions for ...
2025-02-04 20:16:17.655 [info] Getting sessions for read:user,repo,user:email,workflow...
2025-02-04 20:16:17.655 [info] Got 0 sessions for read:user,repo,user:email,workflow...
2025-02-04 20:16:17.655 [info] Getting sessions for user:email...
2025-02-04 20:16:17.655 [info] Got 1 sessions for user:email...
2025-02-04 20:16:17.656 [info] Getting sessions for all scopes...
2025-02-04 20:16:17.656 [info] Got 1 sessions for ...
2025-02-04 20:16:17.657 [info] Getting sessions for read:user,repo,user:email,workflow...
2025-02-04 20:16:17.657 [info] Got 0 sessions for read:user,repo,user:email,workflow...
2025-02-04 20:16:17.657 [info] Getting sessions for user:email...
2025-02-04 20:16:17.657 [info] Got 1 sessions for user:email...
2025-02-04 20:31:21.867 [info] Getting sessions for all scopes...
2025-02-04 20:31:21.867 [info] Got 1 sessions for ...
2025-02-04 20:31:21.868 [info] Getting sessions for read:user,repo,user:email,workflow...
2025-02-04 20:31:21.868 [info] Got 0 sessions for read:user,repo,user:email,workflow...
2025-02-04 20:31:21.869 [info] Getting sessions for user:email...
2025-02-04 20:31:21.869 [info] Got 1 sessions for user:email...
2025-02-04 20:31:21.869 [info] Getting sessions for all scopes...
2025-02-04 20:31:21.870 [info] Got 1 sessions for ...
2025-02-04 20:31:21.870 [info] Getting sessions for read:user,repo,user:email,workflow...
2025-02-04 20:31:21.870 [info] Got 0 sessions for read:user,repo,user:email,workflow...
2025-02-04 20:31:21.870 [info] Getting sessions for user:email...
2025-02-04 20:31:21.870 [info] Got 1 sessions for user:email...
2025-02-04 20:57:29.877 [info] Getting sessions for all scopes...
2025-02-04 20:57:29.877 [info] Got 1 sessions for ...
2025-02-04 20:57:29.879 [info] Getting sessions for read:user,repo,user:email,workflow...
2025-02-04 20:57:29.879 [info] Got 0 sessions for read:user,repo,user:email,workflow...
2025-02-04 20:57:29.881 [info] Getting sessions for user:email...
2025-02-04 20:57:29.881 [info] Got 1 sessions for user:email...
2025-02-04 20:57:30.330 [info] Getting sessions for all scopes...
2025-02-04 20:57:30.330 [info] Got 1 sessions for ...
2025-02-04 20:57:30.330 [info] Getting sessions for all scopes...
2025-02-04 20:57:30.330 [info] Got 1 sessions for ...
2025-02-04 20:57:30.332 [info] Getting sessions for read:user,repo,user:email,workflow...
2025-02-04 20:57:30.332 [info] Got 0 sessions for read:user,repo,user:email,workflow...
2025-02-04 20:57:30.333 [info] Getting sessions for user:email...
2025-02-04 20:57:30.333 [info] Got 1 sessions for user:email...
2025-02-04 20:57:30.336 [info] Getting sessions for all scopes...
2025-02-04 20:57:30.336 [info] Got 1 sessions for ...
2025-02-04 20:57:30.337 [info] Getting sessions for read:user,repo,user:email,workflow...
2025-02-04 20:57:30.337 [info] Got 0 sessions for read:user,repo,user:email,workflow...
2025-02-04 20:57:30.338 [info] Getting sessions for user:email...
2025-02-04 20:57:30.338 [info] Got 1 sessions for user:email...
2025-02-04 20:57:30.341 [info] Getting sessions for all scopes...
2025-02-04 20:57:30.341 [info] Got 1 sessions for ...
2025-02-04 20:57:30.342 [info] Getting sessions for read:user,repo,user:email,workflow...
2025-02-04 20:57:30.342 [info] Got 0 sessions for read:user,repo,user:email,workflow...
2025-02-04 20:57:30.343 [info] Getting sessions for user:email...
2025-02-04 20:57:30.343 [info] Got 1 sessions for user:email...
2025-02-04 20:57:30.346 [info] Getting sessions for all scopes...
2025-02-04 20:57:30.346 [info] Got 1 sessions for ...
2025-02-04 20:57:30.347 [info] Getting sessions for read:user,repo,user:email,workflow...
2025-02-04 20:57:30.347 [info] Got 0 sessions for read:user,repo,user:email,workflow...
2025-02-04 20:57:30.348 [info] Getting sessions for user:email...
2025-02-04 20:57:30.348 [info] Got 1 sessions for user:email...
2025-02-04 20:57:30.814 [info] Getting sessions for read:user,repo,user:email,workflow...
2025-02-04 20:57:30.814 [info] Got 0 sessions for read:user,repo,user:email,workflow...
2025-02-04 20:57:30.815 [info] Getting sessions for read:user...
2025-02-04 20:57:30.815 [info] Got 0 sessions for read:user...
2025-02-04 20:57:30.816 [info] Getting sessions for user:email...
2025-02-04 20:57:30.816 [info] Got 1 sessions for user:email...
2025-02-04 21:12:30.507 [info] Getting sessions for all scopes...
2025-02-04 21:12:30.507 [info] Got 1 sessions for ...
2025-02-04 21:12:30.508 [info] Getting sessions for read:user,repo,user:email,workflow...
2025-02-04 21:12:30.508 [info] Got 0 sessions for read:user,repo,user:email,workflow...
2025-02-04 21:12:30.508 [info] Getting sessions for user:email...
2025-02-04 21:12:30.508 [info] Got 1 sessions for user:email...
2025-02-04 21:12:30.509 [info] Getting sessions for all scopes...
2025-02-04 21:12:30.509 [info] Got 1 sessions for ...
2025-02-04 21:12:30.509 [info] Getting sessions for read:user,repo,user:email,workflow...
2025-02-04 21:12:30.509 [info] Got 0 sessions for read:user,repo,user:email,workflow...
2025-02-04 21:12:30.509 [info] Getting sessions for user:email...
2025-02-04 21:12:30.509 [info] Got 1 sessions for user:email...
2025-02-04 21:22:30.330 [info] Getting sessions for all scopes...
2025-02-04 21:22:30.330 [info] Got 1 sessions for ...
2025-02-04 21:22:30.331 [info] Getting sessions for read:user,repo,user:email,workflow...
2025-02-04 21:22:30.331 [info] Got 0 sessions for read:user,repo,user:email,workflow...
2025-02-04 21:22:30.331 [info] Getting sessions for user:email...
2025-02-04 21:22:30.331 [info] Got 1 sessions for user:email...
2025-02-04 21:22:30.939 [info] Getting sessions for all scopes...
2025-02-04 21:22:30.939 [info] Got 1 sessions for ...
2025-02-04 21:22:30.939 [info] Getting sessions for all scopes...
2025-02-04 21:22:30.939 [info] Got 1 sessions for ...
2025-02-04 21:22:30.939 [info] Getting sessions for read:user,repo,user:email,workflow...
2025-02-04 21:22:30.939 [info] Got 0 sessions for read:user,repo,user:email,workflow...
2025-02-04 21:22:30.940 [info] Getting sessions for user:email...
2025-02-04 21:22:30.940 [info] Got 1 sessions for user:email...
2025-02-04 21:22:30.940 [info] Getting sessions for all scopes...
2025-02-04 21:22:30.940 [info] Got 1 sessions for ...
2025-02-04 21:22:30.940 [info] Getting sessions for read:user,repo,user:email,workflow...
2025-02-04 21:22:30.940 [info] Got 0 sessions for read:user,repo,user:email,workflow...
2025-02-04 21:22:30.941 [info] Getting sessions for user:email...
2025-02-04 21:22:30.941 [info] Got 1 sessions for user:email...
2025-02-04 21:22:30.944 [info] Getting sessions for all scopes...
2025-02-04 21:22:30.944 [info] Got 1 sessions for ...
2025-02-04 21:22:30.944 [info] Getting sessions for read:user,repo,user:email,workflow...
2025-02-04 21:22:30.944 [info] Got 0 sessions for read:user,repo,user:email,workflow...
2025-02-04 21:22:30.945 [info] Getting sessions for user:email...
2025-02-04 21:22:30.945 [info] Got 1 sessions for user:email...
2025-02-04 21:22:30.945 [info] Getting sessions for all scopes...
2025-02-04 21:22:30.945 [info] Got 1 sessions for ...
2025-02-04 21:22:30.946 [info] Getting sessions for read:user,repo,user:email,workflow...
2025-02-04 21:22:30.946 [info] Got 0 sessions for read:user,repo,user:email,workflow...
2025-02-04 21:22:30.946 [info] Getting sessions for user:email...
2025-02-04 21:22:30.946 [info] Got 1 sessions for user:email...
2025-02-04 21:22:31.187 [info] Getting sessions for read:user,repo,user:email,workflow...
2025-02-04 21:22:31.187 [info] Got 0 sessions for read:user,repo,user:email,workflow...
2025-02-04 21:22:31.188 [info] Getting sessions for read:user...
2025-02-04 21:22:31.188 [info] Got 0 sessions for read:user...
2025-02-04 21:22:31.189 [info] Getting sessions for user:email...
2025-02-04 21:22:31.189 [info] Got 1 sessions for user:email...
2025-02-04 21:37:37.222 [info] Getting sessions for all scopes...
2025-02-04 21:37:37.222 [info] Got 1 sessions for ...
2025-02-04 21:37:37.223 [info] Getting sessions for read:user,repo,user:email,workflow...
2025-02-04 21:37:37.223 [info] Got 0 sessions for read:user,repo,user:email,workflow...
2025-02-04 21:37:37.223 [info] Getting sessions for user:email...
2025-02-04 21:37:37.223 [info] Got 1 sessions for user:email...
2025-02-04 21:37:37.224 [info] Getting sessions for all scopes...
2025-02-04 21:37:37.224 [info] Got 1 sessions for ...
2025-02-04 21:37:37.224 [info] Getting sessions for read:user,repo,user:email,workflow...
2025-02-04 21:37:37.224 [info] Got 0 sessions for read:user,repo,user:email,workflow...
2025-02-04 21:37:37.224 [info] Getting sessions for user:email...
2025-02-04 21:37:37.224 [info] Got 1 sessions for user:email...
2025-02-04 21:47:36.009 [info] Getting sessions for all scopes...
2025-02-04 21:47:36.009 [info] Got 1 sessions for ...
2025-02-04 21:47:36.010 [info] Getting sessions for read:user,repo,user:email,workflow...
2025-02-04 21:47:36.010 [info] Got 0 sessions for read:user,repo,user:email,workflow...
2025-02-04 21:47:36.010 [info] Getting sessions for user:email...
2025-02-04 21:47:36.010 [info] Got 1 sessions for user:email...
2025-02-04 21:47:36.514 [info] Getting sessions for all scopes...
2025-02-04 21:47:36.514 [info] Got 1 sessions for ...
2025-02-04 21:47:36.514 [info] Getting sessions for all scopes...
2025-02-04 21:47:36.514 [info] Got 1 sessions for ...
2025-02-04 21:47:36.514 [info] Getting sessions for read:user,repo,user:email,workflow...
2025-02-04 21:47:36.514 [info] Got 0 sessions for read:user,repo,user:email,workflow...
2025-02-04 21:47:36.514 [info] Getting sessions for user:email...
2025-02-04 21:47:36.514 [info] Got 1 sessions for user:email...
2025-02-04 21:47:36.515 [info] Getting sessions for all scopes...
2025-02-04 21:47:36.515 [info] Got 1 sessions for ...
2025-02-04 21:47:36.515 [info] Getting sessions for read:user,repo,user:email,workflow...
2025-02-04 21:47:36.515 [info] Got 0 sessions for read:user,repo,user:email,workflow...
2025-02-04 21:47:36.515 [info] Getting sessions for user:email...
2025-02-04 21:47:36.515 [info] Got 1 sessions for user:email...
2025-02-04 21:47:36.517 [info] Getting sessions for all scopes...
2025-02-04 21:47:36.517 [info] Got 1 sessions for ...
2025-02-04 21:47:36.518 [info] Getting sessions for read:user,repo,user:email,workflow...
2025-02-04 21:47:36.518 [info] Got 0 sessions for read:user,repo,user:email,workflow...
2025-02-04 21:47:36.518 [info] Getting sessions for user:email...
2025-02-04 21:47:36.518 [info] Got 1 sessions for user:email...
2025-02-04 21:47:36.717 [info] Getting sessions for read:user,repo,user:email,workflow...
2025-02-04 21:47:36.717 [info] Got 0 sessions for read:user,repo,user:email,workflow...
2025-02-04 21:47:36.755 [info] Getting sessions for read:user...
2025-02-04 21:47:36.755 [info] Got 0 sessions for read:user...
2025-02-04 21:47:36.756 [info] Getting sessions for user:email...
2025-02-04 21:47:36.756 [info] Got 1 sessions for user:email...
2025-02-04 22:02:41.144 [info] Getting sessions for all scopes...
2025-02-04 22:02:41.144 [info] Got 1 sessions for ...
2025-02-04 22:02:41.144 [info] Getting sessions for read:user,repo,user:email,workflow...
2025-02-04 22:02:41.144 [info] Got 0 sessions for read:user,repo,user:email,workflow...
2025-02-04 22:02:41.145 [info] Getting sessions for user:email...
2025-02-04 22:02:41.145 [info] Got 1 sessions for user:email...
2025-02-04 22:02:41.145 [info] Getting sessions for all scopes...
2025-02-04 22:02:41.145 [info] Got 1 sessions for ...
2025-02-04 22:02:41.145 [info] Getting sessions for read:user,repo,user:email,workflow...
2025-02-04 22:02:41.145 [info] Got 0 sessions for read:user,repo,user:email,workflow...
2025-02-04 22:02:41.146 [info] Getting sessions for user:email...
2025-02-04 22:02:41.146 [info] Got 1 sessions for user:email...
2025-02-04 22:12:45.412 [info] Getting sessions for all scopes...
2025-02-04 22:12:45.412 [info] Got 1 sessions for ...
2025-02-04 22:12:45.413 [info] Getting sessions for read:user,repo,user:email,workflow...
2025-02-04 22:12:45.413 [info] Got 0 sessions for read:user,repo,user:email,workflow...
2025-02-04 22:12:45.413 [info] Getting sessions for user:email...
2025-02-04 22:12:45.413 [info] Got 1 sessions for user:email...
2025-02-04 22:12:46.226 [info] Getting sessions for all scopes...
2025-02-04 22:12:46.226 [info] Got 1 sessions for ...
2025-02-04 22:12:46.226 [info] Getting sessions for all scopes...
2025-02-04 22:12:46.226 [info] Got 1 sessions for ...
2025-02-04 22:12:46.227 [info] Getting sessions for read:user,repo,user:email,workflow...
2025-02-04 22:12:46.227 [info] Got 0 sessions for read:user,repo,user:email,workflow...
2025-02-04 22:12:46.228 [info] Getting sessions for user:email...
2025-02-04 22:12:46.228 [info] Got 1 sessions for user:email...
2025-02-04 22:12:46.228 [info] Getting sessions for all scopes...
2025-02-04 22:12:46.228 [info] Got 1 sessions for ...
2025-02-04 22:12:46.228 [info] Getting sessions for read:user,repo,user:email,workflow...
2025-02-04 22:12:46.228 [info] Got 0 sessions for read:user,repo,user:email,workflow...
2025-02-04 22:12:46.229 [info] Getting sessions for user:email...
2025-02-04 22:12:46.229 [info] Got 1 sessions for user:email...
2025-02-04 22:12:46.231 [info] Getting sessions for all scopes...
2025-02-04 22:12:46.231 [info] Got 1 sessions for ...
2025-02-04 22:12:46.231 [info] Getting sessions for read:user,repo,user:email,workflow...
2025-02-04 22:12:46.231 [info] Got 0 sessions for read:user,repo,user:email,workflow...
2025-02-04 22:12:46.232 [info] Getting sessions for user:email...
2025-02-04 22:12:46.232 [info] Got 1 sessions for user:email...
2025-02-04 22:12:46.233 [info] Getting sessions for all scopes...
2025-02-04 22:12:46.233 [info] Got 1 sessions for ...
2025-02-04 22:12:46.233 [info] Getting sessions for read:user,repo,user:email,workflow...
2025-02-04 22:12:46.233 [info] Got 0 sessions for read:user,repo,user:email,workflow...
2025-02-04 22:12:46.233 [info] Getting sessions for user:email...
2025-02-04 22:12:46.233 [info] Got 1 sessions for user:email...
2025-02-04 22:12:47.081 [info] Getting sessions for read:user,repo,user:email,workflow...
2025-02-04 22:12:47.081 [info] Got 0 sessions for read:user,repo,user:email,workflow...
2025-02-04 22:12:47.082 [info] Getting sessions for read:user...
2025-02-04 22:12:47.082 [info] Got 0 sessions for read:user...
2025-02-04 22:12:47.082 [info] Getting sessions for user:email...
2025-02-04 22:12:47.083 [info] Got 1 sessions for user:email...
