> Build starts at 2025-02-02 12:35:56
Task :shared:compileJava started
Task :shared:compileJava UP-TO-DATE
------

> Build starts at 2025-02-02 12:35:57
Task :manager:compileJava started
Task :manager:compileJava UP-TO-DATE
------

> Build starts at 2025-02-02 12:35:58
Task :compileJava started
Task :compileJava UP-TO-DATE
------

> Build starts at 2025-02-02 12:35:58
Task :shared:compileTestJava started
Task :shared:compileTestJava UP-TO-DATE
------

> Build starts at 2025-02-02 12:35:58
Task :compileTestJava started
Task :compileTestJava skipped
------

> Build starts at 2025-02-02 12:40:07
Task :shared:compileJava started
Task :shared:compileJava UP-TO-DATE
------

> Build starts at 2025-02-02 12:40:07
Task :manager:compileJava started
Task :manager:compileJava UP-TO-DATE
------

> Build starts at 2025-02-02 12:40:07
Task :compileJava started
Task :compileJava UP-TO-DATE
------

> Build starts at 2025-02-02 12:40:07
Task :shared:compileTestJava started
Task :shared:compileTestJava UP-TO-DATE
------

> Build starts at 2025-02-02 12:40:07
Task :compileTestJava started
Task :compileTestJava skipped
------

> Build starts at 2025-02-02 12:40:37
Task :shared:compileJava started
Task :shared:compileJava UP-TO-DATE
------

> Build starts at 2025-02-02 12:40:37
Task :manager:compileJava started
Task :manager:compileJava UP-TO-DATE
------

> Build starts at 2025-02-02 12:40:38
Task :compileJava started
Task :compileJava UP-TO-DATE
------

> Build starts at 2025-02-02 12:40:38
Task :shared:compileTestJava started
Task :shared:compileTestJava UP-TO-DATE
------

> Build starts at 2025-02-02 12:40:38
Task :compileTestJava started
Task :compileTestJava skipped
------

> Build starts at 2025-02-02 12:41:04
Task :shared:compileJava started
Task :shared:compileJava UP-TO-DATE
------

> Build starts at 2025-02-02 12:41:04
Task :manager:compileJava started
Task :manager:compileJava UP-TO-DATE
------

> Build starts at 2025-02-02 12:41:05
Task :compileJava started
Task :compileJava UP-TO-DATE
------

> Build starts at 2025-02-02 12:41:05
Task :shared:compileTestJava started
Task :shared:compileTestJava UP-TO-DATE
------

> Build starts at 2025-02-02 12:41:05
Task :compileTestJava started
Task :compileTestJava skipped
------

> Build starts at 2025-02-02 12:43:31
Task :shared:compileJava started
Task :shared:compileJava UP-TO-DATE
------

> Build starts at 2025-02-02 12:43:31
Task :manager:compileJava started
Task :manager:compileJava UP-TO-DATE
------

> Build starts at 2025-02-02 12:43:31
Task :compileJava started
Task :compileJava UP-TO-DATE
------

> Build starts at 2025-02-02 12:43:31
Task :shared:compileTestJava started
Task :shared:compileTestJava UP-TO-DATE
------

> Build starts at 2025-02-02 12:43:31
Task :compileTestJava started
Task :compileTestJava skipped
------

> Build starts at 2025-02-02 12:43:59
Task :shared:compileJava started
Task :shared:compileJava UP-TO-DATE
------

> Build starts at 2025-02-02 12:43:59
Task :manager:compileJava started
Task :manager:compileJava UP-TO-DATE
------

> Build starts at 2025-02-02 12:43:59
Task :compileJava started
Task :compileJava UP-TO-DATE
------

> Build starts at 2025-02-02 12:43:59
Task :shared:compileTestJava started
Task :shared:compileTestJava UP-TO-DATE
------

> Build starts at 2025-02-02 12:44:00
Task :compileTestJava started
Task :compileTestJava skipped
------

> Build starts at 2025-02-02 12:46:59
Task :shared:compileJava started
Task :shared:compileJava UP-TO-DATE
------

> Build starts at 2025-02-02 12:46:59
Task :manager:compileJava started
Task :manager:compileJava UP-TO-DATE
------

> Build starts at 2025-02-02 12:46:59
Task :compileJava started
Task :compileJava UP-TO-DATE
------

> Build starts at 2025-02-02 12:47:00
Task :shared:compileTestJava started
Task :shared:compileTestJava UP-TO-DATE
------

> Build starts at 2025-02-02 12:47:00
Task :compileTestJava started
Task :compileTestJava skipped
------

