[INFO - 12:33:12] Use build kind: WRAPPER
[INFO - 12:33:12] Gradle version: 8.11.1
[INFO - 12:33:12] Sending response 'build/initialize'. Processing request took 13 ms.
[INFO - 12:33:19] Found 6 build targets during initialization.
[INFO - 12:33:19] Sending response 'workspace/buildTargets'. Processing request took 7550 ms.
[INFO - 12:33:21] Sending response 'workspace/buildTargets'. Processing request took 0 ms.
[INFO - 12:33:21] Sending response 'buildTarget/outputPaths'. Processing request took 0 ms.
[INFO - 12:33:21] Sending response 'buildTarget/sources'. Processing request took 0 ms.
[INFO - 12:33:21] Sending response 'buildTarget/resources'. Processing request took 0 ms.
[INFO - 12:33:21] Sending response 'buildTarget/outputPaths'. Processing request took 0 ms.
[INFO - 12:33:21] Sending response 'buildTarget/sources'. Processing request took 0 ms.
[INFO - 12:33:21] Sending response 'buildTarget/resources'. Processing request took 0 ms.
[INFO - 12:33:21] Sending response 'buildTarget/dependencyModules'. Processing request took 0 ms.
[INFO - 12:33:21] Sending response 'buildTarget/dependencyModules'. Processing request took 0 ms.
[INFO - 12:33:21] Sending response 'buildTarget/javacOptions'. Processing request took 3 ms.
[INFO - 12:33:21] Sending response 'workspace/buildTargets'. Processing request took 0 ms.
[INFO - 12:33:21] Sending response 'buildTarget/outputPaths'. Processing request took 0 ms.
[INFO - 12:33:21] Sending response 'buildTarget/sources'. Processing request took 0 ms.
[INFO - 12:33:21] Sending response 'buildTarget/resources'. Processing request took 0 ms.
[INFO - 12:33:21] Sending response 'buildTarget/outputPaths'. Processing request took 0 ms.
[INFO - 12:33:21] Sending response 'buildTarget/sources'. Processing request took 0 ms.
[INFO - 12:33:21] Sending response 'buildTarget/resources'. Processing request took 0 ms.
[INFO - 12:33:21] Sending response 'buildTarget/dependencyModules'. Processing request took 0 ms.
[INFO - 12:33:21] Sending response 'buildTarget/dependencyModules'. Processing request took 0 ms.
[INFO - 12:33:21] Sending response 'buildTarget/javacOptions'. Processing request took 1 ms.
[INFO - 12:33:21] Sending response 'workspace/buildTargets'. Processing request took 0 ms.
[INFO - 12:33:21] Sending response 'buildTarget/outputPaths'. Processing request took 0 ms.
[INFO - 12:33:21] Sending response 'buildTarget/sources'. Processing request took 0 ms.
[INFO - 12:33:21] Sending response 'buildTarget/resources'. Processing request took 0 ms.
[INFO - 12:33:21] Sending response 'buildTarget/outputPaths'. Processing request took 0 ms.
[INFO - 12:33:21] Sending response 'buildTarget/sources'. Processing request took 0 ms.
[INFO - 12:33:21] Sending response 'buildTarget/resources'. Processing request took 0 ms.
[INFO - 12:33:21] Sending response 'buildTarget/dependencyModules'. Processing request took 0 ms.
[INFO - 12:33:21] Sending response 'buildTarget/dependencyModules'. Processing request took 0 ms.
[INFO - 12:33:21] Sending response 'buildTarget/javacOptions'. Processing request took 1 ms.
[INFO - 12:33:21] Sending response 'workspace/buildTargets'. Processing request took 0 ms.
[INFO - 12:33:21] Sending response 'workspace/buildTargets'. Processing request took 0 ms.
[INFO - 12:33:21] Sending response 'workspace/buildTargets'. Processing request took 0 ms.
[INFO - 12:35:54] Sending response 'workspace/buildTargets'. Processing request took 0 ms.
[INFO - 12:35:58] Sending response 'buildTarget/compile'. Processing request took 4501 ms.
[INFO - 12:40:06] Sending response 'workspace/buildTargets'. Processing request took 0 ms.
[INFO - 12:40:08] Sending response 'buildTarget/compile'. Processing request took 1053 ms.
[INFO - 12:40:37] Sending response 'workspace/buildTargets'. Processing request took 0 ms.
[INFO - 12:40:38] Sending response 'buildTarget/compile'. Processing request took 958 ms.
[INFO - 12:41:04] Sending response 'workspace/buildTargets'. Processing request took 0 ms.
[INFO - 12:41:05] Sending response 'buildTarget/compile'. Processing request took 839 ms.
[INFO - 12:43:31] Sending response 'workspace/buildTargets'. Processing request took 0 ms.
[INFO - 12:43:31] Sending response 'buildTarget/compile'. Processing request took 745 ms.
[INFO - 12:43:59] Sending response 'workspace/buildTargets'. Processing request took 0 ms.
[INFO - 12:44:00] Sending response 'buildTarget/compile'. Processing request took 672 ms.
[INFO - 12:46:59] Sending response 'workspace/buildTargets'. Processing request took 0 ms.
[INFO - 12:47:00] Sending response 'buildTarget/compile'. Processing request took 623 ms.
