2025-02-02 13:56:02.076 [info] [main] Log level: Info
2025-02-02 13:56:02.076 [info] [main] Validating found git in: "git"
2025-02-02 13:56:02.076 [info] [main] Using git "2.47.0" from "git"
2025-02-02 13:56:02.076 [info] [Model][doInitialScan] Initial repository scan started
2025-02-02 13:56:02.076 [info] [Model][doInitialScan] Initial repository scan completed - repositories (0), closed repositories (0), parent repositories (0), unsafe repositories (0)
2025-02-02 13:56:19.221 [info] [main] Log level: Info
2025-02-02 13:56:19.221 [info] [main] Validating found git in: "git"
2025-02-02 13:56:19.221 [info] [main] Using git "2.47.0" from "git"
2025-02-02 13:56:19.221 [info] [Model][doInitialScan] Initial repository scan started
2025-02-02 13:56:19.221 [info] > git rev-parse --show-toplevel [6ms]
2025-02-02 13:56:20.004 [info] > git rev-parse --show-toplevel [772ms]
2025-02-02 13:56:20.323 [info] > git rev-parse --show-toplevel [6ms]
2025-02-02 13:56:20.359 [info] > git rev-parse --show-toplevel [13ms]
2025-02-02 13:56:20.379 [info] [Model][doInitialScan] Initial repository scan completed - repositories (0), closed repositories (0), parent repositories (1), unsafe repositories (0)
2025-02-02 13:56:20.396 [info] > git rev-parse --show-toplevel [4ms]
2025-02-02 14:17:46.392 [info] > git rev-parse --show-toplevel [2ms]
2025-02-02 16:55:21.943 [info] > git rev-parse --show-toplevel [1ms]
2025-02-02 16:55:21.961 [info] > git rev-parse --show-toplevel [2ms]
2025-02-02 16:56:04.713 [info] > git rev-parse --show-toplevel [2ms]
2025-02-02 16:56:04.855 [info] > git rev-parse --show-toplevel [4ms]
2025-02-02 19:10:03.171 [info] > git rev-parse --show-toplevel [1ms]
2025-02-02 19:10:03.191 [info] > git rev-parse --show-toplevel [2ms]
