2025-02-04 18:35:58.355 [info] Reading sessions from keychain...
2025-02-04 18:35:58.355 [info] Getting sessions for all scopes...
2025-02-04 18:35:58.355 [info] Getting sessions for all scopes...
2025-02-04 18:35:58.355 [info] Getting sessions for all scopes...
2025-02-04 18:35:58.355 [info] Getting sessions for all scopes...
2025-02-04 18:35:58.355 [info] Getting sessions for all scopes...
2025-02-04 18:35:58.355 [info] Getting sessions for all scopes...
2025-02-04 18:35:58.355 [info] Getting sessions for all scopes...
2025-02-04 18:35:58.355 [info] Getting sessions for all scopes...
2025-02-04 18:35:58.355 [info] Got stored sessions!
2025-02-04 18:35:58.355 [info] Got 1 verified sessions.
2025-02-04 18:35:58.355 [info] Got 1 sessions for ...
2025-02-04 18:35:58.355 [info] Got 1 sessions for ...
2025-02-04 18:35:58.355 [info] Got 1 sessions for ...
2025-02-04 18:35:58.355 [info] Got 1 sessions for ...
2025-02-04 18:35:58.355 [info] Got 1 sessions for ...
2025-02-04 18:35:58.355 [info] Got 1 sessions for ...
2025-02-04 18:35:58.355 [info] Got 1 sessions for ...
2025-02-04 18:35:58.355 [info] Got 1 sessions for ...
2025-02-04 18:36:00.503 [info] Getting sessions for all scopes...
2025-02-04 18:36:00.503 [info] Got 1 sessions for ...
2025-02-04 18:36:00.579 [info] Getting sessions for read:user,repo,user:email,workflow...
2025-02-04 18:36:00.579 [info] Got 0 sessions for read:user,repo,user:email,workflow...
2025-02-04 18:36:00.581 [info] Getting sessions for all scopes...
2025-02-04 18:36:00.581 [info] Got 1 sessions for ...
2025-02-04 18:36:00.582 [info] Getting sessions for all scopes...
2025-02-04 18:36:00.582 [info] Got 1 sessions for ...
2025-02-04 18:36:00.683 [info] Getting sessions for read:user...
2025-02-04 18:36:00.683 [info] Got 0 sessions for read:user...
2025-02-04 18:36:00.685 [info] Getting sessions for read:user,repo,user:email,workflow...
2025-02-04 18:36:00.685 [info] Got 0 sessions for read:user,repo,user:email,workflow...
2025-02-04 18:36:00.767 [info] Getting sessions for user:email...
2025-02-04 18:36:00.767 [info] Got 1 sessions for user:email...
2025-02-04 18:36:00.767 [info] Getting sessions for user:email...
2025-02-04 18:36:00.767 [info] Got 1 sessions for user:email...
2025-02-04 18:36:00.844 [info] Getting sessions for all scopes...
2025-02-04 18:36:00.844 [info] Got 1 sessions for ...
2025-02-04 18:36:00.844 [info] Getting sessions for all scopes...
2025-02-04 18:36:00.844 [info] Got 1 sessions for ...
2025-02-04 18:36:02.065 [info] Getting sessions for read:user,repo,user:email,workflow...
2025-02-04 18:36:02.065 [info] Got 0 sessions for read:user,repo,user:email,workflow...
2025-02-04 18:36:02.080 [info] Getting sessions for user:email...
2025-02-04 18:36:02.080 [info] Got 1 sessions for user:email...
2025-02-04 18:36:02.694 [info] Getting sessions for all scopes...
2025-02-04 18:36:02.694 [info] Got 1 sessions for ...
2025-02-04 18:36:02.695 [info] Getting sessions for all scopes...
2025-02-04 18:36:02.695 [info] Got 1 sessions for ...
2025-02-04 18:36:02.704 [info] Getting sessions for read:user,repo,user:email,workflow...
2025-02-04 18:36:02.704 [info] Got 0 sessions for read:user,repo,user:email,workflow...
2025-02-04 18:36:02.705 [info] Getting sessions for user:email...
2025-02-04 18:36:02.705 [info] Got 1 sessions for user:email...
2025-02-04 18:36:02.709 [info] Getting sessions for all scopes...
2025-02-04 18:36:02.709 [info] Got 1 sessions for ...
2025-02-04 18:36:02.710 [info] Getting sessions for read:user,repo,user:email,workflow...
2025-02-04 18:36:02.710 [info] Got 0 sessions for read:user,repo,user:email,workflow...
2025-02-04 18:36:02.711 [info] Getting sessions for user:email...
2025-02-04 18:36:02.711 [info] Got 1 sessions for user:email...
2025-02-04 18:36:02.795 [info] Getting sessions for all scopes...
2025-02-04 18:36:02.795 [info] Got 1 sessions for ...
2025-02-04 18:36:02.799 [info] Getting sessions for read:user,repo,user:email,workflow...
2025-02-04 18:36:02.799 [info] Got 0 sessions for read:user,repo,user:email,workflow...
2025-02-04 18:36:02.800 [info] Getting sessions for user:email...
2025-02-04 18:36:02.800 [info] Got 1 sessions for user:email...
2025-02-04 18:36:03.106 [info] Getting sessions for read:user,repo,user:email,workflow...
2025-02-04 18:36:03.106 [info] Got 0 sessions for read:user,repo,user:email,workflow...
2025-02-04 18:36:03.127 [info] Getting sessions for read:user...
2025-02-04 18:36:03.127 [info] Got 0 sessions for read:user...
2025-02-04 18:36:03.130 [info] Getting sessions for user:email...
2025-02-04 18:36:03.130 [info] Got 1 sessions for user:email...
2025-02-04 18:36:03.638 [info] Getting sessions for all scopes...
2025-02-04 18:36:03.638 [info] Got 1 sessions for ...
2025-02-04 18:36:03.639 [info] Getting sessions for read:user,repo,user:email,workflow...
2025-02-04 18:36:03.639 [info] Got 0 sessions for read:user,repo,user:email,workflow...
2025-02-04 18:36:03.640 [info] Getting sessions for user:email...
2025-02-04 18:36:03.640 [info] Got 1 sessions for user:email...
2025-02-04 18:51:03.644 [info] Getting sessions for all scopes...
2025-02-04 18:51:03.644 [info] Got 1 sessions for ...
2025-02-04 18:51:03.645 [info] Getting sessions for read:user,repo,user:email,workflow...
2025-02-04 18:51:03.645 [info] Got 0 sessions for read:user,repo,user:email,workflow...
2025-02-04 18:51:03.645 [info] Getting sessions for user:email...
2025-02-04 18:51:03.645 [info] Got 1 sessions for user:email...
2025-02-04 18:51:03.664 [info] Getting sessions for all scopes...
2025-02-04 18:51:03.664 [info] Got 1 sessions for ...
2025-02-04 18:51:03.665 [info] Getting sessions for read:user,repo,user:email,workflow...
2025-02-04 18:51:03.665 [info] Got 0 sessions for read:user,repo,user:email,workflow...
2025-02-04 18:51:03.665 [info] Getting sessions for user:email...
2025-02-04 18:51:03.665 [info] Got 1 sessions for user:email...
2025-02-04 19:01:02.602 [info] Getting sessions for read:user,repo,user:email,workflow...
2025-02-04 19:01:02.602 [info] Got 0 sessions for read:user,repo,user:email,workflow...
2025-02-04 19:01:02.603 [info] Getting sessions for read:user...
2025-02-04 19:01:02.603 [info] Got 0 sessions for read:user...
2025-02-04 19:01:02.603 [info] Getting sessions for user:email...
2025-02-04 19:01:02.603 [info] Got 1 sessions for user:email...
2025-02-04 19:01:02.668 [info] Getting sessions for all scopes...
2025-02-04 19:01:02.668 [info] Got 1 sessions for ...
2025-02-04 19:01:02.669 [info] Getting sessions for read:user,repo,user:email,workflow...
2025-02-04 19:01:02.669 [info] Got 0 sessions for read:user,repo,user:email,workflow...
2025-02-04 19:01:02.669 [info] Getting sessions for user:email...
2025-02-04 19:01:02.669 [info] Got 1 sessions for user:email...
2025-02-04 19:01:03.439 [info] Getting sessions for all scopes...
2025-02-04 19:01:03.439 [info] Got 1 sessions for ...
2025-02-04 19:01:03.439 [info] Getting sessions for all scopes...
2025-02-04 19:01:03.439 [info] Got 1 sessions for ...
2025-02-04 19:01:03.440 [info] Getting sessions for read:user,repo,user:email,workflow...
2025-02-04 19:01:03.440 [info] Got 0 sessions for read:user,repo,user:email,workflow...
2025-02-04 19:01:03.441 [info] Getting sessions for user:email...
2025-02-04 19:01:03.441 [info] Got 1 sessions for user:email...
2025-02-04 19:01:03.441 [info] Getting sessions for all scopes...
2025-02-04 19:01:03.441 [info] Got 1 sessions for ...
2025-02-04 19:01:03.442 [info] Getting sessions for read:user,repo,user:email,workflow...
2025-02-04 19:01:03.442 [info] Got 0 sessions for read:user,repo,user:email,workflow...
2025-02-04 19:01:03.442 [info] Getting sessions for user:email...
2025-02-04 19:01:03.442 [info] Got 1 sessions for user:email...
2025-02-04 19:01:03.444 [info] Getting sessions for all scopes...
2025-02-04 19:01:03.444 [info] Got 1 sessions for ...
2025-02-04 19:01:03.445 [info] Getting sessions for read:user,repo,user:email,workflow...
2025-02-04 19:01:03.445 [info] Got 0 sessions for read:user,repo,user:email,workflow...
2025-02-04 19:01:03.445 [info] Getting sessions for user:email...
2025-02-04 19:01:03.445 [info] Got 1 sessions for user:email...
2025-02-04 19:16:03.447 [info] Getting sessions for all scopes...
2025-02-04 19:16:03.447 [info] Got 1 sessions for ...
2025-02-04 19:16:03.448 [info] Getting sessions for read:user,repo,user:email,workflow...
2025-02-04 19:16:03.448 [info] Got 0 sessions for read:user,repo,user:email,workflow...
2025-02-04 19:16:03.448 [info] Getting sessions for user:email...
2025-02-04 19:16:03.448 [info] Got 1 sessions for user:email...
2025-02-04 19:16:03.449 [info] Getting sessions for all scopes...
2025-02-04 19:16:03.449 [info] Got 1 sessions for ...
2025-02-04 19:16:03.449 [info] Getting sessions for read:user,repo,user:email,workflow...
2025-02-04 19:16:03.449 [info] Got 0 sessions for read:user,repo,user:email,workflow...
2025-02-04 19:16:03.450 [info] Getting sessions for user:email...
2025-02-04 19:16:03.450 [info] Got 1 sessions for user:email...
2025-02-04 19:26:03.001 [info] Getting sessions for read:user,repo,user:email,workflow...
2025-02-04 19:26:03.001 [info] Got 0 sessions for read:user,repo,user:email,workflow...
2025-02-04 19:26:03.002 [info] Getting sessions for read:user...
2025-02-04 19:26:03.002 [info] Got 0 sessions for read:user...
2025-02-04 19:26:03.003 [info] Getting sessions for user:email...
2025-02-04 19:26:03.003 [info] Got 1 sessions for user:email...
2025-02-04 19:26:03.439 [info] Getting sessions for all scopes...
2025-02-04 19:26:03.439 [info] Got 1 sessions for ...
2025-02-04 19:26:03.440 [info] Getting sessions for read:user,repo,user:email,workflow...
2025-02-04 19:26:03.440 [info] Got 0 sessions for read:user,repo,user:email,workflow...
2025-02-04 19:26:03.440 [info] Getting sessions for user:email...
2025-02-04 19:26:03.440 [info] Got 1 sessions for user:email...
2025-02-04 19:26:04.030 [info] Getting sessions for all scopes...
2025-02-04 19:26:04.030 [info] Got 1 sessions for ...
2025-02-04 19:26:04.030 [info] Getting sessions for all scopes...
2025-02-04 19:26:04.030 [info] Got 1 sessions for ...
2025-02-04 19:26:04.031 [info] Getting sessions for read:user,repo,user:email,workflow...
2025-02-04 19:26:04.031 [info] Got 0 sessions for read:user,repo,user:email,workflow...
2025-02-04 19:26:04.031 [info] Getting sessions for user:email...
2025-02-04 19:26:04.031 [info] Got 1 sessions for user:email...
2025-02-04 19:26:04.032 [info] Getting sessions for all scopes...
2025-02-04 19:26:04.032 [info] Got 1 sessions for ...
2025-02-04 19:26:04.033 [info] Getting sessions for read:user,repo,user:email,workflow...
2025-02-04 19:26:04.033 [info] Got 0 sessions for read:user,repo,user:email,workflow...
2025-02-04 19:26:04.033 [info] Getting sessions for user:email...
2025-02-04 19:26:04.033 [info] Got 1 sessions for user:email...
2025-02-04 19:26:04.036 [info] Getting sessions for all scopes...
2025-02-04 19:26:04.036 [info] Got 1 sessions for ...
2025-02-04 19:26:04.036 [info] Getting sessions for read:user,repo,user:email,workflow...
2025-02-04 19:26:04.036 [info] Got 0 sessions for read:user,repo,user:email,workflow...
2025-02-04 19:26:04.037 [info] Getting sessions for user:email...
2025-02-04 19:26:04.037 [info] Got 1 sessions for user:email...
2025-02-04 19:26:04.038 [info] Getting sessions for all scopes...
2025-02-04 19:26:04.038 [info] Got 1 sessions for ...
2025-02-04 19:26:04.039 [info] Getting sessions for read:user,repo,user:email,workflow...
2025-02-04 19:26:04.039 [info] Got 0 sessions for read:user,repo,user:email,workflow...
2025-02-04 19:26:04.039 [info] Getting sessions for user:email...
2025-02-04 19:26:04.039 [info] Got 1 sessions for user:email...
2025-02-04 19:41:04.457 [info] Getting sessions for all scopes...
2025-02-04 19:41:04.457 [info] Got 1 sessions for ...
2025-02-04 19:41:04.458 [info] Getting sessions for read:user,repo,user:email,workflow...
2025-02-04 19:41:04.458 [info] Got 0 sessions for read:user,repo,user:email,workflow...
2025-02-04 19:41:04.458 [info] Getting sessions for user:email...
2025-02-04 19:41:04.458 [info] Got 1 sessions for user:email...
2025-02-04 19:41:04.459 [info] Getting sessions for all scopes...
2025-02-04 19:41:04.459 [info] Got 1 sessions for ...
2025-02-04 19:41:04.459 [info] Getting sessions for read:user,repo,user:email,workflow...
2025-02-04 19:41:04.459 [info] Got 0 sessions for read:user,repo,user:email,workflow...
2025-02-04 19:41:04.460 [info] Getting sessions for user:email...
2025-02-04 19:41:04.460 [info] Got 1 sessions for user:email...
2025-02-04 19:51:03.350 [info] Getting sessions for read:user,repo,user:email,workflow...
2025-02-04 19:51:03.350 [info] Got 0 sessions for read:user,repo,user:email,workflow...
2025-02-04 19:51:03.351 [info] Getting sessions for read:user...
2025-02-04 19:51:03.351 [info] Got 0 sessions for read:user...
2025-02-04 19:51:03.351 [info] Getting sessions for user:email...
2025-02-04 19:51:03.351 [info] Got 1 sessions for user:email...
2025-02-04 19:51:04.030 [info] Getting sessions for all scopes...
2025-02-04 19:51:04.030 [info] Got 1 sessions for ...
2025-02-04 19:51:04.031 [info] Getting sessions for read:user,repo,user:email,workflow...
2025-02-04 19:51:04.031 [info] Got 0 sessions for read:user,repo,user:email,workflow...
2025-02-04 19:51:04.031 [info] Getting sessions for user:email...
2025-02-04 19:51:04.031 [info] Got 1 sessions for user:email...
2025-02-04 19:51:04.581 [info] Getting sessions for all scopes...
2025-02-04 19:51:04.581 [info] Got 1 sessions for ...
2025-02-04 19:51:04.581 [info] Getting sessions for all scopes...
2025-02-04 19:51:04.581 [info] Got 1 sessions for ...
2025-02-04 19:51:04.581 [info] Getting sessions for read:user,repo,user:email,workflow...
2025-02-04 19:51:04.581 [info] Got 0 sessions for read:user,repo,user:email,workflow...
2025-02-04 19:51:04.582 [info] Getting sessions for user:email...
2025-02-04 19:51:04.582 [info] Got 1 sessions for user:email...
2025-02-04 19:51:04.582 [info] Getting sessions for all scopes...
2025-02-04 19:51:04.582 [info] Got 1 sessions for ...
2025-02-04 19:51:04.597 [info] Getting sessions for read:user,repo,user:email,workflow...
2025-02-04 19:51:04.598 [info] Got 0 sessions for read:user,repo,user:email,workflow...
2025-02-04 19:51:04.598 [info] Getting sessions for user:email...
2025-02-04 19:51:04.598 [info] Got 1 sessions for user:email...
2025-02-04 19:51:04.601 [info] Getting sessions for all scopes...
2025-02-04 19:51:04.601 [info] Got 1 sessions for ...
2025-02-04 19:51:04.602 [info] Getting sessions for read:user,repo,user:email,workflow...
2025-02-04 19:51:04.602 [info] Got 0 sessions for read:user,repo,user:email,workflow...
2025-02-04 19:51:04.602 [info] Getting sessions for user:email...
2025-02-04 19:51:04.602 [info] Got 1 sessions for user:email...
2025-02-04 20:06:04.604 [info] Getting sessions for all scopes...
2025-02-04 20:06:04.607 [info] Got 1 sessions for ...
2025-02-04 20:06:04.608 [info] Getting sessions for read:user,repo,user:email,workflow...
2025-02-04 20:06:04.608 [info] Got 0 sessions for read:user,repo,user:email,workflow...
2025-02-04 20:06:04.609 [info] Getting sessions for user:email...
2025-02-04 20:06:04.609 [info] Got 1 sessions for user:email...
2025-02-04 20:06:04.609 [info] Getting sessions for all scopes...
2025-02-04 20:06:04.609 [info] Got 1 sessions for ...
2025-02-04 20:06:04.610 [info] Getting sessions for read:user,repo,user:email,workflow...
2025-02-04 20:06:04.610 [info] Got 0 sessions for read:user,repo,user:email,workflow...
2025-02-04 20:06:04.610 [info] Getting sessions for user:email...
2025-02-04 20:06:04.610 [info] Got 1 sessions for user:email...
2025-02-04 20:16:08.524 [info] Getting sessions for read:user,repo,user:email,workflow...
2025-02-04 20:16:08.525 [info] Got 0 sessions for read:user,repo,user:email,workflow...
2025-02-04 20:16:08.525 [info] Getting sessions for read:user...
2025-02-04 20:16:08.525 [info] Got 0 sessions for read:user...
2025-02-04 20:16:08.526 [info] Getting sessions for user:email...
2025-02-04 20:16:08.526 [info] Got 1 sessions for user:email...
2025-02-04 20:16:09.186 [info] Getting sessions for all scopes...
2025-02-04 20:16:09.186 [info] Got 1 sessions for ...
2025-02-04 20:16:09.187 [info] Getting sessions for read:user,repo,user:email,workflow...
2025-02-04 20:16:09.187 [info] Got 0 sessions for read:user,repo,user:email,workflow...
2025-02-04 20:16:09.187 [info] Getting sessions for user:email...
2025-02-04 20:16:09.187 [info] Got 1 sessions for user:email...
2025-02-04 20:16:10.125 [info] Getting sessions for all scopes...
2025-02-04 20:16:10.125 [info] Got 1 sessions for ...
2025-02-04 20:16:10.125 [info] Getting sessions for all scopes...
2025-02-04 20:16:10.125 [info] Got 1 sessions for ...
2025-02-04 20:16:10.126 [info] Getting sessions for read:user,repo,user:email,workflow...
2025-02-04 20:16:10.126 [info] Got 0 sessions for read:user,repo,user:email,workflow...
2025-02-04 20:16:10.127 [info] Getting sessions for user:email...
2025-02-04 20:16:10.127 [info] Got 1 sessions for user:email...
2025-02-04 20:16:10.127 [info] Getting sessions for all scopes...
2025-02-04 20:16:10.127 [info] Got 1 sessions for ...
2025-02-04 20:16:10.128 [info] Getting sessions for read:user,repo,user:email,workflow...
2025-02-04 20:16:10.128 [info] Got 0 sessions for read:user,repo,user:email,workflow...
2025-02-04 20:16:10.128 [info] Getting sessions for user:email...
2025-02-04 20:16:10.128 [info] Got 1 sessions for user:email...
2025-02-04 20:16:10.130 [info] Getting sessions for all scopes...
2025-02-04 20:16:10.130 [info] Got 1 sessions for ...
2025-02-04 20:16:10.131 [info] Getting sessions for read:user,repo,user:email,workflow...
2025-02-04 20:16:10.131 [info] Got 0 sessions for read:user,repo,user:email,workflow...
2025-02-04 20:16:10.132 [info] Getting sessions for user:email...
2025-02-04 20:16:10.132 [info] Got 1 sessions for user:email...
2025-02-04 20:16:10.133 [info] Getting sessions for all scopes...
2025-02-04 20:16:10.133 [info] Got 1 sessions for ...
2025-02-04 20:16:10.133 [info] Getting sessions for read:user,repo,user:email,workflow...
2025-02-04 20:16:10.133 [info] Got 0 sessions for read:user,repo,user:email,workflow...
2025-02-04 20:16:10.134 [info] Getting sessions for user:email...
2025-02-04 20:16:10.134 [info] Got 1 sessions for user:email...
2025-02-04 20:31:14.669 [info] Getting sessions for all scopes...
2025-02-04 20:31:14.669 [info] Got 1 sessions for ...
2025-02-04 20:31:14.669 [info] Getting sessions for read:user,repo,user:email,workflow...
2025-02-04 20:31:14.670 [info] Got 0 sessions for read:user,repo,user:email,workflow...
2025-02-04 20:31:14.670 [info] Getting sessions for user:email...
2025-02-04 20:31:14.670 [info] Got 1 sessions for user:email...
2025-02-04 20:31:14.671 [info] Getting sessions for all scopes...
2025-02-04 20:31:14.671 [info] Got 1 sessions for ...
2025-02-04 20:31:14.671 [info] Getting sessions for read:user,repo,user:email,workflow...
2025-02-04 20:31:14.671 [info] Got 0 sessions for read:user,repo,user:email,workflow...
2025-02-04 20:31:14.672 [info] Getting sessions for user:email...
2025-02-04 20:31:14.672 [info] Got 1 sessions for user:email...
2025-02-04 20:57:21.138 [info] Getting sessions for read:user,repo,user:email,workflow...
2025-02-04 20:57:21.139 [info] Got 0 sessions for read:user,repo,user:email,workflow...
2025-02-04 20:57:21.139 [info] Getting sessions for read:user...
2025-02-04 20:57:21.139 [info] Got 0 sessions for read:user...
2025-02-04 20:57:21.139 [info] Getting sessions for user:email...
2025-02-04 20:57:21.139 [info] Got 1 sessions for user:email...
2025-02-04 20:57:22.354 [info] Getting sessions for all scopes...
2025-02-04 20:57:22.354 [info] Got 1 sessions for ...
2025-02-04 20:57:22.355 [info] Getting sessions for read:user,repo,user:email,workflow...
2025-02-04 20:57:22.355 [info] Got 0 sessions for read:user,repo,user:email,workflow...
2025-02-04 20:57:22.355 [info] Getting sessions for user:email...
2025-02-04 20:57:22.355 [info] Got 1 sessions for user:email...
2025-02-04 20:57:22.899 [info] Getting sessions for all scopes...
2025-02-04 20:57:22.899 [info] Got 1 sessions for ...
2025-02-04 20:57:22.899 [info] Getting sessions for all scopes...
2025-02-04 20:57:22.899 [info] Got 1 sessions for ...
2025-02-04 20:57:22.900 [info] Getting sessions for read:user,repo,user:email,workflow...
2025-02-04 20:57:22.900 [info] Got 0 sessions for read:user,repo,user:email,workflow...
2025-02-04 20:57:22.900 [info] Getting sessions for user:email...
2025-02-04 20:57:22.900 [info] Got 1 sessions for user:email...
2025-02-04 20:57:22.901 [info] Getting sessions for all scopes...
2025-02-04 20:57:22.901 [info] Got 1 sessions for ...
2025-02-04 20:57:22.901 [info] Getting sessions for read:user,repo,user:email,workflow...
2025-02-04 20:57:22.901 [info] Got 0 sessions for read:user,repo,user:email,workflow...
2025-02-04 20:57:22.901 [info] Getting sessions for user:email...
2025-02-04 20:57:22.901 [info] Got 1 sessions for user:email...
2025-02-04 20:57:22.904 [info] Getting sessions for all scopes...
2025-02-04 20:57:22.904 [info] Got 1 sessions for ...
2025-02-04 20:57:22.904 [info] Getting sessions for read:user,repo,user:email,workflow...
2025-02-04 20:57:22.904 [info] Got 0 sessions for read:user,repo,user:email,workflow...
2025-02-04 20:57:22.905 [info] Getting sessions for user:email...
2025-02-04 20:57:22.905 [info] Got 1 sessions for user:email...
2025-02-04 20:57:22.907 [info] Getting sessions for all scopes...
2025-02-04 20:57:22.907 [info] Got 1 sessions for ...
2025-02-04 20:57:22.907 [info] Getting sessions for read:user,repo,user:email,workflow...
2025-02-04 20:57:22.907 [info] Got 0 sessions for read:user,repo,user:email,workflow...
2025-02-04 20:57:22.908 [info] Getting sessions for user:email...
2025-02-04 20:57:22.908 [info] Got 1 sessions for user:email...
2025-02-04 21:12:23.542 [info] Getting sessions for all scopes...
2025-02-04 21:12:23.542 [info] Got 1 sessions for ...
2025-02-04 21:12:23.542 [info] Getting sessions for read:user,repo,user:email,workflow...
2025-02-04 21:12:23.542 [info] Got 0 sessions for read:user,repo,user:email,workflow...
2025-02-04 21:12:23.543 [info] Getting sessions for user:email...
2025-02-04 21:12:23.543 [info] Got 1 sessions for user:email...
2025-02-04 21:12:23.543 [info] Getting sessions for all scopes...
2025-02-04 21:12:23.543 [info] Got 1 sessions for ...
2025-02-04 21:12:23.544 [info] Getting sessions for read:user,repo,user:email,workflow...
2025-02-04 21:12:23.544 [info] Got 0 sessions for read:user,repo,user:email,workflow...
2025-02-04 21:12:23.544 [info] Getting sessions for user:email...
2025-02-04 21:12:23.544 [info] Got 1 sessions for user:email...
2025-02-04 21:22:21.495 [info] Getting sessions for read:user,repo,user:email,workflow...
2025-02-04 21:22:21.495 [info] Got 0 sessions for read:user,repo,user:email,workflow...
2025-02-04 21:22:21.496 [info] Getting sessions for read:user...
2025-02-04 21:22:21.496 [info] Got 0 sessions for read:user...
2025-02-04 21:22:21.497 [info] Getting sessions for user:email...
2025-02-04 21:22:21.497 [info] Got 1 sessions for user:email...
2025-02-04 21:22:22.901 [info] Getting sessions for all scopes...
2025-02-04 21:22:22.901 [info] Got 1 sessions for ...
2025-02-04 21:22:22.902 [info] Getting sessions for read:user,repo,user:email,workflow...
2025-02-04 21:22:22.902 [info] Got 0 sessions for read:user,repo,user:email,workflow...
2025-02-04 21:22:22.903 [info] Getting sessions for user:email...
2025-02-04 21:22:22.903 [info] Got 1 sessions for user:email...
2025-02-04 21:22:23.542 [info] Getting sessions for all scopes...
2025-02-04 21:22:23.542 [info] Got 1 sessions for ...
2025-02-04 21:22:23.543 [info] Getting sessions for all scopes...
2025-02-04 21:22:23.543 [info] Got 1 sessions for ...
2025-02-04 21:22:23.543 [info] Getting sessions for read:user,repo,user:email,workflow...
2025-02-04 21:22:23.543 [info] Got 0 sessions for read:user,repo,user:email,workflow...
2025-02-04 21:22:23.544 [info] Getting sessions for user:email...
2025-02-04 21:22:23.544 [info] Got 1 sessions for user:email...
2025-02-04 21:22:23.545 [info] Getting sessions for all scopes...
2025-02-04 21:22:23.545 [info] Got 1 sessions for ...
2025-02-04 21:22:23.545 [info] Getting sessions for read:user,repo,user:email,workflow...
2025-02-04 21:22:23.545 [info] Got 0 sessions for read:user,repo,user:email,workflow...
2025-02-04 21:22:23.546 [info] Getting sessions for user:email...
2025-02-04 21:22:23.546 [info] Got 1 sessions for user:email...
2025-02-04 21:22:23.549 [info] Getting sessions for all scopes...
2025-02-04 21:22:23.549 [info] Got 1 sessions for ...
2025-02-04 21:22:23.549 [info] Getting sessions for read:user,repo,user:email,workflow...
2025-02-04 21:22:23.549 [info] Got 0 sessions for read:user,repo,user:email,workflow...
2025-02-04 21:22:23.550 [info] Getting sessions for user:email...
2025-02-04 21:22:23.550 [info] Got 1 sessions for user:email...
2025-02-04 21:37:28.620 [info] Getting sessions for all scopes...
2025-02-04 21:37:28.620 [info] Got 1 sessions for ...
2025-02-04 21:37:28.621 [info] Getting sessions for read:user,repo,user:email,workflow...
2025-02-04 21:37:28.621 [info] Got 0 sessions for read:user,repo,user:email,workflow...
2025-02-04 21:37:28.622 [info] Getting sessions for user:email...
2025-02-04 21:37:28.622 [info] Got 1 sessions for user:email...
2025-02-04 21:37:28.622 [info] Getting sessions for all scopes...
2025-02-04 21:37:28.622 [info] Got 1 sessions for ...
2025-02-04 21:37:28.622 [info] Getting sessions for read:user,repo,user:email,workflow...
2025-02-04 21:37:28.622 [info] Got 0 sessions for read:user,repo,user:email,workflow...
2025-02-04 21:37:28.623 [info] Getting sessions for user:email...
2025-02-04 21:37:28.623 [info] Got 1 sessions for user:email...
2025-02-04 21:47:27.057 [info] Getting sessions for read:user,repo,user:email,workflow...
2025-02-04 21:47:27.057 [info] Got 0 sessions for read:user,repo,user:email,workflow...
2025-02-04 21:47:27.058 [info] Getting sessions for read:user...
2025-02-04 21:47:27.058 [info] Got 0 sessions for read:user...
2025-02-04 21:47:27.059 [info] Getting sessions for user:email...
2025-02-04 21:47:27.059 [info] Got 1 sessions for user:email...
2025-02-04 21:47:28.612 [info] Getting sessions for all scopes...
2025-02-04 21:47:28.612 [info] Got 1 sessions for ...
2025-02-04 21:47:28.613 [info] Getting sessions for read:user,repo,user:email,workflow...
2025-02-04 21:47:28.613 [info] Got 0 sessions for read:user,repo,user:email,workflow...
2025-02-04 21:47:28.614 [info] Getting sessions for user:email...
2025-02-04 21:47:28.614 [info] Got 1 sessions for user:email...
2025-02-04 21:47:29.314 [info] Getting sessions for all scopes...
2025-02-04 21:47:29.314 [info] Got 1 sessions for ...
2025-02-04 21:47:29.314 [info] Getting sessions for all scopes...
2025-02-04 21:47:29.314 [info] Got 1 sessions for ...
2025-02-04 21:47:29.315 [info] Getting sessions for read:user,repo,user:email,workflow...
2025-02-04 21:47:29.315 [info] Got 0 sessions for read:user,repo,user:email,workflow...
2025-02-04 21:47:29.315 [info] Getting sessions for user:email...
2025-02-04 21:47:29.315 [info] Got 1 sessions for user:email...
2025-02-04 21:47:29.316 [info] Getting sessions for all scopes...
2025-02-04 21:47:29.316 [info] Got 1 sessions for ...
2025-02-04 21:47:29.317 [info] Getting sessions for read:user,repo,user:email,workflow...
2025-02-04 21:47:29.317 [info] Got 0 sessions for read:user,repo,user:email,workflow...
2025-02-04 21:47:29.317 [info] Getting sessions for user:email...
2025-02-04 21:47:29.317 [info] Got 1 sessions for user:email...
2025-02-04 21:47:29.320 [info] Getting sessions for all scopes...
2025-02-04 21:47:29.320 [info] Got 1 sessions for ...
2025-02-04 21:47:29.320 [info] Getting sessions for read:user,repo,user:email,workflow...
2025-02-04 21:47:29.320 [info] Got 0 sessions for read:user,repo,user:email,workflow...
2025-02-04 21:47:29.320 [info] Getting sessions for user:email...
2025-02-04 21:47:29.320 [info] Got 1 sessions for user:email...
2025-02-04 21:47:29.322 [info] Getting sessions for all scopes...
2025-02-04 21:47:29.322 [info] Got 1 sessions for ...
2025-02-04 21:47:29.323 [info] Getting sessions for read:user,repo,user:email,workflow...
2025-02-04 21:47:29.323 [info] Got 0 sessions for read:user,repo,user:email,workflow...
2025-02-04 21:47:29.323 [info] Getting sessions for user:email...
2025-02-04 21:47:29.323 [info] Got 1 sessions for user:email...
2025-02-04 22:02:34.578 [info] Getting sessions for all scopes...
2025-02-04 22:02:34.578 [info] Got 1 sessions for ...
2025-02-04 22:02:34.579 [info] Getting sessions for read:user,repo,user:email,workflow...
2025-02-04 22:02:34.579 [info] Got 0 sessions for read:user,repo,user:email,workflow...
2025-02-04 22:02:34.580 [info] Getting sessions for user:email...
2025-02-04 22:02:34.580 [info] Got 1 sessions for user:email...
2025-02-04 22:02:34.580 [info] Getting sessions for all scopes...
2025-02-04 22:02:34.580 [info] Got 1 sessions for ...
2025-02-04 22:02:34.581 [info] Getting sessions for read:user,repo,user:email,workflow...
2025-02-04 22:02:34.581 [info] Got 0 sessions for read:user,repo,user:email,workflow...
2025-02-04 22:02:34.581 [info] Getting sessions for user:email...
2025-02-04 22:02:34.581 [info] Got 1 sessions for user:email...
2025-02-04 22:12:36.312 [info] Getting sessions for read:user,repo,user:email,workflow...
2025-02-04 22:12:36.312 [info] Got 0 sessions for read:user,repo,user:email,workflow...
2025-02-04 22:12:36.313 [info] Getting sessions for read:user...
2025-02-04 22:12:36.313 [info] Got 0 sessions for read:user...
2025-02-04 22:12:36.314 [info] Getting sessions for user:email...
2025-02-04 22:12:36.314 [info] Got 1 sessions for user:email...
2025-02-04 22:12:38.212 [info] Getting sessions for all scopes...
2025-02-04 22:12:38.212 [info] Got 1 sessions for ...
2025-02-04 22:12:38.213 [info] Getting sessions for read:user,repo,user:email,workflow...
2025-02-04 22:12:38.213 [info] Got 0 sessions for read:user,repo,user:email,workflow...
2025-02-04 22:12:38.214 [info] Getting sessions for user:email...
2025-02-04 22:12:38.214 [info] Got 1 sessions for user:email...
2025-02-04 22:12:38.851 [info] Getting sessions for all scopes...
2025-02-04 22:12:38.851 [info] Got 1 sessions for ...
2025-02-04 22:12:38.851 [info] Getting sessions for all scopes...
2025-02-04 22:12:38.851 [info] Got 1 sessions for ...
2025-02-04 22:12:38.853 [info] Getting sessions for read:user,repo,user:email,workflow...
2025-02-04 22:12:38.853 [info] Got 0 sessions for read:user,repo,user:email,workflow...
2025-02-04 22:12:38.853 [info] Getting sessions for user:email...
2025-02-04 22:12:38.853 [info] Got 1 sessions for user:email...
2025-02-04 22:12:38.854 [info] Getting sessions for all scopes...
2025-02-04 22:12:38.854 [info] Got 1 sessions for ...
2025-02-04 22:12:38.855 [info] Getting sessions for read:user,repo,user:email,workflow...
2025-02-04 22:12:38.855 [info] Got 0 sessions for read:user,repo,user:email,workflow...
2025-02-04 22:12:38.856 [info] Getting sessions for user:email...
2025-02-04 22:12:38.856 [info] Got 1 sessions for user:email...
2025-02-04 22:12:38.858 [info] Getting sessions for all scopes...
2025-02-04 22:12:38.858 [info] Got 1 sessions for ...
2025-02-04 22:12:38.859 [info] Getting sessions for read:user,repo,user:email,workflow...
2025-02-04 22:12:38.859 [info] Got 0 sessions for read:user,repo,user:email,workflow...
2025-02-04 22:12:38.859 [info] Getting sessions for user:email...
2025-02-04 22:12:38.859 [info] Got 1 sessions for user:email...
2025-02-04 22:12:38.861 [info] Getting sessions for all scopes...
2025-02-04 22:12:38.861 [info] Got 1 sessions for ...
2025-02-04 22:12:38.861 [info] Getting sessions for read:user,repo,user:email,workflow...
2025-02-04 22:12:38.861 [info] Got 0 sessions for read:user,repo,user:email,workflow...
2025-02-04 22:12:38.865 [info] Getting sessions for user:email...
2025-02-04 22:12:38.865 [info] Got 1 sessions for user:email...
