2025-02-02 12:01:04.908 [info] Reading sessions from keychain...
2025-02-02 12:01:04.908 [info] Getting sessions for all scopes...
2025-02-02 12:01:04.908 [info] Getting sessions for all scopes...
2025-02-02 12:01:04.908 [info] Got stored sessions!
2025-02-02 12:01:04.908 [info] Got 1 verified sessions.
2025-02-02 12:01:04.908 [info] Got 1 sessions for ...
2025-02-02 12:01:04.908 [info] Got 1 sessions for ...
2025-02-02 12:01:04.908 [info] Getting sessions for all scopes...
2025-02-02 12:01:04.908 [info] Got 1 sessions for ...
2025-02-02 12:01:04.908 [info] Getting sessions for all scopes...
2025-02-02 12:01:04.908 [info] Got 1 sessions for ...
2025-02-02 12:01:04.908 [info] Getting sessions for all scopes...
2025-02-02 12:01:04.908 [info] Got 1 sessions for ...
2025-02-02 12:01:04.908 [info] Getting sessions for all scopes...
2025-02-02 12:01:04.908 [info] Got 1 sessions for ...
2025-02-02 12:01:04.908 [info] Getting sessions for all scopes...
2025-02-02 12:01:04.908 [info] Got 1 sessions for ...
2025-02-02 12:01:04.908 [info] Getting sessions for all scopes...
2025-02-02 12:01:04.908 [info] Got 1 sessions for ...
2025-02-02 12:01:05.643 [info] Getting sessions for read:user,repo,user:email,workflow...
2025-02-02 12:01:05.643 [info] Got 0 sessions for read:user,repo,user:email,workflow...
2025-02-02 12:01:06.432 [info] Getting sessions for all scopes...
2025-02-02 12:01:06.432 [info] Got 1 sessions for ...
2025-02-02 12:01:15.418 [info] Getting sessions for read:user,repo,user:email,workflow...
2025-02-02 12:01:15.418 [info] Got 0 sessions for read:user,repo,user:email,workflow...
2025-02-02 12:01:15.418 [info] Getting sessions for all scopes...
2025-02-02 12:01:15.419 [info] Got 1 sessions for ...
2025-02-02 12:01:15.419 [info] Getting sessions for all scopes...
2025-02-02 12:01:15.419 [info] Got 1 sessions for ...
2025-02-02 12:01:15.454 [info] Getting sessions for read:user...
2025-02-02 12:01:15.454 [info] Got 0 sessions for read:user...
2025-02-02 12:01:15.454 [info] Getting sessions for read:user,repo,user:email,workflow...
2025-02-02 12:01:15.454 [info] Got 0 sessions for read:user,repo,user:email,workflow...
2025-02-02 12:01:15.455 [info] Getting sessions for user:email...
2025-02-02 12:01:15.455 [info] Got 1 sessions for user:email...
2025-02-02 12:01:15.455 [info] Getting sessions for user:email...
2025-02-02 12:01:15.455 [info] Got 1 sessions for user:email...
2025-02-02 12:01:15.461 [info] Getting sessions for all scopes...
2025-02-02 12:01:15.461 [info] Got 1 sessions for ...
2025-02-02 12:01:16.177 [info] Getting sessions for read:user,repo,user:email,workflow...
2025-02-02 12:01:16.177 [info] Got 0 sessions for read:user,repo,user:email,workflow...
2025-02-02 12:01:16.178 [info] Getting sessions for user:email...
2025-02-02 12:01:16.178 [info] Got 1 sessions for user:email...
2025-02-02 12:01:16.179 [info] Getting sessions for all scopes...
2025-02-02 12:01:16.179 [info] Got 1 sessions for ...
2025-02-02 12:01:16.179 [info] Getting sessions for read:user,repo,user:email,workflow...
2025-02-02 12:01:16.179 [info] Got 0 sessions for read:user,repo,user:email,workflow...
2025-02-02 12:01:16.180 [info] Getting sessions for user:email...
2025-02-02 12:01:16.180 [info] Got 1 sessions for user:email...
2025-02-02 12:01:16.305 [info] Getting sessions for all scopes...
2025-02-02 12:01:16.305 [info] Got 1 sessions for ...
2025-02-02 12:01:16.339 [info] Getting sessions for read:user,repo,user:email,workflow...
2025-02-02 12:01:16.339 [info] Got 0 sessions for read:user,repo,user:email,workflow...
2025-02-02 12:01:16.367 [info] Getting sessions for user:email...
2025-02-02 12:01:16.367 [info] Got 1 sessions for user:email...
2025-02-02 12:01:16.370 [info] Getting sessions for all scopes...
2025-02-02 12:01:16.370 [info] Got 1 sessions for ...
2025-02-02 12:01:16.370 [info] Getting sessions for read:user,repo,user:email,workflow...
2025-02-02 12:01:16.370 [info] Got 0 sessions for read:user,repo,user:email,workflow...
2025-02-02 12:01:16.371 [info] Getting sessions for all scopes...
2025-02-02 12:01:16.371 [info] Got 1 sessions for ...
2025-02-02 12:01:16.371 [info] Getting sessions for read:user,repo,user:email,workflow...
2025-02-02 12:01:16.371 [info] Got 0 sessions for read:user,repo,user:email,workflow...
2025-02-02 12:01:16.372 [info] Getting sessions for user:email...
2025-02-02 12:01:16.372 [info] Got 1 sessions for user:email...
2025-02-02 12:01:16.749 [info] Getting sessions for all scopes...
2025-02-02 12:01:16.749 [info] Got 1 sessions for ...
2025-02-02 12:01:16.749 [info] Getting sessions for all scopes...
2025-02-02 12:01:16.750 [info] Got 1 sessions for ...
2025-02-02 12:01:16.755 [info] Getting sessions for read:user,repo,user:email,workflow...
2025-02-02 12:01:16.755 [info] Got 0 sessions for read:user,repo,user:email,workflow...
2025-02-02 12:01:16.756 [info] Getting sessions for user:email...
2025-02-02 12:01:16.756 [info] Got 1 sessions for user:email...
2025-02-02 12:01:16.757 [info] Getting sessions for all scopes...
2025-02-02 12:01:16.757 [info] Got 1 sessions for ...
2025-02-02 12:01:16.758 [info] Getting sessions for read:user,repo,user:email,workflow...
2025-02-02 12:01:16.758 [info] Got 0 sessions for read:user,repo,user:email,workflow...
2025-02-02 12:01:16.758 [info] Getting sessions for user:email...
2025-02-02 12:01:16.758 [info] Got 1 sessions for user:email...
2025-02-02 12:01:16.785 [info] Getting sessions for all scopes...
2025-02-02 12:01:16.785 [info] Got 1 sessions for ...
2025-02-02 12:01:16.786 [info] Getting sessions for read:user,repo,user:email,workflow...
2025-02-02 12:01:16.786 [info] Got 0 sessions for read:user,repo,user:email,workflow...
2025-02-02 12:01:16.786 [info] Getting sessions for user:email...
2025-02-02 12:01:16.786 [info] Got 1 sessions for user:email...
2025-02-02 12:01:17.130 [info] Getting sessions for all scopes...
2025-02-02 12:01:17.130 [info] Got 1 sessions for ...
2025-02-02 12:01:17.130 [info] Getting sessions for read:user,repo,user:email,workflow...
2025-02-02 12:01:17.130 [info] Got 0 sessions for read:user,repo,user:email,workflow...
2025-02-02 12:01:17.136 [info] Getting sessions for read:user,repo,user:email,workflow...
2025-02-02 12:01:17.136 [info] Got 0 sessions for read:user,repo,user:email,workflow...
2025-02-02 12:01:17.136 [info] Getting sessions for read:user...
2025-02-02 12:01:17.136 [info] Got 0 sessions for read:user...
2025-02-02 12:01:17.136 [info] Getting sessions for user:email...
2025-02-02 12:01:17.136 [info] Got 1 sessions for user:email...
2025-02-02 12:01:17.136 [info] Getting sessions for user:email...
2025-02-02 12:01:17.136 [info] Got 1 sessions for user:email...
