2025-02-02 13:55:59.742 [info] Reading sessions from keychain...
2025-02-02 13:55:59.742 [info] Getting sessions for all scopes...
2025-02-02 13:55:59.742 [info] Getting sessions for all scopes...
2025-02-02 13:55:59.742 [info] Getting sessions for all scopes...
2025-02-02 13:55:59.742 [info] Got stored sessions!
2025-02-02 13:55:59.742 [info] Got 1 verified sessions.
2025-02-02 13:55:59.742 [info] Got 1 sessions for ...
2025-02-02 13:55:59.742 [info] Got 1 sessions for ...
2025-02-02 13:55:59.742 [info] Got 1 sessions for ...
2025-02-02 13:55:59.743 [info] Getting sessions for all scopes...
2025-02-02 13:55:59.743 [info] Got 1 sessions for ...
2025-02-02 13:55:59.743 [info] Getting sessions for all scopes...
2025-02-02 13:55:59.743 [info] Got 1 sessions for ...
2025-02-02 13:55:59.743 [info] Getting sessions for all scopes...
2025-02-02 13:55:59.743 [info] Got 1 sessions for ...
2025-02-02 13:55:59.743 [info] Getting sessions for all scopes...
2025-02-02 13:55:59.743 [info] Got 1 sessions for ...
2025-02-02 13:55:59.744 [info] Getting sessions for all scopes...
2025-02-02 13:55:59.744 [info] Got 1 sessions for ...
2025-02-02 13:56:02.052 [info] Getting sessions for all scopes...
2025-02-02 13:56:02.052 [info] Got 1 sessions for ...
2025-02-02 13:56:02.075 [info] Getting sessions for read:user,repo,user:email,workflow...
2025-02-02 13:56:02.075 [info] Got 0 sessions for read:user,repo,user:email,workflow...
2025-02-02 13:56:02.075 [info] Getting sessions for all scopes...
2025-02-02 13:56:02.075 [info] Got 1 sessions for ...
2025-02-02 13:56:02.077 [info] Getting sessions for all scopes...
2025-02-02 13:56:02.077 [info] Got 1 sessions for ...
2025-02-02 13:56:02.086 [info] Getting sessions for read:user...
2025-02-02 13:56:02.086 [info] Got 0 sessions for read:user...
2025-02-02 13:56:02.110 [info] Getting sessions for read:user,repo,user:email,workflow...
2025-02-02 13:56:02.110 [info] Got 0 sessions for read:user,repo,user:email,workflow...
2025-02-02 13:56:02.131 [info] Getting sessions for user:email...
2025-02-02 13:56:02.131 [info] Got 1 sessions for user:email...
2025-02-02 13:56:02.138 [info] Getting sessions for user:email...
2025-02-02 13:56:02.138 [info] Got 1 sessions for user:email...
2025-02-02 13:56:02.142 [info] Getting sessions for all scopes...
2025-02-02 13:56:02.142 [info] Got 1 sessions for ...
2025-02-02 13:56:03.009 [info] Getting sessions for read:user,repo,user:email,workflow...
2025-02-02 13:56:03.009 [info] Got 0 sessions for read:user,repo,user:email,workflow...
2025-02-02 13:56:03.011 [info] Getting sessions for user:email...
2025-02-02 13:56:03.011 [info] Got 1 sessions for user:email...
2025-02-02 13:56:03.012 [info] Getting sessions for all scopes...
2025-02-02 13:56:03.012 [info] Got 1 sessions for ...
2025-02-02 13:56:03.013 [info] Getting sessions for read:user,repo,user:email,workflow...
2025-02-02 13:56:03.013 [info] Got 0 sessions for read:user,repo,user:email,workflow...
2025-02-02 13:56:03.014 [info] Getting sessions for user:email...
2025-02-02 13:56:03.014 [info] Got 1 sessions for user:email...
2025-02-02 13:56:03.119 [info] Getting sessions for all scopes...
2025-02-02 13:56:03.119 [info] Got 1 sessions for ...
2025-02-02 13:56:03.120 [info] Getting sessions for read:user,repo,user:email,workflow...
2025-02-02 13:56:03.120 [info] Got 0 sessions for read:user,repo,user:email,workflow...
2025-02-02 13:56:03.121 [info] Getting sessions for user:email...
2025-02-02 13:56:03.121 [info] Got 1 sessions for user:email...
2025-02-02 13:56:03.480 [info] Getting sessions for all scopes...
2025-02-02 13:56:03.480 [info] Got 1 sessions for ...
2025-02-02 13:56:03.480 [info] Getting sessions for all scopes...
2025-02-02 13:56:03.480 [info] Got 1 sessions for ...
2025-02-02 13:56:03.486 [info] Getting sessions for read:user,repo,user:email,workflow...
2025-02-02 13:56:03.486 [info] Got 0 sessions for read:user,repo,user:email,workflow...
2025-02-02 13:56:03.486 [info] Getting sessions for user:email...
2025-02-02 13:56:03.486 [info] Got 1 sessions for user:email...
2025-02-02 13:56:03.488 [info] Getting sessions for all scopes...
2025-02-02 13:56:03.488 [info] Got 1 sessions for ...
2025-02-02 13:56:03.488 [info] Getting sessions for read:user,repo,user:email,workflow...
2025-02-02 13:56:03.488 [info] Got 0 sessions for read:user,repo,user:email,workflow...
2025-02-02 13:56:03.489 [info] Getting sessions for user:email...
2025-02-02 13:56:03.489 [info] Got 1 sessions for user:email...
2025-02-02 13:56:03.526 [info] Getting sessions for all scopes...
2025-02-02 13:56:03.526 [info] Got 1 sessions for ...
2025-02-02 13:56:03.526 [info] Getting sessions for read:user,repo,user:email,workflow...
2025-02-02 13:56:03.526 [info] Got 0 sessions for read:user,repo,user:email,workflow...
2025-02-02 13:56:03.533 [info] Getting sessions for user:email...
2025-02-02 13:56:03.533 [info] Got 1 sessions for user:email...
2025-02-02 13:56:03.809 [info] Getting sessions for all scopes...
2025-02-02 13:56:03.809 [info] Got 1 sessions for ...
2025-02-02 13:56:03.814 [info] Getting sessions for read:user,repo,user:email,workflow...
2025-02-02 13:56:03.814 [info] Got 0 sessions for read:user,repo,user:email,workflow...
2025-02-02 13:56:03.814 [info] Getting sessions for user:email...
2025-02-02 13:56:03.814 [info] Got 1 sessions for user:email...
2025-02-02 13:56:03.954 [info] Getting sessions for read:user,repo,user:email,workflow...
2025-02-02 13:56:03.954 [info] Got 0 sessions for read:user,repo,user:email,workflow...
2025-02-02 13:56:03.956 [info] Getting sessions for read:user...
2025-02-02 13:56:03.956 [info] Got 0 sessions for read:user...
2025-02-02 13:56:03.957 [info] Getting sessions for user:email...
2025-02-02 13:56:03.957 [info] Got 1 sessions for user:email...
2025-02-02 13:56:18.776 [info] Reading sessions from keychain...
2025-02-02 13:56:18.776 [info] Getting sessions for all scopes...
2025-02-02 13:56:18.776 [info] Getting sessions for all scopes...
2025-02-02 13:56:18.776 [info] Getting sessions for all scopes...
2025-02-02 13:56:18.776 [info] Got stored sessions!
2025-02-02 13:56:18.776 [info] Got 1 verified sessions.
2025-02-02 13:56:18.776 [info] Got 1 sessions for ...
2025-02-02 13:56:18.776 [info] Got 1 sessions for ...
2025-02-02 13:56:18.776 [info] Got 1 sessions for ...
2025-02-02 13:56:18.777 [info] Getting sessions for all scopes...
2025-02-02 13:56:18.777 [info] Got 1 sessions for ...
2025-02-02 13:56:18.777 [info] Getting sessions for all scopes...
2025-02-02 13:56:18.777 [info] Got 1 sessions for ...
2025-02-02 13:56:18.777 [info] Getting sessions for all scopes...
2025-02-02 13:56:18.777 [info] Got 1 sessions for ...
2025-02-02 13:56:18.777 [info] Getting sessions for all scopes...
2025-02-02 13:56:18.777 [info] Got 1 sessions for ...
2025-02-02 13:56:18.777 [info] Getting sessions for all scopes...
2025-02-02 13:56:18.777 [info] Got 1 sessions for ...
2025-02-02 13:56:20.284 [info] Getting sessions for all scopes...
2025-02-02 13:56:20.284 [info] Got 1 sessions for ...
2025-02-02 13:56:20.321 [info] Getting sessions for read:user,repo,user:email,workflow...
2025-02-02 13:56:20.321 [info] Got 0 sessions for read:user,repo,user:email,workflow...
2025-02-02 13:56:20.321 [info] Getting sessions for all scopes...
2025-02-02 13:56:20.321 [info] Got 1 sessions for ...
2025-02-02 13:56:20.321 [info] Getting sessions for all scopes...
2025-02-02 13:56:20.321 [info] Got 1 sessions for ...
2025-02-02 13:56:20.380 [info] Getting sessions for read:user...
2025-02-02 13:56:20.380 [info] Got 0 sessions for read:user...
2025-02-02 13:56:20.394 [info] Getting sessions for read:user,repo,user:email,workflow...
2025-02-02 13:56:20.394 [info] Got 0 sessions for read:user,repo,user:email,workflow...
2025-02-02 13:56:20.416 [info] Getting sessions for user:email...
2025-02-02 13:56:20.416 [info] Got 1 sessions for user:email...
2025-02-02 13:56:20.416 [info] Getting sessions for user:email...
2025-02-02 13:56:20.416 [info] Got 1 sessions for user:email...
2025-02-02 13:56:20.420 [info] Getting sessions for all scopes...
2025-02-02 13:56:20.420 [info] Got 1 sessions for ...
2025-02-02 13:56:21.118 [info] Getting sessions for read:user,repo,user:email,workflow...
2025-02-02 13:56:21.118 [info] Got 0 sessions for read:user,repo,user:email,workflow...
2025-02-02 13:56:21.124 [info] Getting sessions for user:email...
2025-02-02 13:56:21.124 [info] Got 1 sessions for user:email...
2025-02-02 13:56:21.125 [info] Getting sessions for all scopes...
2025-02-02 13:56:21.125 [info] Got 1 sessions for ...
2025-02-02 13:56:21.125 [info] Getting sessions for read:user,repo,user:email,workflow...
2025-02-02 13:56:21.125 [info] Got 0 sessions for read:user,repo,user:email,workflow...
2025-02-02 13:56:21.126 [info] Getting sessions for user:email...
2025-02-02 13:56:21.126 [info] Got 1 sessions for user:email...
2025-02-02 13:56:21.170 [info] Getting sessions for all scopes...
2025-02-02 13:56:21.170 [info] Got 1 sessions for ...
2025-02-02 13:56:21.171 [info] Getting sessions for read:user,repo,user:email,workflow...
2025-02-02 13:56:21.171 [info] Got 0 sessions for read:user,repo,user:email,workflow...
2025-02-02 13:56:21.171 [info] Getting sessions for user:email...
2025-02-02 13:56:21.171 [info] Got 1 sessions for user:email...
2025-02-02 13:56:21.656 [info] Getting sessions for all scopes...
2025-02-02 13:56:21.656 [info] Got 1 sessions for ...
2025-02-02 13:56:21.656 [info] Getting sessions for all scopes...
2025-02-02 13:56:21.656 [info] Got 1 sessions for ...
2025-02-02 13:56:21.656 [info] Getting sessions for read:user,repo,user:email,workflow...
2025-02-02 13:56:21.656 [info] Got 0 sessions for read:user,repo,user:email,workflow...
2025-02-02 13:56:21.662 [info] Getting sessions for user:email...
2025-02-02 13:56:21.662 [info] Got 1 sessions for user:email...
2025-02-02 13:56:21.663 [info] Getting sessions for all scopes...
2025-02-02 13:56:21.663 [info] Got 1 sessions for ...
2025-02-02 13:56:21.664 [info] Getting sessions for read:user,repo,user:email,workflow...
2025-02-02 13:56:21.664 [info] Got 0 sessions for read:user,repo,user:email,workflow...
2025-02-02 13:56:21.664 [info] Getting sessions for user:email...
2025-02-02 13:56:21.664 [info] Got 1 sessions for user:email...
2025-02-02 13:56:21.695 [info] Getting sessions for all scopes...
2025-02-02 13:56:21.695 [info] Got 1 sessions for ...
2025-02-02 13:56:21.696 [info] Getting sessions for read:user,repo,user:email,workflow...
2025-02-02 13:56:21.696 [info] Got 0 sessions for read:user,repo,user:email,workflow...
2025-02-02 13:56:21.697 [info] Getting sessions for user:email...
2025-02-02 13:56:21.697 [info] Got 1 sessions for user:email...
2025-02-02 13:56:21.857 [info] Getting sessions for read:user,repo,user:email,workflow...
2025-02-02 13:56:21.857 [info] Got 0 sessions for read:user,repo,user:email,workflow...
2025-02-02 13:56:21.858 [info] Getting sessions for read:user...
2025-02-02 13:56:21.858 [info] Got 0 sessions for read:user...
2025-02-02 13:56:21.860 [info] Getting sessions for user:email...
2025-02-02 13:56:21.860 [info] Got 1 sessions for user:email...
2025-02-02 13:56:22.090 [info] Getting sessions for all scopes...
2025-02-02 13:56:22.090 [info] Got 1 sessions for ...
2025-02-02 13:56:22.090 [info] Getting sessions for read:user,repo,user:email,workflow...
2025-02-02 13:56:22.091 [info] Got 0 sessions for read:user,repo,user:email,workflow...
2025-02-02 13:56:22.091 [info] Getting sessions for user:email...
2025-02-02 13:56:22.091 [info] Got 1 sessions for user:email...
2025-02-02 14:11:22.093 [info] Getting sessions for all scopes...
2025-02-02 14:11:22.093 [info] Got 1 sessions for ...
2025-02-02 14:11:22.093 [info] Getting sessions for read:user,repo,user:email,workflow...
2025-02-02 14:11:22.093 [info] Got 0 sessions for read:user,repo,user:email,workflow...
2025-02-02 14:11:22.094 [info] Getting sessions for user:email...
2025-02-02 14:11:22.094 [info] Got 1 sessions for user:email...
2025-02-02 14:11:22.094 [info] Getting sessions for all scopes...
2025-02-02 14:11:22.094 [info] Got 1 sessions for ...
2025-02-02 14:11:22.095 [info] Getting sessions for read:user,repo,user:email,workflow...
2025-02-02 14:11:22.095 [info] Got 0 sessions for read:user,repo,user:email,workflow...
2025-02-02 14:11:22.096 [info] Getting sessions for user:email...
2025-02-02 14:11:22.096 [info] Got 1 sessions for user:email...
2025-02-02 14:21:21.489 [info] Getting sessions for read:user,repo,user:email,workflow...
2025-02-02 14:21:21.489 [info] Got 0 sessions for read:user,repo,user:email,workflow...
2025-02-02 14:21:21.490 [info] Getting sessions for read:user...
2025-02-02 14:21:21.490 [info] Got 0 sessions for read:user...
2025-02-02 14:21:21.490 [info] Getting sessions for user:email...
2025-02-02 14:21:21.490 [info] Got 1 sessions for user:email...
2025-02-02 14:21:21.649 [info] Getting sessions for all scopes...
2025-02-02 14:21:21.649 [info] Got 1 sessions for ...
2025-02-02 14:21:21.650 [info] Getting sessions for read:user,repo,user:email,workflow...
2025-02-02 14:21:21.650 [info] Got 0 sessions for read:user,repo,user:email,workflow...
2025-02-02 14:21:21.651 [info] Getting sessions for user:email...
2025-02-02 14:21:21.651 [info] Got 1 sessions for user:email...
2025-02-02 14:21:22.083 [info] Getting sessions for all scopes...
2025-02-02 14:21:22.083 [info] Got 1 sessions for ...
2025-02-02 14:21:22.083 [info] Getting sessions for all scopes...
2025-02-02 14:21:22.083 [info] Got 1 sessions for ...
2025-02-02 14:21:22.084 [info] Getting sessions for read:user,repo,user:email,workflow...
2025-02-02 14:21:22.084 [info] Got 0 sessions for read:user,repo,user:email,workflow...
2025-02-02 14:21:22.084 [info] Getting sessions for user:email...
2025-02-02 14:21:22.084 [info] Got 1 sessions for user:email...
2025-02-02 14:21:22.084 [info] Getting sessions for all scopes...
2025-02-02 14:21:22.085 [info] Got 1 sessions for ...
2025-02-02 14:21:22.085 [info] Getting sessions for read:user,repo,user:email,workflow...
2025-02-02 14:21:22.085 [info] Got 0 sessions for read:user,repo,user:email,workflow...
2025-02-02 14:21:22.085 [info] Getting sessions for user:email...
2025-02-02 14:21:22.085 [info] Got 1 sessions for user:email...
2025-02-02 14:21:22.087 [info] Getting sessions for all scopes...
2025-02-02 14:21:22.087 [info] Got 1 sessions for ...
2025-02-02 14:21:22.088 [info] Getting sessions for read:user,repo,user:email,workflow...
2025-02-02 14:21:22.088 [info] Got 0 sessions for read:user,repo,user:email,workflow...
2025-02-02 14:21:22.088 [info] Getting sessions for user:email...
2025-02-02 14:21:22.088 [info] Got 1 sessions for user:email...
2025-02-02 14:36:22.089 [info] Getting sessions for all scopes...
2025-02-02 14:36:22.089 [info] Got 1 sessions for ...
2025-02-02 14:36:22.090 [info] Getting sessions for read:user,repo,user:email,workflow...
2025-02-02 14:36:22.090 [info] Got 0 sessions for read:user,repo,user:email,workflow...
2025-02-02 14:36:22.090 [info] Getting sessions for user:email...
2025-02-02 14:36:22.090 [info] Got 1 sessions for user:email...
2025-02-02 14:36:22.091 [info] Getting sessions for all scopes...
2025-02-02 14:36:22.091 [info] Got 1 sessions for ...
2025-02-02 14:36:22.091 [info] Getting sessions for read:user,repo,user:email,workflow...
2025-02-02 14:36:22.091 [info] Got 0 sessions for read:user,repo,user:email,workflow...
2025-02-02 14:36:22.091 [info] Getting sessions for user:email...
2025-02-02 14:36:22.092 [info] Got 1 sessions for user:email...
2025-02-02 14:46:21.860 [info] Getting sessions for read:user,repo,user:email,workflow...
2025-02-02 14:46:21.860 [info] Got 0 sessions for read:user,repo,user:email,workflow...
2025-02-02 14:46:21.861 [info] Getting sessions for read:user...
2025-02-02 14:46:21.861 [info] Got 0 sessions for read:user...
2025-02-02 14:46:21.862 [info] Getting sessions for user:email...
2025-02-02 14:46:21.862 [info] Got 1 sessions for user:email...
2025-02-02 14:46:22.084 [info] Getting sessions for all scopes...
2025-02-02 14:46:22.084 [info] Got 1 sessions for ...
2025-02-02 14:46:22.085 [info] Getting sessions for read:user,repo,user:email,workflow...
2025-02-02 14:46:22.085 [info] Got 0 sessions for read:user,repo,user:email,workflow...
2025-02-02 14:46:22.085 [info] Getting sessions for user:email...
2025-02-02 14:46:22.085 [info] Got 1 sessions for user:email...
2025-02-02 14:46:22.552 [info] Getting sessions for all scopes...
2025-02-02 14:46:22.552 [info] Got 1 sessions for ...
2025-02-02 14:46:22.553 [info] Getting sessions for all scopes...
2025-02-02 14:46:22.553 [info] Got 1 sessions for ...
2025-02-02 14:46:22.553 [info] Getting sessions for read:user,repo,user:email,workflow...
2025-02-02 14:46:22.553 [info] Got 0 sessions for read:user,repo,user:email,workflow...
2025-02-02 14:46:22.554 [info] Getting sessions for user:email...
2025-02-02 14:46:22.554 [info] Got 1 sessions for user:email...
2025-02-02 14:46:22.554 [info] Getting sessions for all scopes...
2025-02-02 14:46:22.554 [info] Got 1 sessions for ...
2025-02-02 14:46:22.555 [info] Getting sessions for read:user,repo,user:email,workflow...
2025-02-02 14:46:22.555 [info] Got 0 sessions for read:user,repo,user:email,workflow...
2025-02-02 14:46:22.555 [info] Getting sessions for user:email...
2025-02-02 14:46:22.555 [info] Got 1 sessions for user:email...
2025-02-02 14:46:22.558 [info] Getting sessions for all scopes...
2025-02-02 14:46:22.558 [info] Got 1 sessions for ...
2025-02-02 14:46:22.558 [info] Getting sessions for read:user,repo,user:email,workflow...
2025-02-02 14:46:22.558 [info] Got 0 sessions for read:user,repo,user:email,workflow...
2025-02-02 14:46:22.559 [info] Getting sessions for user:email...
2025-02-02 14:46:22.559 [info] Got 1 sessions for user:email...
2025-02-02 14:46:22.560 [info] Getting sessions for all scopes...
2025-02-02 14:46:22.560 [info] Got 1 sessions for ...
2025-02-02 14:46:22.561 [info] Getting sessions for read:user,repo,user:email,workflow...
2025-02-02 14:46:22.561 [info] Got 0 sessions for read:user,repo,user:email,workflow...
2025-02-02 14:46:22.561 [info] Getting sessions for user:email...
2025-02-02 14:46:22.561 [info] Got 1 sessions for user:email...
2025-02-02 15:01:22.682 [info] Getting sessions for all scopes...
2025-02-02 15:01:22.682 [info] Got 1 sessions for ...
2025-02-02 15:01:22.683 [info] Getting sessions for read:user,repo,user:email,workflow...
2025-02-02 15:01:22.683 [info] Got 0 sessions for read:user,repo,user:email,workflow...
2025-02-02 15:01:22.684 [info] Getting sessions for user:email...
2025-02-02 15:01:22.684 [info] Got 1 sessions for user:email...
2025-02-02 15:01:22.685 [info] Getting sessions for all scopes...
2025-02-02 15:01:22.685 [info] Got 1 sessions for ...
2025-02-02 15:01:22.686 [info] Getting sessions for read:user,repo,user:email,workflow...
2025-02-02 15:01:22.686 [info] Got 0 sessions for read:user,repo,user:email,workflow...
2025-02-02 15:01:22.686 [info] Getting sessions for user:email...
2025-02-02 15:01:22.686 [info] Got 1 sessions for user:email...
2025-02-02 15:11:22.203 [info] Getting sessions for read:user,repo,user:email,workflow...
2025-02-02 15:11:22.204 [info] Got 0 sessions for read:user,repo,user:email,workflow...
2025-02-02 15:11:22.204 [info] Getting sessions for read:user...
2025-02-02 15:11:22.204 [info] Got 0 sessions for read:user...
2025-02-02 15:11:22.205 [info] Getting sessions for user:email...
2025-02-02 15:11:22.205 [info] Got 1 sessions for user:email...
2025-02-02 15:11:22.553 [info] Getting sessions for all scopes...
2025-02-02 15:11:22.553 [info] Got 1 sessions for ...
2025-02-02 15:11:22.553 [info] Getting sessions for read:user,repo,user:email,workflow...
2025-02-02 15:11:22.553 [info] Got 0 sessions for read:user,repo,user:email,workflow...
2025-02-02 15:11:22.554 [info] Getting sessions for user:email...
2025-02-02 15:11:22.554 [info] Got 1 sessions for user:email...
2025-02-02 15:11:23.000 [info] Getting sessions for all scopes...
2025-02-02 15:11:23.000 [info] Got 1 sessions for ...
2025-02-02 15:11:23.000 [info] Getting sessions for all scopes...
2025-02-02 15:11:23.000 [info] Got 1 sessions for ...
2025-02-02 15:11:23.001 [info] Getting sessions for read:user,repo,user:email,workflow...
2025-02-02 15:11:23.001 [info] Got 0 sessions for read:user,repo,user:email,workflow...
2025-02-02 15:11:23.001 [info] Getting sessions for user:email...
2025-02-02 15:11:23.001 [info] Got 1 sessions for user:email...
2025-02-02 15:11:23.002 [info] Getting sessions for all scopes...
2025-02-02 15:11:23.002 [info] Got 1 sessions for ...
2025-02-02 15:11:23.002 [info] Getting sessions for read:user,repo,user:email,workflow...
2025-02-02 15:11:23.002 [info] Got 0 sessions for read:user,repo,user:email,workflow...
2025-02-02 15:11:23.002 [info] Getting sessions for user:email...
2025-02-02 15:11:23.002 [info] Got 1 sessions for user:email...
2025-02-02 15:11:23.005 [info] Getting sessions for all scopes...
2025-02-02 15:11:23.005 [info] Got 1 sessions for ...
2025-02-02 15:11:23.005 [info] Getting sessions for read:user,repo,user:email,workflow...
2025-02-02 15:11:23.005 [info] Got 0 sessions for read:user,repo,user:email,workflow...
2025-02-02 15:11:23.005 [info] Getting sessions for user:email...
2025-02-02 15:11:23.005 [info] Got 1 sessions for user:email...
2025-02-02 15:11:23.006 [info] Getting sessions for all scopes...
2025-02-02 15:11:23.006 [info] Got 1 sessions for ...
2025-02-02 15:11:23.007 [info] Getting sessions for read:user,repo,user:email,workflow...
2025-02-02 15:11:23.007 [info] Got 0 sessions for read:user,repo,user:email,workflow...
2025-02-02 15:11:23.007 [info] Getting sessions for user:email...
2025-02-02 15:11:23.007 [info] Got 1 sessions for user:email...
2025-02-02 15:26:23.430 [info] Getting sessions for all scopes...
2025-02-02 15:26:23.430 [info] Got 1 sessions for ...
2025-02-02 15:26:23.431 [info] Getting sessions for read:user,repo,user:email,workflow...
2025-02-02 15:26:23.431 [info] Got 0 sessions for read:user,repo,user:email,workflow...
2025-02-02 15:26:23.432 [info] Getting sessions for user:email...
2025-02-02 15:26:23.432 [info] Got 1 sessions for user:email...
2025-02-02 15:26:23.433 [info] Getting sessions for all scopes...
2025-02-02 15:26:23.433 [info] Got 1 sessions for ...
2025-02-02 15:26:23.433 [info] Getting sessions for read:user,repo,user:email,workflow...
2025-02-02 15:26:23.433 [info] Got 0 sessions for read:user,repo,user:email,workflow...
2025-02-02 15:26:23.434 [info] Getting sessions for user:email...
2025-02-02 15:26:23.434 [info] Got 1 sessions for user:email...
2025-02-02 15:36:22.587 [info] Getting sessions for read:user,repo,user:email,workflow...
2025-02-02 15:36:22.587 [info] Got 0 sessions for read:user,repo,user:email,workflow...
2025-02-02 15:36:22.587 [info] Getting sessions for read:user...
2025-02-02 15:36:22.587 [info] Got 0 sessions for read:user...
2025-02-02 15:36:22.588 [info] Getting sessions for user:email...
2025-02-02 15:36:22.588 [info] Got 1 sessions for user:email...
2025-02-02 15:36:23.000 [info] Getting sessions for all scopes...
2025-02-02 15:36:23.000 [info] Got 1 sessions for ...
2025-02-02 15:36:23.000 [info] Getting sessions for read:user,repo,user:email,workflow...
2025-02-02 15:36:23.000 [info] Got 0 sessions for read:user,repo,user:email,workflow...
2025-02-02 15:36:23.001 [info] Getting sessions for user:email...
2025-02-02 15:36:23.001 [info] Got 1 sessions for user:email...
2025-02-02 15:36:23.463 [info] Getting sessions for all scopes...
2025-02-02 15:36:23.463 [info] Got 1 sessions for ...
2025-02-02 15:36:23.463 [info] Getting sessions for all scopes...
2025-02-02 15:36:23.463 [info] Got 1 sessions for ...
2025-02-02 15:36:23.463 [info] Getting sessions for read:user,repo,user:email,workflow...
2025-02-02 15:36:23.463 [info] Got 0 sessions for read:user,repo,user:email,workflow...
2025-02-02 15:36:23.464 [info] Getting sessions for user:email...
2025-02-02 15:36:23.464 [info] Got 1 sessions for user:email...
2025-02-02 15:36:23.464 [info] Getting sessions for all scopes...
2025-02-02 15:36:23.464 [info] Got 1 sessions for ...
2025-02-02 15:36:23.464 [info] Getting sessions for read:user,repo,user:email,workflow...
2025-02-02 15:36:23.464 [info] Got 0 sessions for read:user,repo,user:email,workflow...
2025-02-02 15:36:23.465 [info] Getting sessions for user:email...
2025-02-02 15:36:23.465 [info] Got 1 sessions for user:email...
2025-02-02 15:36:23.467 [info] Getting sessions for all scopes...
2025-02-02 15:36:23.467 [info] Got 1 sessions for ...
2025-02-02 15:36:23.467 [info] Getting sessions for read:user,repo,user:email,workflow...
2025-02-02 15:36:23.467 [info] Got 0 sessions for read:user,repo,user:email,workflow...
2025-02-02 15:36:23.468 [info] Getting sessions for user:email...
2025-02-02 15:36:23.468 [info] Got 1 sessions for user:email...
2025-02-02 15:51:23.469 [info] Getting sessions for all scopes...
2025-02-02 15:51:23.469 [info] Got 1 sessions for ...
2025-02-02 15:51:23.470 [info] Getting sessions for read:user,repo,user:email,workflow...
2025-02-02 15:51:23.470 [info] Got 0 sessions for read:user,repo,user:email,workflow...
2025-02-02 15:51:23.470 [info] Getting sessions for user:email...
2025-02-02 15:51:23.470 [info] Got 1 sessions for user:email...
2025-02-02 15:51:23.471 [info] Getting sessions for all scopes...
2025-02-02 15:51:23.471 [info] Got 1 sessions for ...
2025-02-02 15:51:23.472 [info] Getting sessions for read:user,repo,user:email,workflow...
2025-02-02 15:51:23.472 [info] Got 0 sessions for read:user,repo,user:email,workflow...
2025-02-02 15:51:23.472 [info] Getting sessions for user:email...
2025-02-02 15:51:23.472 [info] Got 1 sessions for user:email...
2025-02-02 16:01:22.930 [info] Getting sessions for read:user,repo,user:email,workflow...
2025-02-02 16:01:22.930 [info] Got 0 sessions for read:user,repo,user:email,workflow...
2025-02-02 16:01:22.931 [info] Getting sessions for read:user...
2025-02-02 16:01:22.931 [info] Got 0 sessions for read:user...
2025-02-02 16:01:22.931 [info] Getting sessions for user:email...
2025-02-02 16:01:22.931 [info] Got 1 sessions for user:email...
2025-02-02 16:01:23.463 [info] Getting sessions for all scopes...
2025-02-02 16:01:23.463 [info] Got 1 sessions for ...
2025-02-02 16:01:23.464 [info] Getting sessions for read:user,repo,user:email,workflow...
2025-02-02 16:01:23.464 [info] Got 0 sessions for read:user,repo,user:email,workflow...
2025-02-02 16:01:23.465 [info] Getting sessions for user:email...
2025-02-02 16:01:23.465 [info] Got 1 sessions for user:email...
2025-02-02 16:01:23.885 [info] Getting sessions for all scopes...
2025-02-02 16:01:23.885 [info] Got 1 sessions for ...
2025-02-02 16:01:23.886 [info] Getting sessions for all scopes...
2025-02-02 16:01:23.886 [info] Got 1 sessions for ...
2025-02-02 16:01:23.886 [info] Getting sessions for read:user,repo,user:email,workflow...
2025-02-02 16:01:23.886 [info] Got 0 sessions for read:user,repo,user:email,workflow...
2025-02-02 16:01:23.886 [info] Getting sessions for user:email...
2025-02-02 16:01:23.886 [info] Got 1 sessions for user:email...
2025-02-02 16:01:23.887 [info] Getting sessions for all scopes...
2025-02-02 16:01:23.887 [info] Got 1 sessions for ...
2025-02-02 16:01:23.887 [info] Getting sessions for read:user,repo,user:email,workflow...
2025-02-02 16:01:23.887 [info] Got 0 sessions for read:user,repo,user:email,workflow...
2025-02-02 16:01:23.888 [info] Getting sessions for user:email...
2025-02-02 16:01:23.888 [info] Got 1 sessions for user:email...
2025-02-02 16:01:23.889 [info] Getting sessions for all scopes...
2025-02-02 16:01:23.889 [info] Got 1 sessions for ...
2025-02-02 16:01:23.890 [info] Getting sessions for read:user,repo,user:email,workflow...
2025-02-02 16:01:23.890 [info] Got 0 sessions for read:user,repo,user:email,workflow...
2025-02-02 16:01:23.890 [info] Getting sessions for user:email...
2025-02-02 16:01:23.890 [info] Got 1 sessions for user:email...
2025-02-02 16:01:23.891 [info] Getting sessions for all scopes...
2025-02-02 16:01:23.891 [info] Got 1 sessions for ...
2025-02-02 16:01:23.892 [info] Getting sessions for read:user,repo,user:email,workflow...
2025-02-02 16:01:23.892 [info] Got 0 sessions for read:user,repo,user:email,workflow...
2025-02-02 16:01:23.892 [info] Getting sessions for user:email...
2025-02-02 16:01:23.892 [info] Got 1 sessions for user:email...
2025-02-02 16:16:24.290 [info] Getting sessions for all scopes...
2025-02-02 16:16:24.290 [info] Got 1 sessions for ...
2025-02-02 16:16:24.291 [info] Getting sessions for read:user,repo,user:email,workflow...
2025-02-02 16:16:24.291 [info] Got 0 sessions for read:user,repo,user:email,workflow...
2025-02-02 16:16:24.292 [info] Getting sessions for user:email...
2025-02-02 16:16:24.292 [info] Got 1 sessions for user:email...
2025-02-02 16:16:24.292 [info] Getting sessions for all scopes...
2025-02-02 16:16:24.292 [info] Got 1 sessions for ...
2025-02-02 16:16:24.292 [info] Getting sessions for read:user,repo,user:email,workflow...
2025-02-02 16:16:24.292 [info] Got 0 sessions for read:user,repo,user:email,workflow...
2025-02-02 16:16:24.292 [info] Getting sessions for user:email...
2025-02-02 16:16:24.292 [info] Got 1 sessions for user:email...
2025-02-02 16:26:23.256 [info] Getting sessions for read:user,repo,user:email,workflow...
2025-02-02 16:26:23.256 [info] Got 0 sessions for read:user,repo,user:email,workflow...
2025-02-02 16:26:23.257 [info] Getting sessions for read:user...
2025-02-02 16:26:23.257 [info] Got 0 sessions for read:user...
2025-02-02 16:26:23.257 [info] Getting sessions for user:email...
2025-02-02 16:26:23.257 [info] Got 1 sessions for user:email...
2025-02-02 16:26:23.887 [info] Getting sessions for all scopes...
2025-02-02 16:26:23.887 [info] Got 1 sessions for ...
2025-02-02 16:26:23.887 [info] Getting sessions for read:user,repo,user:email,workflow...
2025-02-02 16:26:23.887 [info] Got 0 sessions for read:user,repo,user:email,workflow...
2025-02-02 16:26:23.888 [info] Getting sessions for user:email...
2025-02-02 16:26:23.888 [info] Got 1 sessions for user:email...
2025-02-02 16:26:24.335 [info] Getting sessions for all scopes...
2025-02-02 16:26:24.335 [info] Got 1 sessions for ...
2025-02-02 16:26:24.335 [info] Getting sessions for all scopes...
2025-02-02 16:26:24.335 [info] Got 1 sessions for ...
2025-02-02 16:26:24.335 [info] Getting sessions for read:user,repo,user:email,workflow...
2025-02-02 16:26:24.335 [info] Got 0 sessions for read:user,repo,user:email,workflow...
2025-02-02 16:26:24.336 [info] Getting sessions for user:email...
2025-02-02 16:26:24.336 [info] Got 1 sessions for user:email...
2025-02-02 16:26:24.336 [info] Getting sessions for all scopes...
2025-02-02 16:26:24.336 [info] Got 1 sessions for ...
2025-02-02 16:26:24.337 [info] Getting sessions for read:user,repo,user:email,workflow...
2025-02-02 16:26:24.337 [info] Got 0 sessions for read:user,repo,user:email,workflow...
2025-02-02 16:26:24.337 [info] Getting sessions for user:email...
2025-02-02 16:26:24.337 [info] Got 1 sessions for user:email...
2025-02-02 16:26:24.339 [info] Getting sessions for all scopes...
2025-02-02 16:26:24.339 [info] Got 1 sessions for ...
2025-02-02 16:26:24.339 [info] Getting sessions for read:user,repo,user:email,workflow...
2025-02-02 16:26:24.339 [info] Got 0 sessions for read:user,repo,user:email,workflow...
2025-02-02 16:26:24.340 [info] Getting sessions for user:email...
2025-02-02 16:26:24.340 [info] Got 1 sessions for user:email...
2025-02-02 16:41:24.342 [info] Getting sessions for all scopes...
2025-02-02 16:41:24.342 [info] Got 1 sessions for ...
2025-02-02 16:41:24.343 [info] Getting sessions for read:user,repo,user:email,workflow...
2025-02-02 16:41:24.343 [info] Got 0 sessions for read:user,repo,user:email,workflow...
2025-02-02 16:41:24.343 [info] Getting sessions for user:email...
2025-02-02 16:41:24.343 [info] Got 1 sessions for user:email...
2025-02-02 16:41:24.344 [info] Getting sessions for all scopes...
2025-02-02 16:41:24.344 [info] Got 1 sessions for ...
2025-02-02 16:41:24.344 [info] Getting sessions for read:user,repo,user:email,workflow...
2025-02-02 16:41:24.344 [info] Got 0 sessions for read:user,repo,user:email,workflow...
2025-02-02 16:41:24.345 [info] Getting sessions for user:email...
2025-02-02 16:41:24.345 [info] Got 1 sessions for user:email...
2025-02-02 16:51:23.644 [info] Getting sessions for read:user,repo,user:email,workflow...
2025-02-02 16:51:23.644 [info] Got 0 sessions for read:user,repo,user:email,workflow...
2025-02-02 16:51:23.645 [info] Getting sessions for read:user...
2025-02-02 16:51:23.645 [info] Got 0 sessions for read:user...
2025-02-02 16:51:23.646 [info] Getting sessions for user:email...
2025-02-02 16:51:23.646 [info] Got 1 sessions for user:email...
2025-02-02 16:51:24.335 [info] Getting sessions for all scopes...
2025-02-02 16:51:24.335 [info] Got 1 sessions for ...
2025-02-02 16:51:24.335 [info] Getting sessions for read:user,repo,user:email,workflow...
2025-02-02 16:51:24.335 [info] Got 0 sessions for read:user,repo,user:email,workflow...
2025-02-02 16:51:24.335 [info] Getting sessions for user:email...
2025-02-02 16:51:24.336 [info] Got 1 sessions for user:email...
2025-02-02 16:51:24.819 [info] Getting sessions for all scopes...
2025-02-02 16:51:24.819 [info] Got 1 sessions for ...
2025-02-02 16:51:24.819 [info] Getting sessions for all scopes...
2025-02-02 16:51:24.819 [info] Got 1 sessions for ...
2025-02-02 16:51:24.820 [info] Getting sessions for read:user,repo,user:email,workflow...
2025-02-02 16:51:24.820 [info] Got 0 sessions for read:user,repo,user:email,workflow...
2025-02-02 16:51:24.820 [info] Getting sessions for user:email...
2025-02-02 16:51:24.820 [info] Got 1 sessions for user:email...
2025-02-02 16:51:24.820 [info] Getting sessions for all scopes...
2025-02-02 16:51:24.820 [info] Got 1 sessions for ...
2025-02-02 16:51:24.821 [info] Getting sessions for read:user,repo,user:email,workflow...
2025-02-02 16:51:24.821 [info] Got 0 sessions for read:user,repo,user:email,workflow...
2025-02-02 16:51:24.821 [info] Getting sessions for user:email...
2025-02-02 16:51:24.821 [info] Got 1 sessions for user:email...
2025-02-02 16:51:24.822 [info] Getting sessions for all scopes...
2025-02-02 16:51:24.822 [info] Got 1 sessions for ...
2025-02-02 16:51:24.823 [info] Getting sessions for read:user,repo,user:email,workflow...
2025-02-02 16:51:24.823 [info] Got 0 sessions for read:user,repo,user:email,workflow...
2025-02-02 16:51:24.823 [info] Getting sessions for user:email...
2025-02-02 16:51:24.823 [info] Got 1 sessions for user:email...
2025-02-02 16:51:24.824 [info] Getting sessions for all scopes...
2025-02-02 16:51:24.824 [info] Got 1 sessions for ...
2025-02-02 16:51:24.825 [info] Getting sessions for read:user,repo,user:email,workflow...
2025-02-02 16:51:24.825 [info] Got 0 sessions for read:user,repo,user:email,workflow...
2025-02-02 16:51:24.825 [info] Getting sessions for user:email...
2025-02-02 16:51:24.825 [info] Got 1 sessions for user:email...
2025-02-02 17:06:25.286 [info] Getting sessions for all scopes...
2025-02-02 17:06:25.286 [info] Got 1 sessions for ...
2025-02-02 17:06:25.287 [info] Getting sessions for read:user,repo,user:email,workflow...
2025-02-02 17:06:25.287 [info] Got 0 sessions for read:user,repo,user:email,workflow...
2025-02-02 17:06:25.288 [info] Getting sessions for user:email...
2025-02-02 17:06:25.288 [info] Got 1 sessions for user:email...
2025-02-02 17:06:25.289 [info] Getting sessions for all scopes...
2025-02-02 17:06:25.289 [info] Got 1 sessions for ...
2025-02-02 17:06:25.289 [info] Getting sessions for read:user,repo,user:email,workflow...
2025-02-02 17:06:25.289 [info] Got 0 sessions for read:user,repo,user:email,workflow...
2025-02-02 17:06:25.289 [info] Getting sessions for user:email...
2025-02-02 17:06:25.289 [info] Got 1 sessions for user:email...
2025-02-02 17:16:24.008 [info] Getting sessions for read:user,repo,user:email,workflow...
2025-02-02 17:16:24.008 [info] Got 0 sessions for read:user,repo,user:email,workflow...
2025-02-02 17:16:24.008 [info] Getting sessions for read:user...
2025-02-02 17:16:24.008 [info] Got 0 sessions for read:user...
2025-02-02 17:16:24.009 [info] Getting sessions for user:email...
2025-02-02 17:16:24.009 [info] Got 1 sessions for user:email...
2025-02-02 17:16:24.820 [info] Getting sessions for all scopes...
2025-02-02 17:16:24.820 [info] Got 1 sessions for ...
2025-02-02 17:16:24.821 [info] Getting sessions for read:user,repo,user:email,workflow...
2025-02-02 17:16:24.821 [info] Got 0 sessions for read:user,repo,user:email,workflow...
2025-02-02 17:16:24.822 [info] Getting sessions for user:email...
2025-02-02 17:16:24.822 [info] Got 1 sessions for user:email...
2025-02-02 17:16:25.257 [info] Getting sessions for all scopes...
2025-02-02 17:16:25.257 [info] Got 1 sessions for ...
2025-02-02 17:16:25.258 [info] Getting sessions for all scopes...
2025-02-02 17:16:25.258 [info] Got 1 sessions for ...
2025-02-02 17:16:25.258 [info] Getting sessions for read:user,repo,user:email,workflow...
2025-02-02 17:16:25.258 [info] Got 0 sessions for read:user,repo,user:email,workflow...
2025-02-02 17:16:25.258 [info] Getting sessions for user:email...
2025-02-02 17:16:25.258 [info] Got 1 sessions for user:email...
2025-02-02 17:16:25.260 [info] Getting sessions for all scopes...
2025-02-02 17:16:25.260 [info] Got 1 sessions for ...
2025-02-02 17:16:25.260 [info] Getting sessions for read:user,repo,user:email,workflow...
2025-02-02 17:16:25.260 [info] Got 0 sessions for read:user,repo,user:email,workflow...
2025-02-02 17:16:25.261 [info] Getting sessions for user:email...
2025-02-02 17:16:25.261 [info] Got 1 sessions for user:email...
2025-02-02 17:16:25.264 [info] Getting sessions for all scopes...
2025-02-02 17:16:25.264 [info] Got 1 sessions for ...
2025-02-02 17:16:25.264 [info] Getting sessions for read:user,repo,user:email,workflow...
2025-02-02 17:16:25.264 [info] Got 0 sessions for read:user,repo,user:email,workflow...
2025-02-02 17:16:25.265 [info] Getting sessions for user:email...
2025-02-02 17:16:25.265 [info] Got 1 sessions for user:email...
2025-02-02 17:31:25.268 [info] Getting sessions for all scopes...
2025-02-02 17:31:25.268 [info] Got 1 sessions for ...
2025-02-02 17:31:25.268 [info] Getting sessions for read:user,repo,user:email,workflow...
2025-02-02 17:31:25.268 [info] Got 0 sessions for read:user,repo,user:email,workflow...
2025-02-02 17:31:25.269 [info] Getting sessions for user:email...
2025-02-02 17:31:25.269 [info] Got 1 sessions for user:email...
2025-02-02 17:31:25.269 [info] Getting sessions for all scopes...
2025-02-02 17:31:25.269 [info] Got 1 sessions for ...
2025-02-02 17:31:25.270 [info] Getting sessions for read:user,repo,user:email,workflow...
2025-02-02 17:31:25.270 [info] Got 0 sessions for read:user,repo,user:email,workflow...
2025-02-02 17:31:25.270 [info] Getting sessions for user:email...
2025-02-02 17:31:25.270 [info] Got 1 sessions for user:email...
2025-02-02 17:41:24.345 [info] Getting sessions for read:user,repo,user:email,workflow...
2025-02-02 17:41:24.345 [info] Got 0 sessions for read:user,repo,user:email,workflow...
2025-02-02 17:41:24.345 [info] Getting sessions for read:user...
2025-02-02 17:41:24.345 [info] Got 0 sessions for read:user...
2025-02-02 17:41:24.346 [info] Getting sessions for user:email...
2025-02-02 17:41:24.346 [info] Got 1 sessions for user:email...
2025-02-02 17:41:25.257 [info] Getting sessions for all scopes...
2025-02-02 17:41:25.257 [info] Got 1 sessions for ...
2025-02-02 17:41:25.258 [info] Getting sessions for read:user,repo,user:email,workflow...
2025-02-02 17:41:25.258 [info] Got 0 sessions for read:user,repo,user:email,workflow...
2025-02-02 17:41:25.259 [info] Getting sessions for user:email...
2025-02-02 17:41:25.259 [info] Got 1 sessions for user:email...
2025-02-02 17:41:25.696 [info] Getting sessions for all scopes...
2025-02-02 17:41:25.696 [info] Got 1 sessions for ...
2025-02-02 17:41:25.696 [info] Getting sessions for all scopes...
2025-02-02 17:41:25.696 [info] Got 1 sessions for ...
2025-02-02 17:41:25.697 [info] Getting sessions for read:user,repo,user:email,workflow...
2025-02-02 17:41:25.697 [info] Got 0 sessions for read:user,repo,user:email,workflow...
2025-02-02 17:41:25.698 [info] Getting sessions for user:email...
2025-02-02 17:41:25.698 [info] Got 1 sessions for user:email...
2025-02-02 17:41:25.698 [info] Getting sessions for all scopes...
2025-02-02 17:41:25.698 [info] Got 1 sessions for ...
2025-02-02 17:41:25.699 [info] Getting sessions for read:user,repo,user:email,workflow...
2025-02-02 17:41:25.699 [info] Got 0 sessions for read:user,repo,user:email,workflow...
2025-02-02 17:41:25.699 [info] Getting sessions for user:email...
2025-02-02 17:41:25.699 [info] Got 1 sessions for user:email...
2025-02-02 17:41:25.702 [info] Getting sessions for all scopes...
2025-02-02 17:41:25.702 [info] Got 1 sessions for ...
2025-02-02 17:41:25.703 [info] Getting sessions for read:user,repo,user:email,workflow...
2025-02-02 17:41:25.703 [info] Got 0 sessions for read:user,repo,user:email,workflow...
2025-02-02 17:41:25.703 [info] Getting sessions for user:email...
2025-02-02 17:41:25.703 [info] Got 1 sessions for user:email...
2025-02-02 17:41:25.705 [info] Getting sessions for all scopes...
2025-02-02 17:41:25.705 [info] Got 1 sessions for ...
2025-02-02 17:41:25.705 [info] Getting sessions for read:user,repo,user:email,workflow...
2025-02-02 17:41:25.705 [info] Got 0 sessions for read:user,repo,user:email,workflow...
2025-02-02 17:41:25.706 [info] Getting sessions for user:email...
2025-02-02 17:41:25.706 [info] Got 1 sessions for user:email...
2025-02-02 17:56:26.117 [info] Getting sessions for all scopes...
2025-02-02 17:56:26.117 [info] Got 1 sessions for ...
2025-02-02 17:56:26.118 [info] Getting sessions for read:user,repo,user:email,workflow...
2025-02-02 17:56:26.118 [info] Got 0 sessions for read:user,repo,user:email,workflow...
2025-02-02 17:56:26.119 [info] Getting sessions for user:email...
2025-02-02 17:56:26.119 [info] Got 1 sessions for user:email...
2025-02-02 17:56:26.119 [info] Getting sessions for all scopes...
2025-02-02 17:56:26.119 [info] Got 1 sessions for ...
2025-02-02 17:56:26.120 [info] Getting sessions for read:user,repo,user:email,workflow...
2025-02-02 17:56:26.120 [info] Got 0 sessions for read:user,repo,user:email,workflow...
2025-02-02 17:56:26.120 [info] Getting sessions for user:email...
2025-02-02 17:56:26.120 [info] Got 1 sessions for user:email...
2025-02-02 18:06:24.686 [info] Getting sessions for read:user,repo,user:email,workflow...
2025-02-02 18:06:24.686 [info] Got 0 sessions for read:user,repo,user:email,workflow...
2025-02-02 18:06:24.687 [info] Getting sessions for read:user...
2025-02-02 18:06:24.687 [info] Got 0 sessions for read:user...
2025-02-02 18:06:24.687 [info] Getting sessions for user:email...
2025-02-02 18:06:24.687 [info] Got 1 sessions for user:email...
2025-02-02 18:06:25.697 [info] Getting sessions for all scopes...
2025-02-02 18:06:25.697 [info] Got 1 sessions for ...
2025-02-02 18:06:25.698 [info] Getting sessions for read:user,repo,user:email,workflow...
2025-02-02 18:06:25.698 [info] Got 0 sessions for read:user,repo,user:email,workflow...
2025-02-02 18:06:25.699 [info] Getting sessions for user:email...
2025-02-02 18:06:25.699 [info] Got 1 sessions for user:email...
2025-02-02 18:06:26.122 [info] Getting sessions for all scopes...
2025-02-02 18:06:26.122 [info] Got 1 sessions for ...
2025-02-02 18:06:26.122 [info] Getting sessions for all scopes...
2025-02-02 18:06:26.122 [info] Got 1 sessions for ...
2025-02-02 18:06:26.123 [info] Getting sessions for read:user,repo,user:email,workflow...
2025-02-02 18:06:26.123 [info] Got 0 sessions for read:user,repo,user:email,workflow...
2025-02-02 18:06:26.123 [info] Getting sessions for user:email...
2025-02-02 18:06:26.123 [info] Got 1 sessions for user:email...
2025-02-02 18:06:26.124 [info] Getting sessions for all scopes...
2025-02-02 18:06:26.124 [info] Got 1 sessions for ...
2025-02-02 18:06:26.124 [info] Getting sessions for read:user,repo,user:email,workflow...
2025-02-02 18:06:26.124 [info] Got 0 sessions for read:user,repo,user:email,workflow...
2025-02-02 18:06:26.124 [info] Getting sessions for user:email...
2025-02-02 18:06:26.124 [info] Got 1 sessions for user:email...
2025-02-02 18:06:26.127 [info] Getting sessions for all scopes...
2025-02-02 18:06:26.127 [info] Got 1 sessions for ...
2025-02-02 18:06:26.127 [info] Getting sessions for read:user,repo,user:email,workflow...
2025-02-02 18:06:26.127 [info] Got 0 sessions for read:user,repo,user:email,workflow...
2025-02-02 18:06:26.128 [info] Getting sessions for user:email...
2025-02-02 18:06:26.128 [info] Got 1 sessions for user:email...
2025-02-02 18:21:26.131 [info] Getting sessions for all scopes...
2025-02-02 18:21:26.131 [info] Got 1 sessions for ...
2025-02-02 18:21:26.132 [info] Getting sessions for read:user,repo,user:email,workflow...
2025-02-02 18:21:26.132 [info] Got 0 sessions for read:user,repo,user:email,workflow...
2025-02-02 18:21:26.132 [info] Getting sessions for user:email...
2025-02-02 18:21:26.132 [info] Got 1 sessions for user:email...
2025-02-02 18:21:26.133 [info] Getting sessions for all scopes...
2025-02-02 18:21:26.133 [info] Got 1 sessions for ...
2025-02-02 18:21:26.133 [info] Getting sessions for read:user,repo,user:email,workflow...
2025-02-02 18:21:26.133 [info] Got 0 sessions for read:user,repo,user:email,workflow...
2025-02-02 18:21:26.134 [info] Getting sessions for user:email...
2025-02-02 18:21:26.134 [info] Got 1 sessions for user:email...
2025-02-02 18:31:25.035 [info] Getting sessions for read:user,repo,user:email,workflow...
2025-02-02 18:31:25.035 [info] Got 0 sessions for read:user,repo,user:email,workflow...
2025-02-02 18:31:25.036 [info] Getting sessions for read:user...
2025-02-02 18:31:25.036 [info] Got 0 sessions for read:user...
2025-02-02 18:31:25.036 [info] Getting sessions for user:email...
2025-02-02 18:31:25.036 [info] Got 1 sessions for user:email...
2025-02-02 18:31:26.123 [info] Getting sessions for all scopes...
2025-02-02 18:31:26.123 [info] Got 1 sessions for ...
2025-02-02 18:31:26.124 [info] Getting sessions for read:user,repo,user:email,workflow...
2025-02-02 18:31:26.124 [info] Got 0 sessions for read:user,repo,user:email,workflow...
2025-02-02 18:31:26.125 [info] Getting sessions for user:email...
2025-02-02 18:31:26.125 [info] Got 1 sessions for user:email...
2025-02-02 18:31:26.575 [info] Getting sessions for all scopes...
2025-02-02 18:31:26.575 [info] Got 1 sessions for ...
2025-02-02 18:31:26.576 [info] Getting sessions for all scopes...
2025-02-02 18:31:26.576 [info] Got 1 sessions for ...
2025-02-02 18:31:26.576 [info] Getting sessions for read:user,repo,user:email,workflow...
2025-02-02 18:31:26.576 [info] Got 0 sessions for read:user,repo,user:email,workflow...
2025-02-02 18:31:26.577 [info] Getting sessions for user:email...
2025-02-02 18:31:26.577 [info] Got 1 sessions for user:email...
2025-02-02 18:31:26.577 [info] Getting sessions for all scopes...
2025-02-02 18:31:26.577 [info] Got 1 sessions for ...
2025-02-02 18:31:26.577 [info] Getting sessions for read:user,repo,user:email,workflow...
2025-02-02 18:31:26.577 [info] Got 0 sessions for read:user,repo,user:email,workflow...
2025-02-02 18:31:26.578 [info] Getting sessions for user:email...
2025-02-02 18:31:26.578 [info] Got 1 sessions for user:email...
2025-02-02 18:31:26.580 [info] Getting sessions for all scopes...
2025-02-02 18:31:26.580 [info] Got 1 sessions for ...
2025-02-02 18:31:26.580 [info] Getting sessions for read:user,repo,user:email,workflow...
2025-02-02 18:31:26.580 [info] Got 0 sessions for read:user,repo,user:email,workflow...
2025-02-02 18:31:26.580 [info] Getting sessions for user:email...
2025-02-02 18:31:26.580 [info] Got 1 sessions for user:email...
2025-02-02 18:31:26.582 [info] Getting sessions for all scopes...
2025-02-02 18:31:26.582 [info] Got 1 sessions for ...
2025-02-02 18:31:26.582 [info] Getting sessions for read:user,repo,user:email,workflow...
2025-02-02 18:31:26.582 [info] Got 0 sessions for read:user,repo,user:email,workflow...
2025-02-02 18:31:26.583 [info] Getting sessions for user:email...
2025-02-02 18:31:26.583 [info] Got 1 sessions for user:email...
2025-02-02 18:46:27.000 [info] Getting sessions for all scopes...
2025-02-02 18:46:27.000 [info] Got 1 sessions for ...
2025-02-02 18:46:27.001 [info] Getting sessions for read:user,repo,user:email,workflow...
2025-02-02 18:46:27.001 [info] Got 0 sessions for read:user,repo,user:email,workflow...
2025-02-02 18:46:27.002 [info] Getting sessions for user:email...
2025-02-02 18:46:27.002 [info] Got 1 sessions for user:email...
2025-02-02 18:46:27.002 [info] Getting sessions for all scopes...
2025-02-02 18:46:27.002 [info] Got 1 sessions for ...
2025-02-02 18:46:27.003 [info] Getting sessions for read:user,repo,user:email,workflow...
2025-02-02 18:46:27.003 [info] Got 0 sessions for read:user,repo,user:email,workflow...
2025-02-02 18:46:27.004 [info] Getting sessions for user:email...
2025-02-02 18:46:27.004 [info] Got 1 sessions for user:email...
2025-02-02 18:56:25.406 [info] Getting sessions for read:user,repo,user:email,workflow...
2025-02-02 18:56:25.406 [info] Got 0 sessions for read:user,repo,user:email,workflow...
2025-02-02 18:56:25.407 [info] Getting sessions for read:user...
2025-02-02 18:56:25.407 [info] Got 0 sessions for read:user...
2025-02-02 18:56:25.407 [info] Getting sessions for user:email...
2025-02-02 18:56:25.407 [info] Got 1 sessions for user:email...
2025-02-02 18:56:26.576 [info] Getting sessions for all scopes...
2025-02-02 18:56:26.576 [info] Got 1 sessions for ...
2025-02-02 18:56:26.576 [info] Getting sessions for read:user,repo,user:email,workflow...
2025-02-02 18:56:26.576 [info] Got 0 sessions for read:user,repo,user:email,workflow...
2025-02-02 18:56:26.577 [info] Getting sessions for user:email...
2025-02-02 18:56:26.577 [info] Got 1 sessions for user:email...
2025-02-02 18:56:27.068 [info] Getting sessions for all scopes...
2025-02-02 18:56:27.068 [info] Got 1 sessions for ...
2025-02-02 18:56:27.068 [info] Getting sessions for all scopes...
2025-02-02 18:56:27.068 [info] Got 1 sessions for ...
2025-02-02 18:56:27.068 [info] Getting sessions for read:user,repo,user:email,workflow...
2025-02-02 18:56:27.068 [info] Got 0 sessions for read:user,repo,user:email,workflow...
2025-02-02 18:56:27.069 [info] Getting sessions for user:email...
2025-02-02 18:56:27.069 [info] Got 1 sessions for user:email...
2025-02-02 18:56:27.069 [info] Getting sessions for all scopes...
2025-02-02 18:56:27.069 [info] Got 1 sessions for ...
2025-02-02 18:56:27.069 [info] Getting sessions for read:user,repo,user:email,workflow...
2025-02-02 18:56:27.069 [info] Got 0 sessions for read:user,repo,user:email,workflow...
2025-02-02 18:56:27.070 [info] Getting sessions for user:email...
2025-02-02 18:56:27.070 [info] Got 1 sessions for user:email...
2025-02-02 18:56:27.071 [info] Getting sessions for all scopes...
2025-02-02 18:56:27.071 [info] Got 1 sessions for ...
2025-02-02 18:56:27.072 [info] Getting sessions for read:user,repo,user:email,workflow...
2025-02-02 18:56:27.072 [info] Got 0 sessions for read:user,repo,user:email,workflow...
2025-02-02 18:56:27.072 [info] Getting sessions for user:email...
2025-02-02 18:56:27.072 [info] Got 1 sessions for user:email...
2025-02-02 19:11:27.075 [info] Getting sessions for all scopes...
2025-02-02 19:11:27.075 [info] Got 1 sessions for ...
2025-02-02 19:11:27.076 [info] Getting sessions for read:user,repo,user:email,workflow...
2025-02-02 19:11:27.076 [info] Got 0 sessions for read:user,repo,user:email,workflow...
2025-02-02 19:11:27.077 [info] Getting sessions for user:email...
2025-02-02 19:11:27.077 [info] Got 1 sessions for user:email...
2025-02-02 19:11:27.077 [info] Getting sessions for all scopes...
2025-02-02 19:11:27.077 [info] Got 1 sessions for ...
2025-02-02 19:11:27.078 [info] Getting sessions for read:user,repo,user:email,workflow...
2025-02-02 19:11:27.078 [info] Got 0 sessions for read:user,repo,user:email,workflow...
2025-02-02 19:11:27.078 [info] Getting sessions for user:email...
2025-02-02 19:11:27.078 [info] Got 1 sessions for user:email...
2025-02-02 19:21:25.759 [info] Getting sessions for read:user,repo,user:email,workflow...
2025-02-02 19:21:25.759 [info] Got 0 sessions for read:user,repo,user:email,workflow...
2025-02-02 19:21:25.760 [info] Getting sessions for read:user...
2025-02-02 19:21:25.760 [info] Got 0 sessions for read:user...
2025-02-02 19:21:25.760 [info] Getting sessions for user:email...
2025-02-02 19:21:25.760 [info] Got 1 sessions for user:email...
2025-02-02 19:21:27.069 [info] Getting sessions for all scopes...
2025-02-02 19:21:27.069 [info] Got 1 sessions for ...
2025-02-02 19:21:27.069 [info] Getting sessions for read:user,repo,user:email,workflow...
2025-02-02 19:21:27.069 [info] Got 0 sessions for read:user,repo,user:email,workflow...
2025-02-02 19:21:27.070 [info] Getting sessions for user:email...
2025-02-02 19:21:27.070 [info] Got 1 sessions for user:email...
2025-02-02 19:21:27.521 [info] Getting sessions for all scopes...
2025-02-02 19:21:27.521 [info] Got 1 sessions for ...
2025-02-02 19:21:27.521 [info] Getting sessions for all scopes...
2025-02-02 19:21:27.521 [info] Got 1 sessions for ...
2025-02-02 19:21:27.522 [info] Getting sessions for read:user,repo,user:email,workflow...
2025-02-02 19:21:27.522 [info] Got 0 sessions for read:user,repo,user:email,workflow...
2025-02-02 19:21:27.523 [info] Getting sessions for user:email...
2025-02-02 19:21:27.523 [info] Got 1 sessions for user:email...
2025-02-02 19:21:27.523 [info] Getting sessions for all scopes...
2025-02-02 19:21:27.523 [info] Got 1 sessions for ...
2025-02-02 19:21:27.524 [info] Getting sessions for read:user,repo,user:email,workflow...
2025-02-02 19:21:27.524 [info] Got 0 sessions for read:user,repo,user:email,workflow...
2025-02-02 19:21:27.524 [info] Getting sessions for user:email...
2025-02-02 19:21:27.524 [info] Got 1 sessions for user:email...
2025-02-02 19:21:27.526 [info] Getting sessions for all scopes...
2025-02-02 19:21:27.526 [info] Got 1 sessions for ...
2025-02-02 19:21:27.526 [info] Getting sessions for read:user,repo,user:email,workflow...
2025-02-02 19:21:27.526 [info] Got 0 sessions for read:user,repo,user:email,workflow...
2025-02-02 19:21:27.527 [info] Getting sessions for user:email...
2025-02-02 19:21:27.527 [info] Got 1 sessions for user:email...
2025-02-02 19:21:27.528 [info] Getting sessions for all scopes...
2025-02-02 19:21:27.528 [info] Got 1 sessions for ...
2025-02-02 19:21:27.528 [info] Getting sessions for read:user,repo,user:email,workflow...
2025-02-02 19:21:27.528 [info] Got 0 sessions for read:user,repo,user:email,workflow...
2025-02-02 19:21:27.528 [info] Getting sessions for user:email...
2025-02-02 19:21:27.528 [info] Got 1 sessions for user:email...
2025-02-02 19:36:27.927 [info] Getting sessions for all scopes...
2025-02-02 19:36:27.927 [info] Got 1 sessions for ...
2025-02-02 19:36:27.928 [info] Getting sessions for read:user,repo,user:email,workflow...
2025-02-02 19:36:27.928 [info] Got 0 sessions for read:user,repo,user:email,workflow...
2025-02-02 19:36:27.928 [info] Getting sessions for user:email...
2025-02-02 19:36:27.929 [info] Got 1 sessions for user:email...
2025-02-02 19:36:27.929 [info] Getting sessions for all scopes...
2025-02-02 19:36:27.929 [info] Got 1 sessions for ...
2025-02-02 19:36:27.929 [info] Getting sessions for read:user,repo,user:email,workflow...
2025-02-02 19:36:27.929 [info] Got 0 sessions for read:user,repo,user:email,workflow...
2025-02-02 19:36:27.930 [info] Getting sessions for user:email...
2025-02-02 19:36:27.930 [info] Got 1 sessions for user:email...
2025-02-02 19:46:26.122 [info] Getting sessions for read:user,repo,user:email,workflow...
2025-02-02 19:46:26.122 [info] Got 0 sessions for read:user,repo,user:email,workflow...
2025-02-02 19:46:26.123 [info] Getting sessions for read:user...
2025-02-02 19:46:26.123 [info] Got 0 sessions for read:user...
2025-02-02 19:46:26.123 [info] Getting sessions for user:email...
2025-02-02 19:46:26.123 [info] Got 1 sessions for user:email...
2025-02-02 19:46:27.521 [info] Getting sessions for all scopes...
2025-02-02 19:46:27.521 [info] Got 1 sessions for ...
2025-02-02 19:46:27.522 [info] Getting sessions for read:user,repo,user:email,workflow...
2025-02-02 19:46:27.522 [info] Got 0 sessions for read:user,repo,user:email,workflow...
2025-02-02 19:46:27.522 [info] Getting sessions for user:email...
2025-02-02 19:46:27.522 [info] Got 1 sessions for user:email...
2025-02-02 19:46:27.981 [info] Getting sessions for all scopes...
2025-02-02 19:46:27.981 [info] Got 1 sessions for ...
2025-02-02 19:46:27.981 [info] Getting sessions for all scopes...
2025-02-02 19:46:27.981 [info] Got 1 sessions for ...
2025-02-02 19:46:27.982 [info] Getting sessions for read:user,repo,user:email,workflow...
2025-02-02 19:46:27.982 [info] Got 0 sessions for read:user,repo,user:email,workflow...
2025-02-02 19:46:27.982 [info] Getting sessions for user:email...
2025-02-02 19:46:27.982 [info] Got 1 sessions for user:email...
2025-02-02 19:46:27.983 [info] Getting sessions for all scopes...
2025-02-02 19:46:27.983 [info] Got 1 sessions for ...
2025-02-02 19:46:27.983 [info] Getting sessions for read:user,repo,user:email,workflow...
2025-02-02 19:46:27.983 [info] Got 0 sessions for read:user,repo,user:email,workflow...
2025-02-02 19:46:27.984 [info] Getting sessions for user:email...
2025-02-02 19:46:27.984 [info] Got 1 sessions for user:email...
2025-02-02 19:46:27.985 [info] Getting sessions for all scopes...
2025-02-02 19:46:27.985 [info] Got 1 sessions for ...
2025-02-02 19:46:27.985 [info] Getting sessions for read:user,repo,user:email,workflow...
2025-02-02 19:46:27.985 [info] Got 0 sessions for read:user,repo,user:email,workflow...
2025-02-02 19:46:27.986 [info] Getting sessions for user:email...
2025-02-02 19:46:27.986 [info] Got 1 sessions for user:email...
2025-02-02 20:01:27.987 [info] Getting sessions for all scopes...
2025-02-02 20:01:27.987 [info] Got 1 sessions for ...
2025-02-02 20:01:27.988 [info] Getting sessions for read:user,repo,user:email,workflow...
2025-02-02 20:01:27.988 [info] Got 0 sessions for read:user,repo,user:email,workflow...
2025-02-02 20:01:27.988 [info] Getting sessions for user:email...
2025-02-02 20:01:27.988 [info] Got 1 sessions for user:email...
2025-02-02 20:01:27.989 [info] Getting sessions for all scopes...
2025-02-02 20:01:27.989 [info] Got 1 sessions for ...
2025-02-02 20:01:27.989 [info] Getting sessions for read:user,repo,user:email,workflow...
2025-02-02 20:01:27.989 [info] Got 0 sessions for read:user,repo,user:email,workflow...
2025-02-02 20:01:27.990 [info] Getting sessions for user:email...
2025-02-02 20:01:27.990 [info] Got 1 sessions for user:email...
2025-02-02 20:11:26.446 [info] Getting sessions for read:user,repo,user:email,workflow...
2025-02-02 20:11:26.446 [info] Got 0 sessions for read:user,repo,user:email,workflow...
2025-02-02 20:11:26.447 [info] Getting sessions for read:user...
2025-02-02 20:11:26.447 [info] Got 0 sessions for read:user...
2025-02-02 20:11:26.447 [info] Getting sessions for user:email...
2025-02-02 20:11:26.447 [info] Got 1 sessions for user:email...
2025-02-02 20:11:27.982 [info] Getting sessions for all scopes...
2025-02-02 20:11:27.982 [info] Got 1 sessions for ...
2025-02-02 20:11:27.982 [info] Getting sessions for read:user,repo,user:email,workflow...
2025-02-02 20:11:27.982 [info] Got 0 sessions for read:user,repo,user:email,workflow...
2025-02-02 20:11:27.983 [info] Getting sessions for user:email...
2025-02-02 20:11:27.983 [info] Got 1 sessions for user:email...
2025-02-02 20:11:28.434 [info] Getting sessions for all scopes...
2025-02-02 20:11:28.434 [info] Got 1 sessions for ...
2025-02-02 20:11:28.434 [info] Getting sessions for all scopes...
2025-02-02 20:11:28.434 [info] Got 1 sessions for ...
2025-02-02 20:11:28.434 [info] Getting sessions for read:user,repo,user:email,workflow...
2025-02-02 20:11:28.434 [info] Got 0 sessions for read:user,repo,user:email,workflow...
2025-02-02 20:11:28.435 [info] Getting sessions for user:email...
2025-02-02 20:11:28.435 [info] Got 1 sessions for user:email...
2025-02-02 20:11:28.435 [info] Getting sessions for all scopes...
2025-02-02 20:11:28.435 [info] Got 1 sessions for ...
2025-02-02 20:11:28.435 [info] Getting sessions for read:user,repo,user:email,workflow...
2025-02-02 20:11:28.435 [info] Got 0 sessions for read:user,repo,user:email,workflow...
2025-02-02 20:11:28.436 [info] Getting sessions for user:email...
2025-02-02 20:11:28.437 [info] Got 1 sessions for user:email...
2025-02-02 20:11:28.438 [info] Getting sessions for all scopes...
2025-02-02 20:11:28.438 [info] Got 1 sessions for ...
2025-02-02 20:11:28.439 [info] Getting sessions for read:user,repo,user:email,workflow...
2025-02-02 20:11:28.439 [info] Got 0 sessions for read:user,repo,user:email,workflow...
2025-02-02 20:11:28.439 [info] Getting sessions for user:email...
2025-02-02 20:11:28.439 [info] Got 1 sessions for user:email...
2025-02-02 20:11:28.440 [info] Getting sessions for all scopes...
2025-02-02 20:11:28.440 [info] Got 1 sessions for ...
2025-02-02 20:11:28.440 [info] Getting sessions for read:user,repo,user:email,workflow...
2025-02-02 20:11:28.440 [info] Got 0 sessions for read:user,repo,user:email,workflow...
2025-02-02 20:11:28.441 [info] Getting sessions for user:email...
2025-02-02 20:11:28.441 [info] Got 1 sessions for user:email...
2025-02-02 20:26:28.836 [info] Getting sessions for all scopes...
2025-02-02 20:26:28.836 [info] Got 1 sessions for ...
2025-02-02 20:26:28.837 [info] Getting sessions for read:user,repo,user:email,workflow...
2025-02-02 20:26:28.837 [info] Got 0 sessions for read:user,repo,user:email,workflow...
2025-02-02 20:26:28.837 [info] Getting sessions for user:email...
2025-02-02 20:26:28.837 [info] Got 1 sessions for user:email...
2025-02-02 20:26:28.838 [info] Getting sessions for all scopes...
2025-02-02 20:26:28.838 [info] Got 1 sessions for ...
2025-02-02 20:26:28.838 [info] Getting sessions for read:user,repo,user:email,workflow...
2025-02-02 20:26:28.838 [info] Got 0 sessions for read:user,repo,user:email,workflow...
2025-02-02 20:26:28.838 [info] Getting sessions for user:email...
2025-02-02 20:26:28.838 [info] Got 1 sessions for user:email...
2025-02-02 20:36:26.811 [info] Getting sessions for read:user,repo,user:email,workflow...
2025-02-02 20:36:26.811 [info] Got 0 sessions for read:user,repo,user:email,workflow...
2025-02-02 20:36:26.812 [info] Getting sessions for read:user...
2025-02-02 20:36:26.812 [info] Got 0 sessions for read:user...
2025-02-02 20:36:26.812 [info] Getting sessions for user:email...
2025-02-02 20:36:26.812 [info] Got 1 sessions for user:email...
2025-02-02 20:36:28.453 [info] Getting sessions for all scopes...
2025-02-02 20:36:28.453 [info] Got 1 sessions for ...
2025-02-02 20:36:28.454 [info] Getting sessions for read:user,repo,user:email,workflow...
2025-02-02 20:36:28.454 [info] Got 0 sessions for read:user,repo,user:email,workflow...
2025-02-02 20:36:28.454 [info] Getting sessions for user:email...
2025-02-02 20:36:28.454 [info] Got 1 sessions for user:email...
2025-02-02 20:36:28.953 [info] Getting sessions for all scopes...
2025-02-02 20:36:28.953 [info] Got 1 sessions for ...
2025-02-02 20:36:28.953 [info] Getting sessions for all scopes...
2025-02-02 20:36:28.953 [info] Got 1 sessions for ...
2025-02-02 20:36:28.954 [info] Getting sessions for read:user,repo,user:email,workflow...
2025-02-02 20:36:28.954 [info] Got 0 sessions for read:user,repo,user:email,workflow...
2025-02-02 20:36:28.954 [info] Getting sessions for user:email...
2025-02-02 20:36:28.954 [info] Got 1 sessions for user:email...
2025-02-02 20:36:28.955 [info] Getting sessions for all scopes...
2025-02-02 20:36:28.955 [info] Got 1 sessions for ...
2025-02-02 20:36:28.955 [info] Getting sessions for read:user,repo,user:email,workflow...
2025-02-02 20:36:28.955 [info] Got 0 sessions for read:user,repo,user:email,workflow...
2025-02-02 20:36:28.956 [info] Getting sessions for user:email...
2025-02-02 20:36:28.956 [info] Got 1 sessions for user:email...
2025-02-02 20:36:28.957 [info] Getting sessions for all scopes...
2025-02-02 20:36:28.957 [info] Got 1 sessions for ...
2025-02-02 20:36:28.958 [info] Getting sessions for read:user,repo,user:email,workflow...
2025-02-02 20:36:28.958 [info] Got 0 sessions for read:user,repo,user:email,workflow...
2025-02-02 20:36:28.958 [info] Getting sessions for user:email...
2025-02-02 20:36:28.958 [info] Got 1 sessions for user:email...
2025-02-02 20:36:28.959 [info] Getting sessions for all scopes...
2025-02-02 20:36:28.959 [info] Got 1 sessions for ...
2025-02-02 20:36:28.960 [info] Getting sessions for read:user,repo,user:email,workflow...
2025-02-02 20:36:28.960 [info] Got 0 sessions for read:user,repo,user:email,workflow...
2025-02-02 20:36:28.960 [info] Getting sessions for user:email...
2025-02-02 20:36:28.960 [info] Got 1 sessions for user:email...
2025-02-02 20:51:29.087 [info] Getting sessions for all scopes...
2025-02-02 20:51:29.087 [info] Got 1 sessions for ...
2025-02-02 20:51:29.088 [info] Getting sessions for read:user,repo,user:email,workflow...
2025-02-02 20:51:29.088 [info] Got 0 sessions for read:user,repo,user:email,workflow...
2025-02-02 20:51:29.088 [info] Getting sessions for user:email...
2025-02-02 20:51:29.088 [info] Got 1 sessions for user:email...
2025-02-02 20:51:29.088 [info] Getting sessions for all scopes...
2025-02-02 20:51:29.088 [info] Got 1 sessions for ...
2025-02-02 20:51:29.089 [info] Getting sessions for read:user,repo,user:email,workflow...
2025-02-02 20:51:29.089 [info] Got 0 sessions for read:user,repo,user:email,workflow...
2025-02-02 20:51:29.089 [info] Getting sessions for user:email...
2025-02-02 20:51:29.089 [info] Got 1 sessions for user:email...
2025-02-02 21:01:27.178 [info] Getting sessions for read:user,repo,user:email,workflow...
2025-02-02 21:01:27.178 [info] Got 0 sessions for read:user,repo,user:email,workflow...
2025-02-02 21:01:27.179 [info] Getting sessions for read:user...
2025-02-02 21:01:27.179 [info] Got 0 sessions for read:user...
2025-02-02 21:01:27.180 [info] Getting sessions for user:email...
2025-02-02 21:01:27.180 [info] Got 1 sessions for user:email...
2025-02-02 21:01:28.954 [info] Getting sessions for all scopes...
2025-02-02 21:01:28.954 [info] Got 1 sessions for ...
2025-02-02 21:01:28.955 [info] Getting sessions for read:user,repo,user:email,workflow...
2025-02-02 21:01:28.955 [info] Got 0 sessions for read:user,repo,user:email,workflow...
2025-02-02 21:01:28.955 [info] Getting sessions for user:email...
2025-02-02 21:01:28.955 [info] Got 1 sessions for user:email...
2025-02-02 21:01:29.416 [info] Getting sessions for all scopes...
2025-02-02 21:01:29.416 [info] Got 1 sessions for ...
2025-02-02 21:01:29.416 [info] Getting sessions for all scopes...
2025-02-02 21:01:29.416 [info] Got 1 sessions for ...
2025-02-02 21:01:29.416 [info] Getting sessions for read:user,repo,user:email,workflow...
2025-02-02 21:01:29.416 [info] Got 0 sessions for read:user,repo,user:email,workflow...
2025-02-02 21:01:29.417 [info] Getting sessions for user:email...
2025-02-02 21:01:29.417 [info] Got 1 sessions for user:email...
2025-02-02 21:01:29.418 [info] Getting sessions for all scopes...
2025-02-02 21:01:29.418 [info] Got 1 sessions for ...
2025-02-02 21:01:29.418 [info] Getting sessions for read:user,repo,user:email,workflow...
2025-02-02 21:01:29.418 [info] Got 0 sessions for read:user,repo,user:email,workflow...
2025-02-02 21:01:29.418 [info] Getting sessions for user:email...
2025-02-02 21:01:29.418 [info] Got 1 sessions for user:email...
2025-02-02 21:01:29.420 [info] Getting sessions for all scopes...
2025-02-02 21:01:29.420 [info] Got 1 sessions for ...
2025-02-02 21:01:29.420 [info] Getting sessions for read:user,repo,user:email,workflow...
2025-02-02 21:01:29.420 [info] Got 0 sessions for read:user,repo,user:email,workflow...
2025-02-02 21:01:29.421 [info] Getting sessions for user:email...
2025-02-02 21:01:29.421 [info] Got 1 sessions for user:email...
2025-02-02 21:01:29.422 [info] Getting sessions for all scopes...
2025-02-02 21:01:29.422 [info] Got 1 sessions for ...
2025-02-02 21:01:29.422 [info] Getting sessions for read:user,repo,user:email,workflow...
2025-02-02 21:01:29.422 [info] Got 0 sessions for read:user,repo,user:email,workflow...
2025-02-02 21:01:29.422 [info] Getting sessions for user:email...
2025-02-02 21:01:29.422 [info] Got 1 sessions for user:email...
