2025-02-02 12:19:14.923 [info] [main] Log level: Info
2025-02-02 12:19:14.923 [info] [main] Validating found git in: "git"
2025-02-02 12:19:14.923 [info] [main] Using git "2.47.0" from "git"
2025-02-02 12:19:14.923 [info] [Model][doInitialScan] Initial repository scan started
2025-02-02 12:19:14.923 [info] > git rev-parse --show-toplevel [3ms]
2025-02-02 12:19:14.923 [info] > git rev-parse --show-toplevel [4ms]
2025-02-02 12:19:14.961 [info] > git rev-parse --show-toplevel [19ms]
2025-02-02 12:19:14.975 [info] > git rev-parse --show-toplevel [1ms]
2025-02-02 12:19:14.991 [info] > git rev-parse --show-toplevel [0ms]
2025-02-02 12:19:15.035 [info] > git rev-parse --show-toplevel [5ms]
2025-02-02 12:19:15.047 [info] > git rev-parse --show-toplevel [1ms]
2025-02-02 12:19:15.060 [info] > git rev-parse --show-toplevel [1ms]
2025-02-02 12:19:15.073 [info] > git rev-parse --show-toplevel [1ms]
2025-02-02 12:19:15.075 [info] [Model][doInitialScan] Initial repository scan completed - repositories (0), closed repositories (0), parent repositories (1), unsafe repositories (0)
2025-02-02 12:19:15.563 [info] > git rev-parse --show-toplevel [2ms]
2025-02-02 12:19:38.057 [info] > git rev-parse --show-toplevel [2ms]
2025-02-02 12:19:47.239 [info] > git rev-parse --show-toplevel [3ms]
2025-02-02 12:19:51.635 [info] > git rev-parse --show-toplevel [2ms]
2025-02-02 12:20:22.669 [info] > git rev-parse --show-toplevel [3ms]
2025-02-02 12:20:49.879 [info] > git rev-parse --show-toplevel [2ms]
2025-02-02 12:20:50.139 [info] > git rev-parse --show-toplevel [6ms]
2025-02-02 12:23:59.250 [info] > git rev-parse --show-toplevel [1ms]
2025-02-02 12:24:18.194 [info] > git rev-parse --show-toplevel [2ms]
2025-02-02 12:25:11.715 [info] > git rev-parse --show-toplevel [2ms]
2025-02-02 12:25:14.036 [info] > git rev-parse --show-toplevel [1ms]
2025-02-02 12:25:33.909 [info] > git rev-parse --show-toplevel [2ms]
2025-02-02 12:25:42.859 [info] > git rev-parse --show-toplevel [3ms]
2025-02-02 12:25:44.421 [info] > git rev-parse --show-toplevel [1ms]
2025-02-02 12:25:56.022 [info] > git rev-parse --show-toplevel [2ms]
2025-02-02 12:27:07.168 [info] > git rev-parse --show-toplevel [2ms]
2025-02-02 12:27:14.846 [info] > git rev-parse --show-toplevel [3ms]
2025-02-02 12:27:16.555 [info] > git rev-parse --show-toplevel [2ms]
2025-02-02 12:27:17.579 [info] > git rev-parse --show-toplevel [2ms]
2025-02-02 12:27:18.364 [info] > git rev-parse --show-toplevel [2ms]
2025-02-02 12:27:30.622 [info] > git rev-parse --show-toplevel [1ms]
2025-02-02 12:27:57.870 [info] > git rev-parse --show-toplevel [1ms]
2025-02-02 12:28:00.082 [info] > git rev-parse --show-toplevel [2ms]
2025-02-02 12:28:05.228 [info] > git rev-parse --show-toplevel [1ms]
2025-02-02 12:28:06.002 [info] > git rev-parse --show-toplevel [2ms]
2025-02-02 12:28:06.480 [info] > git rev-parse --show-toplevel [1ms]
2025-02-02 12:28:13.477 [info] > git rev-parse --show-toplevel [1ms]
2025-02-02 12:28:28.361 [info] > git rev-parse --show-toplevel [1ms]
2025-02-02 12:28:45.173 [info] > git rev-parse --show-toplevel [2ms]
2025-02-02 12:28:47.054 [info] > git rev-parse --show-toplevel [2ms]
2025-02-02 12:31:53.054 [info] > git rev-parse --show-toplevel [3ms]
2025-02-02 12:31:53.069 [info] > git rev-parse --show-toplevel [1ms]
2025-02-02 12:31:53.084 [info] > git rev-parse --show-toplevel [2ms]
2025-02-02 12:31:57.131 [info] > git rev-parse --show-toplevel [16ms]
2025-02-02 12:31:58.957 [info] > git rev-parse --show-toplevel [12ms]
2025-02-02 12:31:58.986 [info] > git rev-parse --show-toplevel [5ms]
2025-02-02 12:32:51.258 [info] [main] Log level: Info
2025-02-02 12:32:51.258 [info] [main] Validating found git in: "git"
2025-02-02 12:32:51.258 [info] [main] Using git "2.47.0" from "git"
2025-02-02 12:32:51.258 [info] [Model][doInitialScan] Initial repository scan started
2025-02-02 12:32:51.258 [info] > git rev-parse --show-toplevel [5ms]
2025-02-02 12:32:52.065 [info] > git rev-parse --show-toplevel [797ms]
2025-02-02 12:32:52.361 [info] > git rev-parse --show-toplevel [9ms]
2025-02-02 12:32:52.377 [info] > git rev-parse --show-toplevel [2ms]
2025-02-02 12:32:52.379 [info] [Model][doInitialScan] Initial repository scan completed - repositories (0), closed repositories (0), parent repositories (1), unsafe repositories (0)
2025-02-02 12:32:52.428 [info] > git rev-parse --show-toplevel [14ms]
2025-02-02 12:33:06.283 [info] [main] Log level: Info
2025-02-02 12:33:06.284 [info] [main] Validating found git in: "git"
2025-02-02 12:33:06.284 [info] [main] Using git "2.47.0" from "git"
2025-02-02 12:33:06.284 [info] [Model][doInitialScan] Initial repository scan started
2025-02-02 12:33:06.284 [info] > git rev-parse --show-toplevel [18ms]
2025-02-02 12:33:06.317 [info] > git rev-parse --show-toplevel [6ms]
2025-02-02 12:33:06.333 [info] > git rev-parse --show-toplevel [3ms]
2025-02-02 12:33:06.345 [info] > git rev-parse --show-toplevel [1ms]
2025-02-02 12:33:06.356 [info] > git rev-parse --show-toplevel [2ms]
2025-02-02 12:33:06.374 [info] > git rev-parse --show-toplevel [5ms]
2025-02-02 12:33:06.437 [info] > git rev-parse --show-toplevel [12ms]
2025-02-02 12:33:06.468 [info] > git rev-parse --show-toplevel [5ms]
2025-02-02 12:33:06.524 [info] > git rev-parse --show-toplevel [34ms]
2025-02-02 12:33:06.547 [info] > git rev-parse --show-toplevel [4ms]
2025-02-02 12:33:06.551 [info] [Model][doInitialScan] Initial repository scan completed - repositories (0), closed repositories (0), parent repositories (1), unsafe repositories (0)
2025-02-02 12:33:06.575 [info] > git rev-parse --show-toplevel [7ms]
2025-02-02 12:33:06.941 [info] > git rev-parse --show-toplevel [1ms]
2025-02-02 12:35:35.282 [info] > git rev-parse --show-toplevel [2ms]
2025-02-02 12:35:35.876 [info] > git rev-parse --show-toplevel [2ms]
2025-02-02 12:35:37.766 [info] > git rev-parse --show-toplevel [1ms]
2025-02-02 12:35:38.375 [info] > git rev-parse --show-toplevel [1ms]
2025-02-02 12:35:41.576 [info] > git rev-parse --show-toplevel [2ms]
2025-02-02 12:35:41.990 [info] > git rev-parse --show-toplevel [1ms]
2025-02-02 12:37:56.309 [info] > git rev-parse --show-toplevel [2ms]
2025-02-02 12:40:03.366 [info] > git rev-parse --show-toplevel [2ms]
2025-02-02 12:40:04.117 [info] > git rev-parse --show-toplevel [1ms]
2025-02-02 12:40:32.669 [info] > git rev-parse --show-toplevel [2ms]
2025-02-02 12:41:12.922 [info] > git rev-parse --show-toplevel [1ms]
2025-02-02 12:41:13.565 [info] > git rev-parse --show-toplevel [1ms]
2025-02-02 12:41:14.430 [info] > git rev-parse --show-toplevel [2ms]
2025-02-02 12:41:14.792 [info] > git rev-parse --show-toplevel [0ms]
2025-02-02 12:41:50.153 [info] > git rev-parse --show-toplevel [2ms]
2025-02-02 12:41:50.976 [info] > git rev-parse --show-toplevel [1ms]
2025-02-02 12:41:52.032 [info] > git rev-parse --show-toplevel [2ms]
2025-02-02 12:41:52.048 [info] > git rev-parse --show-toplevel [1ms]
2025-02-02 12:42:31.332 [info] > git rev-parse --show-toplevel [1ms]
2025-02-02 12:43:14.201 [info] > git rev-parse --show-toplevel [1ms]
2025-02-02 12:43:59.310 [info] > git rev-parse --show-toplevel [1ms]
2025-02-02 12:45:41.762 [info] > git rev-parse --show-toplevel [4ms]
2025-02-02 12:45:43.178 [info] > git rev-parse --show-toplevel [3ms]
2025-02-02 12:46:07.101 [info] > git rev-parse --show-toplevel [3ms]
