[INFO - 11:59:38] Use build kind: WRAPPER
[INFO - 11:59:38] Gradle version: 8.11.1
[INFO - 11:59:38] Sending response 'build/initialize'. Processing request took 11 ms.
[INFO - 11:59:46] Found 6 build targets during initialization.
[INFO - 11:59:46] Sending response 'workspace/buildTargets'. Processing request took 7806 ms.
[INFO - 11:59:49] Sending response 'workspace/buildTargets'. Processing request took 0 ms.
[INFO - 11:59:49] Sending response 'buildTarget/outputPaths'. Processing request took 0 ms.
[INFO - 11:59:49] Sending response 'buildTarget/sources'. Processing request took 0 ms.
[INFO - 11:59:49] Sending response 'buildTarget/resources'. Processing request took 0 ms.
[INFO - 11:59:49] Sending response 'buildTarget/outputPaths'. Processing request took 0 ms.
[INFO - 11:59:49] Sending response 'buildTarget/sources'. Processing request took 0 ms.
[INFO - 11:59:49] Sending response 'buildTarget/resources'. Processing request took 0 ms.
[INFO - 11:59:49] Sending response 'buildTarget/dependencyModules'. Processing request took 0 ms.
[INFO - 11:59:49] Sending response 'buildTarget/dependencyModules'. Processing request took 0 ms.
[INFO - 11:59:49] Sending response 'buildTarget/javacOptions'. Processing request took 2 ms.
[INFO - 11:59:49] Sending response 'workspace/buildTargets'. Processing request took 0 ms.
[INFO - 11:59:49] Sending response 'buildTarget/outputPaths'. Processing request took 0 ms.
[INFO - 11:59:49] Sending response 'buildTarget/sources'. Processing request took 0 ms.
[INFO - 11:59:49] Sending response 'buildTarget/resources'. Processing request took 0 ms.
[INFO - 11:59:49] Sending response 'buildTarget/outputPaths'. Processing request took 0 ms.
[INFO - 11:59:49] Sending response 'buildTarget/sources'. Processing request took 0 ms.
[INFO - 11:59:49] Sending response 'buildTarget/resources'. Processing request took 0 ms.
[INFO - 11:59:49] Sending response 'buildTarget/dependencyModules'. Processing request took 0 ms.
[INFO - 11:59:49] Sending response 'buildTarget/dependencyModules'. Processing request took 0 ms.
[INFO - 11:59:49] Sending response 'buildTarget/javacOptions'. Processing request took 1 ms.
[INFO - 11:59:49] Sending response 'workspace/buildTargets'. Processing request took 0 ms.
[INFO - 11:59:49] Sending response 'buildTarget/outputPaths'. Processing request took 0 ms.
[INFO - 11:59:49] Sending response 'buildTarget/sources'. Processing request took 0 ms.
[INFO - 11:59:49] Sending response 'buildTarget/resources'. Processing request took 0 ms.
[INFO - 11:59:49] Sending response 'buildTarget/outputPaths'. Processing request took 0 ms.
[INFO - 11:59:49] Sending response 'buildTarget/sources'. Processing request took 0 ms.
[INFO - 11:59:49] Sending response 'buildTarget/resources'. Processing request took 0 ms.
[INFO - 11:59:49] Sending response 'buildTarget/dependencyModules'. Processing request took 0 ms.
[INFO - 11:59:49] Sending response 'buildTarget/dependencyModules'. Processing request took 0 ms.
[INFO - 11:59:49] Sending response 'buildTarget/javacOptions'. Processing request took 2 ms.
[INFO - 11:59:49] Sending response 'workspace/buildTargets'. Processing request took 0 ms.
[INFO - 11:59:49] Sending response 'workspace/buildTargets'. Processing request took 0 ms.
[INFO - 11:59:49] Sending response 'workspace/buildTargets'. Processing request took 0 ms.
[INFO - 12:02:56] Sending response 'workspace/buildTargets'. Processing request took 0 ms.
[INFO - 12:03:02] Sending response 'buildTarget/compile'. Processing request took 5367 ms.
