feb 02, 2025 11:59:35 A. M. org.apache.aries.spifly.BaseActivator log
INFORMACIÓN: Registered provider ch.qos.logback.classic.servlet.LogbackServletContainerInitializer of service jakarta.servlet.ServletContainerInitializer in bundle ch.qos.logback.classic
feb 02, 2025 11:59:35 A. M. org.apache.aries.spifly.BaseActivator log
INFORMACIÓN: Registered provider ch.qos.logback.classic.spi.LogbackServiceProvider of service org.slf4j.spi.SLF4JServiceProvider in bundle ch.qos.logback.classic
feb 02, 2025 12:02:50 P. M. com.microsoft.java.debug.plugin.internal.JavaDebuggerServerPlugin start
INFORMACIÓN: Starting com.microsoft.java.debug.plugin
[Error - 12:03:02] 2 feb 2025, 12:03:02 Problems occurred when invoking code from plug-in: "org.eclipse.core.resources".
Build Failed.
org.eclipse.core.runtime.CoreException: Build Failed.
	at com.microsoft.gradle.bs.importer.builder.BuildServerBuilder.build(BuildServerBuilder.java:61)
	at org.eclipse.core.internal.events.BuildManager$2.run(BuildManager.java:1077)
	at org.eclipse.core.runtime.SafeRunner.run(SafeRunner.java:47)
	at org.eclipse.core.internal.events.BuildManager.basicBuild(BuildManager.java:296)
	at org.eclipse.core.internal.events.BuildManager.basicBuild(BuildManager.java:352)
	at org.eclipse.core.internal.events.BuildManager$1.run(BuildManager.java:441)
	at org.eclipse.core.runtime.SafeRunner.run(SafeRunner.java:47)
	at org.eclipse.core.internal.events.BuildManager.basicBuild(BuildManager.java:444)
	at org.eclipse.core.internal.events.BuildManager.basicBuildLoop(BuildManager.java:555)
	at org.eclipse.core.internal.events.BuildManager.basicBuildLoop(BuildManager.java:503)
	at org.eclipse.core.internal.events.BuildManager.build(BuildManager.java:585)
	at org.eclipse.core.internal.resources.Workspace.buildInternal(Workspace.java:601)
	at org.eclipse.core.internal.resources.Workspace.build(Workspace.java:497)
	at com.microsoft.java.debug.plugin.internal.Compile.compile(Compile.java:60)
	at com.microsoft.java.debug.plugin.internal.JavaDebugDelegateCommandHandler.executeCommand(JavaDebugDelegateCommandHandler.java:72)
	at org.eclipse.jdt.ls.core.internal.handlers.WorkspaceExecuteCommandHandler$1.run(WorkspaceExecuteCommandHandler.java:230)
	at org.eclipse.core.runtime.SafeRunner.run(SafeRunner.java:47)
	at org.eclipse.jdt.ls.core.internal.handlers.WorkspaceExecuteCommandHandler.executeCommand(WorkspaceExecuteCommandHandler.java:220)
	at org.eclipse.jdt.ls.core.internal.handlers.JDTLanguageServer.lambda$4(JDTLanguageServer.java:610)
	at org.eclipse.jdt.ls.core.internal.BaseJDTLanguageServer.lambda$0(BaseJDTLanguageServer.java:87)
	at java.base/java.util.concurrent.CompletableFuture$UniApply.tryFire(Unknown Source)
	at java.base/java.util.concurrent.CompletableFuture$Completion.exec(Unknown Source)
	at java.base/java.util.concurrent.ForkJoinTask.doExec(Unknown Source)
	at java.base/java.util.concurrent.ForkJoinPool$WorkQueue.topLevelExec(Unknown Source)
	at java.base/java.util.concurrent.ForkJoinPool.scan(Unknown Source)
	at java.base/java.util.concurrent.ForkJoinPool.runWorker(Unknown Source)
	at java.base/java.util.concurrent.ForkJoinWorkerThread.run(Unknown Source)

feb 02, 2025 12:19:07 P. M. org.eclipse.lsp4j.jsonrpc.RemoteEndpoint notify
ADVERTENCIA: Failed to send notification message.
org.eclipse.lsp4j.jsonrpc.JsonRpcException: java.io.IOException: Tubería rota
	at org.eclipse.lsp4j.jsonrpc.json.StreamMessageConsumer.consume(StreamMessageConsumer.java:72)
	at org.eclipse.jdt.ls.core.internal.ParentProcessWatcher.lambda$1(ParentProcessWatcher.java:144)
	at org.eclipse.lsp4j.jsonrpc.RemoteEndpoint.notify(RemoteEndpoint.java:135)
	at org.eclipse.lsp4j.jsonrpc.services.EndpointProxy.invoke(EndpointProxy.java:88)
	at jdk.proxy3/jdk.proxy3.$Proxy10.notifyProgress(Unknown Source)
	at org.eclipse.jdt.ls.core.internal.handlers.ProgressReporterManager$ProgressReporter.sendStatus(ProgressReporterManager.java:269)
	at org.eclipse.jdt.ls.core.internal.handlers.ProgressReporterManager$ProgressReporter.sendProgress(ProgressReporterManager.java:239)
	at org.eclipse.jdt.ls.core.internal.handlers.ProgressReporterManager$ProgressReporter.beginTask(ProgressReporterManager.java:200)
	at org.eclipse.core.runtime.SubMonitor.convert(SubMonitor.java:557)
	at org.eclipse.core.runtime.SubMonitor.convert(SubMonitor.java:512)
	at org.eclipse.core.internal.events.AutoBuildJob.run(AutoBuildJob.java:290)
	at org.eclipse.core.internal.jobs.Worker.run(Worker.java:63)
Caused by: java.io.IOException: Tubería rota
	at java.base/sun.nio.ch.SocketDispatcher.write0(Native Method)
	at java.base/sun.nio.ch.SocketDispatcher.write(Unknown Source)
	at java.base/sun.nio.ch.IOUtil.writeFromNativeBuffer(Unknown Source)
	at java.base/sun.nio.ch.IOUtil.write(Unknown Source)
	at java.base/sun.nio.ch.IOUtil.write(Unknown Source)
	at java.base/sun.nio.ch.SocketChannelImpl.write(Unknown Source)
	at org.eclipse.jdt.ls.core.internal.ConnectionStreamFactory$NamedPipeOutputStream.write(ConnectionStreamFactory.java:238)
	at org.eclipse.lsp4j.jsonrpc.json.StreamMessageConsumer.consume(StreamMessageConsumer.java:67)
	... 11 more

feb 02, 2025 12:19:07 P. M. org.eclipse.lsp4j.jsonrpc.RemoteEndpoint notify
ADVERTENCIA: Failed to send notification message.
org.eclipse.lsp4j.jsonrpc.JsonRpcException: java.io.IOException: Tubería rota
	at org.eclipse.lsp4j.jsonrpc.json.StreamMessageConsumer.consume(StreamMessageConsumer.java:72)
	at org.eclipse.jdt.ls.core.internal.ParentProcessWatcher.lambda$1(ParentProcessWatcher.java:144)
	at org.eclipse.lsp4j.jsonrpc.RemoteEndpoint.notify(RemoteEndpoint.java:135)
	at org.eclipse.lsp4j.jsonrpc.services.EndpointProxy.invoke(EndpointProxy.java:88)
	at jdk.proxy3/jdk.proxy3.$Proxy10.notifyProgress(Unknown Source)
	at org.eclipse.jdt.ls.core.internal.handlers.ProgressReporterManager$ProgressReporter.sendStatus(ProgressReporterManager.java:290)
	at org.eclipse.jdt.ls.core.internal.handlers.ProgressReporterManager$ProgressReporter.sendProgress(ProgressReporterManager.java:239)
	at org.eclipse.jdt.ls.core.internal.handlers.ProgressReporterManager$ProgressReporter.beginTask(ProgressReporterManager.java:200)
	at org.eclipse.core.runtime.SubMonitor.convert(SubMonitor.java:557)
	at org.eclipse.core.runtime.SubMonitor.convert(SubMonitor.java:512)
	at org.eclipse.core.internal.events.AutoBuildJob.run(AutoBuildJob.java:290)
	at org.eclipse.core.internal.jobs.Worker.run(Worker.java:63)
Caused by: java.io.IOException: Tubería rota
	at java.base/sun.nio.ch.SocketDispatcher.write0(Native Method)
	at java.base/sun.nio.ch.SocketDispatcher.write(Unknown Source)
	at java.base/sun.nio.ch.IOUtil.writeFromNativeBuffer(Unknown Source)
	at java.base/sun.nio.ch.IOUtil.write(Unknown Source)
	at java.base/sun.nio.ch.IOUtil.write(Unknown Source)
	at java.base/sun.nio.ch.SocketChannelImpl.write(Unknown Source)
	at org.eclipse.jdt.ls.core.internal.ConnectionStreamFactory$NamedPipeOutputStream.write(ConnectionStreamFactory.java:238)
	at org.eclipse.lsp4j.jsonrpc.json.StreamMessageConsumer.consume(StreamMessageConsumer.java:67)
	... 11 more

feb 02, 2025 12:19:07 P. M. org.eclipse.lsp4j.jsonrpc.RemoteEndpoint notify
ADVERTENCIA: Failed to send notification message.
org.eclipse.lsp4j.jsonrpc.JsonRpcException: java.io.IOException: Tubería rota
	at org.eclipse.lsp4j.jsonrpc.json.StreamMessageConsumer.consume(StreamMessageConsumer.java:72)
	at org.eclipse.jdt.ls.core.internal.ParentProcessWatcher.lambda$1(ParentProcessWatcher.java:144)
	at org.eclipse.lsp4j.jsonrpc.RemoteEndpoint.notify(RemoteEndpoint.java:135)
	at org.eclipse.lsp4j.jsonrpc.services.EndpointProxy.invoke(EndpointProxy.java:88)
	at jdk.proxy3/jdk.proxy3.$Proxy10.notifyProgress(Unknown Source)
	at org.eclipse.jdt.ls.core.internal.handlers.ProgressReporterManager$ProgressReporter.sendStatus(ProgressReporterManager.java:290)
	at org.eclipse.jdt.ls.core.internal.handlers.ProgressReporterManager$ProgressReporter.sendProgress(ProgressReporterManager.java:239)
	at org.eclipse.jdt.ls.core.internal.handlers.ProgressReporterManager$ProgressReporter.done(ProgressReporterManager.java:222)
	at org.eclipse.core.internal.jobs.Worker.run(Worker.java:74)
Caused by: java.io.IOException: Tubería rota
	at java.base/sun.nio.ch.SocketDispatcher.write0(Native Method)
	at java.base/sun.nio.ch.SocketDispatcher.write(Unknown Source)
	at java.base/sun.nio.ch.IOUtil.writeFromNativeBuffer(Unknown Source)
	at java.base/sun.nio.ch.IOUtil.write(Unknown Source)
	at java.base/sun.nio.ch.IOUtil.write(Unknown Source)
	at java.base/sun.nio.ch.SocketChannelImpl.write(Unknown Source)
	at org.eclipse.jdt.ls.core.internal.ConnectionStreamFactory$NamedPipeOutputStream.write(ConnectionStreamFactory.java:238)
	at org.eclipse.lsp4j.jsonrpc.json.StreamMessageConsumer.consume(StreamMessageConsumer.java:67)
	... 8 more

