2025-02-02 13:55:46.721 [info] Reading sessions from keychain...
2025-02-02 13:55:46.721 [info] Getting sessions for all scopes...
2025-02-02 13:55:46.721 [info] Getting sessions for all scopes...
2025-02-02 13:55:46.721 [info] Getting sessions for all scopes...
2025-02-02 13:55:46.721 [info] Getting sessions for all scopes...
2025-02-02 13:55:46.721 [info] Getting sessions for all scopes...
2025-02-02 13:55:46.721 [info] Getting sessions for all scopes...
2025-02-02 13:55:46.721 [info] Getting sessions for all scopes...
2025-02-02 13:55:46.721 [info] Getting sessions for all scopes...
2025-02-02 13:55:46.721 [info] Got stored sessions!
2025-02-02 13:55:46.721 [info] Got 1 verified sessions.
2025-02-02 13:55:46.721 [info] Got 1 sessions for ...
2025-02-02 13:55:46.721 [info] Got 1 sessions for ...
2025-02-02 13:55:46.721 [info] Got 1 sessions for ...
2025-02-02 13:55:46.721 [info] Got 1 sessions for ...
2025-02-02 13:55:46.721 [info] Got 1 sessions for ...
2025-02-02 13:55:46.721 [info] Got 1 sessions for ...
2025-02-02 13:55:46.721 [info] Got 1 sessions for ...
2025-02-02 13:55:46.721 [info] Got 1 sessions for ...
2025-02-02 13:55:48.358 [info] Getting sessions for all scopes...
2025-02-02 13:55:48.358 [info] Got 1 sessions for ...
2025-02-02 13:55:57.869 [info] Getting sessions for read:user,repo,user:email,workflow...
2025-02-02 13:55:57.869 [info] Got 0 sessions for read:user,repo,user:email,workflow...
2025-02-02 13:55:57.869 [info] Getting sessions for all scopes...
2025-02-02 13:55:57.869 [info] Got 1 sessions for ...
2025-02-02 13:55:57.869 [info] Getting sessions for all scopes...
2025-02-02 13:55:57.869 [info] Got 1 sessions for ...
2025-02-02 13:55:57.874 [info] Getting sessions for read:user...
2025-02-02 13:55:57.874 [info] Got 0 sessions for read:user...
2025-02-02 13:55:57.895 [info] Getting sessions for read:user,repo,user:email,workflow...
2025-02-02 13:55:57.895 [info] Got 0 sessions for read:user,repo,user:email,workflow...
2025-02-02 13:55:57.916 [info] Getting sessions for user:email...
2025-02-02 13:55:57.916 [info] Got 1 sessions for user:email...
2025-02-02 13:55:57.922 [info] Getting sessions for user:email...
2025-02-02 13:55:57.922 [info] Got 1 sessions for user:email...
2025-02-02 13:55:57.948 [info] Getting sessions for all scopes...
2025-02-02 13:55:57.948 [info] Got 1 sessions for ...
2025-02-02 13:55:58.814 [info] Getting sessions for read:user,repo,user:email,workflow...
2025-02-02 13:55:58.814 [info] Got 0 sessions for read:user,repo,user:email,workflow...
2025-02-02 13:55:58.819 [info] Getting sessions for user:email...
2025-02-02 13:55:58.819 [info] Got 1 sessions for user:email...
2025-02-02 13:55:58.833 [info] Getting sessions for all scopes...
2025-02-02 13:55:58.833 [info] Got 1 sessions for ...
2025-02-02 13:55:59.010 [info] Getting sessions for read:user,repo,user:email,workflow...
2025-02-02 13:55:59.010 [info] Got 0 sessions for read:user,repo,user:email,workflow...
2025-02-02 13:55:59.010 [info] Getting sessions for all scopes...
2025-02-02 13:55:59.010 [info] Got 1 sessions for ...
2025-02-02 13:55:59.036 [info] Getting sessions for user:email...
2025-02-02 13:55:59.036 [info] Got 1 sessions for user:email...
2025-02-02 13:55:59.036 [info] Getting sessions for read:user,repo,user:email,workflow...
2025-02-02 13:55:59.036 [info] Got 0 sessions for read:user,repo,user:email,workflow...
2025-02-02 13:55:59.218 [info] Getting sessions for user:email...
2025-02-02 13:55:59.218 [info] Got 1 sessions for user:email...
2025-02-02 13:55:59.722 [info] Getting sessions for all scopes...
2025-02-02 13:55:59.722 [info] Got 1 sessions for ...
2025-02-02 13:55:59.723 [info] Getting sessions for all scopes...
2025-02-02 13:55:59.723 [info] Got 1 sessions for ...
2025-02-02 13:55:59.741 [info] Getting sessions for read:user,repo,user:email,workflow...
2025-02-02 13:55:59.741 [info] Got 0 sessions for read:user,repo,user:email,workflow...
2025-02-02 13:55:59.745 [info] Getting sessions for user:email...
2025-02-02 13:55:59.745 [info] Got 1 sessions for user:email...
2025-02-02 13:55:59.749 [info] Getting sessions for all scopes...
2025-02-02 13:55:59.749 [info] Got 1 sessions for ...
2025-02-02 13:55:59.754 [info] Getting sessions for read:user,repo,user:email,workflow...
2025-02-02 13:55:59.754 [info] Got 0 sessions for read:user,repo,user:email,workflow...
2025-02-02 13:55:59.758 [info] Getting sessions for user:email...
2025-02-02 13:55:59.758 [info] Got 1 sessions for user:email...
2025-02-02 13:55:59.862 [info] Getting sessions for all scopes...
2025-02-02 13:55:59.862 [info] Got 1 sessions for ...
2025-02-02 13:55:59.863 [info] Getting sessions for read:user,repo,user:email,workflow...
2025-02-02 13:55:59.863 [info] Got 0 sessions for read:user,repo,user:email,workflow...
2025-02-02 13:55:59.897 [info] Getting sessions for read:user,repo,user:email,workflow...
2025-02-02 13:55:59.897 [info] Got 0 sessions for read:user,repo,user:email,workflow...
2025-02-02 13:55:59.898 [info] Getting sessions for read:user...
2025-02-02 13:55:59.898 [info] Got 0 sessions for read:user...
2025-02-02 13:55:59.908 [info] Getting sessions for user:email...
2025-02-02 13:55:59.908 [info] Got 1 sessions for user:email...
2025-02-02 13:55:59.911 [info] Getting sessions for user:email...
2025-02-02 13:55:59.911 [info] Got 1 sessions for user:email...
2025-02-02 13:56:00.557 [info] Getting sessions for all scopes...
2025-02-02 13:56:00.557 [info] Got 1 sessions for ...
2025-02-02 13:56:00.570 [info] Getting sessions for read:user,repo,user:email,workflow...
2025-02-02 13:56:00.570 [info] Got 0 sessions for read:user,repo,user:email,workflow...
2025-02-02 13:56:00.594 [info] Getting sessions for user:email...
2025-02-02 13:56:00.594 [info] Got 1 sessions for user:email...
2025-02-02 14:11:00.627 [info] Getting sessions for all scopes...
2025-02-02 14:11:00.627 [info] Got 1 sessions for ...
2025-02-02 14:11:00.627 [info] Getting sessions for read:user,repo,user:email,workflow...
2025-02-02 14:11:00.627 [info] Got 0 sessions for read:user,repo,user:email,workflow...
2025-02-02 14:11:00.628 [info] Getting sessions for user:email...
2025-02-02 14:11:00.628 [info] Got 1 sessions for user:email...
2025-02-02 14:11:00.628 [info] Getting sessions for all scopes...
2025-02-02 14:11:00.628 [info] Got 1 sessions for ...
2025-02-02 14:11:00.629 [info] Getting sessions for read:user,repo,user:email,workflow...
2025-02-02 14:11:00.629 [info] Got 0 sessions for read:user,repo,user:email,workflow...
2025-02-02 14:11:00.629 [info] Getting sessions for user:email...
2025-02-02 14:11:00.629 [info] Got 1 sessions for user:email...
2025-02-02 14:20:59.347 [info] Getting sessions for read:user,repo,user:email,workflow...
2025-02-02 14:20:59.347 [info] Got 0 sessions for read:user,repo,user:email,workflow...
2025-02-02 14:20:59.347 [info] Getting sessions for read:user...
2025-02-02 14:20:59.347 [info] Got 0 sessions for read:user...
2025-02-02 14:20:59.348 [info] Getting sessions for user:email...
2025-02-02 14:20:59.348 [info] Got 1 sessions for user:email...
2025-02-02 14:20:59.706 [info] Getting sessions for all scopes...
2025-02-02 14:20:59.706 [info] Got 1 sessions for ...
2025-02-02 14:20:59.706 [info] Getting sessions for read:user,repo,user:email,workflow...
2025-02-02 14:20:59.706 [info] Got 0 sessions for read:user,repo,user:email,workflow...
2025-02-02 14:20:59.707 [info] Getting sessions for user:email...
2025-02-02 14:20:59.707 [info] Got 1 sessions for user:email...
2025-02-02 14:21:00.236 [info] Getting sessions for all scopes...
2025-02-02 14:21:00.236 [info] Got 1 sessions for ...
2025-02-02 14:21:00.236 [info] Getting sessions for all scopes...
2025-02-02 14:21:00.236 [info] Got 1 sessions for ...
2025-02-02 14:21:00.236 [info] Getting sessions for read:user,repo,user:email,workflow...
2025-02-02 14:21:00.236 [info] Got 0 sessions for read:user,repo,user:email,workflow...
2025-02-02 14:21:00.237 [info] Getting sessions for user:email...
2025-02-02 14:21:00.237 [info] Got 1 sessions for user:email...
2025-02-02 14:21:00.237 [info] Getting sessions for all scopes...
2025-02-02 14:21:00.237 [info] Got 1 sessions for ...
2025-02-02 14:21:00.238 [info] Getting sessions for read:user,repo,user:email,workflow...
2025-02-02 14:21:00.238 [info] Got 0 sessions for read:user,repo,user:email,workflow...
2025-02-02 14:21:00.238 [info] Getting sessions for user:email...
2025-02-02 14:21:00.238 [info] Got 1 sessions for user:email...
2025-02-02 14:21:00.241 [info] Getting sessions for all scopes...
2025-02-02 14:21:00.241 [info] Got 1 sessions for ...
2025-02-02 14:21:00.242 [info] Getting sessions for read:user,repo,user:email,workflow...
2025-02-02 14:21:00.242 [info] Got 0 sessions for read:user,repo,user:email,workflow...
2025-02-02 14:21:00.242 [info] Getting sessions for user:email...
2025-02-02 14:21:00.242 [info] Got 1 sessions for user:email...
2025-02-02 14:36:00.244 [info] Getting sessions for all scopes...
2025-02-02 14:36:00.244 [info] Got 1 sessions for ...
2025-02-02 14:36:00.244 [info] Getting sessions for read:user,repo,user:email,workflow...
2025-02-02 14:36:00.244 [info] Got 0 sessions for read:user,repo,user:email,workflow...
2025-02-02 14:36:00.245 [info] Getting sessions for user:email...
2025-02-02 14:36:00.245 [info] Got 1 sessions for user:email...
2025-02-02 14:36:00.245 [info] Getting sessions for all scopes...
2025-02-02 14:36:00.245 [info] Got 1 sessions for ...
2025-02-02 14:36:00.246 [info] Getting sessions for read:user,repo,user:email,workflow...
2025-02-02 14:36:00.246 [info] Got 0 sessions for read:user,repo,user:email,workflow...
2025-02-02 14:36:00.246 [info] Getting sessions for user:email...
2025-02-02 14:36:00.246 [info] Got 1 sessions for user:email...
2025-02-02 14:45:59.752 [info] Getting sessions for read:user,repo,user:email,workflow...
2025-02-02 14:45:59.752 [info] Got 0 sessions for read:user,repo,user:email,workflow...
2025-02-02 14:45:59.753 [info] Getting sessions for read:user...
2025-02-02 14:45:59.753 [info] Got 0 sessions for read:user...
2025-02-02 14:45:59.754 [info] Getting sessions for user:email...
2025-02-02 14:45:59.754 [info] Got 1 sessions for user:email...
2025-02-02 14:46:00.236 [info] Getting sessions for all scopes...
2025-02-02 14:46:00.236 [info] Got 1 sessions for ...
2025-02-02 14:46:00.237 [info] Getting sessions for read:user,repo,user:email,workflow...
2025-02-02 14:46:00.237 [info] Got 0 sessions for read:user,repo,user:email,workflow...
2025-02-02 14:46:00.237 [info] Getting sessions for user:email...
2025-02-02 14:46:00.237 [info] Got 1 sessions for user:email...
2025-02-02 14:46:00.784 [info] Getting sessions for all scopes...
2025-02-02 14:46:00.784 [info] Got 1 sessions for ...
2025-02-02 14:46:00.784 [info] Getting sessions for all scopes...
2025-02-02 14:46:00.784 [info] Got 1 sessions for ...
2025-02-02 14:46:00.785 [info] Getting sessions for read:user,repo,user:email,workflow...
2025-02-02 14:46:00.785 [info] Got 0 sessions for read:user,repo,user:email,workflow...
2025-02-02 14:46:00.786 [info] Getting sessions for user:email...
2025-02-02 14:46:00.786 [info] Got 1 sessions for user:email...
2025-02-02 14:46:00.786 [info] Getting sessions for all scopes...
2025-02-02 14:46:00.786 [info] Got 1 sessions for ...
2025-02-02 14:46:00.787 [info] Getting sessions for read:user,repo,user:email,workflow...
2025-02-02 14:46:00.787 [info] Got 0 sessions for read:user,repo,user:email,workflow...
2025-02-02 14:46:00.787 [info] Getting sessions for user:email...
2025-02-02 14:46:00.787 [info] Got 1 sessions for user:email...
2025-02-02 14:46:00.789 [info] Getting sessions for all scopes...
2025-02-02 14:46:00.789 [info] Got 1 sessions for ...
2025-02-02 14:46:00.790 [info] Getting sessions for read:user,repo,user:email,workflow...
2025-02-02 14:46:00.790 [info] Got 0 sessions for read:user,repo,user:email,workflow...
2025-02-02 14:46:00.790 [info] Getting sessions for user:email...
2025-02-02 14:46:00.790 [info] Got 1 sessions for user:email...
2025-02-02 14:46:00.791 [info] Getting sessions for all scopes...
2025-02-02 14:46:00.791 [info] Got 1 sessions for ...
2025-02-02 14:46:00.792 [info] Getting sessions for read:user,repo,user:email,workflow...
2025-02-02 14:46:00.792 [info] Got 0 sessions for read:user,repo,user:email,workflow...
2025-02-02 14:46:00.792 [info] Getting sessions for user:email...
2025-02-02 14:46:00.792 [info] Got 1 sessions for user:email...
2025-02-02 15:01:01.244 [info] Getting sessions for all scopes...
2025-02-02 15:01:01.244 [info] Got 1 sessions for ...
2025-02-02 15:01:01.245 [info] Getting sessions for read:user,repo,user:email,workflow...
2025-02-02 15:01:01.245 [info] Got 0 sessions for read:user,repo,user:email,workflow...
2025-02-02 15:01:01.246 [info] Getting sessions for user:email...
2025-02-02 15:01:01.246 [info] Got 1 sessions for user:email...
2025-02-02 15:01:01.246 [info] Getting sessions for all scopes...
2025-02-02 15:01:01.246 [info] Got 1 sessions for ...
2025-02-02 15:01:01.247 [info] Getting sessions for read:user,repo,user:email,workflow...
2025-02-02 15:01:01.247 [info] Got 0 sessions for read:user,repo,user:email,workflow...
2025-02-02 15:01:01.247 [info] Getting sessions for user:email...
2025-02-02 15:01:01.247 [info] Got 1 sessions for user:email...
2025-02-02 15:11:00.082 [info] Getting sessions for read:user,repo,user:email,workflow...
2025-02-02 15:11:00.082 [info] Got 0 sessions for read:user,repo,user:email,workflow...
2025-02-02 15:11:00.083 [info] Getting sessions for read:user...
2025-02-02 15:11:00.083 [info] Got 0 sessions for read:user...
2025-02-02 15:11:00.083 [info] Getting sessions for user:email...
2025-02-02 15:11:00.083 [info] Got 1 sessions for user:email...
2025-02-02 15:11:00.785 [info] Getting sessions for all scopes...
2025-02-02 15:11:00.785 [info] Got 1 sessions for ...
2025-02-02 15:11:00.786 [info] Getting sessions for read:user,repo,user:email,workflow...
2025-02-02 15:11:00.786 [info] Got 0 sessions for read:user,repo,user:email,workflow...
2025-02-02 15:11:00.786 [info] Getting sessions for user:email...
2025-02-02 15:11:00.786 [info] Got 1 sessions for user:email...
2025-02-02 15:11:01.348 [info] Getting sessions for all scopes...
2025-02-02 15:11:01.348 [info] Got 1 sessions for ...
2025-02-02 15:11:01.348 [info] Getting sessions for all scopes...
2025-02-02 15:11:01.348 [info] Got 1 sessions for ...
2025-02-02 15:11:01.349 [info] Getting sessions for read:user,repo,user:email,workflow...
2025-02-02 15:11:01.349 [info] Got 0 sessions for read:user,repo,user:email,workflow...
2025-02-02 15:11:01.349 [info] Getting sessions for user:email...
2025-02-02 15:11:01.349 [info] Got 1 sessions for user:email...
2025-02-02 15:11:01.350 [info] Getting sessions for all scopes...
2025-02-02 15:11:01.350 [info] Got 1 sessions for ...
2025-02-02 15:11:01.350 [info] Getting sessions for read:user,repo,user:email,workflow...
2025-02-02 15:11:01.350 [info] Got 0 sessions for read:user,repo,user:email,workflow...
2025-02-02 15:11:01.350 [info] Getting sessions for user:email...
2025-02-02 15:11:01.350 [info] Got 1 sessions for user:email...
2025-02-02 15:11:01.352 [info] Getting sessions for all scopes...
2025-02-02 15:11:01.352 [info] Got 1 sessions for ...
2025-02-02 15:11:01.353 [info] Getting sessions for read:user,repo,user:email,workflow...
2025-02-02 15:11:01.353 [info] Got 0 sessions for read:user,repo,user:email,workflow...
2025-02-02 15:11:01.354 [info] Getting sessions for user:email...
2025-02-02 15:11:01.354 [info] Got 1 sessions for user:email...
2025-02-02 15:26:01.357 [info] Getting sessions for all scopes...
2025-02-02 15:26:01.357 [info] Got 1 sessions for ...
2025-02-02 15:26:01.358 [info] Getting sessions for read:user,repo,user:email,workflow...
2025-02-02 15:26:01.358 [info] Got 0 sessions for read:user,repo,user:email,workflow...
2025-02-02 15:26:01.358 [info] Getting sessions for user:email...
2025-02-02 15:26:01.359 [info] Got 1 sessions for user:email...
2025-02-02 15:26:01.359 [info] Getting sessions for all scopes...
2025-02-02 15:26:01.359 [info] Got 1 sessions for ...
2025-02-02 15:26:01.360 [info] Getting sessions for read:user,repo,user:email,workflow...
2025-02-02 15:26:01.360 [info] Got 0 sessions for read:user,repo,user:email,workflow...
2025-02-02 15:26:01.360 [info] Getting sessions for user:email...
2025-02-02 15:26:01.360 [info] Got 1 sessions for user:email...
2025-02-02 15:36:00.452 [info] Getting sessions for read:user,repo,user:email,workflow...
2025-02-02 15:36:00.452 [info] Got 0 sessions for read:user,repo,user:email,workflow...
2025-02-02 15:36:00.453 [info] Getting sessions for read:user...
2025-02-02 15:36:00.453 [info] Got 0 sessions for read:user...
2025-02-02 15:36:00.454 [info] Getting sessions for user:email...
2025-02-02 15:36:00.454 [info] Got 1 sessions for user:email...
2025-02-02 15:36:01.349 [info] Getting sessions for all scopes...
2025-02-02 15:36:01.349 [info] Got 1 sessions for ...
2025-02-02 15:36:01.350 [info] Getting sessions for read:user,repo,user:email,workflow...
2025-02-02 15:36:01.350 [info] Got 0 sessions for read:user,repo,user:email,workflow...
2025-02-02 15:36:01.351 [info] Getting sessions for user:email...
2025-02-02 15:36:01.351 [info] Got 1 sessions for user:email...
2025-02-02 15:36:01.916 [info] Getting sessions for all scopes...
2025-02-02 15:36:01.916 [info] Got 1 sessions for ...
2025-02-02 15:36:01.916 [info] Getting sessions for all scopes...
2025-02-02 15:36:01.916 [info] Got 1 sessions for ...
2025-02-02 15:36:01.917 [info] Getting sessions for read:user,repo,user:email,workflow...
2025-02-02 15:36:01.917 [info] Got 0 sessions for read:user,repo,user:email,workflow...
2025-02-02 15:36:01.918 [info] Getting sessions for user:email...
2025-02-02 15:36:01.918 [info] Got 1 sessions for user:email...
2025-02-02 15:36:01.918 [info] Getting sessions for all scopes...
2025-02-02 15:36:01.918 [info] Got 1 sessions for ...
2025-02-02 15:36:01.919 [info] Getting sessions for read:user,repo,user:email,workflow...
2025-02-02 15:36:01.919 [info] Got 0 sessions for read:user,repo,user:email,workflow...
2025-02-02 15:36:01.919 [info] Getting sessions for user:email...
2025-02-02 15:36:01.919 [info] Got 1 sessions for user:email...
2025-02-02 15:36:01.921 [info] Getting sessions for all scopes...
2025-02-02 15:36:01.921 [info] Got 1 sessions for ...
2025-02-02 15:36:01.922 [info] Getting sessions for read:user,repo,user:email,workflow...
2025-02-02 15:36:01.922 [info] Got 0 sessions for read:user,repo,user:email,workflow...
2025-02-02 15:36:01.922 [info] Getting sessions for user:email...
2025-02-02 15:36:01.922 [info] Got 1 sessions for user:email...
2025-02-02 15:36:01.924 [info] Getting sessions for all scopes...
2025-02-02 15:36:01.924 [info] Got 1 sessions for ...
2025-02-02 15:36:01.924 [info] Getting sessions for read:user,repo,user:email,workflow...
2025-02-02 15:36:01.924 [info] Got 0 sessions for read:user,repo,user:email,workflow...
2025-02-02 15:36:01.924 [info] Getting sessions for user:email...
2025-02-02 15:36:01.924 [info] Got 1 sessions for user:email...
2025-02-02 15:51:02.460 [info] Getting sessions for all scopes...
2025-02-02 15:51:02.460 [info] Got 1 sessions for ...
2025-02-02 15:51:02.461 [info] Getting sessions for read:user,repo,user:email,workflow...
2025-02-02 15:51:02.461 [info] Got 0 sessions for read:user,repo,user:email,workflow...
2025-02-02 15:51:02.462 [info] Getting sessions for user:email...
2025-02-02 15:51:02.462 [info] Got 1 sessions for user:email...
2025-02-02 15:51:02.462 [info] Getting sessions for all scopes...
2025-02-02 15:51:02.462 [info] Got 1 sessions for ...
2025-02-02 15:51:02.463 [info] Getting sessions for read:user,repo,user:email,workflow...
2025-02-02 15:51:02.463 [info] Got 0 sessions for read:user,repo,user:email,workflow...
2025-02-02 15:51:02.463 [info] Getting sessions for user:email...
2025-02-02 15:51:02.463 [info] Got 1 sessions for user:email...
2025-02-02 16:01:00.812 [info] Getting sessions for read:user,repo,user:email,workflow...
2025-02-02 16:01:00.812 [info] Got 0 sessions for read:user,repo,user:email,workflow...
2025-02-02 16:01:00.812 [info] Getting sessions for read:user...
2025-02-02 16:01:00.812 [info] Got 0 sessions for read:user...
2025-02-02 16:01:00.813 [info] Getting sessions for user:email...
2025-02-02 16:01:00.813 [info] Got 1 sessions for user:email...
2025-02-02 16:01:01.917 [info] Getting sessions for all scopes...
2025-02-02 16:01:01.917 [info] Got 1 sessions for ...
2025-02-02 16:01:01.918 [info] Getting sessions for read:user,repo,user:email,workflow...
2025-02-02 16:01:01.918 [info] Got 0 sessions for read:user,repo,user:email,workflow...
2025-02-02 16:01:01.919 [info] Getting sessions for user:email...
2025-02-02 16:01:01.919 [info] Got 1 sessions for user:email...
2025-02-02 16:01:02.435 [info] Getting sessions for all scopes...
2025-02-02 16:01:02.435 [info] Got 1 sessions for ...
2025-02-02 16:01:02.435 [info] Getting sessions for all scopes...
2025-02-02 16:01:02.435 [info] Got 1 sessions for ...
2025-02-02 16:01:02.436 [info] Getting sessions for read:user,repo,user:email,workflow...
2025-02-02 16:01:02.436 [info] Got 0 sessions for read:user,repo,user:email,workflow...
2025-02-02 16:01:02.437 [info] Getting sessions for user:email...
2025-02-02 16:01:02.437 [info] Got 1 sessions for user:email...
2025-02-02 16:01:02.437 [info] Getting sessions for all scopes...
2025-02-02 16:01:02.437 [info] Got 1 sessions for ...
2025-02-02 16:01:02.437 [info] Getting sessions for read:user,repo,user:email,workflow...
2025-02-02 16:01:02.437 [info] Got 0 sessions for read:user,repo,user:email,workflow...
2025-02-02 16:01:02.438 [info] Getting sessions for user:email...
2025-02-02 16:01:02.438 [info] Got 1 sessions for user:email...
2025-02-02 16:01:02.439 [info] Getting sessions for all scopes...
2025-02-02 16:01:02.439 [info] Got 1 sessions for ...
2025-02-02 16:01:02.440 [info] Getting sessions for read:user,repo,user:email,workflow...
2025-02-02 16:01:02.440 [info] Got 0 sessions for read:user,repo,user:email,workflow...
2025-02-02 16:01:02.440 [info] Getting sessions for user:email...
2025-02-02 16:01:02.440 [info] Got 1 sessions for user:email...
2025-02-02 16:16:02.442 [info] Getting sessions for all scopes...
2025-02-02 16:16:02.442 [info] Got 1 sessions for ...
2025-02-02 16:16:02.442 [info] Getting sessions for read:user,repo,user:email,workflow...
2025-02-02 16:16:02.442 [info] Got 0 sessions for read:user,repo,user:email,workflow...
2025-02-02 16:16:02.443 [info] Getting sessions for user:email...
2025-02-02 16:16:02.443 [info] Got 1 sessions for user:email...
2025-02-02 16:16:02.443 [info] Getting sessions for all scopes...
2025-02-02 16:16:02.443 [info] Got 1 sessions for ...
2025-02-02 16:16:02.444 [info] Getting sessions for read:user,repo,user:email,workflow...
2025-02-02 16:16:02.444 [info] Got 0 sessions for read:user,repo,user:email,workflow...
2025-02-02 16:16:02.444 [info] Getting sessions for user:email...
2025-02-02 16:16:02.444 [info] Got 1 sessions for user:email...
2025-02-02 16:26:01.150 [info] Getting sessions for read:user,repo,user:email,workflow...
2025-02-02 16:26:01.150 [info] Got 0 sessions for read:user,repo,user:email,workflow...
2025-02-02 16:26:01.150 [info] Getting sessions for read:user...
2025-02-02 16:26:01.150 [info] Got 0 sessions for read:user...
2025-02-02 16:26:01.151 [info] Getting sessions for user:email...
2025-02-02 16:26:01.151 [info] Got 1 sessions for user:email...
2025-02-02 16:26:02.436 [info] Getting sessions for all scopes...
2025-02-02 16:26:02.436 [info] Got 1 sessions for ...
2025-02-02 16:26:02.437 [info] Getting sessions for read:user,repo,user:email,workflow...
2025-02-02 16:26:02.437 [info] Got 0 sessions for read:user,repo,user:email,workflow...
2025-02-02 16:26:02.437 [info] Getting sessions for user:email...
2025-02-02 16:26:02.437 [info] Got 1 sessions for user:email...
2025-02-02 16:26:02.979 [info] Getting sessions for all scopes...
2025-02-02 16:26:02.979 [info] Got 1 sessions for ...
2025-02-02 16:26:02.979 [info] Getting sessions for all scopes...
2025-02-02 16:26:02.979 [info] Got 1 sessions for ...
2025-02-02 16:26:02.979 [info] Getting sessions for read:user,repo,user:email,workflow...
2025-02-02 16:26:02.979 [info] Got 0 sessions for read:user,repo,user:email,workflow...
2025-02-02 16:26:02.980 [info] Getting sessions for user:email...
2025-02-02 16:26:02.980 [info] Got 1 sessions for user:email...
2025-02-02 16:26:02.981 [info] Getting sessions for all scopes...
2025-02-02 16:26:02.981 [info] Got 1 sessions for ...
2025-02-02 16:26:02.981 [info] Getting sessions for read:user,repo,user:email,workflow...
2025-02-02 16:26:02.981 [info] Got 0 sessions for read:user,repo,user:email,workflow...
2025-02-02 16:26:02.981 [info] Getting sessions for user:email...
2025-02-02 16:26:02.981 [info] Got 1 sessions for user:email...
2025-02-02 16:26:02.984 [info] Getting sessions for all scopes...
2025-02-02 16:26:02.984 [info] Got 1 sessions for ...
2025-02-02 16:26:02.985 [info] Getting sessions for read:user,repo,user:email,workflow...
2025-02-02 16:26:02.985 [info] Got 0 sessions for read:user,repo,user:email,workflow...
2025-02-02 16:26:02.985 [info] Getting sessions for user:email...
2025-02-02 16:26:02.985 [info] Got 1 sessions for user:email...
2025-02-02 16:26:02.986 [info] Getting sessions for all scopes...
2025-02-02 16:26:02.986 [info] Got 1 sessions for ...
2025-02-02 16:26:02.987 [info] Getting sessions for read:user,repo,user:email,workflow...
2025-02-02 16:26:02.987 [info] Got 0 sessions for read:user,repo,user:email,workflow...
2025-02-02 16:26:02.987 [info] Getting sessions for user:email...
2025-02-02 16:26:02.988 [info] Got 1 sessions for user:email...
2025-02-02 16:41:03.435 [info] Getting sessions for all scopes...
2025-02-02 16:41:03.435 [info] Got 1 sessions for ...
2025-02-02 16:41:03.436 [info] Getting sessions for read:user,repo,user:email,workflow...
2025-02-02 16:41:03.436 [info] Got 0 sessions for read:user,repo,user:email,workflow...
2025-02-02 16:41:03.436 [info] Getting sessions for user:email...
2025-02-02 16:41:03.436 [info] Got 1 sessions for user:email...
2025-02-02 16:41:03.437 [info] Getting sessions for all scopes...
2025-02-02 16:41:03.437 [info] Got 1 sessions for ...
2025-02-02 16:41:03.437 [info] Getting sessions for read:user,repo,user:email,workflow...
2025-02-02 16:41:03.437 [info] Got 0 sessions for read:user,repo,user:email,workflow...
2025-02-02 16:41:03.437 [info] Getting sessions for user:email...
2025-02-02 16:41:03.437 [info] Got 1 sessions for user:email...
2025-02-02 16:51:01.555 [info] Getting sessions for read:user,repo,user:email,workflow...
2025-02-02 16:51:01.556 [info] Got 0 sessions for read:user,repo,user:email,workflow...
2025-02-02 16:51:01.556 [info] Getting sessions for read:user...
2025-02-02 16:51:01.556 [info] Got 0 sessions for read:user...
2025-02-02 16:51:01.557 [info] Getting sessions for user:email...
2025-02-02 16:51:01.557 [info] Got 1 sessions for user:email...
2025-02-02 16:51:02.980 [info] Getting sessions for all scopes...
2025-02-02 16:51:02.980 [info] Got 1 sessions for ...
2025-02-02 16:51:02.981 [info] Getting sessions for read:user,repo,user:email,workflow...
2025-02-02 16:51:02.981 [info] Got 0 sessions for read:user,repo,user:email,workflow...
2025-02-02 16:51:02.981 [info] Getting sessions for user:email...
2025-02-02 16:51:02.981 [info] Got 1 sessions for user:email...
2025-02-02 16:51:03.518 [info] Getting sessions for all scopes...
2025-02-02 16:51:03.518 [info] Got 1 sessions for ...
2025-02-02 16:51:03.518 [info] Getting sessions for all scopes...
2025-02-02 16:51:03.518 [info] Got 1 sessions for ...
2025-02-02 16:51:03.518 [info] Getting sessions for read:user,repo,user:email,workflow...
2025-02-02 16:51:03.518 [info] Got 0 sessions for read:user,repo,user:email,workflow...
2025-02-02 16:51:03.519 [info] Getting sessions for user:email...
2025-02-02 16:51:03.519 [info] Got 1 sessions for user:email...
2025-02-02 16:51:03.519 [info] Getting sessions for all scopes...
2025-02-02 16:51:03.519 [info] Got 1 sessions for ...
2025-02-02 16:51:03.520 [info] Getting sessions for read:user,repo,user:email,workflow...
2025-02-02 16:51:03.520 [info] Got 0 sessions for read:user,repo,user:email,workflow...
2025-02-02 16:51:03.520 [info] Getting sessions for user:email...
2025-02-02 16:51:03.520 [info] Got 1 sessions for user:email...
2025-02-02 16:51:03.521 [info] Getting sessions for all scopes...
2025-02-02 16:51:03.521 [info] Got 1 sessions for ...
2025-02-02 16:51:03.522 [info] Getting sessions for read:user,repo,user:email,workflow...
2025-02-02 16:51:03.522 [info] Got 0 sessions for read:user,repo,user:email,workflow...
2025-02-02 16:51:03.522 [info] Getting sessions for user:email...
2025-02-02 16:51:03.522 [info] Got 1 sessions for user:email...
2025-02-02 17:06:03.523 [info] Getting sessions for all scopes...
2025-02-02 17:06:03.523 [info] Got 1 sessions for ...
2025-02-02 17:06:03.524 [info] Getting sessions for read:user,repo,user:email,workflow...
2025-02-02 17:06:03.524 [info] Got 0 sessions for read:user,repo,user:email,workflow...
2025-02-02 17:06:03.525 [info] Getting sessions for user:email...
2025-02-02 17:06:03.525 [info] Got 1 sessions for user:email...
2025-02-02 17:06:03.525 [info] Getting sessions for all scopes...
2025-02-02 17:06:03.525 [info] Got 1 sessions for ...
2025-02-02 17:06:03.525 [info] Getting sessions for read:user,repo,user:email,workflow...
2025-02-02 17:06:03.525 [info] Got 0 sessions for read:user,repo,user:email,workflow...
2025-02-02 17:06:03.526 [info] Getting sessions for user:email...
2025-02-02 17:06:03.526 [info] Got 1 sessions for user:email...
2025-02-02 17:16:01.909 [info] Getting sessions for read:user,repo,user:email,workflow...
2025-02-02 17:16:01.909 [info] Got 0 sessions for read:user,repo,user:email,workflow...
2025-02-02 17:16:01.909 [info] Getting sessions for read:user...
2025-02-02 17:16:01.909 [info] Got 0 sessions for read:user...
2025-02-02 17:16:01.910 [info] Getting sessions for user:email...
2025-02-02 17:16:01.910 [info] Got 1 sessions for user:email...
2025-02-02 17:16:03.519 [info] Getting sessions for all scopes...
2025-02-02 17:16:03.519 [info] Got 1 sessions for ...
2025-02-02 17:16:03.519 [info] Getting sessions for read:user,repo,user:email,workflow...
2025-02-02 17:16:03.519 [info] Got 0 sessions for read:user,repo,user:email,workflow...
2025-02-02 17:16:03.519 [info] Getting sessions for user:email...
2025-02-02 17:16:03.519 [info] Got 1 sessions for user:email...
2025-02-02 17:16:04.058 [info] Getting sessions for all scopes...
2025-02-02 17:16:04.058 [info] Got 1 sessions for ...
2025-02-02 17:16:04.058 [info] Getting sessions for all scopes...
2025-02-02 17:16:04.058 [info] Got 1 sessions for ...
2025-02-02 17:16:04.059 [info] Getting sessions for read:user,repo,user:email,workflow...
2025-02-02 17:16:04.059 [info] Got 0 sessions for read:user,repo,user:email,workflow...
2025-02-02 17:16:04.059 [info] Getting sessions for user:email...
2025-02-02 17:16:04.059 [info] Got 1 sessions for user:email...
2025-02-02 17:16:04.059 [info] Getting sessions for all scopes...
2025-02-02 17:16:04.059 [info] Got 1 sessions for ...
2025-02-02 17:16:04.060 [info] Getting sessions for read:user,repo,user:email,workflow...
2025-02-02 17:16:04.060 [info] Got 0 sessions for read:user,repo,user:email,workflow...
2025-02-02 17:16:04.060 [info] Getting sessions for user:email...
2025-02-02 17:16:04.060 [info] Got 1 sessions for user:email...
2025-02-02 17:16:04.062 [info] Getting sessions for all scopes...
2025-02-02 17:16:04.062 [info] Got 1 sessions for ...
2025-02-02 17:16:04.062 [info] Getting sessions for read:user,repo,user:email,workflow...
2025-02-02 17:16:04.062 [info] Got 0 sessions for read:user,repo,user:email,workflow...
2025-02-02 17:16:04.062 [info] Getting sessions for user:email...
2025-02-02 17:16:04.062 [info] Got 1 sessions for user:email...
2025-02-02 17:16:04.064 [info] Getting sessions for all scopes...
2025-02-02 17:16:04.064 [info] Got 1 sessions for ...
2025-02-02 17:16:04.064 [info] Getting sessions for read:user,repo,user:email,workflow...
2025-02-02 17:16:04.064 [info] Got 0 sessions for read:user,repo,user:email,workflow...
2025-02-02 17:16:04.064 [info] Getting sessions for user:email...
2025-02-02 17:16:04.064 [info] Got 1 sessions for user:email...
2025-02-02 17:31:04.536 [info] Getting sessions for all scopes...
2025-02-02 17:31:04.536 [info] Got 1 sessions for ...
2025-02-02 17:31:04.537 [info] Getting sessions for read:user,repo,user:email,workflow...
2025-02-02 17:31:04.537 [info] Got 0 sessions for read:user,repo,user:email,workflow...
2025-02-02 17:31:04.538 [info] Getting sessions for user:email...
2025-02-02 17:31:04.538 [info] Got 1 sessions for user:email...
2025-02-02 17:31:04.538 [info] Getting sessions for all scopes...
2025-02-02 17:31:04.538 [info] Got 1 sessions for ...
2025-02-02 17:31:04.538 [info] Getting sessions for read:user,repo,user:email,workflow...
2025-02-02 17:31:04.538 [info] Got 0 sessions for read:user,repo,user:email,workflow...
2025-02-02 17:31:04.539 [info] Getting sessions for user:email...
2025-02-02 17:31:04.539 [info] Got 1 sessions for user:email...
2025-02-02 17:41:02.280 [info] Getting sessions for read:user,repo,user:email,workflow...
2025-02-02 17:41:02.280 [info] Got 0 sessions for read:user,repo,user:email,workflow...
2025-02-02 17:41:02.281 [info] Getting sessions for read:user...
2025-02-02 17:41:02.281 [info] Got 0 sessions for read:user...
2025-02-02 17:41:02.282 [info] Getting sessions for user:email...
2025-02-02 17:41:02.282 [info] Got 1 sessions for user:email...
2025-02-02 17:41:04.059 [info] Getting sessions for all scopes...
2025-02-02 17:41:04.059 [info] Got 1 sessions for ...
2025-02-02 17:41:04.060 [info] Getting sessions for read:user,repo,user:email,workflow...
2025-02-02 17:41:04.060 [info] Got 0 sessions for read:user,repo,user:email,workflow...
2025-02-02 17:41:04.061 [info] Getting sessions for user:email...
2025-02-02 17:41:04.061 [info] Got 1 sessions for user:email...
2025-02-02 17:41:04.603 [info] Getting sessions for all scopes...
2025-02-02 17:41:04.603 [info] Got 1 sessions for ...
2025-02-02 17:41:04.603 [info] Getting sessions for all scopes...
2025-02-02 17:41:04.603 [info] Got 1 sessions for ...
2025-02-02 17:41:04.603 [info] Getting sessions for read:user,repo,user:email,workflow...
2025-02-02 17:41:04.604 [info] Got 0 sessions for read:user,repo,user:email,workflow...
2025-02-02 17:41:04.604 [info] Getting sessions for user:email...
2025-02-02 17:41:04.604 [info] Got 1 sessions for user:email...
2025-02-02 17:41:04.604 [info] Getting sessions for all scopes...
2025-02-02 17:41:04.604 [info] Got 1 sessions for ...
2025-02-02 17:41:04.605 [info] Getting sessions for read:user,repo,user:email,workflow...
2025-02-02 17:41:04.605 [info] Got 0 sessions for read:user,repo,user:email,workflow...
2025-02-02 17:41:04.605 [info] Getting sessions for user:email...
2025-02-02 17:41:04.605 [info] Got 1 sessions for user:email...
2025-02-02 17:41:04.607 [info] Getting sessions for all scopes...
2025-02-02 17:41:04.607 [info] Got 1 sessions for ...
2025-02-02 17:41:04.607 [info] Getting sessions for read:user,repo,user:email,workflow...
2025-02-02 17:41:04.607 [info] Got 0 sessions for read:user,repo,user:email,workflow...
2025-02-02 17:41:04.608 [info] Getting sessions for user:email...
2025-02-02 17:41:04.608 [info] Got 1 sessions for user:email...
2025-02-02 17:56:04.610 [info] Getting sessions for all scopes...
2025-02-02 17:56:04.610 [info] Got 1 sessions for ...
2025-02-02 17:56:04.611 [info] Getting sessions for read:user,repo,user:email,workflow...
2025-02-02 17:56:04.611 [info] Got 0 sessions for read:user,repo,user:email,workflow...
2025-02-02 17:56:04.611 [info] Getting sessions for user:email...
2025-02-02 17:56:04.612 [info] Got 1 sessions for user:email...
2025-02-02 17:56:04.612 [info] Getting sessions for all scopes...
2025-02-02 17:56:04.612 [info] Got 1 sessions for ...
2025-02-02 17:56:04.613 [info] Getting sessions for read:user,repo,user:email,workflow...
2025-02-02 17:56:04.613 [info] Got 0 sessions for read:user,repo,user:email,workflow...
2025-02-02 17:56:04.613 [info] Getting sessions for user:email...
2025-02-02 17:56:04.613 [info] Got 1 sessions for user:email...
2025-02-02 18:06:02.661 [info] Getting sessions for read:user,repo,user:email,workflow...
2025-02-02 18:06:02.661 [info] Got 0 sessions for read:user,repo,user:email,workflow...
2025-02-02 18:06:02.662 [info] Getting sessions for read:user...
2025-02-02 18:06:02.662 [info] Got 0 sessions for read:user...
2025-02-02 18:06:02.662 [info] Getting sessions for user:email...
2025-02-02 18:06:02.662 [info] Got 1 sessions for user:email...
2025-02-02 18:06:04.604 [info] Getting sessions for all scopes...
2025-02-02 18:06:04.604 [info] Got 1 sessions for ...
2025-02-02 18:06:04.605 [info] Getting sessions for read:user,repo,user:email,workflow...
2025-02-02 18:06:04.605 [info] Got 0 sessions for read:user,repo,user:email,workflow...
2025-02-02 18:06:04.606 [info] Getting sessions for user:email...
2025-02-02 18:06:04.606 [info] Got 1 sessions for user:email...
2025-02-02 18:06:05.134 [info] Getting sessions for all scopes...
2025-02-02 18:06:05.134 [info] Got 1 sessions for ...
2025-02-02 18:06:05.134 [info] Getting sessions for all scopes...
2025-02-02 18:06:05.134 [info] Got 1 sessions for ...
2025-02-02 18:06:05.135 [info] Getting sessions for read:user,repo,user:email,workflow...
2025-02-02 18:06:05.135 [info] Got 0 sessions for read:user,repo,user:email,workflow...
2025-02-02 18:06:05.136 [info] Getting sessions for user:email...
2025-02-02 18:06:05.136 [info] Got 1 sessions for user:email...
2025-02-02 18:06:05.136 [info] Getting sessions for all scopes...
2025-02-02 18:06:05.136 [info] Got 1 sessions for ...
2025-02-02 18:06:05.136 [info] Getting sessions for read:user,repo,user:email,workflow...
2025-02-02 18:06:05.136 [info] Got 0 sessions for read:user,repo,user:email,workflow...
2025-02-02 18:06:05.137 [info] Getting sessions for user:email...
2025-02-02 18:06:05.137 [info] Got 1 sessions for user:email...
2025-02-02 18:06:05.138 [info] Getting sessions for all scopes...
2025-02-02 18:06:05.138 [info] Got 1 sessions for ...
2025-02-02 18:06:05.139 [info] Getting sessions for read:user,repo,user:email,workflow...
2025-02-02 18:06:05.139 [info] Got 0 sessions for read:user,repo,user:email,workflow...
2025-02-02 18:06:05.139 [info] Getting sessions for user:email...
2025-02-02 18:06:05.139 [info] Got 1 sessions for user:email...
2025-02-02 18:06:05.140 [info] Getting sessions for all scopes...
2025-02-02 18:06:05.140 [info] Got 1 sessions for ...
2025-02-02 18:06:05.140 [info] Getting sessions for read:user,repo,user:email,workflow...
2025-02-02 18:06:05.140 [info] Got 0 sessions for read:user,repo,user:email,workflow...
2025-02-02 18:06:05.141 [info] Getting sessions for user:email...
2025-02-02 18:06:05.141 [info] Got 1 sessions for user:email...
2025-02-02 18:21:05.621 [info] Getting sessions for all scopes...
2025-02-02 18:21:05.621 [info] Got 1 sessions for ...
2025-02-02 18:21:05.621 [info] Getting sessions for read:user,repo,user:email,workflow...
2025-02-02 18:21:05.621 [info] Got 0 sessions for read:user,repo,user:email,workflow...
2025-02-02 18:21:05.622 [info] Getting sessions for user:email...
2025-02-02 18:21:05.622 [info] Got 1 sessions for user:email...
2025-02-02 18:21:05.622 [info] Getting sessions for all scopes...
2025-02-02 18:21:05.622 [info] Got 1 sessions for ...
2025-02-02 18:21:05.623 [info] Getting sessions for read:user,repo,user:email,workflow...
2025-02-02 18:21:05.623 [info] Got 0 sessions for read:user,repo,user:email,workflow...
2025-02-02 18:21:05.623 [info] Getting sessions for user:email...
2025-02-02 18:21:05.623 [info] Got 1 sessions for user:email...
2025-02-02 18:31:03.001 [info] Getting sessions for read:user,repo,user:email,workflow...
2025-02-02 18:31:03.001 [info] Got 0 sessions for read:user,repo,user:email,workflow...
2025-02-02 18:31:03.002 [info] Getting sessions for read:user...
2025-02-02 18:31:03.002 [info] Got 0 sessions for read:user...
2025-02-02 18:31:03.002 [info] Getting sessions for user:email...
2025-02-02 18:31:03.003 [info] Got 1 sessions for user:email...
2025-02-02 18:31:05.135 [info] Getting sessions for all scopes...
2025-02-02 18:31:05.135 [info] Got 1 sessions for ...
2025-02-02 18:31:05.136 [info] Getting sessions for read:user,repo,user:email,workflow...
2025-02-02 18:31:05.136 [info] Got 0 sessions for read:user,repo,user:email,workflow...
2025-02-02 18:31:05.137 [info] Getting sessions for user:email...
2025-02-02 18:31:05.137 [info] Got 1 sessions for user:email...
2025-02-02 18:31:05.679 [info] Getting sessions for all scopes...
2025-02-02 18:31:05.679 [info] Got 1 sessions for ...
2025-02-02 18:31:05.679 [info] Getting sessions for all scopes...
2025-02-02 18:31:05.679 [info] Got 1 sessions for ...
2025-02-02 18:31:05.680 [info] Getting sessions for read:user,repo,user:email,workflow...
2025-02-02 18:31:05.680 [info] Got 0 sessions for read:user,repo,user:email,workflow...
2025-02-02 18:31:05.680 [info] Getting sessions for user:email...
2025-02-02 18:31:05.680 [info] Got 1 sessions for user:email...
2025-02-02 18:31:05.681 [info] Getting sessions for all scopes...
2025-02-02 18:31:05.681 [info] Got 1 sessions for ...
2025-02-02 18:31:05.681 [info] Getting sessions for read:user,repo,user:email,workflow...
2025-02-02 18:31:05.681 [info] Got 0 sessions for read:user,repo,user:email,workflow...
2025-02-02 18:31:05.681 [info] Getting sessions for user:email...
2025-02-02 18:31:05.681 [info] Got 1 sessions for user:email...
2025-02-02 18:31:05.683 [info] Getting sessions for all scopes...
2025-02-02 18:31:05.683 [info] Got 1 sessions for ...
2025-02-02 18:31:05.684 [info] Getting sessions for read:user,repo,user:email,workflow...
2025-02-02 18:31:05.684 [info] Got 0 sessions for read:user,repo,user:email,workflow...
2025-02-02 18:31:05.684 [info] Getting sessions for user:email...
2025-02-02 18:31:05.684 [info] Got 1 sessions for user:email...
2025-02-02 18:46:05.686 [info] Getting sessions for all scopes...
2025-02-02 18:46:05.686 [info] Got 1 sessions for ...
2025-02-02 18:46:05.687 [info] Getting sessions for read:user,repo,user:email,workflow...
2025-02-02 18:46:05.687 [info] Got 0 sessions for read:user,repo,user:email,workflow...
2025-02-02 18:46:05.687 [info] Getting sessions for user:email...
2025-02-02 18:46:05.687 [info] Got 1 sessions for user:email...
2025-02-02 18:46:05.688 [info] Getting sessions for all scopes...
2025-02-02 18:46:05.688 [info] Got 1 sessions for ...
2025-02-02 18:46:05.688 [info] Getting sessions for read:user,repo,user:email,workflow...
2025-02-02 18:46:05.688 [info] Got 0 sessions for read:user,repo,user:email,workflow...
2025-02-02 18:46:05.689 [info] Getting sessions for user:email...
2025-02-02 18:46:05.689 [info] Got 1 sessions for user:email...
2025-02-02 18:56:03.348 [info] Getting sessions for read:user,repo,user:email,workflow...
2025-02-02 18:56:03.348 [info] Got 0 sessions for read:user,repo,user:email,workflow...
2025-02-02 18:56:03.349 [info] Getting sessions for read:user...
2025-02-02 18:56:03.349 [info] Got 0 sessions for read:user...
2025-02-02 18:56:03.350 [info] Getting sessions for user:email...
2025-02-02 18:56:03.350 [info] Got 1 sessions for user:email...
2025-02-02 18:56:05.680 [info] Getting sessions for all scopes...
2025-02-02 18:56:05.680 [info] Got 1 sessions for ...
2025-02-02 18:56:05.680 [info] Getting sessions for read:user,repo,user:email,workflow...
2025-02-02 18:56:05.680 [info] Got 0 sessions for read:user,repo,user:email,workflow...
2025-02-02 18:56:05.681 [info] Getting sessions for user:email...
2025-02-02 18:56:05.681 [info] Got 1 sessions for user:email...
2025-02-02 18:56:06.183 [info] Getting sessions for all scopes...
2025-02-02 18:56:06.183 [info] Got 1 sessions for ...
2025-02-02 18:56:06.183 [info] Getting sessions for all scopes...
2025-02-02 18:56:06.183 [info] Got 1 sessions for ...
2025-02-02 18:56:06.184 [info] Getting sessions for read:user,repo,user:email,workflow...
2025-02-02 18:56:06.184 [info] Got 0 sessions for read:user,repo,user:email,workflow...
2025-02-02 18:56:06.185 [info] Getting sessions for user:email...
2025-02-02 18:56:06.185 [info] Got 1 sessions for user:email...
2025-02-02 18:56:06.185 [info] Getting sessions for all scopes...
2025-02-02 18:56:06.185 [info] Got 1 sessions for ...
2025-02-02 18:56:06.186 [info] Getting sessions for read:user,repo,user:email,workflow...
2025-02-02 18:56:06.186 [info] Got 0 sessions for read:user,repo,user:email,workflow...
2025-02-02 18:56:06.187 [info] Getting sessions for user:email...
2025-02-02 18:56:06.187 [info] Got 1 sessions for user:email...
2025-02-02 18:56:06.189 [info] Getting sessions for all scopes...
2025-02-02 18:56:06.189 [info] Got 1 sessions for ...
2025-02-02 18:56:06.189 [info] Getting sessions for read:user,repo,user:email,workflow...
2025-02-02 18:56:06.189 [info] Got 0 sessions for read:user,repo,user:email,workflow...
2025-02-02 18:56:06.190 [info] Getting sessions for user:email...
2025-02-02 18:56:06.190 [info] Got 1 sessions for user:email...
2025-02-02 18:56:06.191 [info] Getting sessions for all scopes...
2025-02-02 18:56:06.191 [info] Got 1 sessions for ...
2025-02-02 18:56:06.191 [info] Getting sessions for read:user,repo,user:email,workflow...
2025-02-02 18:56:06.191 [info] Got 0 sessions for read:user,repo,user:email,workflow...
2025-02-02 18:56:06.192 [info] Getting sessions for user:email...
2025-02-02 18:56:06.192 [info] Got 1 sessions for user:email...
2025-02-02 19:11:06.661 [info] Getting sessions for all scopes...
2025-02-02 19:11:06.661 [info] Got 1 sessions for ...
2025-02-02 19:11:06.662 [info] Getting sessions for read:user,repo,user:email,workflow...
2025-02-02 19:11:06.662 [info] Got 0 sessions for read:user,repo,user:email,workflow...
2025-02-02 19:11:06.662 [info] Getting sessions for user:email...
2025-02-02 19:11:06.662 [info] Got 1 sessions for user:email...
2025-02-02 19:11:06.663 [info] Getting sessions for all scopes...
2025-02-02 19:11:06.663 [info] Got 1 sessions for ...
2025-02-02 19:11:06.663 [info] Getting sessions for read:user,repo,user:email,workflow...
2025-02-02 19:11:06.663 [info] Got 0 sessions for read:user,repo,user:email,workflow...
2025-02-02 19:11:06.664 [info] Getting sessions for user:email...
2025-02-02 19:11:06.664 [info] Got 1 sessions for user:email...
2025-02-02 19:21:03.728 [info] Getting sessions for read:user,repo,user:email,workflow...
2025-02-02 19:21:03.728 [info] Got 0 sessions for read:user,repo,user:email,workflow...
2025-02-02 19:21:03.728 [info] Getting sessions for read:user...
2025-02-02 19:21:03.728 [info] Got 0 sessions for read:user...
2025-02-02 19:21:03.729 [info] Getting sessions for user:email...
2025-02-02 19:21:03.729 [info] Got 1 sessions for user:email...
2025-02-02 19:21:06.184 [info] Getting sessions for all scopes...
2025-02-02 19:21:06.184 [info] Got 1 sessions for ...
2025-02-02 19:21:06.185 [info] Getting sessions for read:user,repo,user:email,workflow...
2025-02-02 19:21:06.185 [info] Got 0 sessions for read:user,repo,user:email,workflow...
2025-02-02 19:21:06.186 [info] Getting sessions for user:email...
2025-02-02 19:21:06.186 [info] Got 1 sessions for user:email...
2025-02-02 19:21:06.691 [info] Getting sessions for all scopes...
2025-02-02 19:21:06.691 [info] Got 1 sessions for ...
2025-02-02 19:21:06.691 [info] Getting sessions for all scopes...
2025-02-02 19:21:06.691 [info] Got 1 sessions for ...
2025-02-02 19:21:06.692 [info] Getting sessions for read:user,repo,user:email,workflow...
2025-02-02 19:21:06.692 [info] Got 0 sessions for read:user,repo,user:email,workflow...
2025-02-02 19:21:06.692 [info] Getting sessions for user:email...
2025-02-02 19:21:06.692 [info] Got 1 sessions for user:email...
2025-02-02 19:21:06.693 [info] Getting sessions for all scopes...
2025-02-02 19:21:06.693 [info] Got 1 sessions for ...
2025-02-02 19:21:06.693 [info] Getting sessions for read:user,repo,user:email,workflow...
2025-02-02 19:21:06.693 [info] Got 0 sessions for read:user,repo,user:email,workflow...
2025-02-02 19:21:06.694 [info] Getting sessions for user:email...
2025-02-02 19:21:06.694 [info] Got 1 sessions for user:email...
2025-02-02 19:21:06.695 [info] Getting sessions for all scopes...
2025-02-02 19:21:06.695 [info] Got 1 sessions for ...
2025-02-02 19:21:06.696 [info] Getting sessions for read:user,repo,user:email,workflow...
2025-02-02 19:21:06.696 [info] Got 0 sessions for read:user,repo,user:email,workflow...
2025-02-02 19:21:06.696 [info] Getting sessions for user:email...
2025-02-02 19:21:06.696 [info] Got 1 sessions for user:email...
2025-02-02 19:36:06.698 [info] Getting sessions for all scopes...
2025-02-02 19:36:06.698 [info] Got 1 sessions for ...
2025-02-02 19:36:06.699 [info] Getting sessions for read:user,repo,user:email,workflow...
2025-02-02 19:36:06.699 [info] Got 0 sessions for read:user,repo,user:email,workflow...
2025-02-02 19:36:06.700 [info] Getting sessions for user:email...
2025-02-02 19:36:06.700 [info] Got 1 sessions for user:email...
2025-02-02 19:36:06.701 [info] Getting sessions for all scopes...
2025-02-02 19:36:06.701 [info] Got 1 sessions for ...
2025-02-02 19:36:06.701 [info] Getting sessions for read:user,repo,user:email,workflow...
2025-02-02 19:36:06.701 [info] Got 0 sessions for read:user,repo,user:email,workflow...
2025-02-02 19:36:06.701 [info] Getting sessions for user:email...
2025-02-02 19:36:06.701 [info] Got 1 sessions for user:email...
2025-02-02 19:46:04.079 [info] Getting sessions for read:user,repo,user:email,workflow...
2025-02-02 19:46:04.079 [info] Got 0 sessions for read:user,repo,user:email,workflow...
2025-02-02 19:46:04.079 [info] Getting sessions for read:user...
2025-02-02 19:46:04.079 [info] Got 0 sessions for read:user...
2025-02-02 19:46:04.080 [info] Getting sessions for user:email...
2025-02-02 19:46:04.080 [info] Got 1 sessions for user:email...
2025-02-02 19:46:06.692 [info] Getting sessions for all scopes...
2025-02-02 19:46:06.692 [info] Got 1 sessions for ...
2025-02-02 19:46:06.693 [info] Getting sessions for read:user,repo,user:email,workflow...
2025-02-02 19:46:06.693 [info] Got 0 sessions for read:user,repo,user:email,workflow...
2025-02-02 19:46:06.693 [info] Getting sessions for user:email...
2025-02-02 19:46:06.693 [info] Got 1 sessions for user:email...
2025-02-02 19:46:07.215 [info] Getting sessions for all scopes...
2025-02-02 19:46:07.215 [info] Got 1 sessions for ...
2025-02-02 19:46:07.215 [info] Getting sessions for all scopes...
2025-02-02 19:46:07.215 [info] Got 1 sessions for ...
2025-02-02 19:46:07.216 [info] Getting sessions for read:user,repo,user:email,workflow...
2025-02-02 19:46:07.216 [info] Got 0 sessions for read:user,repo,user:email,workflow...
2025-02-02 19:46:07.216 [info] Getting sessions for user:email...
2025-02-02 19:46:07.216 [info] Got 1 sessions for user:email...
2025-02-02 19:46:07.217 [info] Getting sessions for all scopes...
2025-02-02 19:46:07.217 [info] Got 1 sessions for ...
2025-02-02 19:46:07.217 [info] Getting sessions for read:user,repo,user:email,workflow...
2025-02-02 19:46:07.217 [info] Got 0 sessions for read:user,repo,user:email,workflow...
2025-02-02 19:46:07.217 [info] Getting sessions for user:email...
2025-02-02 19:46:07.217 [info] Got 1 sessions for user:email...
2025-02-02 19:46:07.219 [info] Getting sessions for all scopes...
2025-02-02 19:46:07.219 [info] Got 1 sessions for ...
2025-02-02 19:46:07.220 [info] Getting sessions for read:user,repo,user:email,workflow...
2025-02-02 19:46:07.220 [info] Got 0 sessions for read:user,repo,user:email,workflow...
2025-02-02 19:46:07.220 [info] Getting sessions for user:email...
2025-02-02 19:46:07.220 [info] Got 1 sessions for user:email...
2025-02-02 19:46:07.221 [info] Getting sessions for all scopes...
2025-02-02 19:46:07.221 [info] Got 1 sessions for ...
2025-02-02 19:46:07.221 [info] Getting sessions for read:user,repo,user:email,workflow...
2025-02-02 19:46:07.221 [info] Got 0 sessions for read:user,repo,user:email,workflow...
2025-02-02 19:46:07.221 [info] Getting sessions for user:email...
2025-02-02 19:46:07.221 [info] Got 1 sessions for user:email...
2025-02-02 20:01:07.657 [info] Getting sessions for all scopes...
2025-02-02 20:01:07.657 [info] Got 1 sessions for ...
2025-02-02 20:01:07.658 [info] Getting sessions for read:user,repo,user:email,workflow...
2025-02-02 20:01:07.658 [info] Got 0 sessions for read:user,repo,user:email,workflow...
2025-02-02 20:01:07.658 [info] Getting sessions for user:email...
2025-02-02 20:01:07.658 [info] Got 1 sessions for user:email...
2025-02-02 20:01:07.658 [info] Getting sessions for all scopes...
2025-02-02 20:01:07.658 [info] Got 1 sessions for ...
2025-02-02 20:01:07.659 [info] Getting sessions for read:user,repo,user:email,workflow...
2025-02-02 20:01:07.659 [info] Got 0 sessions for read:user,repo,user:email,workflow...
2025-02-02 20:01:07.659 [info] Getting sessions for user:email...
2025-02-02 20:01:07.659 [info] Got 1 sessions for user:email...
2025-02-02 20:11:04.474 [info] Getting sessions for read:user,repo,user:email,workflow...
2025-02-02 20:11:04.474 [info] Got 0 sessions for read:user,repo,user:email,workflow...
2025-02-02 20:11:04.475 [info] Getting sessions for read:user...
2025-02-02 20:11:04.475 [info] Got 0 sessions for read:user...
2025-02-02 20:11:04.475 [info] Getting sessions for user:email...
2025-02-02 20:11:04.475 [info] Got 1 sessions for user:email...
2025-02-02 20:11:07.216 [info] Getting sessions for all scopes...
2025-02-02 20:11:07.216 [info] Got 1 sessions for ...
2025-02-02 20:11:07.217 [info] Getting sessions for read:user,repo,user:email,workflow...
2025-02-02 20:11:07.217 [info] Got 0 sessions for read:user,repo,user:email,workflow...
2025-02-02 20:11:07.218 [info] Getting sessions for user:email...
2025-02-02 20:11:07.218 [info] Got 1 sessions for user:email...
2025-02-02 20:11:07.753 [info] Getting sessions for all scopes...
2025-02-02 20:11:07.753 [info] Got 1 sessions for ...
2025-02-02 20:11:07.753 [info] Getting sessions for all scopes...
2025-02-02 20:11:07.753 [info] Got 1 sessions for ...
2025-02-02 20:11:07.754 [info] Getting sessions for read:user,repo,user:email,workflow...
2025-02-02 20:11:07.754 [info] Got 0 sessions for read:user,repo,user:email,workflow...
2025-02-02 20:11:07.754 [info] Getting sessions for user:email...
2025-02-02 20:11:07.754 [info] Got 1 sessions for user:email...
2025-02-02 20:11:07.754 [info] Getting sessions for all scopes...
2025-02-02 20:11:07.754 [info] Got 1 sessions for ...
2025-02-02 20:11:07.755 [info] Getting sessions for read:user,repo,user:email,workflow...
2025-02-02 20:11:07.755 [info] Got 0 sessions for read:user,repo,user:email,workflow...
2025-02-02 20:11:07.755 [info] Getting sessions for user:email...
2025-02-02 20:11:07.755 [info] Got 1 sessions for user:email...
2025-02-02 20:11:07.757 [info] Getting sessions for all scopes...
2025-02-02 20:11:07.757 [info] Got 1 sessions for ...
2025-02-02 20:11:07.757 [info] Getting sessions for read:user,repo,user:email,workflow...
2025-02-02 20:11:07.757 [info] Got 0 sessions for read:user,repo,user:email,workflow...
2025-02-02 20:11:07.758 [info] Getting sessions for user:email...
2025-02-02 20:11:07.758 [info] Got 1 sessions for user:email...
2025-02-02 20:26:07.759 [info] Getting sessions for all scopes...
2025-02-02 20:26:07.759 [info] Got 1 sessions for ...
2025-02-02 20:26:07.760 [info] Getting sessions for read:user,repo,user:email,workflow...
2025-02-02 20:26:07.760 [info] Got 0 sessions for read:user,repo,user:email,workflow...
2025-02-02 20:26:07.761 [info] Getting sessions for user:email...
2025-02-02 20:26:07.761 [info] Got 1 sessions for user:email...
2025-02-02 20:26:07.761 [info] Getting sessions for all scopes...
2025-02-02 20:26:07.761 [info] Got 1 sessions for ...
2025-02-02 20:26:07.761 [info] Getting sessions for read:user,repo,user:email,workflow...
2025-02-02 20:26:07.761 [info] Got 0 sessions for read:user,repo,user:email,workflow...
2025-02-02 20:26:07.762 [info] Getting sessions for user:email...
2025-02-02 20:26:07.762 [info] Got 1 sessions for user:email...
2025-02-02 20:36:04.875 [info] Getting sessions for read:user,repo,user:email,workflow...
2025-02-02 20:36:04.875 [info] Got 0 sessions for read:user,repo,user:email,workflow...
2025-02-02 20:36:04.876 [info] Getting sessions for read:user...
2025-02-02 20:36:04.876 [info] Got 0 sessions for read:user...
2025-02-02 20:36:04.876 [info] Getting sessions for user:email...
2025-02-02 20:36:04.876 [info] Got 1 sessions for user:email...
2025-02-02 20:36:07.754 [info] Getting sessions for all scopes...
2025-02-02 20:36:07.754 [info] Got 1 sessions for ...
2025-02-02 20:36:07.755 [info] Getting sessions for read:user,repo,user:email,workflow...
2025-02-02 20:36:07.755 [info] Got 0 sessions for read:user,repo,user:email,workflow...
2025-02-02 20:36:07.755 [info] Getting sessions for user:email...
2025-02-02 20:36:07.755 [info] Got 1 sessions for user:email...
2025-02-02 20:36:08.272 [info] Getting sessions for all scopes...
2025-02-02 20:36:08.272 [info] Got 1 sessions for ...
2025-02-02 20:36:08.272 [info] Getting sessions for all scopes...
2025-02-02 20:36:08.272 [info] Got 1 sessions for ...
2025-02-02 20:36:08.273 [info] Getting sessions for read:user,repo,user:email,workflow...
2025-02-02 20:36:08.273 [info] Got 0 sessions for read:user,repo,user:email,workflow...
2025-02-02 20:36:08.273 [info] Getting sessions for user:email...
2025-02-02 20:36:08.273 [info] Got 1 sessions for user:email...
2025-02-02 20:36:08.274 [info] Getting sessions for all scopes...
2025-02-02 20:36:08.274 [info] Got 1 sessions for ...
2025-02-02 20:36:08.274 [info] Getting sessions for read:user,repo,user:email,workflow...
2025-02-02 20:36:08.274 [info] Got 0 sessions for read:user,repo,user:email,workflow...
2025-02-02 20:36:08.274 [info] Getting sessions for user:email...
2025-02-02 20:36:08.274 [info] Got 1 sessions for user:email...
2025-02-02 20:36:08.275 [info] Getting sessions for all scopes...
2025-02-02 20:36:08.275 [info] Got 1 sessions for ...
2025-02-02 20:36:08.276 [info] Getting sessions for read:user,repo,user:email,workflow...
2025-02-02 20:36:08.276 [info] Got 0 sessions for read:user,repo,user:email,workflow...
2025-02-02 20:36:08.276 [info] Getting sessions for user:email...
2025-02-02 20:36:08.276 [info] Got 1 sessions for user:email...
2025-02-02 20:36:08.278 [info] Getting sessions for all scopes...
2025-02-02 20:36:08.278 [info] Got 1 sessions for ...
2025-02-02 20:36:08.278 [info] Getting sessions for read:user,repo,user:email,workflow...
2025-02-02 20:36:08.278 [info] Got 0 sessions for read:user,repo,user:email,workflow...
2025-02-02 20:36:08.278 [info] Getting sessions for user:email...
2025-02-02 20:36:08.278 [info] Got 1 sessions for user:email...
2025-02-02 20:51:08.752 [info] Getting sessions for all scopes...
2025-02-02 20:51:08.752 [info] Got 1 sessions for ...
2025-02-02 20:51:08.753 [info] Getting sessions for read:user,repo,user:email,workflow...
2025-02-02 20:51:08.753 [info] Got 0 sessions for read:user,repo,user:email,workflow...
2025-02-02 20:51:08.753 [info] Getting sessions for user:email...
2025-02-02 20:51:08.753 [info] Got 1 sessions for user:email...
2025-02-02 20:51:08.754 [info] Getting sessions for all scopes...
2025-02-02 20:51:08.754 [info] Got 1 sessions for ...
2025-02-02 20:51:08.755 [info] Getting sessions for read:user,repo,user:email,workflow...
2025-02-02 20:51:08.755 [info] Got 0 sessions for read:user,repo,user:email,workflow...
2025-02-02 20:51:08.755 [info] Getting sessions for user:email...
2025-02-02 20:51:08.755 [info] Got 1 sessions for user:email...
2025-02-02 21:01:05.217 [info] Getting sessions for read:user,repo,user:email,workflow...
2025-02-02 21:01:05.217 [info] Got 0 sessions for read:user,repo,user:email,workflow...
2025-02-02 21:01:05.218 [info] Getting sessions for read:user...
2025-02-02 21:01:05.218 [info] Got 0 sessions for read:user...
2025-02-02 21:01:05.218 [info] Getting sessions for user:email...
2025-02-02 21:01:05.218 [info] Got 1 sessions for user:email...
2025-02-02 21:01:08.274 [info] Getting sessions for all scopes...
2025-02-02 21:01:08.274 [info] Got 1 sessions for ...
2025-02-02 21:01:08.275 [info] Getting sessions for read:user,repo,user:email,workflow...
2025-02-02 21:01:08.275 [info] Got 0 sessions for read:user,repo,user:email,workflow...
2025-02-02 21:01:08.275 [info] Getting sessions for user:email...
2025-02-02 21:01:08.275 [info] Got 1 sessions for user:email...
2025-02-02 21:01:08.830 [info] Getting sessions for all scopes...
2025-02-02 21:01:08.830 [info] Got 1 sessions for ...
2025-02-02 21:01:08.830 [info] Getting sessions for all scopes...
2025-02-02 21:01:08.830 [info] Got 1 sessions for ...
2025-02-02 21:01:08.831 [info] Getting sessions for read:user,repo,user:email,workflow...
2025-02-02 21:01:08.831 [info] Got 0 sessions for read:user,repo,user:email,workflow...
2025-02-02 21:01:08.832 [info] Getting sessions for user:email...
2025-02-02 21:01:08.832 [info] Got 1 sessions for user:email...
2025-02-02 21:01:08.832 [info] Getting sessions for all scopes...
2025-02-02 21:01:08.832 [info] Got 1 sessions for ...
2025-02-02 21:01:08.832 [info] Getting sessions for read:user,repo,user:email,workflow...
2025-02-02 21:01:08.832 [info] Got 0 sessions for read:user,repo,user:email,workflow...
2025-02-02 21:01:08.833 [info] Getting sessions for user:email...
2025-02-02 21:01:08.833 [info] Got 1 sessions for user:email...
2025-02-02 21:01:08.835 [info] Getting sessions for all scopes...
2025-02-02 21:01:08.835 [info] Got 1 sessions for ...
2025-02-02 21:01:08.837 [info] Getting sessions for read:user,repo,user:email,workflow...
2025-02-02 21:01:08.837 [info] Got 0 sessions for read:user,repo,user:email,workflow...
2025-02-02 21:01:08.838 [info] Getting sessions for user:email...
2025-02-02 21:01:08.838 [info] Got 1 sessions for user:email...
