> Build starts at 2025-02-04 19:19:50
Task :shared:compileJava started
Task :shared:compileJava UP-TO-DATE
------

> Build starts at 2025-02-04 19:19:51
Task :manager:compileJava started
Task :manager:compileJava SUCCESS
------

> Build starts at 2025-02-04 19:19:52
Task :compileJava started
Task :compileJava SUCCESS
------

> Build starts at 2025-02-04 19:19:53
Task :shared:compileTestJava started
Task :shared:compileTestJava UP-TO-DATE
------

> Build starts at 2025-02-04 19:19:53
Task :compileTestJava started
Task :compileTestJava skipped
------

> Build starts at 2025-02-04 21:12:36
Task :shared:compileJava started
Task :shared:compileJava UP-TO-DATE
------

> Build starts at 2025-02-04 21:12:37
Task :manager:compileJava started
Task :manager:compileJava SUCCESS
------

> Build starts at 2025-02-04 21:12:37
Task :compileJava started
Task :compileJava SUCCESS
------

> Build starts at 2025-02-04 21:12:38
Task :shared:compileTestJava started
Task :shared:compileTestJava UP-TO-DATE
------

> Build starts at 2025-02-04 21:12:38
Task :manager:compileTestJava started
Task :manager:compileTestJava skipped
------

> Build starts at 2025-02-04 21:13:04
Task :shared:compileJava started
Task :shared:compileJava UP-TO-DATE
------

> Build starts at 2025-02-04 21:13:04
Task :manager:compileJava started
Task :manager:compileJava UP-TO-DATE
------

> Build starts at 2025-02-04 21:13:05
Task :compileJava started
Task :compileJava UP-TO-DATE
------

> Build starts at 2025-02-04 21:13:05
Task :shared:compileTestJava started
Task :shared:compileTestJava UP-TO-DATE
------

> Build starts at 2025-02-04 21:13:05
Task :manager:compileTestJava started
Task :manager:compileTestJava skipped
------

