[INFO - 18:36:09] Use build kind: WRAPPER
[INFO - 18:36:09] Gradle version: 8.11.1
[INFO - 18:36:09] Sending response 'build/initialize'. Processing request took 15 ms.
[INFO - 18:36:17] Found 6 build targets during initialization.
[INFO - 18:36:17] Sending response 'workspace/buildTargets'. Processing request took 7475 ms.
[INFO - 18:36:19] Sending response 'workspace/buildTargets'. Processing request took 0 ms.
[INFO - 18:36:19] Sending response 'buildTarget/outputPaths'. Processing request took 0 ms.
[INFO - 18:36:19] Sending response 'buildTarget/sources'. Processing request took 0 ms.
[INFO - 18:36:19] Sending response 'buildTarget/resources'. Processing request took 0 ms.
[INFO - 18:36:19] Sending response 'buildTarget/outputPaths'. Processing request took 0 ms.
[INFO - 18:36:19] Sending response 'buildTarget/sources'. Processing request took 0 ms.
[INFO - 18:36:19] Sending response 'buildTarget/resources'. Processing request took 0 ms.
[INFO - 18:36:19] Sending response 'buildTarget/dependencyModules'. Processing request took 0 ms.
[INFO - 18:36:19] Sending response 'buildTarget/dependencyModules'. Processing request took 0 ms.
[INFO - 18:36:19] Sending response 'buildTarget/javacOptions'. Processing request took 2 ms.
[INFO - 18:36:19] Sending response 'workspace/buildTargets'. Processing request took 0 ms.
[INFO - 18:36:19] Sending response 'buildTarget/outputPaths'. Processing request took 0 ms.
[INFO - 18:36:19] Sending response 'buildTarget/sources'. Processing request took 0 ms.
[INFO - 18:36:19] Sending response 'buildTarget/resources'. Processing request took 0 ms.
[INFO - 18:36:19] Sending response 'buildTarget/outputPaths'. Processing request took 0 ms.
[INFO - 18:36:19] Sending response 'buildTarget/sources'. Processing request took 0 ms.
[INFO - 18:36:19] Sending response 'buildTarget/resources'. Processing request took 0 ms.
[INFO - 18:36:19] Sending response 'buildTarget/dependencyModules'. Processing request took 0 ms.
[INFO - 18:36:19] Sending response 'buildTarget/dependencyModules'. Processing request took 0 ms.
[INFO - 18:36:19] Sending response 'buildTarget/javacOptions'. Processing request took 1 ms.
[INFO - 18:36:19] Sending response 'workspace/buildTargets'. Processing request took 0 ms.
[INFO - 18:36:19] Sending response 'buildTarget/outputPaths'. Processing request took 0 ms.
[INFO - 18:36:19] Sending response 'buildTarget/sources'. Processing request took 0 ms.
[INFO - 18:36:19] Sending response 'buildTarget/resources'. Processing request took 0 ms.
[INFO - 18:36:19] Sending response 'buildTarget/outputPaths'. Processing request took 0 ms.
[INFO - 18:36:19] Sending response 'buildTarget/sources'. Processing request took 0 ms.
[INFO - 18:36:19] Sending response 'buildTarget/resources'. Processing request took 0 ms.
[INFO - 18:36:19] Sending response 'buildTarget/dependencyModules'. Processing request took 0 ms.
[INFO - 18:36:19] Sending response 'buildTarget/dependencyModules'. Processing request took 0 ms.
[INFO - 18:36:19] Sending response 'buildTarget/javacOptions'. Processing request took 2 ms.
[INFO - 18:36:19] Sending response 'workspace/buildTargets'. Processing request took 0 ms.
[INFO - 18:36:19] Sending response 'workspace/buildTargets'. Processing request took 0 ms.
[INFO - 18:36:19] Sending response 'workspace/buildTargets'. Processing request took 0 ms.
[INFO - 19:19:47] Sending response 'workspace/buildTargets'. Processing request took 0 ms.
[INFO - 19:19:53] Sending response 'buildTarget/compile'. Processing request took 6096 ms.
[INFO - 21:12:36] Sending response 'workspace/buildTargets'. Processing request took 0 ms.
[INFO - 21:12:38] Sending response 'buildTarget/compile'. Processing request took 1489 ms.
[INFO - 21:13:04] Sending response 'workspace/buildTargets'. Processing request took 0 ms.
[INFO - 21:13:05] Sending response 'buildTarget/compile'. Processing request took 1392 ms.
