feb 05, 2025 9:43:19 P. M. org.apache.aries.spifly.BaseActivator log
INFORMACIÓN: Registered provider ch.qos.logback.classic.servlet.LogbackServletContainerInitializer of service jakarta.servlet.ServletContainerInitializer in bundle ch.qos.logback.classic
feb 05, 2025 9:43:19 P. M. org.apache.aries.spifly.BaseActivator log
INFORMACIÓN: Registered provider ch.qos.logback.classic.spi.LogbackServiceProvider of service org.slf4j.spi.SLF4JServiceProvider in bundle ch.qos.logback.classic
[Warn  - 21:43:22] 5 feb 2025, 21:43:20 The workspace exited with unsaved changes in the previous session; refreshing workspace to recover changes.
null
feb 05, 2025 9:43:37 P. M. com.microsoft.java.debug.plugin.internal.JavaDebuggerServerPlugin start
INFORMACIÓN: Starting com.microsoft.java.debug.plugin
feb 05, 2025 9:57:04 P. M. org.eclipse.lsp4j.jsonrpc.RemoteEndpoint handleCancellation
ADVERTENCIA: Unmatched cancel notification for request id 115
feb 05, 2025 10:10:51 P. M. org.eclipse.lsp4j.jsonrpc.RemoteEndpoint handleCancellation
ADVERTENCIA: Unmatched cancel notification for request id 503
feb 05, 2025 10:11:13 P. M. org.eclipse.lsp4j.jsonrpc.RemoteEndpoint notify
ADVERTENCIA: Failed to send notification message.
org.eclipse.lsp4j.jsonrpc.JsonRpcException: java.io.IOException: Tubería rota
	at org.eclipse.lsp4j.jsonrpc.json.StreamMessageConsumer.consume(StreamMessageConsumer.java:72)
	at org.eclipse.jdt.ls.core.internal.ParentProcessWatcher.lambda$1(ParentProcessWatcher.java:144)
	at org.eclipse.lsp4j.jsonrpc.RemoteEndpoint.notify(RemoteEndpoint.java:135)
	at org.eclipse.lsp4j.jsonrpc.services.EndpointProxy.invoke(EndpointProxy.java:88)
	at jdk.proxy5/jdk.proxy5.$Proxy23.notifyProgress(Unknown Source)
	at org.eclipse.jdt.ls.core.internal.handlers.ProgressReporterManager$ProgressReporter.sendStatus(ProgressReporterManager.java:269)
	at org.eclipse.jdt.ls.core.internal.handlers.ProgressReporterManager$ProgressReporter.sendProgress(ProgressReporterManager.java:239)
	at org.eclipse.jdt.ls.core.internal.handlers.ProgressReporterManager$ProgressReporter.beginTask(ProgressReporterManager.java:200)
	at org.eclipse.core.runtime.SubMonitor.convert(SubMonitor.java:557)
	at org.eclipse.core.runtime.SubMonitor.convert(SubMonitor.java:512)
	at org.eclipse.core.internal.events.AutoBuildJob.run(AutoBuildJob.java:290)
	at org.eclipse.core.internal.jobs.Worker.run(Worker.java:63)
Caused by: java.io.IOException: Tubería rota
	at java.base/sun.nio.ch.SocketDispatcher.write0(Native Method)
	at java.base/sun.nio.ch.SocketDispatcher.write(Unknown Source)
	at java.base/sun.nio.ch.IOUtil.writeFromNativeBuffer(Unknown Source)
	at java.base/sun.nio.ch.IOUtil.write(Unknown Source)
	at java.base/sun.nio.ch.IOUtil.write(Unknown Source)
	at java.base/sun.nio.ch.SocketChannelImpl.write(Unknown Source)
	at org.eclipse.jdt.ls.core.internal.ConnectionStreamFactory$NamedPipeOutputStream.write(ConnectionStreamFactory.java:238)
	at org.eclipse.lsp4j.jsonrpc.json.StreamMessageConsumer.consume(StreamMessageConsumer.java:67)
	... 11 more

feb 05, 2025 10:11:13 P. M. org.eclipse.lsp4j.jsonrpc.RemoteEndpoint notify
ADVERTENCIA: Failed to send notification message.
org.eclipse.lsp4j.jsonrpc.JsonRpcException: java.io.IOException: Tubería rota
	at org.eclipse.lsp4j.jsonrpc.json.StreamMessageConsumer.consume(StreamMessageConsumer.java:72)
	at org.eclipse.jdt.ls.core.internal.ParentProcessWatcher.lambda$1(ParentProcessWatcher.java:144)
	at org.eclipse.lsp4j.jsonrpc.RemoteEndpoint.notify(RemoteEndpoint.java:135)
	at org.eclipse.lsp4j.jsonrpc.services.EndpointProxy.invoke(EndpointProxy.java:88)
	at jdk.proxy5/jdk.proxy5.$Proxy23.notifyProgress(Unknown Source)
	at org.eclipse.jdt.ls.core.internal.handlers.ProgressReporterManager$ProgressReporter.sendStatus(ProgressReporterManager.java:290)
	at org.eclipse.jdt.ls.core.internal.handlers.ProgressReporterManager$ProgressReporter.sendProgress(ProgressReporterManager.java:239)
	at org.eclipse.jdt.ls.core.internal.handlers.ProgressReporterManager$ProgressReporter.beginTask(ProgressReporterManager.java:200)
	at org.eclipse.core.runtime.SubMonitor.convert(SubMonitor.java:557)
	at org.eclipse.core.runtime.SubMonitor.convert(SubMonitor.java:512)
	at org.eclipse.core.internal.events.AutoBuildJob.run(AutoBuildJob.java:290)
	at org.eclipse.core.internal.jobs.Worker.run(Worker.java:63)
Caused by: java.io.IOException: Tubería rota
	at java.base/sun.nio.ch.SocketDispatcher.write0(Native Method)
	at java.base/sun.nio.ch.SocketDispatcher.write(Unknown Source)
	at java.base/sun.nio.ch.IOUtil.writeFromNativeBuffer(Unknown Source)
	at java.base/sun.nio.ch.IOUtil.write(Unknown Source)
	at java.base/sun.nio.ch.IOUtil.write(Unknown Source)
	at java.base/sun.nio.ch.SocketChannelImpl.write(Unknown Source)
	at org.eclipse.jdt.ls.core.internal.ConnectionStreamFactory$NamedPipeOutputStream.write(ConnectionStreamFactory.java:238)
	at org.eclipse.lsp4j.jsonrpc.json.StreamMessageConsumer.consume(StreamMessageConsumer.java:67)
	... 11 more

feb 05, 2025 10:11:13 P. M. org.eclipse.lsp4j.jsonrpc.RemoteEndpoint notify
ADVERTENCIA: Failed to send notification message.
org.eclipse.lsp4j.jsonrpc.JsonRpcException: java.io.IOException: Tubería rota
	at org.eclipse.lsp4j.jsonrpc.json.StreamMessageConsumer.consume(StreamMessageConsumer.java:72)
	at org.eclipse.jdt.ls.core.internal.ParentProcessWatcher.lambda$1(ParentProcessWatcher.java:144)
	at org.eclipse.lsp4j.jsonrpc.RemoteEndpoint.notify(RemoteEndpoint.java:135)
	at org.eclipse.lsp4j.jsonrpc.services.EndpointProxy.invoke(EndpointProxy.java:88)
	at jdk.proxy5/jdk.proxy5.$Proxy23.notifyProgress(Unknown Source)
	at org.eclipse.jdt.ls.core.internal.handlers.ProgressReporterManager$ProgressReporter.sendStatus(ProgressReporterManager.java:290)
	at org.eclipse.jdt.ls.core.internal.handlers.ProgressReporterManager$ProgressReporter.sendProgress(ProgressReporterManager.java:239)
	at org.eclipse.jdt.ls.core.internal.handlers.ProgressReporterManager$ProgressReporter.done(ProgressReporterManager.java:222)
	at org.eclipse.core.internal.jobs.Worker.run(Worker.java:74)
Caused by: java.io.IOException: Tubería rota
	at java.base/sun.nio.ch.SocketDispatcher.write0(Native Method)
	at java.base/sun.nio.ch.SocketDispatcher.write(Unknown Source)
	at java.base/sun.nio.ch.IOUtil.writeFromNativeBuffer(Unknown Source)
	at java.base/sun.nio.ch.IOUtil.write(Unknown Source)
	at java.base/sun.nio.ch.IOUtil.write(Unknown Source)
	at java.base/sun.nio.ch.SocketChannelImpl.write(Unknown Source)
	at org.eclipse.jdt.ls.core.internal.ConnectionStreamFactory$NamedPipeOutputStream.write(ConnectionStreamFactory.java:238)
	at org.eclipse.lsp4j.jsonrpc.json.StreamMessageConsumer.consume(StreamMessageConsumer.java:67)
	... 8 more

