[INFO - 21:43:25] Use build kind: WRAPPER
[INFO - 21:43:25] Gradle version: 8.11.1
[INFO - 21:43:25] Sending response 'build/initialize'. Processing request took 27 ms.
[INFO - 21:43:35] Found 6 build targets during initialization.
[INFO - 21:43:35] Sending response 'workspace/buildTargets'. Processing request took 9061 ms.
[INFO - 21:43:36] Sending response 'workspace/buildTargets'. Processing request took 0 ms.
[INFO - 21:43:36] Sending response 'buildTarget/outputPaths'. Processing request took 1 ms.
[INFO - 21:43:36] Sending response 'buildTarget/sources'. Processing request took 0 ms.
[INFO - 21:43:36] Sending response 'buildTarget/resources'. Processing request took 0 ms.
[INFO - 21:43:36] Sending response 'buildTarget/outputPaths'. Processing request took 0 ms.
[INFO - 21:43:36] Sending response 'buildTarget/sources'. Processing request took 0 ms.
[INFO - 21:43:36] Sending response 'buildTarget/resources'. Processing request took 0 ms.
[INFO - 21:43:36] Sending response 'buildTarget/dependencyModules'. Processing request took 0 ms.
[INFO - 21:43:36] Sending response 'buildTarget/dependencyModules'. Processing request took 0 ms.
[INFO - 21:43:36] Sending response 'buildTarget/javacOptions'. Processing request took 2 ms.
[INFO - 21:43:36] Sending response 'workspace/buildTargets'. Processing request took 0 ms.
[INFO - 21:43:36] Sending response 'buildTarget/outputPaths'. Processing request took 0 ms.
[INFO - 21:43:36] Sending response 'buildTarget/sources'. Processing request took 0 ms.
[INFO - 21:43:36] Sending response 'buildTarget/resources'. Processing request took 0 ms.
[INFO - 21:43:36] Sending response 'buildTarget/outputPaths'. Processing request took 0 ms.
[INFO - 21:43:36] Sending response 'buildTarget/sources'. Processing request took 0 ms.
[INFO - 21:43:36] Sending response 'buildTarget/resources'. Processing request took 0 ms.
[INFO - 21:43:36] Sending response 'buildTarget/dependencyModules'. Processing request took 0 ms.
[INFO - 21:43:36] Sending response 'buildTarget/dependencyModules'. Processing request took 0 ms.
[INFO - 21:43:36] Sending response 'buildTarget/javacOptions'. Processing request took 1 ms.
[INFO - 21:43:36] Sending response 'workspace/buildTargets'. Processing request took 0 ms.
[INFO - 21:43:36] Sending response 'buildTarget/outputPaths'. Processing request took 0 ms.
[INFO - 21:43:36] Sending response 'buildTarget/sources'. Processing request took 0 ms.
[INFO - 21:43:36] Sending response 'buildTarget/resources'. Processing request took 0 ms.
[INFO - 21:43:36] Sending response 'buildTarget/outputPaths'. Processing request took 0 ms.
[INFO - 21:43:36] Sending response 'buildTarget/sources'. Processing request took 0 ms.
[INFO - 21:43:36] Sending response 'buildTarget/resources'. Processing request took 0 ms.
[INFO - 21:43:36] Sending response 'buildTarget/dependencyModules'. Processing request took 0 ms.
[INFO - 21:43:36] Sending response 'buildTarget/dependencyModules'. Processing request took 0 ms.
[INFO - 21:43:36] Sending response 'buildTarget/javacOptions'. Processing request took 1 ms.
[INFO - 21:43:36] Sending response 'workspace/buildTargets'. Processing request took 0 ms.
[INFO - 21:43:36] Sending response 'workspace/buildTargets'. Processing request took 0 ms.
[INFO - 21:43:36] Sending response 'workspace/buildTargets'. Processing request took 0 ms.
