> Build starts at 2025-02-02 12:19:44
Task :shared:compileJava started
Task :shared:compileJava UP-TO-DATE
------

> Build starts at 2025-02-02 12:19:45
Task :manager:compileJava started
Task :manager:compileJava failed
------

Could not execute build using connection to Gradle distribution 'https://services.gradle.org/distributions/gradle-8.11.1-bin.zip'.
/home/samuelg/Projects/fleet-manager/backend/src/manager/main/tv/fleet/manager/maintenances/domain/PendingMaintenance.java:13: error: error while writing PendingMaintenance: /home/samuelg/Projects/fleet-manager/backend/src/manager/build/classes/java/main/tv/fleet/manager/maintenances/domain/PendingMaintenance.class
public class PendingMaintenance extends AggregateRoot {
       ^
Note: /home/samuelg/Projects/fleet-manager/backend/src/manager/main/tv/fleet/manager/maintenances/infrastructure/persistence/MySqlMaintenancePendingRepository.java uses or overrides a deprecated API.
Note: Recompile with -Xlint:deprecation for details.
1 error

FAILURE: Build failed with an exception.

* What went wrong:
Execution failed for task ':manager:compileJava'.
> Compilation failed; see the compiler output below.
  Note: Recompile with -Xlint:deprecation for details.
  Note: /home/samuelg/Projects/fleet-manager/backend/src/manager/main/tv/fleet/manager/maintenances/infrastructure/persistence/MySqlMaintenancePendingRepository.java uses or overrides a deprecated API.
  /home/samuelg/Projects/fleet-manager/backend/src/manager/main/tv/fleet/manager/maintenances/domain/PendingMaintenance.java:13: error: error while writing PendingMaintenance: /home/samuelg/Projects/fleet-manager/backend/src/manager/build/classes/java/main/tv/fleet/manager/maintenances/domain/PendingMaintenance.class
  public class PendingMaintenance extends AggregateRoot {
         ^
  1 error

* Try:
> Check your code and dependencies to fix the compilation error(s)
> Run with --scan to get full insights.

BUILD FAILED in 5s

> Build starts at 2025-02-02 12:19:52
Task :shared:compileJava started
Task :shared:compileJava UP-TO-DATE
------

> Build starts at 2025-02-02 12:19:52
Task :manager:compileJava started
Task :manager:compileJava failed
------

Could not execute build using connection to Gradle distribution 'https://services.gradle.org/distributions/gradle-8.11.1-bin.zip'.
/home/samuelg/Projects/fleet-manager/backend/src/manager/main/tv/fleet/manager/maintenances/domain/PendingMaintenance.java:13: error: error while writing PendingMaintenance: /home/samuelg/Projects/fleet-manager/backend/src/manager/build/classes/java/main/tv/fleet/manager/maintenances/domain/PendingMaintenance.class
public class PendingMaintenance extends AggregateRoot {
       ^
Note: /home/samuelg/Projects/fleet-manager/backend/src/manager/main/tv/fleet/manager/maintenances/infrastructure/persistence/MySqlMaintenancePendingRepository.java uses or overrides a deprecated API.
Note: Recompile with -Xlint:deprecation for details.
1 error

FAILURE: Build failed with an exception.

* What went wrong:
Execution failed for task ':manager:compileJava'.
> Compilation failed; see the compiler output below.
  Note: Recompile with -Xlint:deprecation for details.
  Note: /home/samuelg/Projects/fleet-manager/backend/src/manager/main/tv/fleet/manager/maintenances/infrastructure/persistence/MySqlMaintenancePendingRepository.java uses or overrides a deprecated API.
  /home/samuelg/Projects/fleet-manager/backend/src/manager/main/tv/fleet/manager/maintenances/domain/PendingMaintenance.java:13: error: error while writing PendingMaintenance: /home/samuelg/Projects/fleet-manager/backend/src/manager/build/classes/java/main/tv/fleet/manager/maintenances/domain/PendingMaintenance.class
  public class PendingMaintenance extends AggregateRoot {
         ^
  1 error

* Try:
> Check your code and dependencies to fix the compilation error(s)
> Run with --scan to get full insights.

BUILD FAILED in 1s

> Build starts at 2025-02-02 12:19:54
Task :shared:compileJava started
Task :shared:compileJava UP-TO-DATE
------

> Build starts at 2025-02-02 12:19:54
Task :manager:compileJava started
Task :manager:compileJava failed
------

Could not execute build using connection to Gradle distribution 'https://services.gradle.org/distributions/gradle-8.11.1-bin.zip'.
/home/samuelg/Projects/fleet-manager/backend/src/manager/main/tv/fleet/manager/maintenances/domain/PendingMaintenance.java:13: error: error while writing PendingMaintenance: /home/samuelg/Projects/fleet-manager/backend/src/manager/build/classes/java/main/tv/fleet/manager/maintenances/domain/PendingMaintenance.class
public class PendingMaintenance extends AggregateRoot {
       ^
Note: /home/samuelg/Projects/fleet-manager/backend/src/manager/main/tv/fleet/manager/maintenances/infrastructure/persistence/MySqlMaintenancePendingRepository.java uses or overrides a deprecated API.
Note: Recompile with -Xlint:deprecation for details.
1 error

FAILURE: Build failed with an exception.

* What went wrong:
Execution failed for task ':manager:compileJava'.
> Compilation failed; see the compiler output below.
  Note: Recompile with -Xlint:deprecation for details.
  Note: /home/samuelg/Projects/fleet-manager/backend/src/manager/main/tv/fleet/manager/maintenances/infrastructure/persistence/MySqlMaintenancePendingRepository.java uses or overrides a deprecated API.
  /home/samuelg/Projects/fleet-manager/backend/src/manager/main/tv/fleet/manager/maintenances/domain/PendingMaintenance.java:13: error: error while writing PendingMaintenance: /home/samuelg/Projects/fleet-manager/backend/src/manager/build/classes/java/main/tv/fleet/manager/maintenances/domain/PendingMaintenance.class
  public class PendingMaintenance extends AggregateRoot {
         ^
  1 error

* Try:
> Check your code and dependencies to fix the compilation error(s)
> Run with --scan to get full insights.

BUILD FAILED in 1s

> Build starts at 2025-02-02 12:19:55
Task :shared:compileJava started
Task :shared:compileJava UP-TO-DATE
------

> Build starts at 2025-02-02 12:19:56
Task :manager:compileJava started
Task :manager:compileJava failed
------

Could not execute build using connection to Gradle distribution 'https://services.gradle.org/distributions/gradle-8.11.1-bin.zip'.
/home/samuelg/Projects/fleet-manager/backend/src/manager/main/tv/fleet/manager/maintenances/domain/PendingMaintenance.java:13: error: error while writing PendingMaintenance: /home/samuelg/Projects/fleet-manager/backend/src/manager/build/classes/java/main/tv/fleet/manager/maintenances/domain/PendingMaintenance.class
public class PendingMaintenance extends AggregateRoot {
       ^
Note: /home/samuelg/Projects/fleet-manager/backend/src/manager/main/tv/fleet/manager/maintenances/infrastructure/persistence/MySqlMaintenancePendingRepository.java uses or overrides a deprecated API.
Note: Recompile with -Xlint:deprecation for details.
1 error

FAILURE: Build failed with an exception.

* What went wrong:
Execution failed for task ':manager:compileJava'.
> Compilation failed; see the compiler output below.
  Note: Recompile with -Xlint:deprecation for details.
  Note: /home/samuelg/Projects/fleet-manager/backend/src/manager/main/tv/fleet/manager/maintenances/infrastructure/persistence/MySqlMaintenancePendingRepository.java uses or overrides a deprecated API.
  /home/samuelg/Projects/fleet-manager/backend/src/manager/main/tv/fleet/manager/maintenances/domain/PendingMaintenance.java:13: error: error while writing PendingMaintenance: /home/samuelg/Projects/fleet-manager/backend/src/manager/build/classes/java/main/tv/fleet/manager/maintenances/domain/PendingMaintenance.class
  public class PendingMaintenance extends AggregateRoot {
         ^
  1 error

* Try:
> Check your code and dependencies to fix the compilation error(s)
> Run with --scan to get full insights.

BUILD FAILED in 1s

> Build starts at 2025-02-02 12:19:57
Task :shared:compileJava started
Task :shared:compileJava UP-TO-DATE
------

> Build starts at 2025-02-02 12:19:57
Task :manager:compileJava started
Task :manager:compileJava failed
------

Could not execute build using connection to Gradle distribution 'https://services.gradle.org/distributions/gradle-8.11.1-bin.zip'.
/home/samuelg/Projects/fleet-manager/backend/src/manager/main/tv/fleet/manager/maintenances/domain/PendingMaintenance.java:13: error: error while writing PendingMaintenance: /home/samuelg/Projects/fleet-manager/backend/src/manager/build/classes/java/main/tv/fleet/manager/maintenances/domain/PendingMaintenance.class
public class PendingMaintenance extends AggregateRoot {
       ^
Note: /home/samuelg/Projects/fleet-manager/backend/src/manager/main/tv/fleet/manager/maintenances/infrastructure/persistence/MySqlMaintenancePendingRepository.java uses or overrides a deprecated API.
Note: Recompile with -Xlint:deprecation for details.
1 error

FAILURE: Build failed with an exception.

* What went wrong:
Execution failed for task ':manager:compileJava'.
> Compilation failed; see the compiler output below.
  Note: Recompile with -Xlint:deprecation for details.
  Note: /home/samuelg/Projects/fleet-manager/backend/src/manager/main/tv/fleet/manager/maintenances/infrastructure/persistence/MySqlMaintenancePendingRepository.java uses or overrides a deprecated API.
  /home/samuelg/Projects/fleet-manager/backend/src/manager/main/tv/fleet/manager/maintenances/domain/PendingMaintenance.java:13: error: error while writing PendingMaintenance: /home/samuelg/Projects/fleet-manager/backend/src/manager/build/classes/java/main/tv/fleet/manager/maintenances/domain/PendingMaintenance.class
  public class PendingMaintenance extends AggregateRoot {
         ^
  1 error

* Try:
> Check your code and dependencies to fix the compilation error(s)
> Run with --scan to get full insights.

BUILD FAILED in 1s

> Build starts at 2025-02-02 12:19:58
Task :shared:compileJava started
Task :shared:compileJava UP-TO-DATE
------

> Build starts at 2025-02-02 12:19:59
Task :manager:compileJava started
Task :manager:compileJava failed
------

Could not execute build using connection to Gradle distribution 'https://services.gradle.org/distributions/gradle-8.11.1-bin.zip'.
/home/samuelg/Projects/fleet-manager/backend/src/manager/main/tv/fleet/manager/maintenances/domain/PendingMaintenance.java:13: error: error while writing PendingMaintenance: /home/samuelg/Projects/fleet-manager/backend/src/manager/build/classes/java/main/tv/fleet/manager/maintenances/domain/PendingMaintenance.class
public class PendingMaintenance extends AggregateRoot {
       ^
Note: /home/samuelg/Projects/fleet-manager/backend/src/manager/main/tv/fleet/manager/maintenances/infrastructure/persistence/MySqlMaintenancePendingRepository.java uses or overrides a deprecated API.
Note: Recompile with -Xlint:deprecation for details.
1 error

FAILURE: Build failed with an exception.

* What went wrong:
Execution failed for task ':manager:compileJava'.
> Compilation failed; see the compiler output below.
  Note: Recompile with -Xlint:deprecation for details.
  Note: /home/samuelg/Projects/fleet-manager/backend/src/manager/main/tv/fleet/manager/maintenances/infrastructure/persistence/MySqlMaintenancePendingRepository.java uses or overrides a deprecated API.
  /home/samuelg/Projects/fleet-manager/backend/src/manager/main/tv/fleet/manager/maintenances/domain/PendingMaintenance.java:13: error: error while writing PendingMaintenance: /home/samuelg/Projects/fleet-manager/backend/src/manager/build/classes/java/main/tv/fleet/manager/maintenances/domain/PendingMaintenance.class
  public class PendingMaintenance extends AggregateRoot {
         ^
  1 error

* Try:
> Check your code and dependencies to fix the compilation error(s)
> Run with --scan to get full insights.

BUILD FAILED in 1s

> Build starts at 2025-02-02 12:24:06
Task :shared:compileJava started
Task :shared:compileJava UP-TO-DATE
------

> Build starts at 2025-02-02 12:24:06
Task :manager:compileJava started
Task :manager:compileJava failed
------

Could not execute build using connection to Gradle distribution 'https://services.gradle.org/distributions/gradle-8.11.1-bin.zip'.
/home/samuelg/Projects/fleet-manager/backend/src/manager/main/tv/fleet/manager/maintenances/domain/PendingMaintenance.java:13: error: error while writing PendingMaintenance: /home/samuelg/Projects/fleet-manager/backend/src/manager/build/classes/java/main/tv/fleet/manager/maintenances/domain/PendingMaintenance.class
public class PendingMaintenance extends AggregateRoot {
       ^
Note: /home/samuelg/Projects/fleet-manager/backend/src/manager/main/tv/fleet/manager/maintenances/infrastructure/persistence/MySqlMaintenancePendingRepository.java uses or overrides a deprecated API.
Note: Recompile with -Xlint:deprecation for details.
1 error

FAILURE: Build failed with an exception.

* What went wrong:
Execution failed for task ':manager:compileJava'.
> Compilation failed; see the compiler output below.
  Note: Recompile with -Xlint:deprecation for details.
  Note: /home/samuelg/Projects/fleet-manager/backend/src/manager/main/tv/fleet/manager/maintenances/infrastructure/persistence/MySqlMaintenancePendingRepository.java uses or overrides a deprecated API.
  /home/samuelg/Projects/fleet-manager/backend/src/manager/main/tv/fleet/manager/maintenances/domain/PendingMaintenance.java:13: error: error while writing PendingMaintenance: /home/samuelg/Projects/fleet-manager/backend/src/manager/build/classes/java/main/tv/fleet/manager/maintenances/domain/PendingMaintenance.class
  public class PendingMaintenance extends AggregateRoot {
         ^
  1 error

* Try:
> Check your code and dependencies to fix the compilation error(s)
> Run with --scan to get full insights.

BUILD FAILED in 1s

> Build starts at 2025-02-02 12:27:16
Task :shared:compileJava started
Task :shared:compileJava UP-TO-DATE
------

> Build starts at 2025-02-02 12:27:17
Task :manager:compileJava started
Task :manager:compileJava failed
------

Could not execute build using connection to Gradle distribution 'https://services.gradle.org/distributions/gradle-8.11.1-bin.zip'.
/home/samuelg/Projects/fleet-manager/backend/src/manager/main/tv/fleet/manager/maintenances/domain/PendingMaintenance.java:13: error: error while writing PendingMaintenance: /home/samuelg/Projects/fleet-manager/backend/src/manager/build/classes/java/main/tv/fleet/manager/maintenances/domain/PendingMaintenance.class
public class PendingMaintenance extends AggregateRoot {
       ^
Note: /home/samuelg/Projects/fleet-manager/backend/src/manager/main/tv/fleet/manager/maintenances/infrastructure/persistence/MySqlMaintenancePendingRepository.java uses or overrides a deprecated API.
Note: Recompile with -Xlint:deprecation for details.
1 error

FAILURE: Build failed with an exception.

* What went wrong:
Execution failed for task ':manager:compileJava'.
> Compilation failed; see the compiler output below.
  Note: Recompile with -Xlint:deprecation for details.
  Note: /home/samuelg/Projects/fleet-manager/backend/src/manager/main/tv/fleet/manager/maintenances/infrastructure/persistence/MySqlMaintenancePendingRepository.java uses or overrides a deprecated API.
  /home/samuelg/Projects/fleet-manager/backend/src/manager/main/tv/fleet/manager/maintenances/domain/PendingMaintenance.java:13: error: error while writing PendingMaintenance: /home/samuelg/Projects/fleet-manager/backend/src/manager/build/classes/java/main/tv/fleet/manager/maintenances/domain/PendingMaintenance.class
  public class PendingMaintenance extends AggregateRoot {
         ^
  1 error

* Try:
> Check your code and dependencies to fix the compilation error(s)
> Run with --scan to get full insights.

BUILD FAILED in 839ms

> Build starts at 2025-02-02 12:28:05
Task :shared:compileJava started
Task :shared:compileJava UP-TO-DATE
------

> Build starts at 2025-02-02 12:28:05
Task :manager:compileJava started
Task :manager:compileJava failed
------

Could not execute build using connection to Gradle distribution 'https://services.gradle.org/distributions/gradle-8.11.1-bin.zip'.
/home/samuelg/Projects/fleet-manager/backend/src/manager/main/tv/fleet/manager/maintenances/domain/PendingMaintenance.java:13: error: error while writing PendingMaintenance: /home/samuelg/Projects/fleet-manager/backend/src/manager/build/classes/java/main/tv/fleet/manager/maintenances/domain/PendingMaintenance.class
public class PendingMaintenance extends AggregateRoot {
       ^
Note: /home/samuelg/Projects/fleet-manager/backend/src/manager/main/tv/fleet/manager/maintenances/infrastructure/persistence/MySqlMaintenancePendingRepository.java uses or overrides a deprecated API.
Note: Recompile with -Xlint:deprecation for details.
1 error

FAILURE: Build failed with an exception.

* What went wrong:
Execution failed for task ':manager:compileJava'.
> Compilation failed; see the compiler output below.
  Note: Recompile with -Xlint:deprecation for details.
  Note: /home/samuelg/Projects/fleet-manager/backend/src/manager/main/tv/fleet/manager/maintenances/infrastructure/persistence/MySqlMaintenancePendingRepository.java uses or overrides a deprecated API.
  /home/samuelg/Projects/fleet-manager/backend/src/manager/main/tv/fleet/manager/maintenances/domain/PendingMaintenance.java:13: error: error while writing PendingMaintenance: /home/samuelg/Projects/fleet-manager/backend/src/manager/build/classes/java/main/tv/fleet/manager/maintenances/domain/PendingMaintenance.class
  public class PendingMaintenance extends AggregateRoot {
         ^
  1 error

* Try:
> Check your code and dependencies to fix the compilation error(s)
> Run with --scan to get full insights.

BUILD FAILED in 615ms

> Build starts at 2025-02-02 12:28:44
Task :shared:compileJava started
Task :shared:compileJava UP-TO-DATE
------

> Build starts at 2025-02-02 12:28:44
Task :manager:compileJava started
Task :manager:compileJava failed
------

Could not execute build using connection to Gradle distribution 'https://services.gradle.org/distributions/gradle-8.11.1-bin.zip'.
/home/samuelg/Projects/fleet-manager/backend/src/manager/main/tv/fleet/manager/maintenances/domain/PendingMaintenance.java:13: error: error while writing PendingMaintenance: /home/samuelg/Projects/fleet-manager/backend/src/manager/build/classes/java/main/tv/fleet/manager/maintenances/domain/PendingMaintenance.class
public class PendingMaintenance extends AggregateRoot {
       ^
Note: /home/samuelg/Projects/fleet-manager/backend/src/manager/main/tv/fleet/manager/maintenances/infrastructure/persistence/MySqlMaintenancePendingRepository.java uses or overrides a deprecated API.
Note: Recompile with -Xlint:deprecation for details.
1 error

FAILURE: Build failed with an exception.

* What went wrong:
Execution failed for task ':manager:compileJava'.
> Compilation failed; see the compiler output below.
  Note: Recompile with -Xlint:deprecation for details.
  Note: /home/samuelg/Projects/fleet-manager/backend/src/manager/main/tv/fleet/manager/maintenances/infrastructure/persistence/MySqlMaintenancePendingRepository.java uses or overrides a deprecated API.
  /home/samuelg/Projects/fleet-manager/backend/src/manager/main/tv/fleet/manager/maintenances/domain/PendingMaintenance.java:13: error: error while writing PendingMaintenance: /home/samuelg/Projects/fleet-manager/backend/src/manager/build/classes/java/main/tv/fleet/manager/maintenances/domain/PendingMaintenance.class
  public class PendingMaintenance extends AggregateRoot {
         ^
  1 error

* Try:
> Check your code and dependencies to fix the compilation error(s)
> Run with --scan to get full insights.

BUILD FAILED in 577ms

> Build starts at 2025-02-02 12:31:57
Task :shared:compileJava started
Task :shared:compileJava UP-TO-DATE
------

> Build starts at 2025-02-02 12:31:57
Task :manager:compileJava started
Task :manager:compileJava SUCCESS
------

> Build starts at 2025-02-02 12:31:58
Task :compileJava started
Task :compileJava SUCCESS
------

> Build starts at 2025-02-02 12:31:58
Task :shared:compileTestJava started
Task :shared:compileTestJava SUCCESS
------

> Build starts at 2025-02-02 12:31:59
Task :compileTestJava started
Task :compileTestJava skipped
------

