[INFO - 12:19:22] Use build kind: WRAPPER
[INFO - 12:19:22] Gradle version: 8.11.1
[INFO - 12:19:22] Sending response 'build/initialize'. Processing request took 37 ms.
[INFO - 12:19:29] Found 6 build targets during initialization.
[INFO - 12:19:29] Sending response 'workspace/buildTargets'. Processing request took 7564 ms.
[INFO - 12:19:31] Sending response 'workspace/buildTargets'. Processing request took 0 ms.
[INFO - 12:19:31] Sending response 'buildTarget/outputPaths'. Processing request took 0 ms.
[INFO - 12:19:31] Sending response 'buildTarget/sources'. Processing request took 0 ms.
[INFO - 12:19:31] Sending response 'buildTarget/resources'. Processing request took 0 ms.
[INFO - 12:19:31] Sending response 'buildTarget/outputPaths'. Processing request took 0 ms.
[INFO - 12:19:31] Sending response 'buildTarget/sources'. Processing request took 0 ms.
[INFO - 12:19:31] Sending response 'buildTarget/resources'. Processing request took 0 ms.
[INFO - 12:19:31] Sending response 'buildTarget/dependencyModules'. Processing request took 1 ms.
[INFO - 12:19:31] Sending response 'buildTarget/dependencyModules'. Processing request took 0 ms.
[INFO - 12:19:31] Sending response 'buildTarget/javacOptions'. Processing request took 2 ms.
[INFO - 12:19:31] Sending response 'workspace/buildTargets'. Processing request took 0 ms.
[INFO - 12:19:31] Sending response 'buildTarget/outputPaths'. Processing request took 0 ms.
[INFO - 12:19:31] Sending response 'buildTarget/sources'. Processing request took 0 ms.
[INFO - 12:19:31] Sending response 'buildTarget/resources'. Processing request took 0 ms.
[INFO - 12:19:31] Sending response 'buildTarget/outputPaths'. Processing request took 0 ms.
[INFO - 12:19:31] Sending response 'buildTarget/sources'. Processing request took 0 ms.
[INFO - 12:19:31] Sending response 'buildTarget/resources'. Processing request took 0 ms.
[INFO - 12:19:31] Sending response 'buildTarget/dependencyModules'. Processing request took 0 ms.
[INFO - 12:19:31] Sending response 'buildTarget/dependencyModules'. Processing request took 0 ms.
[INFO - 12:19:31] Sending response 'buildTarget/javacOptions'. Processing request took 2 ms.
[INFO - 12:19:31] Sending response 'workspace/buildTargets'. Processing request took 0 ms.
[INFO - 12:19:31] Sending response 'buildTarget/outputPaths'. Processing request took 0 ms.
[INFO - 12:19:31] Sending response 'buildTarget/sources'. Processing request took 0 ms.
[INFO - 12:19:31] Sending response 'buildTarget/resources'. Processing request took 0 ms.
[INFO - 12:19:31] Sending response 'buildTarget/outputPaths'. Processing request took 0 ms.
[INFO - 12:19:31] Sending response 'buildTarget/sources'. Processing request took 0 ms.
[INFO - 12:19:31] Sending response 'buildTarget/resources'. Processing request took 0 ms.
[INFO - 12:19:31] Sending response 'buildTarget/dependencyModules'. Processing request took 0 ms.
[INFO - 12:19:31] Sending response 'buildTarget/dependencyModules'. Processing request took 0 ms.
[INFO - 12:19:31] Sending response 'buildTarget/javacOptions'. Processing request took 1 ms.
[INFO - 12:19:31] Sending response 'workspace/buildTargets'. Processing request took 0 ms.
[INFO - 12:19:31] Sending response 'workspace/buildTargets'. Processing request took 0 ms.
[INFO - 12:19:31] Sending response 'workspace/buildTargets'. Processing request took 0 ms.
[INFO - 12:19:41] Sending response 'workspace/buildTargets'. Processing request took 0 ms.
[INFO - 12:19:47] Sending response 'buildTarget/compile'. Processing request took 5386 ms.
[INFO - 12:19:52] Sending response 'workspace/buildTargets'. Processing request took 0 ms.
[INFO - 12:19:53] Sending response 'buildTarget/compile'. Processing request took 1197 ms.
[INFO - 12:19:53] Sending response 'workspace/buildTargets'. Processing request took 0 ms.
[INFO - 12:19:55] Sending response 'buildTarget/compile'. Processing request took 1670 ms.
[INFO - 12:19:55] Sending response 'workspace/buildTargets'. Processing request took 0 ms.
[INFO - 12:19:56] Sending response 'buildTarget/compile'. Processing request took 1269 ms.
[INFO - 12:19:56] Sending response 'workspace/buildTargets'. Processing request took 0 ms.
[INFO - 12:19:58] Sending response 'buildTarget/compile'. Processing request took 1445 ms.
[INFO - 12:19:58] Sending response 'workspace/buildTargets'. Processing request took 0 ms.
[INFO - 12:19:59] Sending response 'buildTarget/compile'. Processing request took 1110 ms.
[INFO - 12:20:04] Sending response 'workspace/buildTargets'. Processing request took 0 ms.
[INFO - 12:20:04] Sending response 'workspace/buildTargets'. Processing request took 0 ms.
[INFO - 12:20:04] Sending response 'buildTarget/outputPaths'. Processing request took 0 ms.
[INFO - 12:20:04] Sending response 'buildTarget/sources'. Processing request took 0 ms.
[INFO - 12:20:04] Sending response 'buildTarget/resources'. Processing request took 0 ms.
[INFO - 12:20:04] Sending response 'buildTarget/outputPaths'. Processing request took 0 ms.
[INFO - 12:20:04] Sending response 'buildTarget/sources'. Processing request took 0 ms.
[INFO - 12:20:04] Sending response 'buildTarget/resources'. Processing request took 0 ms.
[INFO - 12:20:04] Sending response 'buildTarget/dependencyModules'. Processing request took 0 ms.
[INFO - 12:20:04] Sending response 'buildTarget/dependencyModules'. Processing request took 0 ms.
[INFO - 12:20:04] Sending response 'buildTarget/javacOptions'. Processing request took 1 ms.
[INFO - 12:20:04] Sending response 'workspace/buildTargets'. Processing request took 0 ms.
[INFO - 12:20:05] Sending response 'workspace/buildTargets'. Processing request took 0 ms.
[INFO - 12:20:05] Sending response 'buildTarget/outputPaths'. Processing request took 0 ms.
[INFO - 12:20:05] Sending response 'buildTarget/sources'. Processing request took 0 ms.
[INFO - 12:20:05] Sending response 'buildTarget/resources'. Processing request took 0 ms.
[INFO - 12:20:05] Sending response 'buildTarget/outputPaths'. Processing request took 0 ms.
[INFO - 12:20:05] Sending response 'buildTarget/sources'. Processing request took 0 ms.
[INFO - 12:20:05] Sending response 'buildTarget/resources'. Processing request took 0 ms.
[INFO - 12:20:05] Sending response 'buildTarget/dependencyModules'. Processing request took 0 ms.
[INFO - 12:20:05] Sending response 'buildTarget/dependencyModules'. Processing request took 0 ms.
[INFO - 12:20:05] Sending response 'buildTarget/javacOptions'. Processing request took 2 ms.
[INFO - 12:20:05] Sending response 'workspace/buildTargets'. Processing request took 0 ms.
[INFO - 12:20:05] Sending response 'workspace/buildTargets'. Processing request took 0 ms.
[INFO - 12:20:05] Sending response 'buildTarget/outputPaths'. Processing request took 0 ms.
[INFO - 12:20:05] Sending response 'buildTarget/sources'. Processing request took 0 ms.
[INFO - 12:20:05] Sending response 'buildTarget/resources'. Processing request took 0 ms.
[INFO - 12:20:05] Sending response 'buildTarget/outputPaths'. Processing request took 0 ms.
[INFO - 12:20:05] Sending response 'buildTarget/sources'. Processing request took 0 ms.
[INFO - 12:20:05] Sending response 'buildTarget/resources'. Processing request took 0 ms.
[INFO - 12:20:05] Sending response 'buildTarget/dependencyModules'. Processing request took 0 ms.
[INFO - 12:20:05] Sending response 'buildTarget/dependencyModules'. Processing request took 0 ms.
[INFO - 12:20:05] Sending response 'buildTarget/javacOptions'. Processing request took 1 ms.
[INFO - 12:20:05] Sending response 'workspace/buildTargets'. Processing request took 0 ms.
[INFO - 12:20:05] Sending response 'workspace/buildTargets'. Processing request took 0 ms.
[INFO - 12:20:05] Sending response 'workspace/buildTargets'. Processing request took 0 ms.
[INFO - 12:20:05] Sending response 'buildTarget/outputPaths'. Processing request took 0 ms.
[INFO - 12:20:05] Sending response 'buildTarget/sources'. Processing request took 0 ms.
[INFO - 12:20:05] Sending response 'buildTarget/resources'. Processing request took 0 ms.
[INFO - 12:20:05] Sending response 'buildTarget/outputPaths'. Processing request took 0 ms.
[INFO - 12:20:05] Sending response 'buildTarget/sources'. Processing request took 0 ms.
[INFO - 12:20:05] Sending response 'buildTarget/resources'. Processing request took 0 ms.
[INFO - 12:20:05] Sending response 'buildTarget/dependencyModules'. Processing request took 1 ms.
[INFO - 12:20:05] Sending response 'buildTarget/dependencyModules'. Processing request took 0 ms.
[INFO - 12:20:05] Sending response 'buildTarget/javacOptions'. Processing request took 1 ms.
[INFO - 12:20:05] Sending response 'workspace/buildTargets'. Processing request took 0 ms.
[INFO - 12:20:05] Sending response 'workspace/buildTargets'. Processing request took 0 ms.
[INFO - 12:20:05] Sending response 'buildTarget/outputPaths'. Processing request took 0 ms.
[INFO - 12:20:05] Sending response 'buildTarget/sources'. Processing request took 0 ms.
[INFO - 12:20:05] Sending response 'buildTarget/resources'. Processing request took 0 ms.
[INFO - 12:20:05] Sending response 'buildTarget/outputPaths'. Processing request took 0 ms.
[INFO - 12:20:05] Sending response 'buildTarget/sources'. Processing request took 0 ms.
[INFO - 12:20:05] Sending response 'buildTarget/resources'. Processing request took 0 ms.
[INFO - 12:20:05] Sending response 'buildTarget/dependencyModules'. Processing request took 0 ms.
[INFO - 12:20:05] Sending response 'buildTarget/dependencyModules'. Processing request took 0 ms.
[INFO - 12:20:05] Sending response 'buildTarget/javacOptions'. Processing request took 1 ms.
[INFO - 12:20:05] Sending response 'workspace/buildTargets'. Processing request took 0 ms.
[INFO - 12:20:06] Sending response 'workspace/buildTargets'. Processing request took 0 ms.
[INFO - 12:20:06] Sending response 'buildTarget/outputPaths'. Processing request took 0 ms.
[INFO - 12:20:06] Sending response 'buildTarget/sources'. Processing request took 0 ms.
[INFO - 12:20:06] Sending response 'buildTarget/resources'. Processing request took 0 ms.
[INFO - 12:20:06] Sending response 'buildTarget/outputPaths'. Processing request took 0 ms.
[INFO - 12:20:06] Sending response 'buildTarget/sources'. Processing request took 0 ms.
[INFO - 12:20:06] Sending response 'buildTarget/resources'. Processing request took 0 ms.
[INFO - 12:20:06] Sending response 'buildTarget/dependencyModules'. Processing request took 0 ms.
[INFO - 12:20:06] Sending response 'buildTarget/dependencyModules'. Processing request took 0 ms.
[INFO - 12:20:06] Sending response 'buildTarget/javacOptions'. Processing request took 1 ms.
[INFO - 12:20:06] Sending response 'workspace/buildTargets'. Processing request took 0 ms.
[INFO - 12:20:06] Sending response 'workspace/buildTargets'. Processing request took 0 ms.
[INFO - 12:20:06] Sending response 'workspace/buildTargets'. Processing request took 0 ms.
[INFO - 12:20:06] Sending response 'buildTarget/outputPaths'. Processing request took 0 ms.
[INFO - 12:20:06] Sending response 'buildTarget/sources'. Processing request took 0 ms.
[INFO - 12:20:06] Sending response 'buildTarget/resources'. Processing request took 0 ms.
[INFO - 12:20:06] Sending response 'buildTarget/outputPaths'. Processing request took 0 ms.
[INFO - 12:20:06] Sending response 'buildTarget/sources'. Processing request took 0 ms.
[INFO - 12:20:06] Sending response 'buildTarget/resources'. Processing request took 0 ms.
[INFO - 12:20:06] Sending response 'buildTarget/dependencyModules'. Processing request took 0 ms.
[INFO - 12:20:06] Sending response 'buildTarget/dependencyModules'. Processing request took 0 ms.
[INFO - 12:20:06] Sending response 'buildTarget/javacOptions'. Processing request took 1 ms.
[INFO - 12:20:06] Sending response 'workspace/buildTargets'. Processing request took 0 ms.
[INFO - 12:20:06] Sending response 'workspace/buildTargets'. Processing request took 0 ms.
[INFO - 12:20:06] Sending response 'buildTarget/outputPaths'. Processing request took 0 ms.
[INFO - 12:20:06] Sending response 'buildTarget/sources'. Processing request took 0 ms.
[INFO - 12:20:06] Sending response 'buildTarget/resources'. Processing request took 0 ms.
[INFO - 12:20:06] Sending response 'buildTarget/outputPaths'. Processing request took 0 ms.
[INFO - 12:20:06] Sending response 'buildTarget/sources'. Processing request took 0 ms.
[INFO - 12:20:06] Sending response 'buildTarget/resources'. Processing request took 0 ms.
[INFO - 12:20:06] Sending response 'buildTarget/dependencyModules'. Processing request took 0 ms.
[INFO - 12:20:06] Sending response 'buildTarget/dependencyModules'. Processing request took 0 ms.
[INFO - 12:20:06] Sending response 'buildTarget/javacOptions'. Processing request took 1 ms.
[INFO - 12:20:06] Sending response 'workspace/buildTargets'. Processing request took 0 ms.
[INFO - 12:20:06] Sending response 'workspace/buildTargets'. Processing request took 0 ms.
[INFO - 12:20:06] Sending response 'buildTarget/outputPaths'. Processing request took 0 ms.
[INFO - 12:20:06] Sending response 'buildTarget/sources'. Processing request took 0 ms.
[INFO - 12:20:06] Sending response 'buildTarget/resources'. Processing request took 0 ms.
[INFO - 12:20:06] Sending response 'buildTarget/outputPaths'. Processing request took 0 ms.
[INFO - 12:20:06] Sending response 'buildTarget/sources'. Processing request took 0 ms.
[INFO - 12:20:06] Sending response 'buildTarget/resources'. Processing request took 0 ms.
[INFO - 12:20:06] Sending response 'buildTarget/dependencyModules'. Processing request took 0 ms.
[INFO - 12:20:06] Sending response 'buildTarget/dependencyModules'. Processing request took 0 ms.
[INFO - 12:20:06] Sending response 'buildTarget/javacOptions'. Processing request took 1 ms.
[INFO - 12:20:06] Sending response 'workspace/buildTargets'. Processing request took 0 ms.
[INFO - 12:24:05] Sending response 'workspace/buildTargets'. Processing request took 0 ms.
[INFO - 12:24:07] Sending response 'buildTarget/compile'. Processing request took 1617 ms.
[INFO - 12:27:16] Sending response 'workspace/buildTargets'. Processing request took 0 ms.
[INFO - 12:27:17] Sending response 'buildTarget/compile'. Processing request took 870 ms.
[INFO - 12:28:05] Sending response 'workspace/buildTargets'. Processing request took 0 ms.
[INFO - 12:28:05] Sending response 'buildTarget/compile'. Processing request took 638 ms.
[INFO - 12:28:44] Sending response 'workspace/buildTargets'. Processing request took 0 ms.
[INFO - 12:28:45] Sending response 'buildTarget/compile'. Processing request took 597 ms.
[INFO - 12:31:57] Sending response 'workspace/buildTargets'. Processing request took 0 ms.
[INFO - 12:31:59] Sending response 'buildTarget/compile'. Processing request took 2625 ms.
