2025-02-02 13:54:34.447 [info] Reading sessions from keychain...
2025-02-02 13:54:34.447 [info] Getting sessions for all scopes...
2025-02-02 13:54:34.447 [info] Getting sessions for all scopes...
2025-02-02 13:54:34.447 [info] Getting sessions for all scopes...
2025-02-02 13:54:34.447 [info] Getting sessions for all scopes...
2025-02-02 13:54:34.447 [info] Getting sessions for all scopes...
2025-02-02 13:54:34.447 [info] Getting sessions for all scopes...
2025-02-02 13:54:34.447 [info] Getting sessions for all scopes...
2025-02-02 13:54:34.453 [info] Got stored sessions!
2025-02-02 13:54:34.453 [info] Got 1 verified sessions.
2025-02-02 13:54:34.453 [info] Got 1 sessions for ...
2025-02-02 13:54:34.453 [info] Got 1 sessions for ...
2025-02-02 13:54:34.453 [info] Got 1 sessions for ...
2025-02-02 13:54:34.453 [info] Got 1 sessions for ...
2025-02-02 13:54:34.453 [info] Got 1 sessions for ...
2025-02-02 13:54:34.453 [info] Got 1 sessions for ...
2025-02-02 13:54:34.453 [info] Got 1 sessions for ...
2025-02-02 13:54:35.949 [info] Getting sessions for read:user,repo,user:email,workflow...
2025-02-02 13:54:35.949 [info] Got 0 sessions for read:user,repo,user:email,workflow...
2025-02-02 13:54:35.949 [info] Getting sessions for all scopes...
2025-02-02 13:54:35.949 [info] Got 1 sessions for ...
2025-02-02 13:54:35.949 [info] Getting sessions for all scopes...
2025-02-02 13:54:35.949 [info] Got 1 sessions for ...
2025-02-02 13:54:35.995 [info] Getting sessions for read:user...
2025-02-02 13:54:35.995 [info] Got 0 sessions for read:user...
2025-02-02 13:54:36.011 [info] Getting sessions for read:user,repo,user:email,workflow...
2025-02-02 13:54:36.011 [info] Got 0 sessions for read:user,repo,user:email,workflow...
2025-02-02 13:54:36.015 [info] Getting sessions for user:email...
2025-02-02 13:54:36.015 [info] Got 1 sessions for user:email...
2025-02-02 13:54:36.015 [info] Getting sessions for user:email...
2025-02-02 13:54:36.015 [info] Got 1 sessions for user:email...
2025-02-02 13:54:36.018 [info] Getting sessions for all scopes...
2025-02-02 13:54:36.018 [info] Got 1 sessions for ...
2025-02-02 13:54:36.746 [info] Getting sessions for read:user,repo,user:email,workflow...
2025-02-02 13:54:36.746 [info] Got 0 sessions for read:user,repo,user:email,workflow...
2025-02-02 13:54:36.751 [info] Getting sessions for all scopes...
2025-02-02 13:54:36.751 [info] Got 1 sessions for ...
2025-02-02 13:54:36.757 [info] Getting sessions for user:email...
2025-02-02 13:54:36.757 [info] Got 1 sessions for user:email...
2025-02-02 13:54:36.758 [info] Getting sessions for all scopes...
2025-02-02 13:54:36.758 [info] Got 1 sessions for ...
2025-02-02 13:54:36.758 [info] Getting sessions for read:user,repo,user:email,workflow...
2025-02-02 13:54:36.758 [info] Got 0 sessions for read:user,repo,user:email,workflow...
2025-02-02 13:54:36.759 [info] Getting sessions for user:email...
2025-02-02 13:54:36.759 [info] Got 1 sessions for user:email...
2025-02-02 13:54:36.844 [info] Getting sessions for all scopes...
2025-02-02 13:54:36.844 [info] Got 1 sessions for ...
2025-02-02 13:54:36.844 [info] Getting sessions for read:user,repo,user:email,workflow...
2025-02-02 13:54:36.844 [info] Got 0 sessions for read:user,repo,user:email,workflow...
2025-02-02 13:54:36.845 [info] Getting sessions for user:email...
2025-02-02 13:54:36.845 [info] Got 1 sessions for user:email...
2025-02-02 13:54:37.282 [info] Getting sessions for all scopes...
2025-02-02 13:54:37.282 [info] Got 1 sessions for ...
2025-02-02 13:54:37.283 [info] Getting sessions for all scopes...
2025-02-02 13:54:37.283 [info] Got 1 sessions for ...
2025-02-02 13:54:37.284 [info] Getting sessions for read:user,repo,user:email,workflow...
2025-02-02 13:54:37.284 [info] Got 0 sessions for read:user,repo,user:email,workflow...
2025-02-02 13:54:37.289 [info] Getting sessions for user:email...
2025-02-02 13:54:37.289 [info] Got 1 sessions for user:email...
2025-02-02 13:54:37.291 [info] Getting sessions for all scopes...
2025-02-02 13:54:37.291 [info] Got 1 sessions for ...
2025-02-02 13:54:37.291 [info] Getting sessions for read:user,repo,user:email,workflow...
2025-02-02 13:54:37.291 [info] Got 0 sessions for read:user,repo,user:email,workflow...
2025-02-02 13:54:37.292 [info] Getting sessions for user:email...
2025-02-02 13:54:37.292 [info] Got 1 sessions for user:email...
2025-02-02 13:54:37.316 [info] Getting sessions for all scopes...
2025-02-02 13:54:37.316 [info] Got 1 sessions for ...
2025-02-02 13:54:37.316 [info] Getting sessions for read:user,repo,user:email,workflow...
2025-02-02 13:54:37.316 [info] Got 0 sessions for read:user,repo,user:email,workflow...
2025-02-02 13:54:37.317 [info] Getting sessions for user:email...
2025-02-02 13:54:37.317 [info] Got 1 sessions for user:email...
2025-02-02 13:54:37.577 [info] Getting sessions for all scopes...
2025-02-02 13:54:37.577 [info] Got 1 sessions for ...
2025-02-02 13:54:37.577 [info] Getting sessions for read:user,repo,user:email,workflow...
2025-02-02 13:54:37.577 [info] Got 0 sessions for read:user,repo,user:email,workflow...
2025-02-02 13:54:37.578 [info] Getting sessions for read:user,repo,user:email,workflow...
2025-02-02 13:54:37.578 [info] Got 0 sessions for read:user,repo,user:email,workflow...
2025-02-02 13:54:37.578 [info] Getting sessions for read:user...
2025-02-02 13:54:37.578 [info] Got 0 sessions for read:user...
2025-02-02 13:54:37.579 [info] Getting sessions for user:email...
2025-02-02 13:54:37.579 [info] Got 1 sessions for user:email...
2025-02-02 13:54:37.579 [info] Getting sessions for user:email...
2025-02-02 13:54:37.579 [info] Got 1 sessions for user:email...
2025-02-02 13:54:55.765 [info] Reading sessions from keychain...
2025-02-02 13:54:55.765 [info] Getting sessions for all scopes...
2025-02-02 13:54:55.765 [info] Getting sessions for all scopes...
2025-02-02 13:54:55.765 [info] Getting sessions for all scopes...
2025-02-02 13:54:55.765 [info] Got stored sessions!
2025-02-02 13:54:55.765 [info] Got 1 verified sessions.
2025-02-02 13:54:55.765 [info] Got 1 sessions for ...
2025-02-02 13:54:55.765 [info] Got 1 sessions for ...
2025-02-02 13:54:55.765 [info] Got 1 sessions for ...
2025-02-02 13:54:56.697 [info] Getting sessions for read:user,repo,user:email,workflow...
2025-02-02 13:54:56.697 [info] Got 0 sessions for read:user,repo,user:email,workflow...
2025-02-02 13:54:56.697 [info] Getting sessions for all scopes...
2025-02-02 13:54:56.697 [info] Got 1 sessions for ...
2025-02-02 13:54:56.697 [info] Getting sessions for all scopes...
2025-02-02 13:54:56.697 [info] Got 1 sessions for ...
2025-02-02 13:54:56.723 [info] Getting sessions for read:user...
2025-02-02 13:54:56.723 [info] Got 0 sessions for read:user...
2025-02-02 13:54:56.723 [info] Getting sessions for read:user,repo,user:email,workflow...
2025-02-02 13:54:56.723 [info] Got 0 sessions for read:user,repo,user:email,workflow...
2025-02-02 13:54:56.757 [info] Getting sessions for user:email...
2025-02-02 13:54:56.757 [info] Got 1 sessions for user:email...
2025-02-02 13:54:56.760 [info] Getting sessions for user:email...
2025-02-02 13:54:56.760 [info] Got 1 sessions for user:email...
2025-02-02 13:54:56.766 [info] Getting sessions for all scopes...
2025-02-02 13:54:56.766 [info] Got 1 sessions for ...
2025-02-02 13:54:57.472 [info] Getting sessions for read:user,repo,user:email,workflow...
2025-02-02 13:54:57.472 [info] Got 0 sessions for read:user,repo,user:email,workflow...
2025-02-02 13:54:57.864 [info] Getting sessions for user:email...
2025-02-02 13:54:57.864 [info] Got 1 sessions for user:email...
2025-02-02 13:54:57.872 [info] Getting sessions for all scopes...
2025-02-02 13:54:57.872 [info] Got 1 sessions for ...
2025-02-02 13:54:57.874 [info] Getting sessions for read:user,repo,user:email,workflow...
2025-02-02 13:54:57.874 [info] Got 0 sessions for read:user,repo,user:email,workflow...
2025-02-02 13:54:57.875 [info] Getting sessions for user:email...
2025-02-02 13:54:57.875 [info] Got 1 sessions for user:email...
2025-02-02 13:54:57.918 [info] Getting sessions for all scopes...
2025-02-02 13:54:57.918 [info] Got 1 sessions for ...
2025-02-02 13:54:57.918 [info] Getting sessions for read:user,repo,user:email,workflow...
2025-02-02 13:54:57.918 [info] Got 0 sessions for read:user,repo,user:email,workflow...
2025-02-02 13:54:57.919 [info] Getting sessions for user:email...
2025-02-02 13:54:57.919 [info] Got 1 sessions for user:email...
2025-02-02 13:54:58.305 [info] Getting sessions for all scopes...
2025-02-02 13:54:58.305 [info] Got 1 sessions for ...
2025-02-02 13:54:58.306 [info] Getting sessions for all scopes...
2025-02-02 13:54:58.306 [info] Got 1 sessions for ...
2025-02-02 13:54:58.311 [info] Getting sessions for read:user,repo,user:email,workflow...
2025-02-02 13:54:58.311 [info] Got 0 sessions for read:user,repo,user:email,workflow...
2025-02-02 13:54:58.311 [info] Getting sessions for user:email...
2025-02-02 13:54:58.311 [info] Got 1 sessions for user:email...
2025-02-02 13:54:58.314 [info] Getting sessions for all scopes...
2025-02-02 13:54:58.314 [info] Got 1 sessions for ...
2025-02-02 13:54:58.314 [info] Getting sessions for read:user,repo,user:email,workflow...
2025-02-02 13:54:58.314 [info] Got 0 sessions for read:user,repo,user:email,workflow...
2025-02-02 13:54:58.314 [info] Getting sessions for user:email...
2025-02-02 13:54:58.314 [info] Got 1 sessions for user:email...
2025-02-02 13:54:58.339 [info] Getting sessions for all scopes...
2025-02-02 13:54:58.339 [info] Got 1 sessions for ...
2025-02-02 13:54:58.340 [info] Getting sessions for read:user,repo,user:email,workflow...
2025-02-02 13:54:58.340 [info] Got 0 sessions for read:user,repo,user:email,workflow...
2025-02-02 13:54:58.340 [info] Getting sessions for user:email...
2025-02-02 13:54:58.340 [info] Got 1 sessions for user:email...
2025-02-02 13:54:58.595 [info] Getting sessions for all scopes...
2025-02-02 13:54:58.595 [info] Got 1 sessions for ...
2025-02-02 13:54:58.597 [info] Getting sessions for read:user,repo,user:email,workflow...
2025-02-02 13:54:58.597 [info] Got 0 sessions for read:user,repo,user:email,workflow...
2025-02-02 13:54:58.597 [info] Getting sessions for user:email...
2025-02-02 13:54:58.597 [info] Got 1 sessions for user:email...
2025-02-02 13:54:58.739 [info] Getting sessions for read:user,repo,user:email,workflow...
2025-02-02 13:54:58.739 [info] Got 0 sessions for read:user,repo,user:email,workflow...
2025-02-02 13:54:58.740 [info] Getting sessions for read:user...
2025-02-02 13:54:58.740 [info] Got 0 sessions for read:user...
2025-02-02 13:54:58.740 [info] Getting sessions for user:email...
2025-02-02 13:54:58.740 [info] Got 1 sessions for user:email...
