2025-02-02 12:01:03.797 [warning] Via 'product.json#extensionEnabledApiProposals' extension 'ms-vscode.vscode-selfhost-test-provider' wants API proposal 'attributableCoverage' but that proposal DOES NOT EXIST. Likely, the proposal has been finalized (check 'vscode.d.ts') or was abandoned.
2025-02-02 12:01:03.797 [warning] Via 'product.json#extensionEnabledApiProposals' extension 'ms-python.python' wants API proposal 'contribIssueReporter' but that proposal DOES NOT EXIST. Likely, the proposal has been finalized (check 'vscode.d.ts') or was abandoned.
2025-02-02 12:01:03.798 [warning] Via 'product.json#extensionEnabledApiProposals' extension 'ms-python.debugpy' wants API proposal 'contribIssueReporter' but that proposal DOES NOT EXIST. Likely, the proposal has been finalized (check 'vscode.d.ts') or was abandoned.
2025-02-02 12:01:03.983 [info] Started local extension host with pid 20537.
2025-02-02 12:01:04.417 [info] Settings Sync: Account status changed from uninitialized to unavailable
2025-02-02 12:01:06.562 [info] [perf] Render performance baseline is 15ms
2025-02-02 12:01:07.750 [error] ENOENT: no such file or directory, open '/home/samuelg/.config/Code/User/workspaceStorage/60d94cb5a86f8a8db55dc5f2dbd8f1d0/redhat.java/jdt_ws/.metadata/.log': Error: ENOENT: no such file or directory, open '/home/samuelg/.config/Code/User/workspaceStorage/60d94cb5a86f8a8db55dc5f2dbd8f1d0/redhat.java/jdt_ws/.metadata/.log'
	at async open (node:internal/fs/promises:641:25)
	at async Object.readFile (node:internal/fs/promises:1258:14)
2025-02-02 12:01:29.127 [error] [network] #28: https://marketplace.visualstudio.com/_apis/public/gallery/extensionquery - error POST Canceled
2025-02-02 12:01:53.409 [warning] [backup tracker] suspended, ignoring unregister event file:///home/samuelg/Projects/fleet-manager/backend/spring-petclinic/.devcontainer/devcontainer.json 
2025-02-02 12:01:53.600 [warning] Via 'product.json#extensionEnabledApiProposals' extension 'ms-vscode.vscode-selfhost-test-provider' wants API proposal 'attributableCoverage' but that proposal DOES NOT EXIST. Likely, the proposal has been finalized (check 'vscode.d.ts') or was abandoned.
2025-02-02 12:01:53.600 [warning] Via 'product.json#extensionEnabledApiProposals' extension 'ms-python.python' wants API proposal 'contribIssueReporter' but that proposal DOES NOT EXIST. Likely, the proposal has been finalized (check 'vscode.d.ts') or was abandoned.
2025-02-02 12:01:53.600 [warning] Via 'product.json#extensionEnabledApiProposals' extension 'ms-python.debugpy' wants API proposal 'contribIssueReporter' but that proposal DOES NOT EXIST. Likely, the proposal has been finalized (check 'vscode.d.ts') or was abandoned.
2025-02-02 12:01:53.762 [info] Started local extension host with pid 22182.
2025-02-02 12:01:54.154 [info] Invoking resolveAuthority(dev-container)...
2025-02-02 12:01:54.155 [info] [LocalProcess0][resolveAuthority(dev-container,1)][0ms] obtaining proxy...
2025-02-02 12:01:54.155 [info] [LocalProcess0][resolveAuthority(dev-container,1)][0ms] invoking...
2025-02-02 12:01:55.155 [info] [LocalProcess0][resolveAuthority(dev-container,1)][1000ms] waiting...
2025-02-02 12:01:56.155 [info] [LocalProcess0][resolveAuthority(dev-container,1)][2000ms] waiting...
2025-02-02 12:01:57.155 [info] [LocalProcess0][resolveAuthority(dev-container,1)][3000ms] waiting...
2025-02-02 12:01:58.155 [info] [LocalProcess0][resolveAuthority(dev-container,1)][4000ms] waiting...
2025-02-02 12:01:59.155 [info] [LocalProcess0][resolveAuthority(dev-container,1)][5000ms] waiting...
2025-02-02 12:02:00.155 [info] [LocalProcess0][resolveAuthority(dev-container,1)][6000ms] waiting...
2025-02-02 12:02:01.155 [info] [LocalProcess0][resolveAuthority(dev-container,1)][7000ms] waiting...
2025-02-02 12:02:02.155 [info] [LocalProcess0][resolveAuthority(dev-container,1)][8000ms] waiting...
2025-02-02 12:02:03.155 [info] [LocalProcess0][resolveAuthority(dev-container,1)][9000ms] waiting...
2025-02-02 12:02:04.155 [info] [LocalProcess0][resolveAuthority(dev-container,1)][10000ms] waiting...
2025-02-02 12:02:05.155 [info] [LocalProcess0][resolveAuthority(dev-container,1)][11000ms] waiting...
2025-02-02 12:02:06.155 [info] [LocalProcess0][resolveAuthority(dev-container,1)][12000ms] waiting...
2025-02-02 12:02:07.156 [info] [LocalProcess0][resolveAuthority(dev-container,1)][13000ms] waiting...
2025-02-02 12:02:08.155 [info] [LocalProcess0][resolveAuthority(dev-container,1)][14000ms] waiting...
2025-02-02 12:02:09.155 [info] [LocalProcess0][resolveAuthority(dev-container,1)][15000ms] waiting...
2025-02-02 12:02:10.155 [info] [LocalProcess0][resolveAuthority(dev-container,1)][16000ms] waiting...
2025-02-02 12:02:11.155 [info] [LocalProcess0][resolveAuthority(dev-container,1)][17000ms] waiting...
2025-02-02 12:02:12.155 [info] [LocalProcess0][resolveAuthority(dev-container,1)][18000ms] waiting...
2025-02-02 12:02:15.313 [info] [LocalProcess0][resolveAuthority(dev-container,1)][19000ms] waiting...
2025-02-02 12:02:15.313 [info] [LocalProcess0][resolveAuthority(dev-container,1)][20000ms] waiting...
2025-02-02 12:02:15.313 [info] [LocalProcess0][resolveAuthority(dev-container,1)][21000ms] waiting...
2025-02-02 12:02:16.155 [info] [LocalProcess0][resolveAuthority(dev-container,1)][22000ms] waiting...
2025-02-02 12:02:17.156 [info] [LocalProcess0][resolveAuthority(dev-container,1)][23000ms] waiting...
2025-02-02 12:02:18.155 [info] [LocalProcess0][resolveAuthority(dev-container,1)][24000ms] waiting...
2025-02-02 12:02:19.155 [info] [LocalProcess0][resolveAuthority(dev-container,1)][25000ms] waiting...
2025-02-02 12:02:20.155 [info] [LocalProcess0][resolveAuthority(dev-container,1)][26000ms] waiting...
2025-02-02 12:02:21.155 [info] [LocalProcess0][resolveAuthority(dev-container,1)][27000ms] waiting...
2025-02-02 12:02:22.155 [info] [LocalProcess0][resolveAuthority(dev-container,1)][28000ms] waiting...
2025-02-02 12:02:23.155 [info] [LocalProcess0][resolveAuthority(dev-container,1)][29000ms] waiting...
2025-02-02 12:02:24.156 [info] [LocalProcess0][resolveAuthority(dev-container,1)][30000ms] waiting...
2025-02-02 12:02:25.156 [info] [LocalProcess0][resolveAuthority(dev-container,1)][31000ms] waiting...
2025-02-02 12:02:26.042 [error] [LocalProcess0][resolveAuthority(dev-container,1)][31886ms] returned an error Canceled
2025-02-02 12:02:26.043 [error] resolveAuthority(dev-container) returned an error after 31888 ms Canceled
2025-02-02 12:02:26.043 [error] Error received from starting extension host (kind: Remote)
2025-02-02 12:02:26.043 [error] CodeExpectedError: Canceled
    at Olt.sb (vscode-file://vscode-app/usr/share/code/resources/app/out/vs/workbench/workbench.desktop.main.js:3150:16044)
    at async Olt.rb (vscode-file://vscode-app/usr/share/code/resources/app/out/vs/workbench/workbench.desktop.main.js:3150:15410)
    at async Olt.ec (vscode-file://vscode-app/usr/share/code/resources/app/out/vs/workbench/workbench.desktop.main.js:3156:3611)
    at async vscode-file://vscode-app/usr/share/code/resources/app/out/vs/workbench/workbench.desktop.main.js:31:80674
