2025-02-06 19:07:36.677 [info] Reading sessions from keychain...
2025-02-06 19:07:36.677 [info] Getting sessions for all scopes...
2025-02-06 19:07:36.677 [info] Getting sessions for all scopes...
2025-02-06 19:07:36.677 [info] Getting sessions for all scopes...
2025-02-06 19:07:36.677 [info] Getting sessions for all scopes...
2025-02-06 19:07:36.677 [info] Getting sessions for all scopes...
2025-02-06 19:07:36.677 [info] Getting sessions for all scopes...
2025-02-06 19:07:36.677 [info] Getting sessions for all scopes...
2025-02-06 19:07:36.677 [info] Getting sessions for all scopes...
2025-02-06 19:07:36.677 [info] Got stored sessions!
2025-02-06 19:07:36.677 [info] Got 1 verified sessions.
2025-02-06 19:07:36.677 [info] Got 1 sessions for ...
2025-02-06 19:07:36.677 [info] Got 1 sessions for ...
2025-02-06 19:07:36.677 [info] Got 1 sessions for ...
2025-02-06 19:07:36.677 [info] Got 1 sessions for ...
2025-02-06 19:07:36.677 [info] Got 1 sessions for ...
2025-02-06 19:07:36.677 [info] Got 1 sessions for ...
2025-02-06 19:07:36.677 [info] Got 1 sessions for ...
2025-02-06 19:07:36.677 [info] Got 1 sessions for ...
2025-02-06 19:07:38.197 [info] Getting sessions for all scopes...
2025-02-06 19:07:38.197 [info] Got 1 sessions for ...
2025-02-06 19:07:38.245 [info] Getting sessions for read:user,repo,user:email,workflow...
2025-02-06 19:07:38.245 [info] Got 0 sessions for read:user,repo,user:email,workflow...
2025-02-06 19:07:38.245 [info] Getting sessions for all scopes...
2025-02-06 19:07:38.245 [info] Got 1 sessions for ...
2025-02-06 19:07:38.245 [info] Getting sessions for all scopes...
2025-02-06 19:07:38.245 [info] Got 1 sessions for ...
2025-02-06 19:07:38.271 [info] Getting sessions for read:user...
2025-02-06 19:07:38.271 [info] Got 0 sessions for read:user...
2025-02-06 19:07:38.271 [info] Getting sessions for read:user,repo,user:email,workflow...
2025-02-06 19:07:38.271 [info] Got 0 sessions for read:user,repo,user:email,workflow...
2025-02-06 19:07:39.060 [info] Getting sessions for user:email...
2025-02-06 19:07:39.060 [info] Got 1 sessions for user:email...
2025-02-06 19:07:39.083 [info] Getting sessions for user:email...
2025-02-06 19:07:39.083 [info] Got 1 sessions for user:email...
2025-02-06 19:07:39.106 [info] Getting sessions for all scopes...
2025-02-06 19:07:39.106 [info] Got 1 sessions for ...
2025-02-06 19:07:39.107 [info] Getting sessions for read:user,repo,user:email,workflow...
2025-02-06 19:07:39.107 [info] Got 0 sessions for read:user,repo,user:email,workflow...
2025-02-06 19:07:39.126 [info] Getting sessions for user:email...
2025-02-06 19:07:39.126 [info] Got 1 sessions for user:email...
2025-02-06 19:07:39.127 [info] Getting sessions for all scopes...
2025-02-06 19:07:39.127 [info] Got 1 sessions for ...
2025-02-06 19:07:39.127 [info] Getting sessions for read:user,repo,user:email,workflow...
2025-02-06 19:07:39.127 [info] Got 0 sessions for read:user,repo,user:email,workflow...
2025-02-06 19:07:39.127 [info] Getting sessions for user:email...
2025-02-06 19:07:39.127 [info] Got 1 sessions for user:email...
2025-02-06 19:07:39.138 [info] Getting sessions for all scopes...
2025-02-06 19:07:39.138 [info] Got 1 sessions for ...
2025-02-06 19:07:39.153 [info] Getting sessions for read:user,repo,user:email,workflow...
2025-02-06 19:07:39.153 [info] Got 0 sessions for read:user,repo,user:email,workflow...
2025-02-06 19:07:39.154 [info] Getting sessions for user:email...
2025-02-06 19:07:39.154 [info] Got 1 sessions for user:email...
2025-02-06 19:07:39.686 [info] Getting sessions for all scopes...
2025-02-06 19:07:39.686 [info] Got 1 sessions for ...
2025-02-06 19:07:39.686 [info] Getting sessions for all scopes...
2025-02-06 19:07:39.686 [info] Got 1 sessions for ...
2025-02-06 19:07:39.691 [info] Getting sessions for read:user,repo,user:email,workflow...
2025-02-06 19:07:39.691 [info] Got 0 sessions for read:user,repo,user:email,workflow...
2025-02-06 19:07:39.692 [info] Getting sessions for user:email...
2025-02-06 19:07:39.692 [info] Got 1 sessions for user:email...
2025-02-06 19:07:39.694 [info] Getting sessions for all scopes...
2025-02-06 19:07:39.694 [info] Got 1 sessions for ...
2025-02-06 19:07:39.694 [info] Getting sessions for read:user,repo,user:email,workflow...
2025-02-06 19:07:39.694 [info] Got 0 sessions for read:user,repo,user:email,workflow...
2025-02-06 19:07:39.695 [info] Getting sessions for user:email...
2025-02-06 19:07:39.695 [info] Got 1 sessions for user:email...
2025-02-06 19:07:39.726 [info] Getting sessions for all scopes...
2025-02-06 19:07:39.726 [info] Got 1 sessions for ...
2025-02-06 19:07:39.726 [info] Getting sessions for read:user,repo,user:email,workflow...
2025-02-06 19:07:39.726 [info] Got 0 sessions for read:user,repo,user:email,workflow...
2025-02-06 19:07:39.727 [info] Getting sessions for user:email...
2025-02-06 19:07:39.727 [info] Got 1 sessions for user:email...
2025-02-06 19:07:40.292 [info] Getting sessions for all scopes...
2025-02-06 19:07:40.292 [info] Got 1 sessions for ...
2025-02-06 19:07:40.292 [info] Getting sessions for read:user,repo,user:email,workflow...
2025-02-06 19:07:40.292 [info] Got 0 sessions for read:user,repo,user:email,workflow...
2025-02-06 19:07:40.293 [info] Getting sessions for user:email...
2025-02-06 19:07:40.293 [info] Got 1 sessions for user:email...
2025-02-06 19:22:40.295 [info] Getting sessions for all scopes...
2025-02-06 19:22:40.295 [info] Got 1 sessions for ...
2025-02-06 19:22:40.296 [info] Getting sessions for read:user,repo,user:email,workflow...
2025-02-06 19:22:40.296 [info] Got 0 sessions for read:user,repo,user:email,workflow...
2025-02-06 19:22:40.296 [info] Getting sessions for user:email...
2025-02-06 19:22:40.296 [info] Got 1 sessions for user:email...
2025-02-06 19:22:40.297 [info] Getting sessions for all scopes...
2025-02-06 19:22:40.297 [info] Got 1 sessions for ...
2025-02-06 19:22:40.297 [info] Getting sessions for read:user,repo,user:email,workflow...
2025-02-06 19:22:40.297 [info] Got 0 sessions for read:user,repo,user:email,workflow...
2025-02-06 19:22:40.298 [info] Getting sessions for user:email...
2025-02-06 19:22:40.298 [info] Got 1 sessions for user:email...
2025-02-06 19:32:39.686 [info] Getting sessions for all scopes...
2025-02-06 19:32:39.686 [info] Got 1 sessions for ...
2025-02-06 19:32:39.686 [info] Getting sessions for read:user,repo,user:email,workflow...
2025-02-06 19:32:39.686 [info] Got 0 sessions for read:user,repo,user:email,workflow...
2025-02-06 19:32:39.687 [info] Getting sessions for user:email...
2025-02-06 19:32:39.687 [info] Got 1 sessions for user:email...
2025-02-06 19:32:40.209 [info] Getting sessions for all scopes...
2025-02-06 19:32:40.209 [info] Got 1 sessions for ...
2025-02-06 19:32:40.209 [info] Getting sessions for all scopes...
2025-02-06 19:32:40.209 [info] Got 1 sessions for ...
2025-02-06 19:32:40.210 [info] Getting sessions for read:user,repo,user:email,workflow...
2025-02-06 19:32:40.210 [info] Got 0 sessions for read:user,repo,user:email,workflow...
2025-02-06 19:32:40.210 [info] Getting sessions for user:email...
2025-02-06 19:32:40.210 [info] Got 1 sessions for user:email...
2025-02-06 19:32:40.211 [info] Getting sessions for all scopes...
2025-02-06 19:32:40.211 [info] Got 1 sessions for ...
2025-02-06 19:32:40.211 [info] Getting sessions for read:user,repo,user:email,workflow...
2025-02-06 19:32:40.211 [info] Got 0 sessions for read:user,repo,user:email,workflow...
2025-02-06 19:32:40.212 [info] Getting sessions for user:email...
2025-02-06 19:32:40.212 [info] Got 1 sessions for user:email...
2025-02-06 19:32:40.216 [info] Getting sessions for all scopes...
2025-02-06 19:32:40.216 [info] Got 1 sessions for ...
2025-02-06 19:32:40.216 [info] Getting sessions for read:user,repo,user:email,workflow...
2025-02-06 19:32:40.216 [info] Got 0 sessions for read:user,repo,user:email,workflow...
2025-02-06 19:32:40.216 [info] Getting sessions for user:email...
2025-02-06 19:32:40.216 [info] Got 1 sessions for user:email...
2025-02-06 19:47:40.218 [info] Getting sessions for all scopes...
2025-02-06 19:47:40.218 [info] Got 1 sessions for ...
2025-02-06 19:47:40.219 [info] Getting sessions for read:user,repo,user:email,workflow...
2025-02-06 19:47:40.219 [info] Got 0 sessions for read:user,repo,user:email,workflow...
2025-02-06 19:47:40.220 [info] Getting sessions for user:email...
2025-02-06 19:47:40.220 [info] Got 1 sessions for user:email...
2025-02-06 19:47:40.220 [info] Getting sessions for all scopes...
2025-02-06 19:47:40.220 [info] Got 1 sessions for ...
2025-02-06 19:47:40.221 [info] Getting sessions for read:user,repo,user:email,workflow...
2025-02-06 19:47:40.221 [info] Got 0 sessions for read:user,repo,user:email,workflow...
2025-02-06 19:47:40.222 [info] Getting sessions for user:email...
2025-02-06 19:47:40.222 [info] Got 1 sessions for user:email...
2025-02-06 19:57:40.212 [info] Getting sessions for all scopes...
2025-02-06 19:57:40.212 [info] Got 1 sessions for ...
2025-02-06 19:57:40.213 [info] Getting sessions for read:user,repo,user:email,workflow...
2025-02-06 19:57:40.213 [info] Got 0 sessions for read:user,repo,user:email,workflow...
2025-02-06 19:57:40.213 [info] Getting sessions for user:email...
2025-02-06 19:57:40.213 [info] Got 1 sessions for user:email...
2025-02-06 19:57:40.785 [info] Getting sessions for all scopes...
2025-02-06 19:57:40.785 [info] Got 1 sessions for ...
2025-02-06 19:57:40.785 [info] Getting sessions for all scopes...
2025-02-06 19:57:40.785 [info] Got 1 sessions for ...
2025-02-06 19:57:40.785 [info] Getting sessions for read:user,repo,user:email,workflow...
2025-02-06 19:57:40.785 [info] Got 0 sessions for read:user,repo,user:email,workflow...
2025-02-06 19:57:40.786 [info] Getting sessions for user:email...
2025-02-06 19:57:40.786 [info] Got 1 sessions for user:email...
2025-02-06 19:57:40.786 [info] Getting sessions for all scopes...
2025-02-06 19:57:40.786 [info] Got 1 sessions for ...
2025-02-06 19:57:40.787 [info] Getting sessions for read:user,repo,user:email,workflow...
2025-02-06 19:57:40.787 [info] Got 0 sessions for read:user,repo,user:email,workflow...
2025-02-06 19:57:40.787 [info] Getting sessions for user:email...
2025-02-06 19:57:40.787 [info] Got 1 sessions for user:email...
2025-02-06 19:57:40.790 [info] Getting sessions for all scopes...
2025-02-06 19:57:40.790 [info] Got 1 sessions for ...
2025-02-06 19:57:40.790 [info] Getting sessions for read:user,repo,user:email,workflow...
2025-02-06 19:57:40.790 [info] Got 0 sessions for read:user,repo,user:email,workflow...
2025-02-06 19:57:40.791 [info] Getting sessions for user:email...
2025-02-06 19:57:40.791 [info] Got 1 sessions for user:email...
2025-02-06 19:57:40.792 [info] Getting sessions for all scopes...
2025-02-06 19:57:40.792 [info] Got 1 sessions for ...
2025-02-06 19:57:40.792 [info] Getting sessions for read:user,repo,user:email,workflow...
2025-02-06 19:57:40.792 [info] Got 0 sessions for read:user,repo,user:email,workflow...
2025-02-06 19:57:40.792 [info] Getting sessions for user:email...
2025-02-06 19:57:40.792 [info] Got 1 sessions for user:email...
2025-02-06 20:12:41.264 [info] Getting sessions for all scopes...
2025-02-06 20:12:41.264 [info] Got 1 sessions for ...
2025-02-06 20:12:41.265 [info] Getting sessions for read:user,repo,user:email,workflow...
2025-02-06 20:12:41.265 [info] Got 0 sessions for read:user,repo,user:email,workflow...
2025-02-06 20:12:41.265 [info] Getting sessions for user:email...
2025-02-06 20:12:41.265 [info] Got 1 sessions for user:email...
2025-02-06 20:12:41.266 [info] Getting sessions for all scopes...
2025-02-06 20:12:41.266 [info] Got 1 sessions for ...
2025-02-06 20:12:41.266 [info] Getting sessions for read:user,repo,user:email,workflow...
2025-02-06 20:12:41.266 [info] Got 0 sessions for read:user,repo,user:email,workflow...
2025-02-06 20:12:41.267 [info] Getting sessions for user:email...
2025-02-06 20:12:41.267 [info] Got 1 sessions for user:email...
2025-02-06 20:22:40.786 [info] Getting sessions for all scopes...
2025-02-06 20:22:40.786 [info] Got 1 sessions for ...
2025-02-06 20:22:40.786 [info] Getting sessions for read:user,repo,user:email,workflow...
2025-02-06 20:22:40.786 [info] Got 0 sessions for read:user,repo,user:email,workflow...
2025-02-06 20:22:40.786 [info] Getting sessions for user:email...
2025-02-06 20:22:40.786 [info] Got 1 sessions for user:email...
2025-02-06 20:22:41.388 [info] Getting sessions for all scopes...
2025-02-06 20:22:41.388 [info] Got 1 sessions for ...
2025-02-06 20:22:41.388 [info] Getting sessions for all scopes...
2025-02-06 20:22:41.389 [info] Got 1 sessions for ...
2025-02-06 20:22:41.389 [info] Getting sessions for read:user,repo,user:email,workflow...
2025-02-06 20:22:41.389 [info] Got 0 sessions for read:user,repo,user:email,workflow...
2025-02-06 20:22:41.389 [info] Getting sessions for user:email...
2025-02-06 20:22:41.389 [info] Got 1 sessions for user:email...
2025-02-06 20:22:41.390 [info] Getting sessions for all scopes...
2025-02-06 20:22:41.390 [info] Got 1 sessions for ...
2025-02-06 20:22:41.390 [info] Getting sessions for read:user,repo,user:email,workflow...
2025-02-06 20:22:41.390 [info] Got 0 sessions for read:user,repo,user:email,workflow...
2025-02-06 20:22:41.390 [info] Getting sessions for user:email...
2025-02-06 20:22:41.390 [info] Got 1 sessions for user:email...
2025-02-06 20:22:41.393 [info] Getting sessions for all scopes...
2025-02-06 20:22:41.393 [info] Got 1 sessions for ...
2025-02-06 20:22:41.393 [info] Getting sessions for read:user,repo,user:email,workflow...
2025-02-06 20:22:41.394 [info] Got 0 sessions for read:user,repo,user:email,workflow...
2025-02-06 20:22:41.394 [info] Getting sessions for user:email...
2025-02-06 20:22:41.394 [info] Got 1 sessions for user:email...
2025-02-06 20:37:41.397 [info] Getting sessions for all scopes...
2025-02-06 20:37:41.397 [info] Got 1 sessions for ...
2025-02-06 20:37:41.397 [info] Getting sessions for read:user,repo,user:email,workflow...
2025-02-06 20:37:41.397 [info] Got 0 sessions for read:user,repo,user:email,workflow...
2025-02-06 20:37:41.398 [info] Getting sessions for user:email...
2025-02-06 20:37:41.398 [info] Got 1 sessions for user:email...
2025-02-06 20:37:41.398 [info] Getting sessions for all scopes...
2025-02-06 20:37:41.398 [info] Got 1 sessions for ...
2025-02-06 20:37:41.398 [info] Getting sessions for read:user,repo,user:email,workflow...
2025-02-06 20:37:41.398 [info] Got 0 sessions for read:user,repo,user:email,workflow...
2025-02-06 20:37:41.399 [info] Getting sessions for user:email...
2025-02-06 20:37:41.399 [info] Got 1 sessions for user:email...
2025-02-06 20:47:41.391 [info] Getting sessions for all scopes...
2025-02-06 20:47:41.391 [info] Got 1 sessions for ...
2025-02-06 20:47:41.392 [info] Getting sessions for read:user,repo,user:email,workflow...
2025-02-06 20:47:41.392 [info] Got 0 sessions for read:user,repo,user:email,workflow...
2025-02-06 20:47:41.393 [info] Getting sessions for user:email...
2025-02-06 20:47:41.393 [info] Got 1 sessions for user:email...
2025-02-06 20:47:41.953 [info] Getting sessions for all scopes...
2025-02-06 20:47:41.953 [info] Got 1 sessions for ...
2025-02-06 20:47:41.953 [info] Getting sessions for all scopes...
2025-02-06 20:47:41.953 [info] Got 1 sessions for ...
2025-02-06 20:47:41.954 [info] Getting sessions for read:user,repo,user:email,workflow...
2025-02-06 20:47:41.954 [info] Got 0 sessions for read:user,repo,user:email,workflow...
2025-02-06 20:47:41.954 [info] Getting sessions for user:email...
2025-02-06 20:47:41.954 [info] Got 1 sessions for user:email...
2025-02-06 20:47:41.955 [info] Getting sessions for all scopes...
2025-02-06 20:47:41.955 [info] Got 1 sessions for ...
2025-02-06 20:47:41.957 [info] Getting sessions for read:user,repo,user:email,workflow...
2025-02-06 20:47:41.957 [info] Got 0 sessions for read:user,repo,user:email,workflow...
2025-02-06 20:47:41.958 [info] Getting sessions for user:email...
2025-02-06 20:47:41.958 [info] Got 1 sessions for user:email...
2025-02-06 20:47:41.961 [info] Getting sessions for all scopes...
2025-02-06 20:47:41.961 [info] Got 1 sessions for ...
2025-02-06 20:47:41.961 [info] Getting sessions for read:user,repo,user:email,workflow...
2025-02-06 20:47:41.961 [info] Got 0 sessions for read:user,repo,user:email,workflow...
2025-02-06 20:47:41.962 [info] Getting sessions for user:email...
2025-02-06 20:47:41.962 [info] Got 1 sessions for user:email...
2025-02-06 20:47:41.964 [info] Getting sessions for all scopes...
2025-02-06 20:47:41.964 [info] Got 1 sessions for ...
2025-02-06 20:47:41.965 [info] Getting sessions for read:user,repo,user:email,workflow...
2025-02-06 20:47:41.965 [info] Got 0 sessions for read:user,repo,user:email,workflow...
2025-02-06 20:47:41.965 [info] Getting sessions for user:email...
2025-02-06 20:47:41.965 [info] Got 1 sessions for user:email...
2025-02-06 21:02:47.081 [info] Getting sessions for all scopes...
2025-02-06 21:02:47.081 [info] Got 1 sessions for ...
2025-02-06 21:02:47.081 [info] Getting sessions for read:user,repo,user:email,workflow...
2025-02-06 21:02:47.081 [info] Got 0 sessions for read:user,repo,user:email,workflow...
2025-02-06 21:02:47.082 [info] Getting sessions for user:email...
2025-02-06 21:02:47.082 [info] Got 1 sessions for user:email...
2025-02-06 21:02:47.082 [info] Getting sessions for all scopes...
2025-02-06 21:02:47.082 [info] Got 1 sessions for ...
2025-02-06 21:02:47.083 [info] Getting sessions for read:user,repo,user:email,workflow...
2025-02-06 21:02:47.083 [info] Got 0 sessions for read:user,repo,user:email,workflow...
2025-02-06 21:02:47.083 [info] Getting sessions for user:email...
2025-02-06 21:02:47.083 [info] Got 1 sessions for user:email...
2025-02-06 21:12:50.762 [info] Getting sessions for all scopes...
2025-02-06 21:12:50.762 [info] Got 1 sessions for ...
2025-02-06 21:12:50.763 [info] Getting sessions for read:user,repo,user:email,workflow...
2025-02-06 21:12:50.763 [info] Got 0 sessions for read:user,repo,user:email,workflow...
2025-02-06 21:12:50.764 [info] Getting sessions for user:email...
2025-02-06 21:12:50.764 [info] Got 1 sessions for user:email...
2025-02-06 21:12:51.302 [info] Getting sessions for all scopes...
2025-02-06 21:12:51.302 [info] Got 1 sessions for ...
2025-02-06 21:12:51.302 [info] Getting sessions for all scopes...
2025-02-06 21:12:51.302 [info] Got 1 sessions for ...
2025-02-06 21:12:51.302 [info] Getting sessions for read:user,repo,user:email,workflow...
2025-02-06 21:12:51.302 [info] Got 0 sessions for read:user,repo,user:email,workflow...
2025-02-06 21:12:51.303 [info] Getting sessions for user:email...
2025-02-06 21:12:51.303 [info] Got 1 sessions for user:email...
2025-02-06 21:12:51.303 [info] Getting sessions for all scopes...
2025-02-06 21:12:51.303 [info] Got 1 sessions for ...
2025-02-06 21:12:51.303 [info] Getting sessions for read:user,repo,user:email,workflow...
2025-02-06 21:12:51.303 [info] Got 0 sessions for read:user,repo,user:email,workflow...
2025-02-06 21:12:51.304 [info] Getting sessions for user:email...
2025-02-06 21:12:51.304 [info] Got 1 sessions for user:email...
2025-02-06 21:12:51.306 [info] Getting sessions for all scopes...
2025-02-06 21:12:51.306 [info] Got 1 sessions for ...
2025-02-06 21:12:51.306 [info] Getting sessions for read:user,repo,user:email,workflow...
2025-02-06 21:12:51.306 [info] Got 0 sessions for read:user,repo,user:email,workflow...
2025-02-06 21:12:51.307 [info] Getting sessions for user:email...
2025-02-06 21:12:51.307 [info] Got 1 sessions for user:email...
2025-02-06 21:12:51.307 [info] Getting sessions for all scopes...
2025-02-06 21:12:51.307 [info] Got 1 sessions for ...
2025-02-06 21:12:51.309 [info] Getting sessions for read:user,repo,user:email,workflow...
2025-02-06 21:12:51.309 [info] Got 0 sessions for read:user,repo,user:email,workflow...
2025-02-06 21:12:51.310 [info] Getting sessions for user:email...
2025-02-06 21:12:51.310 [info] Got 1 sessions for user:email...
2025-02-07 09:06:42.226 [info] Getting sessions for all scopes...
2025-02-07 09:06:42.226 [info] Got 1 sessions for ...
2025-02-07 09:06:42.227 [info] Getting sessions for read:user,repo,user:email,workflow...
2025-02-07 09:06:42.227 [info] Got 0 sessions for read:user,repo,user:email,workflow...
2025-02-07 09:06:42.227 [info] Getting sessions for user:email...
2025-02-07 09:06:42.227 [info] Got 1 sessions for user:email...
2025-02-07 09:06:42.228 [info] Getting sessions for all scopes...
2025-02-07 09:06:42.228 [info] Got 1 sessions for ...
2025-02-07 09:06:42.228 [info] Getting sessions for read:user,repo,user:email,workflow...
2025-02-07 09:06:42.228 [info] Got 0 sessions for read:user,repo,user:email,workflow...
2025-02-07 09:06:42.229 [info] Getting sessions for user:email...
2025-02-07 09:06:42.229 [info] Got 1 sessions for user:email...
2025-02-07 09:06:42.773 [info] Getting sessions for all scopes...
2025-02-07 09:06:42.773 [info] Got 1 sessions for ...
2025-02-07 09:06:42.773 [info] Getting sessions for all scopes...
2025-02-07 09:06:42.773 [info] Got 1 sessions for ...
2025-02-07 09:06:42.774 [info] Getting sessions for read:user,repo,user:email,workflow...
2025-02-07 09:06:42.774 [info] Got 0 sessions for read:user,repo,user:email,workflow...
2025-02-07 09:06:42.774 [info] Getting sessions for user:email...
2025-02-07 09:06:42.774 [info] Got 1 sessions for user:email...
2025-02-07 09:06:42.775 [info] Getting sessions for all scopes...
2025-02-07 09:06:42.775 [info] Got 1 sessions for ...
2025-02-07 09:06:42.775 [info] Getting sessions for read:user,repo,user:email,workflow...
2025-02-07 09:06:42.775 [info] Got 0 sessions for read:user,repo,user:email,workflow...
2025-02-07 09:06:42.776 [info] Getting sessions for user:email...
2025-02-07 09:06:42.776 [info] Got 1 sessions for user:email...
2025-02-07 09:06:42.776 [info] Getting sessions for all scopes...
2025-02-07 09:06:42.776 [info] Got 1 sessions for ...
2025-02-07 09:06:42.777 [info] Getting sessions for read:user,repo,user:email,workflow...
2025-02-07 09:06:42.777 [info] Got 0 sessions for read:user,repo,user:email,workflow...
2025-02-07 09:06:42.777 [info] Getting sessions for user:email...
2025-02-07 09:06:42.777 [info] Got 1 sessions for user:email...
2025-02-07 09:06:43.210 [info] Getting sessions for all scopes...
2025-02-07 09:06:43.210 [info] Got 1 sessions for ...
2025-02-07 09:06:43.211 [info] Getting sessions for read:user,repo,user:email,workflow...
2025-02-07 09:06:43.211 [info] Got 0 sessions for read:user,repo,user:email,workflow...
2025-02-07 09:06:43.211 [info] Getting sessions for user:email...
2025-02-07 09:06:43.211 [info] Got 1 sessions for user:email...
2025-02-07 09:21:47.829 [info] Getting sessions for all scopes...
2025-02-07 09:21:47.829 [info] Got 1 sessions for ...
2025-02-07 09:21:47.830 [info] Getting sessions for read:user,repo,user:email,workflow...
2025-02-07 09:21:47.830 [info] Got 0 sessions for read:user,repo,user:email,workflow...
2025-02-07 09:21:47.830 [info] Getting sessions for user:email...
2025-02-07 09:21:47.830 [info] Got 1 sessions for user:email...
2025-02-07 09:21:47.831 [info] Getting sessions for all scopes...
2025-02-07 09:21:47.831 [info] Got 1 sessions for ...
2025-02-07 09:21:47.831 [info] Getting sessions for read:user,repo,user:email,workflow...
2025-02-07 09:21:47.831 [info] Got 0 sessions for read:user,repo,user:email,workflow...
2025-02-07 09:21:47.831 [info] Getting sessions for user:email...
2025-02-07 09:21:47.831 [info] Got 1 sessions for user:email...
